#
# A fatal error has been detected by the Java Runtime Environment:
#
#  SIGSEGV (0xb) at pc=0x00007f2014602788, pid=8336, tid=0x00007f1fb7145700
#
# JRE version: Java(TM) SE Runtime Environment (8.0_161-b12) (build 1.8.0_161-b12)
# Java VM: Java HotSpot(TM) 64-Bit Server VM (25.161-b12 mixed mode linux-amd64 compressed oops)
# Problematic frame:
# V  [libjvm.so+0x6d7788]  jni_invoke_nonstatic(JNIEnv_*, JavaValue*, _jobject*, JNICallType, _jmethodID*, JNI_ArgumentPusher*, Thread*)+0x38
#
# Failed to write core dump. Core dumps have been disabled. To enable core dumping, try "ulimit -c unlimited" before starting Java again
#
# If you would like to submit a bug report, please visit:
#   http://bugreport.java.com/bugreport/crash.jsp
#

---------------  T H R E A D  ---------------

Current thread (0x00007f200c293800):  JavaThread "JavaFX Application Thread" [_thread_in_vm, id=8359, stack(0x00007f1fb7045000,0x00007f1fb7146000)]

siginfo: si_signo: 11 (SIGSEGV), si_code: 128 (SI_KERNEL), si_addr: 0x0000000000000000

Registers:
RAX=0x00007f1fb71440f0, RBX=0x00007f1fb7144000, RCX=0x0000000000000001, RDX=0x666176616a4c2928
RSP=0x00007f1fb7143e50, RBP=0x00007f1fb7143fd0, RSI=0x00007f1fb7144060, RDI=0x00007f200c2939f8
R8 =0x00007f200c1e9fe8, R9 =0x00007f1fb7144000, R10=0x00007f1fa8000d10, R11=0x00007f1ffd44fc20
R12=0x00007f200c293800, R13=0x00007f200c1e9fe8, R14=0x0000000000000001, R15=0x00007f200c2939f8
RIP=0x00007f2014602788, EFLAGS=0x0000000000010206, CSGSFS=0x002b000000000033, ERR=0x0000000000000000
  TRAPNO=0x000000000000000d

Top of Stack: (sp=0x00007f1fb7143e50)
0x00007f1fb7143e50:   00007f1fb7144550 00007f1fb7144170
0x00007f1fb7143e60:   00007f1fb7143eb0 00007f1fb7143f30
0x00007f1fb7143e70:   00007f1fb7144000 00007f1fb7144060
0x00007f1fb7143e80:   00007f200c2939f8 00007f2014622290
0x00007f1fb7143e90:   00007f1fd4000dc0 00007f1fd4000dd0
0x00007f1fb7143ea0:   00007f1fd40011a8 00000000000003d8
0x00007f1fb7143eb0:   0000000000000000 00000000ee4084e0
0x00007f1fb7143ec0:   00007f1f0000006f 00007f200000000a
0x00007f1fb7143ed0:   00000000ecd12740 0000000000000000
0x00007f1fb7143ee0:   0000000000000000 0000000000000000
0x00007f1fb7143ef0:   00007f1ffcceac30 0000000100000100
0x00007f1fb7143f00:   0000000000000000 00007f1fb7143eb8
0x00007f1fb7143f10:   00007f1fb7143ef9 0000000800000005
0x00007f1fb7143f20:   00007f1fb7143f00 00007f200c2940e0
0x00007f1fb7143f30:   00007f2014e95e70 00007f20159bb720
0x00007f1fb7143f40:   000000000c294060 00007f200c293800
0x00007f1fb7143f50:   0000000000000000 00007f2014602b5b
0x00007f1fb7143f60:   00007f1ffccf4e90 00007f200c293800
0x00007f1fb7143f70:   00007f1ffccf4e90 00007f200c293800
0x00007f1fb7143f80:   00007f1fb7144110 00007f1ffccf4e90
0x00007f1fb7143f90:   00007f1ffccf4e90 00007f1ffccf4e90
0x00007f1fb7143fa0:   00007f1fd4000dc0 00007f1fb7144000
0x00007f1fb7143fb0:   00007f200c293800 00007f1fb7144040
0x00007f1fb7143fc0:   00007f200c1e9fe8 00007f200c2939f8
0x00007f1fb7143fd0:   00007f1fb71440c0 00007f2014606f2f
0x00007f1fb7143fe0:   00007f200c293800 00007f1fede9e4d4
0x00007f1fb7143ff0:   00007f1fb71440d8 666176616a4c2928
0x00007f1fb7144000:   00007f2014e96af0 00007f20159bb720
0x00007f1fb7144010:   0000000000000000 00007f1f00000063
0x00007f1fb7144020:   0000000000000000 0000003000000018
0x00007f1fb7144030:   00007f1fb71441b0 00007f1fb71440f0
0x00007f1fb7144040:   00007f200c293800 0000000000000000 

Instructions: (pc=0x00007f2014602788)
0x00007f2014602768:   00 00 48 85 d2 48 89 bd b0 fe ff ff 48 89 b5 a8
0x00007f2014602778:   fe ff ff 4c 89 8d a0 fe ff ff 0f 84 78 09 00 00
0x00007f2014602788:   4c 8b 22 4d 85 e4 0f 84 6c 09 00 00 48 8b 45 10
0x00007f2014602798:   48 8b 98 38 01 00 00 48 83 7b 18 f7 0f 87 16 07 

Register to memory mapping:

RAX=0x00007f1fb71440f0 is pointing into the stack for thread: 0x00007f200c293800
RBX=0x00007f1fb7144000 is pointing into the stack for thread: 0x00007f200c293800
RCX=0x0000000000000001 is an unknown value
RDX=0x666176616a4c2928 is an unknown value
RSP=0x00007f1fb7143e50 is pointing into the stack for thread: 0x00007f200c293800
RBP=0x00007f1fb7143fd0 is pointing into the stack for thread: 0x00007f200c293800
RSI=0x00007f1fb7144060 is pointing into the stack for thread: 0x00007f200c293800
RDI=0x00007f200c2939f8 is an unknown value
R8 =0x00007f200c1e9fe8 is an unknown value
R9 =0x00007f1fb7144000 is pointing into the stack for thread: 0x00007f200c293800
R10=0x00007f1fa8000d10 is an unknown value
R11=0x00007f1ffd44fc20 is at entry_point+32 in (nmethod*)0x00007f1ffd44fa90
R12=0x00007f200c293800 is a thread
R13=0x00007f200c1e9fe8 is an unknown value
R14=0x0000000000000001 is an unknown value
R15=0x00007f200c2939f8 is an unknown value


Stack: [0x00007f1fb7045000,0x00007f1fb7146000],  sp=0x00007f1fb7143e50,  free space=1019k
Native frames: (J=compiled Java code, j=interpreted, Vv=VM code, C=native code)
V  [libjvm.so+0x6d7788]  jni_invoke_nonstatic(JNIEnv_*, JavaValue*, _jobject*, JNICallType, _jmethodID*, JNI_ArgumentPusher*, Thread*)+0x38
V  [libjvm.so+0x6dbf2f]  jni_CallVoidMethodV+0x10f
C  [libglass.so+0x18641]  JNIEnv_::CallVoidMethod(_jobject*, _jmethodID*, ...)+0x81
C  [libglass.so+0x14f0f]  WindowContextBase::process_key(_GdkEventKey*)+0x20f
C  [libglass.so+0x19f60]  WindowContextBase::im_filter_keypress(_GdkEventKey*)+0x1c0
C  [libglass.so+0x1a91c]  process_events(_GdkEvent*, void*)+0x22c
C  [libgdk-x11-2.0.so.0+0x5af0c]

Java frames: (J=compiled Java code, j=interpreted, Vv=VM code)
j  com.sun.glass.ui.gtk.GtkApplication._runLoop(Ljava/lang/Runnable;Z)V+0
j  com.sun.glass.ui.gtk.GtkApplication.lambda$null$48(Ljava/lang/Runnable;Z)V+7
j  com.sun.glass.ui.gtk.GtkApplication$$Lambda$41.run()V+12
j  java.lang.Thread.run()V+11
v  ~StubRoutines::call_stub

---------------  P R O C E S S  ---------------

Java Threads: ( => current thread )
  0x00007f1fa8517800 JavaThread "Thread-3" daemon [_thread_blocked, id=8362, stack(0x00007f1fb4a26000,0x00007f1fb4b27000)]
  0x00007f1fa80c0800 JavaThread "Prism Font Disposer" daemon [_thread_blocked, id=8361, stack(0x00007f1fb59da000,0x00007f1fb5adb000)]
  0x00007f200c297000 JavaThread "JavaFX-Launcher" [_thread_blocked, id=8360, stack(0x00007f1fb6f44000,0x00007f1fb7045000)]
=>0x00007f200c293800 JavaThread "JavaFX Application Thread" [_thread_in_vm, id=8359, stack(0x00007f1fb7045000,0x00007f1fb7146000)]
  0x00007f200c290800 JavaThread "Thread-1" daemon [_thread_blocked, id=8358, stack(0x00007f1fec053000,0x00007f1fec154000)]
  0x00007f200c1ce800 JavaThread "QuantumRenderer-0" daemon [_thread_blocked, id=8357, stack(0x00007f1fee926000,0x00007f1feea27000)]
  0x00007f200c0c2000 JavaThread "Service Thread" daemon [_thread_blocked, id=8355, stack(0x00007f1feebd1000,0x00007f1feecd2000)]
  0x00007f200c0bf000 JavaThread "C1 CompilerThread2" daemon [_thread_blocked, id=8354, stack(0x00007f1feecd2000,0x00007f1feedd3000)]
  0x00007f200c0bd800 JavaThread "C2 CompilerThread1" daemon [_thread_blocked, id=8353, stack(0x00007f1feedd3000,0x00007f1feeed4000)]
  0x00007f200c0ba800 JavaThread "C2 CompilerThread0" daemon [_thread_blocked, id=8352, stack(0x00007f1feeed4000,0x00007f1feefd5000)]
  0x00007f200c0b9000 JavaThread "Signal Dispatcher" daemon [_thread_blocked, id=8351, stack(0x00007f1feefd5000,0x00007f1fef0d6000)]
  0x00007f200c085800 JavaThread "Finalizer" daemon [_thread_blocked, id=8350, stack(0x00007f1fef3b2000,0x00007f1fef4b3000)]
  0x00007f200c081000 JavaThread "Reference Handler" daemon [_thread_blocked, id=8349, stack(0x00007f1fef4b3000,0x00007f1fef5b4000)]
  0x00007f200c00b800 JavaThread "main" [_thread_blocked, id=8340, stack(0x00007f2015a4b000,0x00007f2015b4c000)]

Other Threads:
  0x00007f200c079800 VMThread [stack: 0x00007f1fef5b4000,0x00007f1fef6b5000] [id=8348]
  0x00007f200c0c7000 WatcherThread [stack: 0x00007f1feead0000,0x00007f1feebd1000] [id=8356]

VM state:synchronizing (normal execution)

VM Mutex/Monitor currently owned by a thread:  ([mutex/lock_event])
[0x00007f200c007ef0] Threads_lock - owner thread: 0x00007f200c079800

Heap:
 PSYoungGen      total 33280K, used 20871K [0x00000000ec380000, 0x00000000ee680000, 0x0000000100000000)
  eden space 30720K, 59% used [0x00000000ec380000,0x00000000ed565e78,0x00000000ee180000)
  from space 2560K, 99% used [0x00000000ee400000,0x00000000ee67c030,0x00000000ee680000)
  to   space 2560K, 0% used [0x00000000ee180000,0x00000000ee180000,0x00000000ee400000)
 ParOldGen       total 40960K, used 4591K [0x00000000c4a00000, 0x00000000c7200000, 0x00000000ec380000)
  object space 40960K, 11% used [0x00000000c4a00000,0x00000000c4e7bf10,0x00000000c7200000)
 Metaspace       used 19090K, capacity 20122K, committed 20224K, reserved 1067008K
  class space    used 2787K, capacity 3018K, committed 3072K, reserved 1048576K

Card table byte_map: [0x00007f2012599000,0x00007f2012775000] byte_map_base: 0x00007f2011f74000

Marking Bits: (ParMarkBitMap*) 0x00007f2014efa920
 Begin Bits: [0x00007f20102a8000, 0x00007f2011180000)
 End Bits:   [0x00007f2011180000, 0x00007f2012058000)

Polling page: 0x00007f2015b67000

CodeCache: size=245760Kb used=5903Kb max_used=5916Kb free=239856Kb
 bounds [0x00007f1ffd000000, 0x00007f1ffd5d0000, 0x00007f200c000000]
 total_blobs=2596 nmethods=1938 adapters=571
 compilation: enabled

Compilation events (10 events):
Event: 5.744 Thread 0x00007f200c0bf000 1933       3       javafx.scene.Node::impl_layoutBoundsChanged (47 bytes)
Event: 5.745 Thread 0x00007f200c0bf000 nmethod 1933 0x00007f1ffd5b80d0 code [0x00007f1ffd5b8320, 0x00007f1ffd5b9488]
Event: 5.745 Thread 0x00007f200c0bf000 1932       3       javafx.scene.Node::impl_notifyLayoutBoundsChanged (46 bytes)
Event: 5.745 Thread 0x00007f200c0ba800 nmethod 1860 0x00007f1ffd5c3890 code [0x00007f1ffd5c39e0, 0x00007f1ffd5c3cd8]
Event: 5.746 Thread 0x00007f200c0bf000 nmethod 1932 0x00007f1ffd5c2610 code [0x00007f1ffd5c2820, 0x00007f1ffd5c3528]
Event: 5.746 Thread 0x00007f200c0bf000 1934       1       javafx.scene.text.Text$TextAttribute::access$500 (5 bytes)
Event: 5.746 Thread 0x00007f200c0bf000 nmethod 1934 0x00007f1ffd5c2350 code [0x00007f1ffd5c24a0, 0x00007f1ffd5c2590]
Event: 5.749 Thread 0x00007f200c0bf000 1935       3       java.util.HashSet::remove (20 bytes)
Event: 5.749 Thread 0x00007f200c0bf000 nmethod 1935 0x00007f1ffd5c1a50 code [0x00007f1ffd5c1c00, 0x00007f1ffd5c2158]
Event: 5.749 Thread 0x00007f200c0bf000 1936       3       javafx.scene.CssStyleHelper$CacheContainer::<init> (236 bytes)

GC Heap History (4 events):
Event: 0.671 GC heap before
{Heap before GC invocations=1 (full 0):
 PSYoungGen      total 17920K, used 15360K [0x00000000ec380000, 0x00000000ed780000, 0x0000000100000000)
  eden space 15360K, 100% used [0x00000000ec380000,0x00000000ed280000,0x00000000ed280000)
  from space 2560K, 0% used [0x00000000ed500000,0x00000000ed500000,0x00000000ed780000)
  to   space 2560K, 0% used [0x00000000ed280000,0x00000000ed280000,0x00000000ed500000)
 ParOldGen       total 40960K, used 0K [0x00000000c4a00000, 0x00000000c7200000, 0x00000000ec380000)
  object space 40960K, 0% used [0x00000000c4a00000,0x00000000c4a00000,0x00000000c7200000)
 Metaspace       used 10544K, capacity 10910K, committed 11136K, reserved 1058816K
  class space    used 1290K, capacity 1399K, committed 1408K, reserved 1048576K
Event: 0.680 GC heap after
Heap after GC invocations=1 (full 0):
 PSYoungGen      total 17920K, used 2546K [0x00000000ec380000, 0x00000000ee680000, 0x0000000100000000)
  eden space 15360K, 0% used [0x00000000ec380000,0x00000000ec380000,0x00000000ed280000)
  from space 2560K, 99% used [0x00000000ed280000,0x00000000ed4fc970,0x00000000ed500000)
  to   space 2560K, 0% used [0x00000000ee400000,0x00000000ee400000,0x00000000ee680000)
 ParOldGen       total 40960K, used 238K [0x00000000c4a00000, 0x00000000c7200000, 0x00000000ec380000)
  object space 40960K, 0% used [0x00000000c4a00000,0x00000000c4a3b9d8,0x00000000c7200000)
 Metaspace       used 10544K, capacity 10910K, committed 11136K, reserved 1058816K
  class space    used 1290K, capacity 1399K, committed 1408K, reserved 1048576K
}
Event: 1.104 GC heap before
{Heap before GC invocations=2 (full 0):
 PSYoungGen      total 17920K, used 17906K [0x00000000ec380000, 0x00000000ee680000, 0x0000000100000000)
  eden space 15360K, 100% used [0x00000000ec380000,0x00000000ed280000,0x00000000ed280000)
  from space 2560K, 99% used [0x00000000ed280000,0x00000000ed4fc970,0x00000000ed500000)
  to   space 2560K, 0% used [0x00000000ee400000,0x00000000ee400000,0x00000000ee680000)
 ParOldGen       total 40960K, used 238K [0x00000000c4a00000, 0x00000000c7200000, 0x00000000ec380000)
  object space 40960K, 0% used [0x00000000c4a00000,0x00000000c4a3b9d8,0x00000000c7200000)
 Metaspace       used 14428K, capacity 15012K, committed 15232K, reserved 1062912K
  class space    used 1933K, capacity 2099K, committed 2176K, reserved 1048576K
Event: 1.110 GC heap after
Heap after GC invocations=2 (full 0):
 PSYoungGen      total 33280K, used 2544K [0x00000000ec380000, 0x00000000ee680000, 0x0000000100000000)
  eden space 30720K, 0% used [0x00000000ec380000,0x00000000ec380000,0x00000000ee180000)
  from space 2560K, 99% used [0x00000000ee400000,0x00000000ee67c030,0x00000000ee680000)
  to   space 2560K, 0% used [0x00000000ee180000,0x00000000ee180000,0x00000000ee400000)
 ParOldGen       total 40960K, used 4591K [0x00000000c4a00000, 0x00000000c7200000, 0x00000000ec380000)
  object space 40960K, 11% used [0x00000000c4a00000,0x00000000c4e7bf10,0x00000000c7200000)
 Metaspace       used 14428K, capacity 15012K, committed 15232K, reserved 1062912K
  class space    used 1933K, capacity 2099K, committed 2176K, reserved 1048576K
}

Deoptimization events (10 events):
Event: 1.058 Thread 0x00007f200c293800 Uncommon trap: reason=class_check action=maybe_recompile pc=0x00007f1ffd114220 method=java.lang.String.equals(Ljava/lang/Object;)Z @ 8
Event: 1.058 Thread 0x00007f200c293800 Uncommon trap: reason=class_check action=maybe_recompile pc=0x00007f1ffd114220 method=java.lang.String.equals(Ljava/lang/Object;)Z @ 8
Event: 1.059 Thread 0x00007f200c293800 Uncommon trap: reason=class_check action=maybe_recompile pc=0x00007f1ffd114220 method=java.lang.String.equals(Ljava/lang/Object;)Z @ 8
Event: 1.234 Thread 0x00007f200c293800 Uncommon trap: reason=bimorphic action=maybe_recompile pc=0x00007f1ffd36d708 method=java.io.DataInputStream.readByte()B @ 4
Event: 1.234 Thread 0x00007f200c293800 Uncommon trap: reason=bimorphic action=maybe_recompile pc=0x00007f1ffd36d708 method=java.io.DataInputStream.readByte()B @ 4
Event: 1.234 Thread 0x00007f200c293800 Uncommon trap: reason=bimorphic action=maybe_recompile pc=0x00007f1ffd36d708 method=java.io.DataInputStream.readByte()B @ 4
Event: 1.234 Thread 0x00007f200c293800 Uncommon trap: reason=bimorphic action=maybe_recompile pc=0x00007f1ffd36d708 method=java.io.DataInputStream.readByte()B @ 4
Event: 3.070 Thread 0x00007f200c293800 Uncommon trap: reason=unstable_if action=reinterpret pc=0x00007f1ffd311ae4 method=jdk.internal.org.objectweb.asm.Type.getArgumentsAndReturnSizes(Ljava/lang/String;)I @ 47
Event: 4.747 Thread 0x00007f200c293800 Uncommon trap: reason=unstable_if action=reinterpret pc=0x00007f1ffd22aa20 method=java.lang.CharacterData.of(I)Ljava/lang/CharacterData; @ 4
Event: 5.554 Thread 0x00007f200c293800 Uncommon trap: reason=unstable_if action=reinterpret pc=0x00007f1ffd448cf8 method=java.lang.StrictMath.floorOrCeil(DDDD)D @ 38

Classes redefined (0 events):
No events

Internal exceptions (10 events):
Event: 0.648 Thread 0x00007f200c293800 Exception <a 'java/lang/NullPointerException'> (0x00000000ed1af630) thrown at [/HUDSON/workspace/8-2-build-linux-amd64/jdk8u161/10277/hotspot/src/share/vm/prims/jvm.cpp, line 1394]
Event: 0.872 Thread 0x00007f200c293800 Exception <a 'java/lang/ArrayIndexOutOfBoundsException'> (0x00000000ec978ca0) thrown at [/HUDSON/workspace/8-2-build-linux-amd64/jdk8u161/10277/hotspot/src/share/vm/runtime/sharedRuntime.cpp, line 605]
Event: 0.873 Thread 0x00007f200c293800 Exception <a 'java/lang/ArrayIndexOutOfBoundsException'> (0x00000000ec9799a0) thrown at [/HUDSON/workspace/8-2-build-linux-amd64/jdk8u161/10277/hotspot/src/share/vm/runtime/sharedRuntime.cpp, line 605]
Event: 0.873 Thread 0x00007f200c293800 Exception <a 'java/lang/ArrayIndexOutOfBoundsException'> (0x00000000ec97ad48) thrown at [/HUDSON/workspace/8-2-build-linux-amd64/jdk8u161/10277/hotspot/src/share/vm/runtime/sharedRuntime.cpp, line 605]
Event: 0.911 Thread 0x00007f200c293800 Exception <a 'java/lang/ArrayIndexOutOfBoundsException'> (0x00000000ecb46de0) thrown at [/HUDSON/workspace/8-2-build-linux-amd64/jdk8u161/10277/hotspot/src/share/vm/runtime/sharedRuntime.cpp, line 605]
Event: 0.936 Thread 0x00007f200c293800 Implicit null exception at 0x00007f1ffd2f4ff5 to 0x00007f1ffd2f5219
Event: 0.957 Thread 0x00007f200c293800 Exception <a 'java/io/FileNotFoundException'> (0x00000000ecd01100) thrown at [/HUDSON/workspace/8-2-build-linux-amd64/jdk8u161/10277/hotspot/src/share/vm/prims/jni.cpp, line 709]
Event: 5.472 Thread 0x00007f200c293800 Exception <a 'java/lang/ArrayIndexOutOfBoundsException'> (0x00000000ecde66e0) thrown at [/HUDSON/workspace/8-2-build-linux-amd64/jdk8u161/10277/hotspot/src/share/vm/runtime/sharedRuntime.cpp, line 605]
Event: 5.474 Thread 0x00007f200c293800 Exception <a 'java/lang/ArrayIndexOutOfBoundsException'> (0x00000000ecdea3e0) thrown at [/HUDSON/workspace/8-2-build-linux-amd64/jdk8u161/10277/hotspot/src/share/vm/runtime/sharedRuntime.cpp, line 605]
Event: 5.558 Thread 0x00007f200c293800 Exception <a 'java/io/FileNotFoundException'> (0x00000000ed0c7d10) thrown at [/HUDSON/workspace/8-2-build-linux-amd64/jdk8u161/10277/hotspot/src/share/vm/prims/jni.cpp, line 709]

Events (10 events):
Event: 5.733 loading class com/sun/javafx/scene/control/skin/ProgressBarSkin$StyleableProperties$3 done
Event: 5.733 loading class com/sun/javafx/scene/control/skin/ProgressBarSkin$StyleableProperties$4
Event: 5.733 loading class com/sun/javafx/scene/control/skin/ProgressBarSkin$StyleableProperties$4 done
Event: 5.741 loading class javafx/scene/Node$NodeTransformation$10
Event: 5.741 loading class javafx/scene/Node$NodeTransformation$10 done
Event: 5.742 loading class com/sun/javafx/scene/control/skin/TabPaneSkin$3
Event: 5.742 loading class com/sun/javafx/scene/control/skin/TabPaneSkin$3 done
Event: 5.749 loading class brokerlite/MainPageController$1
Event: 5.749 loading class brokerlite/MainPageController$1 done
Event: 5.750 Thread 0x00007f1fa8517800 Thread added: 0x00007f1fa8517800


Dynamic libraries:
00400000-00401000 r-xp 00000000 08:02 6829286                            /usr/lib/jvm/java-8-oracle/bin/java
00600000-00601000 rw-p 00000000 08:02 6829286                            /usr/lib/jvm/java-8-oracle/bin/java
00f58000-00f79000 rw-p 00000000 00:00 0                                  [heap]
c4a00000-c7200000 rw-p 00000000 00:00 0 
c7200000-ec380000 ---p 00000000 00:00 0 
ec380000-ee680000 rw-p 00000000 00:00 0 
ee680000-100000000 ---p 00000000 00:00 0 
100000000-100300000 rw-p 00000000 00:00 0 
100300000-140000000 ---p 00000000 00:00 0 
7f1fa0000000-7f1fa0021000 rw-p 00000000 00:00 0 
7f1fa0021000-7f1fa4000000 ---p 00000000 00:00 0 
7f1fa4000000-7f1fa4021000 rw-p 00000000 00:00 0 
7f1fa4021000-7f1fa8000000 ---p 00000000 00:00 0 
7f1fa8000000-7f1fa87e2000 rw-p 00000000 00:00 0 
7f1fa87e2000-7f1fac000000 ---p 00000000 00:00 0 
7f1fac000000-7f1fac021000 rw-p 00000000 00:00 0 
7f1fac021000-7f1fb0000000 ---p 00000000 00:00 0 
7f1fb0000000-7f1fb0021000 rw-p 00000000 00:00 0 
7f1fb0021000-7f1fb4000000 ---p 00000000 00:00 0 
7f1fb4a26000-7f1fb4a29000 ---p 00000000 00:00 0 
7f1fb4a29000-7f1fb4b27000 rw-p 00000000 00:00 0 
7f1fb4b27000-7f1fb4b29000 rw-s 00000000 00:05 124458                     /drm mm object (deleted)
7f1fb4b29000-7f1fb4b2b000 rw-s 00000000 00:05 122499                     /drm mm object (deleted)
7f1fb4b2b000-7f1fb4b33000 rw-s 00000000 00:05 124451                     /drm mm object (deleted)
7f1fb4b33000-7f1fb4b3b000 rw-s 00000000 00:05 124450                     /drm mm object (deleted)
7f1fb4b3b000-7f1fb4b3d000 rw-s 00000000 00:05 124449                     /drm mm object (deleted)
7f1fb4b3d000-7f1fb4b3f000 rw-s 00000000 00:05 124448                     /drm mm object (deleted)
7f1fb4b3f000-7f1fb4bff000 rw-p 00000000 00:00 0 
7f1fb4bff000-7f1fb4d3f000 ---p 00000000 00:00 0 
7f1fb4d3f000-7f1fb4d43000 rw-s 00000000 00:05 124438                     /drm mm object (deleted)
7f1fb4d43000-7f1fb4d46000 rw-s 00000000 00:05 124423                     /drm mm object (deleted)
7f1fb4d46000-7f1fb4d56000 rw-s 00000000 00:05 124436                     /drm mm object (deleted)
7f1fb4d56000-7f1fb4f16000 rw-s 10769c000 00:06 328                       /dev/dri/card0
7f1fb4f16000-7f1fb4f76000 rw-s 00000000 00:05 124434                     /drm mm object (deleted)
7f1fb4f76000-7f1fb4f84000 rw-s 00000000 00:05 124432                     /drm mm object (deleted)
7f1fb4f84000-7f1fb5144000 rw-s 00000000 00:05 124421                     /drm mm object (deleted)
7f1fb5144000-7f1fb5146000 rw-s 00000000 00:05 124424                     /drm mm object (deleted)
7f1fb5146000-7f1fb5156000 rw-s 00000000 00:05 124420                     /drm mm object (deleted)
7f1fb5156000-7f1fb515e000 rw-s 00000000 00:05 124419                     /drm mm object (deleted)
7f1fb515e000-7f1fb575e000 rw-s 107dbc000 00:06 328                       /dev/dri/card0
7f1fb575e000-7f1fb576e000 rw-s 00000000 00:05 124416                     /drm mm object (deleted)
7f1fb576e000-7f1fb577a000 rw-s 00000000 00:05 121736                     /drm mm object (deleted)
7f1fb577a000-7f1fb57da000 rw-s 00000000 00:05 1605635                    /SYSV00000000 (deleted)
7f1fb57da000-7f1fb59da000 rw-p 00000000 00:00 0 
7f1fb59da000-7f1fb59dd000 ---p 00000000 00:00 0 
7f1fb59dd000-7f1fb5adb000 rw-p 00000000 00:00 0 
7f1fb5adb000-7f1fb5b94000 r--p 00000000 08:02 264212                     /usr/share/fonts/truetype/dejavu/DejaVuSans.ttf
7f1fb5b94000-7f1fb5bca000 r-xp 00000000 08:02 6829730                    /usr/lib/jvm/java-8-oracle/jre/lib/amd64/libjavafx_iio.so
7f1fb5bca000-7f1fb5dc9000 ---p 00036000 08:02 6829730                    /usr/lib/jvm/java-8-oracle/jre/lib/amd64/libjavafx_iio.so
7f1fb5dc9000-7f1fb5dca000 rw-p 00035000 08:02 6829730                    /usr/lib/jvm/java-8-oracle/jre/lib/amd64/libjavafx_iio.so
7f1fb5dca000-7f1fb5dcf000 r--s 00084000 08:02 6829436                    /usr/lib/jvm/java-8-oracle/jre/lib/jfr.jar
7f1fb5dcf000-7f1fb5fcf000 rw-p 00000000 00:00 0 
7f1fb5fcf000-7f1fb5fe3000 r--p 00000000 08:02 6829448                    /usr/lib/jvm/java-8-oracle/jre/lib/fonts/LucidaBrightItalic.ttf
7f1fb5fe3000-7f1fb5ff6000 r--p 00000000 08:02 6829453                    /usr/lib/jvm/java-8-oracle/jre/lib/fonts/LucidaBrightDemiItalic.ttf
7f1fb5ff6000-7f1fb6030000 r--p 00000000 08:02 6829455                    /usr/lib/jvm/java-8-oracle/jre/lib/fonts/LucidaTypewriterBold.ttf
7f1fb6030000-7f1fb606c000 r--p 00000000 08:02 6829454                    /usr/lib/jvm/java-8-oracle/jre/lib/fonts/LucidaTypewriterRegular.ttf
7f1fb606c000-7f1fb607f000 r--p 00000000 08:02 6829456                    /usr/lib/jvm/java-8-oracle/jre/lib/fonts/LucidaBrightDemiBold.ttf
7f1fb607f000-7f1fb60d4000 r--p 00000000 08:02 6829450                    /usr/lib/jvm/java-8-oracle/jre/lib/fonts/LucidaBrightRegular.ttf
7f1fb60d4000-7f1fb617f000 r--p 00000000 08:02 6829449                    /usr/lib/jvm/java-8-oracle/jre/lib/fonts/LucidaSansRegular.ttf
7f1fb617f000-7f1fb61cd000 r--p 00000000 08:02 6829451                    /usr/lib/jvm/java-8-oracle/jre/lib/fonts/LucidaSansDemiBold.ttf
7f1fb61cd000-7f1fb61d1000 r-xp 00000000 08:02 6829684                    /usr/lib/jvm/java-8-oracle/jre/lib/amd64/libjavafx_font_pango.so
7f1fb61d1000-7f1fb63d0000 ---p 00004000 08:02 6829684                    /usr/lib/jvm/java-8-oracle/jre/lib/amd64/libjavafx_font_pango.so
7f1fb63d0000-7f1fb63d1000 rw-p 00003000 08:02 6829684                    /usr/lib/jvm/java-8-oracle/jre/lib/amd64/libjavafx_font_pango.so
7f1fb63d1000-7f1fb63dc000 r--s 00000000 08:02 2359568                    /var/cache/fontconfig/945677eb7aeaf62f1d50efc3fb3ec7d8-le64.cache-6
7f1fb63dc000-7f1fb63e2000 r--s 00000000 08:02 2359537                    /var/cache/fontconfig/2cd17615ca594fa2959ae173292e504c-le64.cache-6
7f1fb63e2000-7f1fb63e3000 r--s 00000000 08:02 2359530                    /var/cache/fontconfig/0d8c3b2ac0904cb8a57a757ad11a4a08-le64.cache-6
7f1fb63e3000-7f1fb63f8000 r--s 00000000 08:02 2359526                    /var/cache/fontconfig/04aabc0a78ac019cf9454389977116d2-le64.cache-6
7f1fb63f8000-7f1fb63f9000 r--s 00000000 08:02 2359534                    /var/cache/fontconfig/1ac9eb803944fde146138c791f5cc56a-le64.cache-6
7f1fb63f9000-7f1fb63fd000 r--s 00000000 08:02 2359543                    /var/cache/fontconfig/385c0604a188198f04d133e54aba7fe7-le64.cache-6
7f1fb63fd000-7f1fb63fe000 r--s 00000000 08:02 2359587                    /var/cache/fontconfig/dc05db6664285cc2f12bf69c139ae4c3-le64.cache-6
7f1fb63fe000-7f1fb6400000 r--s 00000000 08:02 2359531                    /var/cache/fontconfig/14a5e22175779b556eaa434240950366-le64.cache-6
7f1fb6400000-7f1fb6401000 r--s 00000000 08:02 2359560                    /var/cache/fontconfig/660208299946a285a940457d1287da33-le64.cache-6
7f1fb6401000-7f1fb6403000 r--s 00000000 08:02 2359551                    /var/cache/fontconfig/4f3e3037c9980c83b53a9351efadef62-le64.cache-6
7f1fb6403000-7f1fb6406000 r--s 00000000 08:02 2359564                    /var/cache/fontconfig/767a8244fc0220cfb567a839d0392e0b-le64.cache-6
7f1fb6406000-7f1fb6407000 r--s 00000000 08:02 2361865                    /var/cache/fontconfig/4794a0821666d79190d59a36cb4f44b5-le64.cache-6
7f1fb6407000-7f1fb6408000 r--s 00000000 08:02 2359528                    /var/cache/fontconfig/0bd3dc0958fa2205aaaa8ebb13e2872b-le64.cache-6
7f1fb6408000-7f1fb640e000 r--s 00000000 08:02 2359567                    /var/cache/fontconfig/8801497958630a81b71ace7c5f9b32a8-le64.cache-6
7f1fb640e000-7f1fb6411000 r--s 00000000 08:02 2359572                    /var/cache/fontconfig/a015930274ffcd967d2ca1b57da47cc7-le64.cache-6
7f1fb6411000-7f1fb6412000 r--s 00000000 08:02 2359576                    /var/cache/fontconfig/b872e6e592da6075ffa4ab0a1fcc0c75-le64.cache-6
7f1fb6412000-7f1fb6413000 r--s 00000000 08:02 2359592                    /var/cache/fontconfig/f6d4eedfaab2589bde49f7a3ff831d22-le64.cache-6
7f1fb6413000-7f1fb6414000 r--s 00000000 08:02 2359558                    /var/cache/fontconfig/589f83ef4c36d296ce6e1c846f468f08-le64.cache-6
7f1fb6414000-7f1fb6415000 r--s 00000000 08:02 2359578                    /var/cache/fontconfig/bab58bb527bb656aaa9f116d68a48d89-le64.cache-6
7f1fb6415000-7f1fb6416000 r--s 00000000 08:02 2359535                    /var/cache/fontconfig/2171a34dccabdb6bcbbc728186263178-le64.cache-6
7f1fb6416000-7f1fb6417000 r--s 00000000 08:02 2359579                    /var/cache/fontconfig/c5c45a61289222e0d30b1a26ef4effbe-le64.cache-6
7f1fb6417000-7f1fb6418000 r--s 00000000 08:02 2359574                    /var/cache/fontconfig/aec30016f93e1b46d1a973dce0d74068-le64.cache-6
7f1fb6418000-7f1fb6419000 r--s 00000000 08:02 2359544                    /var/cache/fontconfig/3f589640d34b7dc9042c8d453f7c8b9c-le64.cache-6
7f1fb6419000-7f1fb641a000 r--s 00000000 08:02 2359532                    /var/cache/fontconfig/16c2fda60d1b4b719f4b3d06fd951d25-le64.cache-6
7f1fb641a000-7f1fb641b000 r--s 00000000 08:02 2359573                    /var/cache/fontconfig/a48eab177a16e4f3713381162db2f3e9-le64.cache-6
7f1fb641b000-7f1fb641c000 r--s 00000000 08:02 2359554                    /var/cache/fontconfig/564b2e68ac9bc4e36a6f7f6d6125ec1c-le64.cache-6
7f1fb641c000-7f1fb6422000 r--s 00000000 08:02 2359538                    /var/cache/fontconfig/3047814df9a2f067bd2d96a2b9c36e5a-le64.cache-6
7f1fb6422000-7f1fb6423000 r--s 00000000 08:02 2359555                    /var/cache/fontconfig/56cf4f4769d0f4abc89a4895d7bd3ae1-le64.cache-6
7f1fb6423000-7f1fb6424000 r--s 00000000 08:02 2359577                    /var/cache/fontconfig/b9d506c9ac06c20b433354fa67a72993-le64.cache-6
7f1fb6424000-7f1fb642a000 r--s 00000000 08:02 2359575                    /var/cache/fontconfig/b47c4e1ecd0709278f4910c18777a504-le64.cache-6
7f1fb642a000-7f1fb643d000 r--s 00000000 08:02 2359584                    /var/cache/fontconfig/d52a8644073d54c13679302ca1180695-le64.cache-6
7f1fb643d000-7f1fb643e000 r--s 00000000 08:02 2359541                    /var/cache/fontconfig/370e5b74bf5dafc30834de68e24a87a4-le64.cache-6
7f1fb643e000-7f1fb643f000 r--s 00000000 08:02 2359562                    /var/cache/fontconfig/6b2c5944714ca7831b25bed9e85cb5c8-le64.cache-6
7f1fb643f000-7f1fb6440000 r--s 00000000 08:02 2359583                    /var/cache/fontconfig/d5178ab6d91b49bf20a416737dcea9e8-le64.cache-6
7f1fb6440000-7f1fb6441000 r--s 00000000 08:02 2359553                    /var/cache/fontconfig/551ecf3b0e8b0bca0f25c0944f561853-le64.cache-6
7f1fb6441000-7f1fb6444000 r--s 00000000 08:02 2359591                    /var/cache/fontconfig/f259c2cffa685e28062317905db73c4a-le64.cache-6
7f1fb6444000-7f1fb6446000 r--s 00000000 08:02 2359552                    /var/cache/fontconfig/550f3886151c940c12a5ed35f6a00586-le64.cache-6
7f1fb6446000-7f1fb6452000 r--s 00000000 08:02 2361605                    /var/cache/fontconfig/d589a48862398ed80a3d6066f4f56f4c-le64.cache-6
7f1fb6452000-7f1fb6457000 r-xp 00000000 08:02 6829687                    /usr/lib/jvm/java-8-oracle/jre/lib/amd64/libjavafx_font_freetype.so
7f1fb6457000-7f1fb6656000 ---p 00005000 08:02 6829687                    /usr/lib/jvm/java-8-oracle/jre/lib/amd64/libjavafx_font_freetype.so
7f1fb6656000-7f1fb6657000 rw-p 00004000 08:02 6829687                    /usr/lib/jvm/java-8-oracle/jre/lib/amd64/libjavafx_font_freetype.so
7f1fb6657000-7f1fb665a000 r-xp 00000000 08:02 6829734                    /usr/lib/jvm/java-8-oracle/jre/lib/amd64/libjavafx_font.so
7f1fb665a000-7f1fb6859000 ---p 00003000 08:02 6829734                    /usr/lib/jvm/java-8-oracle/jre/lib/amd64/libjavafx_font.so
7f1fb6859000-7f1fb685a000 rw-p 00002000 08:02 6829734                    /usr/lib/jvm/java-8-oracle/jre/lib/amd64/libjavafx_font.so
7f1fb685a000-7f1fb6a5a000 rw-p 00000000 00:00 0 
7f1fb6a5a000-7f1fb6b3f000 r-xp 00000000 08:02 6029451                    /tmp/sqlite-3.21.0-faae1db9-6c69-43cb-9117-178c507586c3-libsqlitejdbc.so
7f1fb6b3f000-7f1fb6d3e000 ---p 000e5000 08:02 6029451                    /tmp/sqlite-3.21.0-faae1db9-6c69-43cb-9117-178c507586c3-libsqlitejdbc.so
7f1fb6d3e000-7f1fb6d43000 rw-p 000e4000 08:02 6029451                    /tmp/sqlite-3.21.0-faae1db9-6c69-43cb-9117-178c507586c3-libsqlitejdbc.so
7f1fb6d43000-7f1fb6f44000 rw-p 00000000 00:00 0 
7f1fb6f44000-7f1fb6f47000 ---p 00000000 00:00 0 
7f1fb6f47000-7f1fb7045000 rw-p 00000000 00:00 0 
7f1fb7045000-7f1fb7048000 ---p 00000000 00:00 0 
7f1fb7048000-7f1fb7146000 rw-p 00000000 00:00 0 
7f1fb7146000-7f1fb714d000 r-xp 00000000 08:02 6824616                    /usr/lib/x86_64-linux-gnu/libogg.so.0.8.2
7f1fb714d000-7f1fb734d000 ---p 00007000 08:02 6824616                    /usr/lib/x86_64-linux-gnu/libogg.so.0.8.2
7f1fb734d000-7f1fb734e000 r--p 00007000 08:02 6824616                    /usr/lib/x86_64-linux-gnu/libogg.so.0.8.2
7f1fb734e000-7f1fb734f000 rw-p 00008000 08:02 6824616                    /usr/lib/x86_64-linux-gnu/libogg.so.0.8.2
7f1fb734f000-7f1fb7379000 r-xp 00000000 08:02 6817038                    /usr/lib/x86_64-linux-gnu/libvorbis.so.0.4.8
7f1fb7379000-7f1fb7578000 ---p 0002a000 08:02 6817038                    /usr/lib/x86_64-linux-gnu/libvorbis.so.0.4.8
7f1fb7578000-7f1fb7579000 r--p 00029000 08:02 6817038                    /usr/lib/x86_64-linux-gnu/libvorbis.so.0.4.8
7f1fb7579000-7f1fb757a000 rw-p 0002a000 08:02 6817038                    /usr/lib/x86_64-linux-gnu/libvorbis.so.0.4.8
7f1fb757a000-7f1fb7583000 r-xp 00000000 08:02 6824510                    /usr/lib/x86_64-linux-gnu/libltdl.so.7.3.1
7f1fb7583000-7f1fb7782000 ---p 00009000 08:02 6824510                    /usr/lib/x86_64-linux-gnu/libltdl.so.7.3.1
7f1fb7782000-7f1fb7783000 r--p 00008000 08:02 6824510                    /usr/lib/x86_64-linux-gnu/libltdl.so.7.3.1
7f1fb7783000-7f1fb7784000 rw-p 00009000 08:02 6824510                    /usr/lib/x86_64-linux-gnu/libltdl.so.7.3.1
7f1fb7784000-7f1fb7798000 r-xp 00000000 08:02 6824845                    /usr/lib/x86_64-linux-gnu/libtdb.so.1.3.13
7f1fb7798000-7f1fb7998000 ---p 00014000 08:02 6824845                    /usr/lib/x86_64-linux-gnu/libtdb.so.1.3.13
7f1fb7998000-7f1fb7999000 r--p 00014000 08:02 6824845                    /usr/lib/x86_64-linux-gnu/libtdb.so.1.3.13
7f1fb7999000-7f1fb799a000 rw-p 00015000 08:02 6824845                    /usr/lib/x86_64-linux-gnu/libtdb.so.1.3.13
7f1fb799a000-7f1fb79a1000 r-xp 00000000 08:02 6816426                    /usr/lib/x86_64-linux-gnu/libvorbisfile.so.3.3.7
7f1fb79a1000-7f1fb7ba0000 ---p 00007000 08:02 6816426                    /usr/lib/x86_64-linux-gnu/libvorbisfile.so.3.3.7
7f1fb7ba0000-7f1fb7ba1000 r--p 00006000 08:02 6816426                    /usr/lib/x86_64-linux-gnu/libvorbisfile.so.3.3.7
7f1fb7ba1000-7f1fb7ba2000 rw-p 00007000 08:02 6816426                    /usr/lib/x86_64-linux-gnu/libvorbisfile.so.3.3.7
7f1fb7ba2000-7f1fb7bb2000 r-xp 00000000 08:02 6823938                    /usr/lib/x86_64-linux-gnu/libcanberra.so.0.2.5
7f1fb7bb2000-7f1fb7db2000 ---p 00010000 08:02 6823938                    /usr/lib/x86_64-linux-gnu/libcanberra.so.0.2.5
7f1fb7db2000-7f1fb7db3000 r--p 00010000 08:02 6823938                    /usr/lib/x86_64-linux-gnu/libcanberra.so.0.2.5
7f1fb7db3000-7f1fb7db4000 rw-p 00011000 08:02 6823938                    /usr/lib/x86_64-linux-gnu/libcanberra.so.0.2.5
7f1fb7db4000-7f1fb7db8000 r-xp 00000000 08:02 6823934                    /usr/lib/x86_64-linux-gnu/libcanberra-gtk.so.0.1.9
7f1fb7db8000-7f1fb7fb7000 ---p 00004000 08:02 6823934                    /usr/lib/x86_64-linux-gnu/libcanberra-gtk.so.0.1.9
7f1fb7fb7000-7f1fb7fb8000 r--p 00003000 08:02 6823934                    /usr/lib/x86_64-linux-gnu/libcanberra-gtk.so.0.1.9
7f1fb7fb8000-7f1fb7fb9000 rw-p 00004000 08:02 6823934                    /usr/lib/x86_64-linux-gnu/libcanberra-gtk.so.0.1.9
7f1fb7fb9000-7f1fb7fbe000 r-xp 00000000 08:02 7080675                    /usr/lib/x86_64-linux-gnu/gtk-2.0/modules/libcanberra-gtk-module.so
7f1fb7fbe000-7f1fb81bd000 ---p 00005000 08:02 7080675                    /usr/lib/x86_64-linux-gnu/gtk-2.0/modules/libcanberra-gtk-module.so
7f1fb81bd000-7f1fb81be000 r--p 00004000 08:02 7080675                    /usr/lib/x86_64-linux-gnu/gtk-2.0/modules/libcanberra-gtk-module.so
7f1fb81be000-7f1fb81bf000 rw-p 00005000 08:02 7080675                    /usr/lib/x86_64-linux-gnu/gtk-2.0/modules/libcanberra-gtk-module.so
7f1fb81bf000-7f1fb81ef000 r-xp 00000000 08:02 7080657                    /usr/lib/x86_64-linux-gnu/gtk-2.0/2.10.0/engines/libmurrine.so
7f1fb81ef000-7f1fb83ef000 ---p 00030000 08:02 7080657                    /usr/lib/x86_64-linux-gnu/gtk-2.0/2.10.0/engines/libmurrine.so
7f1fb83ef000-7f1fb83f0000 r--p 00030000 08:02 7080657                    /usr/lib/x86_64-linux-gnu/gtk-2.0/2.10.0/engines/libmurrine.so
7f1fb83f0000-7f1fb83f1000 rw-p 00031000 08:02 7080657                    /usr/lib/x86_64-linux-gnu/gtk-2.0/2.10.0/engines/libmurrine.so
7f1fb83f1000-7f1fb841a000 r-xp 00000000 08:02 6829709                    /usr/lib/jvm/java-8-oracle/jre/lib/amd64/libglass.so
7f1fb841a000-7f1fb8619000 ---p 00029000 08:02 6829709                    /usr/lib/jvm/java-8-oracle/jre/lib/amd64/libglass.so
7f1fb8619000-7f1fb861c000 rw-p 00028000 08:02 6829709                    /usr/lib/jvm/java-8-oracle/jre/lib/amd64/libglass.so
7f1fb861c000-7f1fb8654000 r-xp 00000000 08:02 7082621                    /usr/lib/x86_64-linux-gnu/s2tc/libtxc_dxtn.so
7f1fb8654000-7f1fb8854000 ---p 00038000 08:02 7082621                    /usr/lib/x86_64-linux-gnu/s2tc/libtxc_dxtn.so
7f1fb8854000-7f1fb8855000 r--p 00038000 08:02 7082621                    /usr/lib/x86_64-linux-gnu/s2tc/libtxc_dxtn.so
7f1fb8855000-7f1fb8856000 rw-p 00039000 08:02 7082621                    /usr/lib/x86_64-linux-gnu/s2tc/libtxc_dxtn.so
7f1fb8856000-7f1fb885e000 r-xp 00000000 08:02 6824657                    /usr/lib/x86_64-linux-gnu/libpciaccess.so.0.11.1
7f1fb885e000-7f1fb8a5d000 ---p 00008000 08:02 6824657                    /usr/lib/x86_64-linux-gnu/libpciaccess.so.0.11.1
7f1fb8a5d000-7f1fb8a5e000 r--p 00007000 08:02 6824657                    /usr/lib/x86_64-linux-gnu/libpciaccess.so.0.11.1
7f1fb8a5e000-7f1fb8a5f000 rw-p 00008000 08:02 6824657                    /usr/lib/x86_64-linux-gnu/libpciaccess.so.0.11.1
7f1fb8a5f000-7f1fb8a6a000 r-xp 00000000 08:02 6824062                    /usr/lib/x86_64-linux-gnu/libdrm_radeon.so.1.0.1
7f1fb8a6a000-7f1fb8c69000 ---p 0000b000 08:02 6824062                    /usr/lib/x86_64-linux-gnu/libdrm_radeon.so.1.0.1
7f1fb8c69000-7f1fb8c6a000 r--p 0000a000 08:02 6824062                    /usr/lib/x86_64-linux-gnu/libdrm_radeon.so.1.0.1
7f1fb8c6a000-7f1fb8c6b000 rw-p 0000b000 08:02 6824062                    /usr/lib/x86_64-linux-gnu/libdrm_radeon.so.1.0.1
7f1fb8c6b000-7f1fb8c72000 r-xp 00000000 08:02 6824060                    /usr/lib/x86_64-linux-gnu/libdrm_nouveau.so.2.0.0
7f1fb8c72000-7f1fb8e71000 ---p 00007000 08:02 6824060                    /usr/lib/x86_64-linux-gnu/libdrm_nouveau.so.2.0.0
7f1fb8e71000-7f1fb8e72000 r--p 00006000 08:02 6824060                    /usr/lib/x86_64-linux-gnu/libdrm_nouveau.so.2.0.0
7f1fb8e72000-7f1fb8e73000 rw-p 00007000 08:02 6824060                    /usr/lib/x86_64-linux-gnu/libdrm_nouveau.so.2.0.0
7f1fb8e73000-7f1fb8e95000 r-xp 00000000 08:02 6824058                    /usr/lib/x86_64-linux-gnu/libdrm_intel.so.1.0.0
7f1fb8e95000-7f1fb9094000 ---p 00022000 08:02 6824058                    /usr/lib/x86_64-linux-gnu/libdrm_intel.so.1.0.0
7f1fb9094000-7f1fb9095000 r--p 00021000 08:02 6824058                    /usr/lib/x86_64-linux-gnu/libdrm_intel.so.1.0.0
7f1fb9095000-7f1fb9096000 rw-p 00022000 08:02 6824058                    /usr/lib/x86_64-linux-gnu/libdrm_intel.so.1.0.0
7f1fb9096000-7f1fb9871000 r-xp 00000000 08:02 7080048                    /usr/lib/x86_64-linux-gnu/dri/i965_dri.so
7f1fb9871000-7f1fb9a71000 ---p 007db000 08:02 7080048                    /usr/lib/x86_64-linux-gnu/dri/i965_dri.so
7f1fb9a71000-7f1fb9ac1000 r--p 007db000 08:02 7080048                    /usr/lib/x86_64-linux-gnu/dri/i965_dri.so
7f1fb9ac1000-7f1fb9aca000 rw-p 0082b000 08:02 7080048                    /usr/lib/x86_64-linux-gnu/dri/i965_dri.so
7f1fb9aca000-7f1fb9b31000 rw-p 00000000 00:00 0 
7f1fb9b31000-7f1fb9b44000 r-xp 00000000 08:02 1053167                    /lib/x86_64-linux-gnu/libbsd.so.0.8.6
7f1fb9b44000-7f1fb9d43000 ---p 00013000 08:02 1053167                    /lib/x86_64-linux-gnu/libbsd.so.0.8.6
7f1fb9d43000-7f1fb9d44000 r--p 00012000 08:02 1053167                    /lib/x86_64-linux-gnu/libbsd.so.0.8.6
7f1fb9d44000-7f1fb9d45000 rw-p 00013000 08:02 1053167                    /lib/x86_64-linux-gnu/libbsd.so.0.8.6
7f1fb9d45000-7f1fb9d46000 rw-p 00000000 00:00 0 
7f1fb9d46000-7f1fb9d4a000 r-xp 00000000 08:02 1053144                    /lib/x86_64-linux-gnu/libuuid.so.1.3.0
7f1fb9d4a000-7f1fb9f49000 ---p 00004000 08:02 1053144                    /lib/x86_64-linux-gnu/libuuid.so.1.3.0
7f1fb9f49000-7f1fb9f4a000 r--p 00003000 08:02 1053144                    /lib/x86_64-linux-gnu/libuuid.so.1.3.0
7f1fb9f4a000-7f1fb9f4b000 rw-p 00004000 08:02 1053144                    /lib/x86_64-linux-gnu/libuuid.so.1.3.0
7f1fb9f4b000-7f1fb9f51000 r-xp 00000000 08:02 6824015                    /usr/lib/x86_64-linux-gnu/libdatrie.so.1.3.3
7f1fb9f51000-7f1fba150000 ---p 00006000 08:02 6824015                    /usr/lib/x86_64-linux-gnu/libdatrie.so.1.3.3
7f1fba150000-7f1fba151000 r--p 00005000 08:02 6824015                    /usr/lib/x86_64-linux-gnu/libdatrie.so.1.3.3
7f1fba151000-7f1fba152000 rw-p 00006000 08:02 6824015                    /usr/lib/x86_64-linux-gnu/libdatrie.so.1.3.3
7f1fba152000-7f1fba157000 r-xp 00000000 08:02 6823802                    /usr/lib/x86_64-linux-gnu/libXdmcp.so.6.0.0
7f1fba157000-7f1fba356000 ---p 00005000 08:02 6823802                    /usr/lib/x86_64-linux-gnu/libXdmcp.so.6.0.0
7f1fba356000-7f1fba357000 r--p 00004000 08:02 6823802                    /usr/lib/x86_64-linux-gnu/libXdmcp.so.6.0.0
7f1fba357000-7f1fba358000 rw-p 00005000 08:02 6823802                    /usr/lib/x86_64-linux-gnu/libXdmcp.so.6.0.0
7f1fba358000-7f1fba35a000 r-xp 00000000 08:02 6823791                    /usr/lib/x86_64-linux-gnu/libXau.so.6.0.0
7f1fba35a000-7f1fba55a000 ---p 00002000 08:02 6823791                    /usr/lib/x86_64-linux-gnu/libXau.so.6.0.0
7f1fba55a000-7f1fba55b000 r--p 00002000 08:02 6823791                    /usr/lib/x86_64-linux-gnu/libXau.so.6.0.0
7f1fba55b000-7f1fba55c000 rw-p 00003000 08:02 6823791                    /usr/lib/x86_64-linux-gnu/libXau.so.6.0.0
7f1fba55c000-7f1fba587000 r-xp 00000000 08:02 6824291                    /usr/lib/x86_64-linux-gnu/libgraphite2.so.3.0.1
7f1fba587000-7f1fba786000 ---p 0002b000 08:02 6824291                    /usr/lib/x86_64-linux-gnu/libgraphite2.so.3.0.1
7f1fba786000-7f1fba788000 r--p 0002a000 08:02 6824291                    /usr/lib/x86_64-linux-gnu/libgraphite2.so.3.0.1
7f1fba788000-7f1fba789000 rw-p 0002c000 08:02 6824291                    /usr/lib/x86_64-linux-gnu/libgraphite2.so.3.0.1
7f1fba789000-7f1fba7cd000 r-xp 00000000 08:02 1053146                    /lib/x86_64-linux-gnu/libblkid.so.1.1.0
7f1fba7cd000-7f1fba9cd000 ---p 00044000 08:02 1053146                    /lib/x86_64-linux-gnu/libblkid.so.1.1.0
7f1fba9cd000-7f1fba9d1000 r--p 00044000 08:02 1053146                    /lib/x86_64-linux-gnu/libblkid.so.1.1.0
7f1fba9d1000-7f1fba9d2000 rw-p 00048000 08:02 1053146                    /lib/x86_64-linux-gnu/libblkid.so.1.1.0
7f1fba9d2000-7f1fba9d3000 rw-p 00000000 00:00 0 
7f1fba9d3000-7f1fba9e3000 r-xp 00000000 08:02 6824054                    /usr/lib/x86_64-linux-gnu/libdrm.so.2.4.0
7f1fba9e3000-7f1fbabe2000 ---p 00010000 08:02 6824054                    /usr/lib/x86_64-linux-gnu/libdrm.so.2.4.0
7f1fbabe2000-7f1fbabe3000 r--p 0000f000 08:02 6824054                    /usr/lib/x86_64-linux-gnu/libdrm.so.2.4.0
7f1fbabe3000-7f1fbabe4000 rw-p 00010000 08:02 6824054                    /usr/lib/x86_64-linux-gnu/libdrm.so.2.4.0
7f1fbabe4000-7f1fbabe8000 r-xp 00000000 08:02 6825002                    /usr/lib/x86_64-linux-gnu/libxcb-dri2.so.0.0.0
7f1fbabe8000-7f1fbade7000 ---p 00004000 08:02 6825002                    /usr/lib/x86_64-linux-gnu/libxcb-dri2.so.0.0.0
7f1fbade7000-7f1fbade8000 r--p 00003000 08:02 6825002                    /usr/lib/x86_64-linux-gnu/libxcb-dri2.so.0.0.0
7f1fbade8000-7f1fbade9000 rw-p 00004000 08:02 6825002                    /usr/lib/x86_64-linux-gnu/libxcb-dri2.so.0.0.0
7f1fbade9000-7f1fbae01000 r-xp 00000000 08:02 6825006                    /usr/lib/x86_64-linux-gnu/libxcb-glx.so.0.0.0
7f1fbae01000-7f1fbb001000 ---p 00018000 08:02 6825006                    /usr/lib/x86_64-linux-gnu/libxcb-glx.so.0.0.0
7f1fbb001000-7f1fbb003000 r--p 00018000 08:02 6825006                    /usr/lib/x86_64-linux-gnu/libxcb-glx.so.0.0.0
7f1fbb003000-7f1fbb004000 rw-p 0001a000 08:02 6825006                    /usr/lib/x86_64-linux-gnu/libxcb-glx.so.0.0.0
7f1fbb004000-7f1fbb005000 r-xp 00000000 08:02 6823785                    /usr/lib/x86_64-linux-gnu/libX11-xcb.so.1.0.0
7f1fbb005000-7f1fbb204000 ---p 00001000 08:02 6823785                    /usr/lib/x86_64-linux-gnu/libX11-xcb.so.1.0.0
7f1fbb204000-7f1fbb205000 r--p 00000000 08:02 6823785                    /usr/lib/x86_64-linux-gnu/libX11-xcb.so.1.0.0
7f1fbb205000-7f1fbb206000 rw-p 00001000 08:02 6823785                    /usr/lib/x86_64-linux-gnu/libX11-xcb.so.1.0.0
7f1fbb206000-7f1fbb231000 r-xp 00000000 08:02 6818069                    /usr/lib/x86_64-linux-gnu/libglapi.so.0.0.0
7f1fbb231000-7f1fbb430000 ---p 0002b000 08:02 6818069                    /usr/lib/x86_64-linux-gnu/libglapi.so.0.0.0
7f1fbb430000-7f1fbb434000 r--p 0002a000 08:02 6818069                    /usr/lib/x86_64-linux-gnu/libglapi.so.0.0.0
7f1fbb434000-7f1fbb435000 rw-p 0002e000 08:02 6818069                    /usr/lib/x86_64-linux-gnu/libglapi.so.0.0.0
7f1fbb435000-7f1fbb436000 rw-p 00000000 00:00 0 
7f1fbb436000-7f1fbb437000 r-xp 00000000 08:02 6825054                    /usr/lib/x86_64-linux-gnu/libxshmfence.so.1.0.0
7f1fbb437000-7f1fbb637000 ---p 00001000 08:02 6825054                    /usr/lib/x86_64-linux-gnu/libxshmfence.so.1.0.0
7f1fbb637000-7f1fbb638000 r--p 00001000 08:02 6825054                    /usr/lib/x86_64-linux-gnu/libxshmfence.so.1.0.0
7f1fbb638000-7f1fbb639000 rw-p 00002000 08:02 6825054                    /usr/lib/x86_64-linux-gnu/libxshmfence.so.1.0.0
7f1fbb639000-7f1fbb63e000 r-xp 00000000 08:02 6825028                    /usr/lib/x86_64-linux-gnu/libxcb-sync.so.1.0.0
7f1fbb63e000-7f1fbb83e000 ---p 00005000 08:02 6825028                    /usr/lib/x86_64-linux-gnu/libxcb-sync.so.1.0.0
7f1fbb83e000-7f1fbb83f000 r--p 00005000 08:02 6825028                    /usr/lib/x86_64-linux-gnu/libxcb-sync.so.1.0.0
7f1fbb83f000-7f1fbb840000 rw-p 00006000 08:02 6825028                    /usr/lib/x86_64-linux-gnu/libxcb-sync.so.1.0.0
7f1fbb840000-7f1fbb842000 r-xp 00000000 08:02 6825014                    /usr/lib/x86_64-linux-gnu/libxcb-present.so.0.0.0
7f1fbb842000-7f1fbba41000 ---p 00002000 08:02 6825014                    /usr/lib/x86_64-linux-gnu/libxcb-present.so.0.0.0
7f1fbba41000-7f1fbba42000 r--p 00001000 08:02 6825014                    /usr/lib/x86_64-linux-gnu/libxcb-present.so.0.0.0
7f1fbba42000-7f1fbba43000 rw-p 00002000 08:02 6825014                    /usr/lib/x86_64-linux-gnu/libxcb-present.so.0.0.0
7f1fbba43000-7f1fbba45000 r-xp 00000000 08:02 6825004                    /usr/lib/x86_64-linux-gnu/libxcb-dri3.so.0.0.0
7f1fbba45000-7f1fbbc44000 ---p 00002000 08:02 6825004                    /usr/lib/x86_64-linux-gnu/libxcb-dri3.so.0.0.0
7f1fbbc44000-7f1fbbc45000 r--p 00001000 08:02 6825004                    /usr/lib/x86_64-linux-gnu/libxcb-dri3.so.0.0.0
7f1fbbc45000-7f1fbbc46000 rw-p 00002000 08:02 6825004                    /usr/lib/x86_64-linux-gnu/libxcb-dri3.so.0.0.0
7f1fbbc46000-7f1fbbcb6000 r-xp 00000000 08:02 1053295                    /lib/x86_64-linux-gnu/libpcre.so.3.13.3
7f1fbbcb6000-7f1fbbeb6000 ---p 00070000 08:02 1053295                    /lib/x86_64-linux-gnu/libpcre.so.3.13.3
7f1fbbeb6000-7f1fbbeb7000 r--p 00070000 08:02 1053295                    /lib/x86_64-linux-gnu/libpcre.so.3.13.3
7f1fbbeb7000-7f1fbbeb8000 rw-p 00071000 08:02 1053295                    /lib/x86_64-linux-gnu/libpcre.so.3.13.3
7f1fbbeb8000-7f1fbbebf000 r-xp 00000000 08:02 6824126                    /usr/lib/x86_64-linux-gnu/libffi.so.6.0.4
7f1fbbebf000-7f1fbc0be000 ---p 00007000 08:02 6824126                    /usr/lib/x86_64-linux-gnu/libffi.so.6.0.4
7f1fbc0be000-7f1fbc0bf000 r--p 00006000 08:02 6824126                    /usr/lib/x86_64-linux-gnu/libffi.so.6.0.4
7f1fbc0bf000-7f1fbc0c0000 rw-p 00007000 08:02 6824126                    /usr/lib/x86_64-linux-gnu/libffi.so.6.0.4
7f1fbc0c0000-7f1fbc0e8000 r-xp 00000000 08:02 1053202                    /lib/x86_64-linux-gnu/libexpat.so.1.6.5
7f1fbc0e8000-7f1fbc2e8000 ---p 00028000 08:02 1053202                    /lib/x86_64-linux-gnu/libexpat.so.1.6.5
7f1fbc2e8000-7f1fbc2ea000 r--p 00028000 08:02 1053202                    /lib/x86_64-linux-gnu/libexpat.so.1.6.5
7f1fbc2ea000-7f1fbc2eb000 rw-p 0002a000 08:02 1053202                    /lib/x86_64-linux-gnu/libexpat.so.1.6.5
7f1fbc2eb000-7f1fbc2f3000 r-xp 00000000 08:02 6824853                    /usr/lib/x86_64-linux-gnu/libthai.so.0.3.0
7f1fbc2f3000-7f1fbc4f2000 ---p 00008000 08:02 6824853                    /usr/lib/x86_64-linux-gnu/libthai.so.0.3.0
7f1fbc4f2000-7f1fbc4f3000 r--p 00007000 08:02 6824853                    /usr/lib/x86_64-linux-gnu/libthai.so.0.3.0
7f1fbc4f3000-7f1fbc4f4000 rw-p 00008000 08:02 6824853                    /usr/lib/x86_64-linux-gnu/libthai.so.0.3.0
7f1fbc4f4000-7f1fbc51a000 r-xp 00000000 08:02 6825038                    /usr/lib/x86_64-linux-gnu/libxcb.so.1.1.0
7f1fbc51a000-7f1fbc719000 ---p 00026000 08:02 6825038                    /usr/lib/x86_64-linux-gnu/libxcb.so.1.1.0
7f1fbc719000-7f1fbc71a000 r--p 00025000 08:02 6825038                    /usr/lib/x86_64-linux-gnu/libxcb.so.1.1.0
7f1fbc71a000-7f1fbc71b000 rw-p 00026000 08:02 6825038                    /usr/lib/x86_64-linux-gnu/libxcb.so.1.1.0
7f1fbc71b000-7f1fbc727000 r-xp 00000000 08:02 6825020                    /usr/lib/x86_64-linux-gnu/libxcb-render.so.0.0.0
7f1fbc727000-7f1fbc926000 ---p 0000c000 08:02 6825020                    /usr/lib/x86_64-linux-gnu/libxcb-render.so.0.0.0
7f1fbc926000-7f1fbc927000 r--p 0000b000 08:02 6825020                    /usr/lib/x86_64-linux-gnu/libxcb-render.so.0.0.0
7f1fbc927000-7f1fbc928000 rw-p 0000c000 08:02 6825020                    /usr/lib/x86_64-linux-gnu/libxcb-render.so.0.0.0
7f1fbc928000-7f1fbc92a000 r-xp 00000000 08:02 6825026                    /usr/lib/x86_64-linux-gnu/libxcb-shm.so.0.0.0
7f1fbc92a000-7f1fbcb29000 ---p 00002000 08:02 6825026                    /usr/lib/x86_64-linux-gnu/libxcb-shm.so.0.0.0
7f1fbcb29000-7f1fbcb2a000 r--p 00001000 08:02 6825026                    /usr/lib/x86_64-linux-gnu/libxcb-shm.so.0.0.0
7f1fbcb2a000-7f1fbcb2b000 rw-p 00002000 08:02 6825026                    /usr/lib/x86_64-linux-gnu/libxcb-shm.so.0.0.0
7f1fbcb2b000-7f1fbcb5c000 r-xp 00000000 08:02 6824677                    /usr/lib/x86_64-linux-gnu/libpng16.so.16.34.0
7f1fbcb5c000-7f1fbcd5b000 ---p 00031000 08:02 6824677                    /usr/lib/x86_64-linux-gnu/libpng16.so.16.34.0
7f1fbcd5b000-7f1fbcd5c000 r--p 00030000 08:02 6824677                    /usr/lib/x86_64-linux-gnu/libpng16.so.16.34.0
7f1fbcd5c000-7f1fbcd5d000 rw-p 00031000 08:02 6824677                    /usr/lib/x86_64-linux-gnu/libpng16.so.16.34.0
7f1fbcd5d000-7f1fbcdfb000 r-xp 00000000 08:02 6824671                    /usr/lib/x86_64-linux-gnu/libpixman-1.so.0.34.0
7f1fbcdfb000-7f1fbcffa000 ---p 0009e000 08:02 6824671                    /usr/lib/x86_64-linux-gnu/libpixman-1.so.0.34.0
7f1fbcffa000-7f1fbd002000 r--p 0009d000 08:02 6824671                    /usr/lib/x86_64-linux-gnu/libpixman-1.so.0.34.0
7f1fbd002000-7f1fbd003000 rw-p 000a5000 08:02 6824671                    /usr/lib/x86_64-linux-gnu/libpixman-1.so.0.34.0
7f1fbd003000-7f1fbd095000 r-xp 00000000 08:02 6824376                    /usr/lib/x86_64-linux-gnu/libharfbuzz.so.0.10400.2
7f1fbd095000-7f1fbd294000 ---p 00092000 08:02 6824376                    /usr/lib/x86_64-linux-gnu/libharfbuzz.so.0.10400.2
7f1fbd294000-7f1fbd296000 r--p 00091000 08:02 6824376                    /usr/lib/x86_64-linux-gnu/libharfbuzz.so.0.10400.2
7f1fbd296000-7f1fbd297000 rw-p 00093000 08:02 6824376                    /usr/lib/x86_64-linux-gnu/libharfbuzz.so.0.10400.2
7f1fbd297000-7f1fbd2e5000 r-xp 00000000 08:02 1053162                    /lib/x86_64-linux-gnu/libmount.so.1.1.0
7f1fbd2e5000-7f1fbd4e5000 ---p 0004e000 08:02 1053162                    /lib/x86_64-linux-gnu/libmount.so.1.1.0
7f1fbd4e5000-7f1fbd4e7000 r--p 0004e000 08:02 1053162                    /lib/x86_64-linux-gnu/libmount.so.1.1.0
7f1fbd4e7000-7f1fbd4e8000 rw-p 00050000 08:02 1053162                    /lib/x86_64-linux-gnu/libmount.so.1.1.0
7f1fbd4e8000-7f1fbd4e9000 rw-p 00000000 00:00 0 
7f1fbd4e9000-7f1fbd4ff000 r-xp 00000000 08:02 1053110                    /lib/x86_64-linux-gnu/libresolv-2.26.so
7f1fbd4ff000-7f1fbd6ff000 ---p 00016000 08:02 1053110                    /lib/x86_64-linux-gnu/libresolv-2.26.so
7f1fbd6ff000-7f1fbd700000 r--p 00016000 08:02 1053110                    /lib/x86_64-linux-gnu/libresolv-2.26.so
7f1fbd700000-7f1fbd701000 rw-p 00017000 08:02 1053110                    /lib/x86_64-linux-gnu/libresolv-2.26.so
7f1fbd701000-7f1fbd703000 rw-p 00000000 00:00 0 
7f1fbd703000-7f1fbd728000 r-xp 00000000 08:02 1053322                    /lib/x86_64-linux-gnu/libselinux.so.1
7f1fbd728000-7f1fbd927000 ---p 00025000 08:02 1053322                    /lib/x86_64-linux-gnu/libselinux.so.1
7f1fbd927000-7f1fbd928000 r--p 00024000 08:02 1053322                    /lib/x86_64-linux-gnu/libselinux.so.1
7f1fbd928000-7f1fbd929000 rw-p 00025000 08:02 1053322                    /lib/x86_64-linux-gnu/libselinux.so.1
7f1fbd929000-7f1fbd92b000 rw-p 00000000 00:00 0 
7f1fbd92b000-7f1fbd947000 r-xp 00000000 08:02 1053350                    /lib/x86_64-linux-gnu/libz.so.1.2.11
7f1fbd947000-7f1fbdb46000 ---p 0001c000 08:02 1053350                    /lib/x86_64-linux-gnu/libz.so.1.2.11
7f1fbdb46000-7f1fbdb47000 r--p 0001b000 08:02 1053350                    /lib/x86_64-linux-gnu/libz.so.1.2.11
7f1fbdb47000-7f1fbdb48000 rw-p 0001c000 08:02 1053350                    /lib/x86_64-linux-gnu/libz.so.1.2.11
7f1fbdb48000-7f1fbdb59000 r-xp 00000000 08:02 6823804                    /usr/lib/x86_64-linux-gnu/libXext.so.6.4.0
7f1fbdb59000-7f1fbdd58000 ---p 00011000 08:02 6823804                    /usr/lib/x86_64-linux-gnu/libXext.so.6.4.0
7f1fbdd58000-7f1fbdd59000 r--p 00010000 08:02 6823804                    /usr/lib/x86_64-linux-gnu/libXext.so.6.4.0
7f1fbdd59000-7f1fbdd5a000 rw-p 00011000 08:02 6823804                    /usr/lib/x86_64-linux-gnu/libXext.so.6.4.0
7f1fbdd5a000-7f1fbdd5c000 r-xp 00000000 08:02 6823800                    /usr/lib/x86_64-linux-gnu/libXdamage.so.1.1.0
7f1fbdd5c000-7f1fbdf5b000 ---p 00002000 08:02 6823800                    /usr/lib/x86_64-linux-gnu/libXdamage.so.1.1.0
7f1fbdf5b000-7f1fbdf5c000 r--p 00001000 08:02 6823800                    /usr/lib/x86_64-linux-gnu/libXdamage.so.1.1.0
7f1fbdf5c000-7f1fbdf5d000 rw-p 00002000 08:02 6823800                    /usr/lib/x86_64-linux-gnu/libXdamage.so.1.1.0
7f1fbdf5d000-7f1fbdf5f000 r-xp 00000000 08:02 6823796                    /usr/lib/x86_64-linux-gnu/libXcomposite.so.1.0.0
7f1fbdf5f000-7f1fbe15e000 ---p 00002000 08:02 6823796                    /usr/lib/x86_64-linux-gnu/libXcomposite.so.1.0.0
7f1fbe15e000-7f1fbe15f000 r--p 00001000 08:02 6823796                    /usr/lib/x86_64-linux-gnu/libXcomposite.so.1.0.0
7f1fbe15f000-7f1fbe160000 rw-p 00002000 08:02 6823796                    /usr/lib/x86_64-linux-gnu/libXcomposite.so.1.0.0
7f1fbe160000-7f1fbe169000 r-xp 00000000 08:02 6823798                    /usr/lib/x86_64-linux-gnu/libXcursor.so.1.0.2
7f1fbe169000-7f1fbe368000 ---p 00009000 08:02 6823798                    /usr/lib/x86_64-linux-gnu/libXcursor.so.1.0.2
7f1fbe368000-7f1fbe369000 r--p 00008000 08:02 6823798                    /usr/lib/x86_64-linux-gnu/libXcursor.so.1.0.2
7f1fbe369000-7f1fbe36a000 rw-p 00009000 08:02 6823798                    /usr/lib/x86_64-linux-gnu/libXcursor.so.1.0.2
7f1fbe36a000-7f1fbe374000 r-xp 00000000 08:02 6823824                    /usr/lib/x86_64-linux-gnu/libXrandr.so.2.2.0
7f1fbe374000-7f1fbe573000 ---p 0000a000 08:02 6823824                    /usr/lib/x86_64-linux-gnu/libXrandr.so.2.2.0
7f1fbe573000-7f1fbe574000 r--p 00009000 08:02 6823824                    /usr/lib/x86_64-linux-gnu/libXrandr.so.2.2.0
7f1fbe574000-7f1fbe575000 rw-p 0000a000 08:02 6823824                    /usr/lib/x86_64-linux-gnu/libXrandr.so.2.2.0
7f1fbe575000-7f1fbe584000 r-xp 00000000 08:02 6823814                    /usr/lib/x86_64-linux-gnu/libXi.so.6.1.0
7f1fbe584000-7f1fbe783000 ---p 0000f000 08:02 6823814                    /usr/lib/x86_64-linux-gnu/libXi.so.6.1.0
7f1fbe783000-7f1fbe784000 r--p 0000e000 08:02 6823814                    /usr/lib/x86_64-linux-gnu/libXi.so.6.1.0
7f1fbe784000-7f1fbe785000 rw-p 0000f000 08:02 6823814                    /usr/lib/x86_64-linux-gnu/libXi.so.6.1.0
7f1fbe785000-7f1fbe787000 r-xp 00000000 08:02 6823816                    /usr/lib/x86_64-linux-gnu/libXinerama.so.1.0.0
7f1fbe787000-7f1fbe986000 ---p 00002000 08:02 6823816                    /usr/lib/x86_64-linux-gnu/libXinerama.so.1.0.0
7f1fbe986000-7f1fbe987000 r--p 00001000 08:02 6823816                    /usr/lib/x86_64-linux-gnu/libXinerama.so.1.0.0
7f1fbe987000-7f1fbe988000 rw-p 00002000 08:02 6823816                    /usr/lib/x86_64-linux-gnu/libXinerama.so.1.0.0
7f1fbe988000-7f1fbe991000 r-xp 00000000 08:02 6823826                    /usr/lib/x86_64-linux-gnu/libXrender.so.1.3.0
7f1fbe991000-7f1fbeb90000 ---p 00009000 08:02 6823826                    /usr/lib/x86_64-linux-gnu/libXrender.so.1.3.0
7f1fbeb90000-7f1fbeb91000 r--p 00008000 08:02 6823826                    /usr/lib/x86_64-linux-gnu/libXrender.so.1.3.0
7f1fbeb91000-7f1fbeb92000 rw-p 00009000 08:02 6823826                    /usr/lib/x86_64-linux-gnu/libXrender.so.1.3.0
7f1fbeb92000-7f1fbeb97000 r-xp 00000000 08:02 6823806                    /usr/lib/x86_64-linux-gnu/libXfixes.so.3.1.0
7f1fbeb97000-7f1fbed96000 ---p 00005000 08:02 6823806                    /usr/lib/x86_64-linux-gnu/libXfixes.so.3.1.0
7f1fbed96000-7f1fbed97000 r--p 00004000 08:02 6823806                    /usr/lib/x86_64-linux-gnu/libXfixes.so.3.1.0
7f1fbed97000-7f1fbed98000 rw-p 00005000 08:02 6823806                    /usr/lib/x86_64-linux-gnu/libXfixes.so.3.1.0
7f1fbed98000-7f1fbedae000 r-xp 00000000 08:02 1048582                    /lib/x86_64-linux-gnu/libgcc_s.so.1
7f1fbedae000-7f1fbefad000 ---p 00016000 08:02 1048582                    /lib/x86_64-linux-gnu/libgcc_s.so.1
7f1fbefad000-7f1fbefae000 r--p 00015000 08:02 1048582                    /lib/x86_64-linux-gnu/libgcc_s.so.1
7f1fbefae000-7f1fbefaf000 rw-p 00016000 08:02 1048582                    /lib/x86_64-linux-gnu/libgcc_s.so.1
7f1fbefaf000-7f1fbf127000 r-xp 00000000 08:02 6815930                    /usr/lib/x86_64-linux-gnu/libstdc++.so.6.0.24
7f1fbf127000-7f1fbf326000 ---p 00178000 08:02 6815930                    /usr/lib/x86_64-linux-gnu/libstdc++.so.6.0.24
7f1fbf326000-7f1fbf330000 r--p 00177000 08:02 6815930                    /usr/lib/x86_64-linux-gnu/libstdc++.so.6.0.24
7f1fbf330000-7f1fbf332000 rw-p 00181000 08:02 6815930                    /usr/lib/x86_64-linux-gnu/libstdc++.so.6.0.24
7f1fbf332000-7f1fbf335000 rw-p 00000000 00:00 0 
7f1fbf335000-7f1fbf3a2000 r-xp 00000000 08:02 7080044                    /usr/lib/x86_64-linux-gnu/mesa/libGL.so.1.2.0
7f1fbf3a2000-7f1fbf5a2000 ---p 0006d000 08:02 7080044                    /usr/lib/x86_64-linux-gnu/mesa/libGL.so.1.2.0
7f1fbf5a2000-7f1fbf5a5000 r--p 0006d000 08:02 7080044                    /usr/lib/x86_64-linux-gnu/mesa/libGL.so.1.2.0
7f1fbf5a5000-7f1fbf5a6000 rw-p 00070000 08:02 7080044                    /usr/lib/x86_64-linux-gnu/mesa/libGL.so.1.2.0
7f1fbf5a6000-7f1fbf5a7000 rw-p 00000000 00:00 0 
7f1fbf5a7000-7f1fbf5ac000 r-xp 00000000 08:02 6823842                    /usr/lib/x86_64-linux-gnu/libXxf86vm.so.1.0.0
7f1fbf5ac000-7f1fbf7ab000 ---p 00005000 08:02 6823842                    /usr/lib/x86_64-linux-gnu/libXxf86vm.so.1.0.0
7f1fbf7ab000-7f1fbf7ac000 r--p 00004000 08:02 6823842                    /usr/lib/x86_64-linux-gnu/libXxf86vm.so.1.0.0
7f1fbf7ac000-7f1fbf7ad000 rw-p 00005000 08:02 6823842                    /usr/lib/x86_64-linux-gnu/libXxf86vm.so.1.0.0
7f1fbf7ad000-7f1fbf8e1000 r-xp 00000000 08:02 6823787                    /usr/lib/x86_64-linux-gnu/libX11.so.6.3.0
7f1fbf8e1000-7f1fbfae1000 ---p 00134000 08:02 6823787                    /usr/lib/x86_64-linux-gnu/libX11.so.6.3.0
7f1fbfae1000-7f1fbfae2000 r--p 00134000 08:02 6823787                    /usr/lib/x86_64-linux-gnu/libX11.so.6.3.0
7f1fbfae2000-7f1fbfae6000 rw-p 00135000 08:02 6823787                    /usr/lib/x86_64-linux-gnu/libX11.so.6.3.0
7f1fbfae6000-7f1fbfaeb000 r-xp 00000000 08:02 6823832                    /usr/lib/x86_64-linux-gnu/libXtst.so.6.1.0
7f1fbfaeb000-7f1fbfcea000 ---p 00005000 08:02 6823832                    /usr/lib/x86_64-linux-gnu/libXtst.so.6.1.0
7f1fbfcea000-7f1fbfceb000 r--p 00004000 08:02 6823832                    /usr/lib/x86_64-linux-gnu/libXtst.so.6.1.0
7f1fbfceb000-7f1fbfcec000 rw-p 00005000 08:02 6823832                    /usr/lib/x86_64-linux-gnu/libXtst.so.6.1.0
7f1fbfcec000-7f1fbfdfd000 r-xp 00000000 08:02 1053213                    /lib/x86_64-linux-gnu/libglib-2.0.so.0.5400.1
7f1fbfdfd000-7f1fbfffd000 ---p 00111000 08:02 1053213                    /lib/x86_64-linux-gnu/libglib-2.0.so.0.5400.1
7f1fbfffd000-7f1fbfffe000 r--p 00111000 08:02 1053213                    /lib/x86_64-linux-gnu/libglib-2.0.so.0.5400.1
7f1fbfffe000-7f1fbffff000 rw-p 00112000 08:02 1053213                    /lib/x86_64-linux-gnu/libglib-2.0.so.0.5400.1
7f1fbffff000-7f1fc0000000 rw-p 00000000 00:00 0 
7f1fc0000000-7f1fc0021000 rw-p 00000000 00:00 0 
7f1fc0021000-7f1fc4000000 ---p 00000000 00:00 0 
7f1fc4000000-7f1fc6060000 rw-p 00000000 00:00 0 
7f1fc6060000-7f1fc8000000 ---p 00000000 00:00 0 
7f1fc8000000-7f1fc84a4000 rw-p 00000000 00:00 0 
7f1fc84a4000-7f1fcc000000 ---p 00000000 00:00 0 
7f1fcc000000-7f1fcc021000 rw-p 00000000 00:00 0 
7f1fcc021000-7f1fd0000000 ---p 00000000 00:00 0 
7f1fd0000000-7f1fd02fc000 rw-p 00000000 00:00 0 
7f1fd02fc000-7f1fd4000000 ---p 00000000 00:00 0 
7f1fd4000000-7f1fd44b8000 rw-p 00000000 00:00 0 
7f1fd44b8000-7f1fd8000000 ---p 00000000 00:00 0 
7f1fd8000000-7f1fd8021000 rw-p 00000000 00:00 0 
7f1fd8021000-7f1fdc000000 ---p 00000000 00:00 0 
7f1fdc000000-7f1fdc021000 rw-p 00000000 00:00 0 
7f1fdc021000-7f1fe0000000 ---p 00000000 00:00 0 
7f1fe0000000-7f1fe0021000 rw-p 00000000 00:00 0 
7f1fe0021000-7f1fe4000000 ---p 00000000 00:00 0 
7f1fe4000000-7f1fe4021000 rw-p 00000000 00:00 0 
7f1fe4021000-7f1fe8000000 ---p 00000000 00:00 0 
7f1fe8000000-7f1fe8021000 rw-p 00000000 00:00 0 
7f1fe8021000-7f1fec000000 ---p 00000000 00:00 0 
7f1fec000000-7f1fec003000 r--s 00000000 08:02 2359561                    /var/cache/fontconfig/674d1711f2d1d2a09646eb0bdcadee49-le64.cache-6
7f1fec003000-7f1fec004000 r--s 00000000 08:02 2359545                    /var/cache/fontconfig/3f7329c5293ffd510edef78f73874cfd-le64.cache-6
7f1fec004000-7f1fec005000 r--s 00000000 08:02 2359539                    /var/cache/fontconfig/30829fa25452a46451e813d634d7f916-le64.cache-6
7f1fec005000-7f1fec006000 r--s 00000000 08:02 2359529                    /var/cache/fontconfig/0c9eb80ebd1c36541ebe2852d3bb0c49-le64.cache-6
7f1fec006000-7f1fec007000 r--s 00000000 08:02 2359536                    /var/cache/fontconfig/22368d551a680bfe5a62c02760edf4ea-le64.cache-6
7f1fec007000-7f1fec008000 r--s 00000000 08:02 2359550                    /var/cache/fontconfig/4d9c95eba1cb85bbcf2878543262124a-le64.cache-6
7f1fec008000-7f1fec009000 r--s 00000000 08:02 2359566                    /var/cache/fontconfig/85e0a52ce643a7ba2ae53e5d6949cead-le64.cache-6
7f1fec009000-7f1fec017000 r--s 00000000 08:02 2359570                    /var/cache/fontconfig/9b89f8e3dae116d678bbf48e5f21f69b-le64.cache-6
7f1fec017000-7f1fec024000 r--s 00000000 08:02 2365263                    /var/cache/fontconfig/e13b20fdb08344e0e664864cc2ede53d-le64.cache-6
7f1fec024000-7f1fec028000 r--s 00000000 08:02 2361864                    /var/cache/fontconfig/7ef2298fde41cc6eeb7af42e48b7d293-le64.cache-6
7f1fec028000-7f1fec02d000 r--s 0009d000 08:02 6829576                    /usr/lib/jvm/java-8-oracle/jre/lib/jsse.jar
7f1fec02d000-7f1fec04e000 r--s 00154000 08:02 2234541                    /home/panns/git/Broker-Lite/lib/jersey-bundle-1.18.jar
7f1fec04e000-7f1fec053000 r--s 00659000 08:02 2234542                    /home/panns/git/Broker-Lite/lib/sqlite-jdbc-3.21.0.jar
7f1fec053000-7f1fec056000 ---p 00000000 00:00 0 
7f1fec056000-7f1fec154000 rw-p 00000000 00:00 0 
7f1fec154000-7f1fec155000 r-xp 00000000 08:02 6824343                    /usr/lib/x86_64-linux-gnu/libgthread-2.0.so.0.5400.1
7f1fec155000-7f1fec354000 ---p 00001000 08:02 6824343                    /usr/lib/x86_64-linux-gnu/libgthread-2.0.so.0.5400.1
7f1fec354000-7f1fec355000 r--p 00000000 08:02 6824343                    /usr/lib/x86_64-linux-gnu/libgthread-2.0.so.0.5400.1
7f1fec355000-7f1fec356000 rw-p 00001000 08:02 6824343                    /usr/lib/x86_64-linux-gnu/libgthread-2.0.so.0.5400.1
7f1fec356000-7f1fec359000 r-xp 00000000 08:02 6824246                    /usr/lib/x86_64-linux-gnu/libgmodule-2.0.so.0.5400.1
7f1fec359000-7f1fec558000 ---p 00003000 08:02 6824246                    /usr/lib/x86_64-linux-gnu/libgmodule-2.0.so.0.5400.1
7f1fec558000-7f1fec559000 r--p 00002000 08:02 6824246                    /usr/lib/x86_64-linux-gnu/libgmodule-2.0.so.0.5400.1
7f1fec559000-7f1fec55a000 rw-p 00003000 08:02 6824246                    /usr/lib/x86_64-linux-gnu/libgmodule-2.0.so.0.5400.1
7f1fec55a000-7f1fec5ac000 r-xp 00000000 08:02 6824272                    /usr/lib/x86_64-linux-gnu/libgobject-2.0.so.0.5400.1
7f1fec5ac000-7f1fec7ac000 ---p 00052000 08:02 6824272                    /usr/lib/x86_64-linux-gnu/libgobject-2.0.so.0.5400.1
7f1fec7ac000-7f1fec7ad000 r--p 00052000 08:02 6824272                    /usr/lib/x86_64-linux-gnu/libgobject-2.0.so.0.5400.1
7f1fec7ad000-7f1fec7ae000 rw-p 00053000 08:02 6824272                    /usr/lib/x86_64-linux-gnu/libgobject-2.0.so.0.5400.1
7f1fec7ae000-7f1fec7eb000 r-xp 00000000 08:02 6824140                    /usr/lib/x86_64-linux-gnu/libfontconfig.so.1.9.0
7f1fec7eb000-7f1fec9ea000 ---p 0003d000 08:02 6824140                    /usr/lib/x86_64-linux-gnu/libfontconfig.so.1.9.0
7f1fec9ea000-7f1fec9ec000 r--p 0003c000 08:02 6824140                    /usr/lib/x86_64-linux-gnu/libfontconfig.so.1.9.0
7f1fec9ec000-7f1fec9f1000 rw-p 0003e000 08:02 6824140                    /usr/lib/x86_64-linux-gnu/libfontconfig.so.1.9.0
7f1fec9f1000-7f1feca9d000 r-xp 00000000 08:02 6818071                    /usr/lib/x86_64-linux-gnu/libfreetype.so.6.14.0
7f1feca9d000-7f1fecc9c000 ---p 000ac000 08:02 6818071                    /usr/lib/x86_64-linux-gnu/libfreetype.so.6.14.0
7f1fecc9c000-7f1fecca3000 r--p 000ab000 08:02 6818071                    /usr/lib/x86_64-linux-gnu/libfreetype.so.6.14.0
7f1fecca3000-7f1fecca4000 rw-p 000b2000 08:02 6818071                    /usr/lib/x86_64-linux-gnu/libfreetype.so.6.14.0
7f1fecca4000-7f1feccef000 r-xp 00000000 08:02 6824641                    /usr/lib/x86_64-linux-gnu/libpango-1.0.so.0.4000.12
7f1feccef000-7f1feceee000 ---p 0004b000 08:02 6824641                    /usr/lib/x86_64-linux-gnu/libpango-1.0.so.0.4000.12
7f1feceee000-7f1fecef1000 r--p 0004a000 08:02 6824641                    /usr/lib/x86_64-linux-gnu/libpango-1.0.so.0.4000.12
7f1fecef1000-7f1fecef2000 rw-p 0004d000 08:02 6824641                    /usr/lib/x86_64-linux-gnu/libpango-1.0.so.0.4000.12
7f1fecef2000-7f1fecffd000 r-xp 00000000 08:02 6823928                    /usr/lib/x86_64-linux-gnu/libcairo.so.2.11400.10
7f1fecffd000-7f1fed1fd000 ---p 0010b000 08:02 6823928                    /usr/lib/x86_64-linux-gnu/libcairo.so.2.11400.10
7f1fed1fd000-7f1fed200000 r--p 0010b000 08:02 6823928                    /usr/lib/x86_64-linux-gnu/libcairo.so.2.11400.10
7f1fed200000-7f1fed201000 rw-p 0010e000 08:02 6823928                    /usr/lib/x86_64-linux-gnu/libcairo.so.2.11400.10
7f1fed201000-7f1fed203000 rw-p 00000000 00:00 0 
7f1fed203000-7f1fed20f000 r-xp 00000000 08:02 6824643                    /usr/lib/x86_64-linux-gnu/libpangocairo-1.0.so.0.4000.12
7f1fed20f000-7f1fed40e000 ---p 0000c000 08:02 6824643                    /usr/lib/x86_64-linux-gnu/libpangocairo-1.0.so.0.4000.12
7f1fed40e000-7f1fed40f000 r--p 0000b000 08:02 6824643                    /usr/lib/x86_64-linux-gnu/libpangocairo-1.0.so.0.4000.12
7f1fed40f000-7f1fed410000 rw-p 0000c000 08:02 6824643                    /usr/lib/x86_64-linux-gnu/libpangocairo-1.0.so.0.4000.12
7f1fed410000-7f1fed432000 r-xp 00000000 08:02 6818073                    /usr/lib/x86_64-linux-gnu/libgdk_pixbuf-2.0.so.0.3611.0
7f1fed432000-7f1fed632000 ---p 00022000 08:02 6818073                    /usr/lib/x86_64-linux-gnu/libgdk_pixbuf-2.0.so.0.3611.0
7f1fed632000-7f1fed633000 r--p 00022000 08:02 6818073                    /usr/lib/x86_64-linux-gnu/libgdk_pixbuf-2.0.so.0.3611.0
7f1fed633000-7f1fed634000 rw-p 00023000 08:02 6818073                    /usr/lib/x86_64-linux-gnu/libgdk_pixbuf-2.0.so.0.3611.0
7f1fed634000-7f1fed648000 r-xp 00000000 08:02 6824645                    /usr/lib/x86_64-linux-gnu/libpangoft2-1.0.so.0.4000.12
7f1fed648000-7f1fed848000 ---p 00014000 08:02 6824645                    /usr/lib/x86_64-linux-gnu/libpangoft2-1.0.so.0.4000.12
7f1fed848000-7f1fed849000 r--p 00014000 08:02 6824645                    /usr/lib/x86_64-linux-gnu/libpangoft2-1.0.so.0.4000.12
7f1fed849000-7f1fed84a000 rw-p 00015000 08:02 6824645                    /usr/lib/x86_64-linux-gnu/libpangoft2-1.0.so.0.4000.12
7f1fed84a000-7f1fed9db000 r-xp 00000000 08:02 6824230                    /usr/lib/x86_64-linux-gnu/libgio-2.0.so.0.5400.1
7f1fed9db000-7f1fedbdb000 ---p 00191000 08:02 6824230                    /usr/lib/x86_64-linux-gnu/libgio-2.0.so.0.5400.1
7f1fedbdb000-7f1fedbe2000 r--p 00191000 08:02 6824230                    /usr/lib/x86_64-linux-gnu/libgio-2.0.so.0.5400.1
7f1fedbe2000-7f1fedbe3000 rw-p 00198000 08:02 6824230                    /usr/lib/x86_64-linux-gnu/libgio-2.0.so.0.5400.1
7f1fedbe3000-7f1fedbe5000 rw-p 00000000 00:00 0 
7f1fedbe5000-7f1fedc08000 r-xp 00000000 08:02 6823878                    /usr/lib/x86_64-linux-gnu/libatk-1.0.so.0.22609.1
7f1fedc08000-7f1fede07000 ---p 00023000 08:02 6823878                    /usr/lib/x86_64-linux-gnu/libatk-1.0.so.0.22609.1
7f1fede07000-7f1fede0a000 r--p 00022000 08:02 6823878                    /usr/lib/x86_64-linux-gnu/libatk-1.0.so.0.22609.1
7f1fede0a000-7f1fede0b000 rw-p 00025000 08:02 6823878                    /usr/lib/x86_64-linux-gnu/libatk-1.0.so.0.22609.1
7f1fede0b000-7f1fedeba000 r-xp 00000000 08:02 6824208                    /usr/lib/x86_64-linux-gnu/libgdk-x11-2.0.so.0.2400.31
7f1fedeba000-7f1fee0ba000 ---p 000af000 08:02 6824208                    /usr/lib/x86_64-linux-gnu/libgdk-x11-2.0.so.0.2400.31
7f1fee0ba000-7f1fee0be000 r--p 000af000 08:02 6824208                    /usr/lib/x86_64-linux-gnu/libgdk-x11-2.0.so.0.2400.31
7f1fee0be000-7f1fee0c0000 rw-p 000b3000 08:02 6824208                    /usr/lib/x86_64-linux-gnu/libgdk-x11-2.0.so.0.2400.31
7f1fee0c0000-7f1fee4f5000 r-xp 00000000 08:02 6824347                    /usr/lib/x86_64-linux-gnu/libgtk-x11-2.0.so.0.2400.31
7f1fee4f5000-7f1fee6f4000 ---p 00435000 08:02 6824347                    /usr/lib/x86_64-linux-gnu/libgtk-x11-2.0.so.0.2400.31
7f1fee6f4000-7f1fee6fb000 r--p 00434000 08:02 6824347                    /usr/lib/x86_64-linux-gnu/libgtk-x11-2.0.so.0.2400.31
7f1fee6fb000-7f1fee6ff000 rw-p 0043b000 08:02 6824347                    /usr/lib/x86_64-linux-gnu/libgtk-x11-2.0.so.0.2400.31
7f1fee6ff000-7f1fee702000 rw-p 00000000 00:00 0 
7f1fee702000-7f1fee70a000 rw-s 00000000 00:05 121735                     /drm mm object (deleted)
7f1fee70a000-7f1fee712000 rw-s 00000000 00:05 121725                     /drm mm object (deleted)
7f1fee712000-7f1fee71a000 rw-s 00000000 00:05 123287                     /drm mm object (deleted)
7f1fee71a000-7f1fee726000 r-xp 00000000 08:02 6829737                    /usr/lib/jvm/java-8-oracle/jre/lib/amd64/libprism_es2.so
7f1fee726000-7f1fee925000 ---p 0000c000 08:02 6829737                    /usr/lib/jvm/java-8-oracle/jre/lib/amd64/libprism_es2.so
7f1fee925000-7f1fee926000 rw-p 0000b000 08:02 6829737                    /usr/lib/jvm/java-8-oracle/jre/lib/amd64/libprism_es2.so
7f1fee926000-7f1fee929000 ---p 00000000 00:00 0 
7f1fee929000-7f1feea27000 rw-p 00000000 00:00 0 
7f1feea27000-7f1feea3a000 r--s 00345000 08:02 6829557                    /usr/lib/jvm/java-8-oracle/jre/lib/resources.jar
7f1feea3a000-7f1feead0000 r--s 0110a000 08:02 6829581                    /usr/lib/jvm/java-8-oracle/jre/lib/ext/jfxrt.jar
7f1feead0000-7f1feead1000 ---p 00000000 00:00 0 
7f1feead1000-7f1feebd1000 rw-p 00000000 00:00 0 
7f1feebd1000-7f1feebd4000 ---p 00000000 00:00 0 
7f1feebd4000-7f1feecd2000 rw-p 00000000 00:00 0 
7f1feecd2000-7f1feecd5000 ---p 00000000 00:00 0 
7f1feecd5000-7f1feedd3000 rw-p 00000000 00:00 0 
7f1feedd3000-7f1feedd6000 ---p 00000000 00:00 0 
7f1feedd6000-7f1feeed4000 rw-p 00000000 00:00 0 
7f1feeed4000-7f1feeed7000 ---p 00000000 00:00 0 
7f1feeed7000-7f1feefd5000 rw-p 00000000 00:00 0 
7f1feefd5000-7f1feefd8000 ---p 00000000 00:00 0 
7f1feefd8000-7f1fef0d6000 rw-p 00000000 00:00 0 
7f1fef0d6000-7f1fef3b2000 r--p 00000000 08:02 6818228                    /usr/lib/locale/locale-archive
7f1fef3b2000-7f1fef3b5000 ---p 00000000 00:00 0 
7f1fef3b5000-7f1fef4b3000 rw-p 00000000 00:00 0 
7f1fef4b3000-7f1fef4b6000 ---p 00000000 00:00 0 
7f1fef4b6000-7f1fef5b4000 rw-p 00000000 00:00 0 
7f1fef5b4000-7f1fef5b5000 ---p 00000000 00:00 0 
7f1fef5b5000-7f1ff0000000 rw-p 00000000 00:00 0 
7f1ff0000000-7f1ff0021000 rw-p 00000000 00:00 0 
7f1ff0021000-7f1ff4000000 ---p 00000000 00:00 0 
7f1ff4000000-7f1ff4021000 rw-p 00000000 00:00 0 
7f1ff4021000-7f1ff8000000 ---p 00000000 00:00 0 
7f1ff8000000-7f1ff8021000 rw-p 00000000 00:00 0 
7f1ff8021000-7f1ffc000000 ---p 00000000 00:00 0 
7f1ffc000000-7f1ffc627000 rw-p 00000000 00:00 0 
7f1ffc627000-7f1ffc800000 r--s 03d64000 08:02 6829519                    /usr/lib/jvm/java-8-oracle/jre/lib/rt.jar
7f1ffc800000-7f1ffd000000 rw-p 00000000 00:00 0 
7f1ffd000000-7f1ffd5d0000 rwxp 00000000 00:00 0 
7f1ffd5d0000-7f200c000000 ---p 00000000 00:00 0 
7f200c000000-7f200c419000 rw-p 00000000 00:00 0 
7f200c419000-7f2010000000 ---p 00000000 00:00 0 
7f2010000000-7f2010008000 rw-s 00000000 00:05 123277                     /drm mm object (deleted)
7f2010008000-7f2012058000 rw-p 00000000 00:00 0 
7f2012058000-7f2012059000 ---p 00000000 00:00 0 
7f2012059000-7f2012159000 rw-p 00000000 00:00 0 
7f2012159000-7f201215a000 ---p 00000000 00:00 0 
7f201215a000-7f201225a000 rw-p 00000000 00:00 0 
7f201225a000-7f201225b000 ---p 00000000 00:00 0 
7f201225b000-7f201235b000 rw-p 00000000 00:00 0 
7f201235b000-7f201235c000 ---p 00000000 00:00 0 
7f201235c000-7f2012470000 rw-p 00000000 00:00 0 
7f2012470000-7f2012599000 ---p 00000000 00:00 0 
7f2012599000-7f20125ad000 rw-p 00000000 00:00 0 
7f20125ad000-7f20126d5000 ---p 00000000 00:00 0 
7f20126d5000-7f20126e8000 rw-p 00000000 00:00 0 
7f20126e8000-7f2012774000 ---p 00000000 00:00 0 
7f2012774000-7f201278d000 rw-p 00000000 00:00 0 
7f201278d000-7f2012b35000 ---p 00000000 00:00 0 
7f2012b35000-7f2012b50000 r-xp 00000000 08:02 6829729                    /usr/lib/jvm/java-8-oracle/jre/lib/amd64/libzip.so
7f2012b50000-7f2012d50000 ---p 0001b000 08:02 6829729                    /usr/lib/jvm/java-8-oracle/jre/lib/amd64/libzip.so
7f2012d50000-7f2012d51000 rw-p 0001b000 08:02 6829729                    /usr/lib/jvm/java-8-oracle/jre/lib/amd64/libzip.so
7f2012d51000-7f2012d5c000 r-xp 00000000 08:02 1048670                    /lib/x86_64-linux-gnu/libnss_files-2.26.so
7f2012d5c000-7f2012f5b000 ---p 0000b000 08:02 1048670                    /lib/x86_64-linux-gnu/libnss_files-2.26.so
7f2012f5b000-7f2012f5c000 r--p 0000a000 08:02 1048670                    /lib/x86_64-linux-gnu/libnss_files-2.26.so
7f2012f5c000-7f2012f5d000 rw-p 0000b000 08:02 1048670                    /lib/x86_64-linux-gnu/libnss_files-2.26.so
7f2012f5d000-7f2012f63000 rw-p 00000000 00:00 0 
7f2012f63000-7f2012f6e000 r-xp 00000000 08:02 1048672                    /lib/x86_64-linux-gnu/libnss_nis-2.26.so
7f2012f6e000-7f201316d000 ---p 0000b000 08:02 1048672                    /lib/x86_64-linux-gnu/libnss_nis-2.26.so
7f201316d000-7f201316e000 r--p 0000a000 08:02 1048672                    /lib/x86_64-linux-gnu/libnss_nis-2.26.so
7f201316e000-7f201316f000 rw-p 0000b000 08:02 1048672                    /lib/x86_64-linux-gnu/libnss_nis-2.26.so
7f201316f000-7f2013186000 r-xp 00000000 08:02 1048667                    /lib/x86_64-linux-gnu/libnsl-2.26.so
7f2013186000-7f2013385000 ---p 00017000 08:02 1048667                    /lib/x86_64-linux-gnu/libnsl-2.26.so
7f2013385000-7f2013386000 r--p 00016000 08:02 1048667                    /lib/x86_64-linux-gnu/libnsl-2.26.so
7f2013386000-7f2013387000 rw-p 00017000 08:02 1048667                    /lib/x86_64-linux-gnu/libnsl-2.26.so
7f2013387000-7f2013389000 rw-p 00000000 00:00 0 
7f2013389000-7f2013391000 r-xp 00000000 08:02 1048668                    /lib/x86_64-linux-gnu/libnss_compat-2.26.so
7f2013391000-7f2013590000 ---p 00008000 08:02 1048668                    /lib/x86_64-linux-gnu/libnss_compat-2.26.so
7f2013590000-7f2013591000 r--p 00007000 08:02 1048668                    /lib/x86_64-linux-gnu/libnss_compat-2.26.so
7f2013591000-7f2013592000 rw-p 00008000 08:02 1048668                    /lib/x86_64-linux-gnu/libnss_compat-2.26.so
7f2013592000-7f20135bd000 r-xp 00000000 08:02 6829723                    /usr/lib/jvm/java-8-oracle/jre/lib/amd64/libjava.so
7f20135bd000-7f20137bc000 ---p 0002b000 08:02 6829723                    /usr/lib/jvm/java-8-oracle/jre/lib/amd64/libjava.so
7f20137bc000-7f20137be000 rw-p 0002a000 08:02 6829723                    /usr/lib/jvm/java-8-oracle/jre/lib/amd64/libjava.so
7f20137be000-7f20137cb000 r-xp 00000000 08:02 6829728                    /usr/lib/jvm/java-8-oracle/jre/lib/amd64/libverify.so
7f20137cb000-7f20139cb000 ---p 0000d000 08:02 6829728                    /usr/lib/jvm/java-8-oracle/jre/lib/amd64/libverify.so
7f20139cb000-7f20139cd000 rw-p 0000d000 08:02 6829728                    /usr/lib/jvm/java-8-oracle/jre/lib/amd64/libverify.so
7f20139cd000-7f20139d4000 r-xp 00000000 08:02 1053128                    /lib/x86_64-linux-gnu/librt-2.26.so
7f20139d4000-7f2013bd3000 ---p 00007000 08:02 1053128                    /lib/x86_64-linux-gnu/librt-2.26.so
7f2013bd3000-7f2013bd4000 r--p 00006000 08:02 1053128                    /lib/x86_64-linux-gnu/librt-2.26.so
7f2013bd4000-7f2013bd5000 rw-p 00007000 08:02 1053128                    /lib/x86_64-linux-gnu/librt-2.26.so
7f2013bd5000-7f2013d2a000 r-xp 00000000 08:02 1048664                    /lib/x86_64-linux-gnu/libm-2.26.so
7f2013d2a000-7f2013f29000 ---p 00155000 08:02 1048664                    /lib/x86_64-linux-gnu/libm-2.26.so
7f2013f29000-7f2013f2a000 r--p 00154000 08:02 1048664                    /lib/x86_64-linux-gnu/libm-2.26.so
7f2013f2a000-7f2013f2b000 rw-p 00155000 08:02 1048664                    /lib/x86_64-linux-gnu/libm-2.26.so
7f2013f2b000-7f2014c04000 r-xp 00000000 08:02 6829706                    /usr/lib/jvm/java-8-oracle/jre/lib/amd64/server/libjvm.so
7f2014c04000-7f2014e03000 ---p 00cd9000 08:02 6829706                    /usr/lib/jvm/java-8-oracle/jre/lib/amd64/server/libjvm.so
7f2014e03000-7f2014edc000 rw-p 00cd8000 08:02 6829706                    /usr/lib/jvm/java-8-oracle/jre/lib/amd64/server/libjvm.so
7f2014edc000-7f2014f28000 rw-p 00000000 00:00 0 
7f2014f28000-7f20150fe000 r-xp 00000000 08:02 1048660                    /lib/x86_64-linux-gnu/libc-2.26.so
7f20150fe000-7f20152fe000 ---p 001d6000 08:02 1048660                    /lib/x86_64-linux-gnu/libc-2.26.so
7f20152fe000-7f2015302000 r--p 001d6000 08:02 1048660                    /lib/x86_64-linux-gnu/libc-2.26.so
7f2015302000-7f2015304000 rw-p 001da000 08:02 1048660                    /lib/x86_64-linux-gnu/libc-2.26.so
7f2015304000-7f2015308000 rw-p 00000000 00:00 0 
7f2015308000-7f201530b000 r-xp 00000000 08:02 1048663                    /lib/x86_64-linux-gnu/libdl-2.26.so
7f201530b000-7f201550a000 ---p 00003000 08:02 1048663                    /lib/x86_64-linux-gnu/libdl-2.26.so
7f201550a000-7f201550b000 r--p 00002000 08:02 1048663                    /lib/x86_64-linux-gnu/libdl-2.26.so
7f201550b000-7f201550c000 rw-p 00003000 08:02 1048663                    /lib/x86_64-linux-gnu/libdl-2.26.so
7f201550c000-7f2015522000 r-xp 00000000 08:02 7080220                    /usr/lib/jvm/java-8-oracle/lib/amd64/jli/libjli.so
7f2015522000-7f2015721000 ---p 00016000 08:02 7080220                    /usr/lib/jvm/java-8-oracle/lib/amd64/jli/libjli.so
7f2015721000-7f2015722000 rw-p 00015000 08:02 7080220                    /usr/lib/jvm/java-8-oracle/lib/amd64/jli/libjli.so
7f2015722000-7f201573c000 r-xp 00000000 08:02 1053063                    /lib/x86_64-linux-gnu/libpthread-2.26.so
7f201573c000-7f201593b000 ---p 0001a000 08:02 1053063                    /lib/x86_64-linux-gnu/libpthread-2.26.so
7f201593b000-7f201593c000 r--p 00019000 08:02 1053063                    /lib/x86_64-linux-gnu/libpthread-2.26.so
7f201593c000-7f201593d000 rw-p 0001a000 08:02 1053063                    /lib/x86_64-linux-gnu/libpthread-2.26.so
7f201593d000-7f2015941000 rw-p 00000000 00:00 0 
7f2015941000-7f2015968000 r-xp 00000000 08:02 1048592                    /lib/x86_64-linux-gnu/ld-2.26.so
7f2015968000-7f2015969000 r--s 00000000 08:02 2359547                    /var/cache/fontconfig/49f0de54bdd920fe4f0dfd4cbac43e6b-le64.cache-6
7f2015969000-7f201596a000 r--s 00000000 08:02 2359593                    /var/cache/fontconfig/f6e6e0a5c3d2f6ae0c0c2e0ecd42a997-le64.cache-6
7f201596a000-7f201596b000 r--s 00000000 08:02 2359548                    /var/cache/fontconfig/4b2eda6bb976bda485cb2176619421d5-le64.cache-6
7f201596b000-7f201596c000 r--s 00008000 08:02 1316956                    /home/panns/.p2/pool/plugins/org.eclipse.fx.ide.css.jfx8_3.0.0.201705220750.jar
7f201596c000-7f201596d000 rw-s 00000000 00:05 121755                     /drm mm object (deleted)
7f201596e000-7f2015973000 r--s 00084000 08:02 6829436                    /usr/lib/jvm/java-8-oracle/jre/lib/jfr.jar
7f2015973000-7f2015a4b000 rw-p 00000000 00:00 0 
7f2015a4b000-7f2015a4e000 ---p 00000000 00:00 0 
7f2015a4e000-7f2015b50000 rw-p 00000000 00:00 0 
7f2015b50000-7f2015b51000 rw-s 00000000 00:05 123279                     /drm mm object (deleted)
7f2015b51000-7f2015b56000 r--s 002f9000 08:02 6829517                    /usr/lib/jvm/java-8-oracle/jre/lib/charsets.jar
7f2015b56000-7f2015b59000 r--s 0001a000 08:02 6829749                    /usr/lib/jvm/java-8-oracle/jre/lib/jce.jar
7f2015b59000-7f2015b5e000 r--s 0009d000 08:02 6829576                    /usr/lib/jvm/java-8-oracle/jre/lib/jsse.jar
7f2015b5e000-7f2015b66000 rw-s 00000000 08:02 6029446                    /tmp/hsperfdata_panns/8336
7f2015b66000-7f2015b67000 rw-p 00000000 00:00 0 
7f2015b67000-7f2015b68000 ---p 00000000 00:00 0 
7f2015b68000-7f2015b69000 r--p 00027000 08:02 1048592                    /lib/x86_64-linux-gnu/ld-2.26.so
7f2015b69000-7f2015b6a000 rw-p 00028000 08:02 1048592                    /lib/x86_64-linux-gnu/ld-2.26.so
7f2015b6a000-7f2015b6b000 rw-p 00000000 00:00 0 
7ffc02a8d000-7ffc02aae000 rw-p 00000000 00:00 0                          [stack]
7ffc02b8f000-7ffc02b92000 r--p 00000000 00:00 0                          [vvar]
7ffc02b92000-7ffc02b94000 r-xp 00000000 00:00 0                          [vdso]
ffffffffff600000-ffffffffff601000 r-xp 00000000 00:00 0                  [vsyscall]

VM Arguments:
jvm_args: -Dfile.encoding=UTF-8 
java_command: brokerlite.Main
java_class_path (initial): /usr/lib/jvm/java-8-oracle/jre/lib/resources.jar:/usr/lib/jvm/java-8-oracle/jre/lib/rt.jar:/usr/lib/jvm/java-8-oracle/jre/lib/jsse.jar:/usr/lib/jvm/java-8-oracle/jre/lib/jce.jar:/usr/lib/jvm/java-8-oracle/jre/lib/charsets.jar:/usr/lib/jvm/java-8-oracle/jre/lib/jfr.jar:/usr/lib/jvm/java-8-oracle/jre/lib/ext/nashorn.jar:/usr/lib/jvm/java-8-oracle/jre/lib/ext/sunjce_provider.jar:/usr/lib/jvm/java-8-oracle/jre/lib/ext/sunec.jar:/usr/lib/jvm/java-8-oracle/jre/lib/ext/localedata.jar:/usr/lib/jvm/java-8-oracle/jre/lib/ext/sunpkcs11.jar:/usr/lib/jvm/java-8-oracle/jre/lib/ext/dnsns.jar:/usr/lib/jvm/java-8-oracle/jre/lib/ext/jfxrt.jar:/usr/lib/jvm/java-8-oracle/jre/lib/ext/zipfs.jar:/usr/lib/jvm/java-8-oracle/jre/lib/ext/jaccess.jar:/usr/lib/jvm/java-8-oracle/jre/lib/ext/cldrdata.jar:/home/panns/git/Broker-Lite/bin:/home/panns/.p2/pool/plugins/org.eclipse.fx.ide.css.jfx8_3.0.0.201705220750.jar:/home/panns/git/Broker-Lite/lib/sqlite-jdbc-3.21.0.jar:/home/panns/git/Broker-Lite/lib/jersey-bundle-1.18.jar
Launcher Type: SUN_STANDARD

Environment Variables:
PATH=/home/panns/.cargo/bin:/usr/local/sbin:/usr/local/bin:/usr/sbin:/usr/bin:/sbin:/bin:/usr/games:/usr/local/games
USERNAME=panns
SHELL=/usr/bin/zsh
DISPLAY=:0

Signal Handlers:
SIGSEGV: [libjvm.so+0xad01e0], sa_mask[0]=11111111011111111101111111111110, sa_flags=SA_RESTART|SA_SIGINFO
SIGBUS: [libjvm.so+0xad01e0], sa_mask[0]=11111111011111111101111111111110, sa_flags=SA_RESTART|SA_SIGINFO
SIGFPE: [libjvm.so+0x927fb0], sa_mask[0]=11111111011111111101111111111110, sa_flags=SA_RESTART|SA_SIGINFO
SIGPIPE: SIG_IGN, sa_mask[0]=00000000000010000000000000000000, sa_flags=SA_RESTART
SIGXFSZ: [libjvm.so+0x927fb0], sa_mask[0]=11111111011111111101111111111110, sa_flags=SA_RESTART|SA_SIGINFO
SIGILL: [libjvm.so+0x927fb0], sa_mask[0]=11111111011111111101111111111110, sa_flags=SA_RESTART|SA_SIGINFO
SIGUSR1: SIG_DFL, sa_mask[0]=00000000000000000000000000000000, sa_flags=none
SIGUSR2: [libjvm.so+0x9297f0], sa_mask[0]=00100000000000000000000000000000, sa_flags=SA_RESTART|SA_SIGINFO
SIGHUP: [libjvm.so+0x92abf0], sa_mask[0]=11111111011111111101111111111110, sa_flags=SA_RESTART|SA_SIGINFO
SIGINT: [libjvm.so+0x92abf0], sa_mask[0]=11111111011111111101111111111110, sa_flags=SA_RESTART|SA_SIGINFO
SIGTERM: [libjvm.so+0x92abf0], sa_mask[0]=11111111011111111101111111111110, sa_flags=SA_RESTART|SA_SIGINFO
SIGQUIT: [libjvm.so+0x92abf0], sa_mask[0]=11111111011111111101111111111110, sa_flags=SA_RESTART|SA_SIGINFO


---------------  S Y S T E M  ---------------

OS:DISTRIB_ID=Ubuntu
DISTRIB_RELEASE=17.10
DISTRIB_CODENAME=artful
DISTRIB_DESCRIPTION="Ubuntu 17.10"

uname:Linux 4.13.0-38-generic #43-Ubuntu SMP Wed Mar 14 15:20:44 UTC 2018 x86_64
libc:glibc 2.26 NPTL 2.26 
rlimit: STACK 8192k, CORE 0k, NPROC 13959, NOFILE 1048576, AS infinity
load average:5.63 2.53 1.52

/proc/meminfo:
MemTotal:        3884676 kB
MemFree:          120692 kB
MemAvailable:     471920 kB
Buffers:           17168 kB
Cached:           739320 kB
SwapCached:        33072 kB
Active:          2539788 kB
Inactive:        1015740 kB
Active(anon):    2321600 kB
Inactive(anon):   693504 kB
Active(file):     218188 kB
Inactive(file):   322236 kB
Unevictable:          32 kB
Mlocked:              32 kB
SwapTotal:       2097148 kB
SwapFree:        2016508 kB
Dirty:              1780 kB
Writeback:             0 kB
AnonPages:       2766180 kB
Mapped:           374988 kB
Shmem:            406372 kB
Slab:              85648 kB
SReclaimable:      38608 kB
SUnreclaim:        47040 kB
KernelStack:       14128 kB
PageTables:        58992 kB
NFS_Unstable:          0 kB
Bounce:                0 kB
WritebackTmp:          0 kB
CommitLimit:     4039484 kB
Committed_AS:    8754040 kB
VmallocTotal:   34359738367 kB
VmallocUsed:           0 kB
VmallocChunk:          0 kB
HardwareCorrupted:     0 kB
AnonHugePages:         0 kB
ShmemHugePages:        0 kB
ShmemPmdMapped:        0 kB
CmaTotal:              0 kB
CmaFree:               0 kB
HugePages_Total:       0
HugePages_Free:        0
HugePages_Rsvd:        0
HugePages_Surp:        0
Hugepagesize:       2048 kB
DirectMap4k:      129912 kB
DirectMap2M:     3909632 kB
DirectMap1G:           0 kB


CPU:total 4 (initial active 4) (2 cores per cpu, 2 threads per core) family 6 model 78 stepping 3, cmov, cx8, fxsr, mmx, sse, sse2, sse3, ssse3, sse4.1, sse4.2, popcnt, avx, avx2, aes, clmul, erms, 3dnowpref, lzcnt, ht, tsc, tscinvbit, bmi1, bmi2, adx

/proc/cpuinfo:
processor	: 0
vendor_id	: GenuineIntel
cpu family	: 6
model		: 78
model name	: Intel(R) Core(TM) i5-6200U CPU @ 2.30GHz
stepping	: 3
microcode	: 0xc2
cpu MHz		: 2648.373
cache size	: 3072 KB
physical id	: 0
siblings	: 4
core id		: 0
cpu cores	: 2
apicid		: 0
initial apicid	: 0
fpu		: yes
fpu_exception	: yes
cpuid level	: 22
wp		: yes
flags		: fpu vme de pse tsc msr pae mce cx8 apic sep mtrr pge mca cmov pat pse36 clflush dts acpi mmx fxsr sse sse2 ss ht tm pbe syscall nx pdpe1gb rdtscp lm constant_tsc art arch_perfmon pebs bts rep_good nopl xtopology nonstop_tsc cpuid aperfmperf tsc_known_freq pni pclmulqdq dtes64 monitor ds_cpl vmx est tm2 ssse3 sdbg fma cx16 xtpr pdcm pcid sse4_1 sse4_2 x2apic movbe popcnt tsc_deadline_timer aes xsave avx f16c rdrand lahf_lm abm 3dnowprefetch cpuid_fault epb invpcid_single pti retpoline intel_pt rsb_ctxsw spec_ctrl tpr_shadow vnmi flexpriority ept vpid fsgsbase tsc_adjust bmi1 avx2 smep bmi2 erms invpcid mpx rdseed adx smap clflushopt xsaveopt xsavec xgetbv1 xsaves dtherm ida arat pln pts hwp hwp_notify hwp_act_window hwp_epp
bugs		: cpu_meltdown spectre_v1 spectre_v2
bogomips	: 4800.00
clflush size	: 64
cache_alignment	: 64
address sizes	: 39 bits physical, 48 bits virtual
power management:

processor	: 1
vendor_id	: GenuineIntel
cpu family	: 6
model		: 78
model name	: Intel(R) Core(TM) i5-6200U CPU @ 2.30GHz
stepping	: 3
microcode	: 0xc2
cpu MHz		: 2441.517
cache size	: 3072 KB
physical id	: 0
siblings	: 4
core id		: 1
cpu cores	: 2
apicid		: 2
initial apicid	: 2
fpu		: yes
fpu_exception	: yes
cpuid level	: 22
wp		: yes
flags		: fpu vme de pse tsc msr pae mce cx8 apic sep mtrr pge mca cmov pat pse36 clflush dts acpi mmx fxsr sse sse2 ss ht tm pbe syscall nx pdpe1gb rdtscp lm constant_tsc art arch_perfmon pebs bts rep_good nopl xtopology nonstop_tsc cpuid aperfmperf tsc_known_freq pni pclmulqdq dtes64 monitor ds_cpl vmx est tm2 ssse3 sdbg fma cx16 xtpr pdcm pcid sse4_1 sse4_2 x2apic movbe popcnt tsc_deadline_timer aes xsave avx f16c rdrand lahf_lm abm 3dnowprefetch cpuid_fault epb invpcid_single pti retpoline intel_pt rsb_ctxsw spec_ctrl tpr_shadow vnmi flexpriority ept vpid fsgsbase tsc_adjust bmi1 avx2 smep bmi2 erms invpcid mpx rdseed adx smap clflushopt xsaveopt xsavec xgetbv1 xsaves dtherm ida arat pln pts hwp hwp_notify hwp_act_window hwp_epp
bugs		: cpu_meltdown spectre_v1 spectre_v2
bogomips	: 4800.00
clflush size	: 64
cache_alignment	: 64
address sizes	: 39 bits physical, 48 bits virtual
power management:

processor	: 2
vendor_id	: GenuineIntel
cpu family	: 6
model		: 78
model name	: Intel(R) Core(TM) i5-6200U CPU @ 2.30GHz
stepping	: 3
microcode	: 0xc2
cpu MHz		: 2698.699
cache size	: 3072 KB
physical id	: 0
siblings	: 4
core id		: 0
cpu cores	: 2
apicid		: 1
initial apicid	: 1
fpu		: yes
fpu_exception	: yes
cpuid level	: 22
wp		: yes
flags		: fpu vme de pse tsc msr pae mce cx8 apic sep mtrr pge mca cmov pat pse36 clflush dts acpi mmx fxsr sse sse2 ss ht tm pbe syscall nx pdpe1gb rdtscp lm constant_tsc art arch_perfmon pebs bts rep_good nopl xtopology nonstop_tsc cpuid aperfmperf tsc_known_freq pni pclmulqdq dtes64 monitor ds_cpl vmx est tm2 ssse3 sdbg fma cx16 xtpr pdcm pcid sse4_1 sse4_2 x2apic movbe popcnt tsc_deadline_timer aes xsave avx f16c rdrand lahf_lm abm 3dnowprefetch cpuid_fault epb invpcid_single pti retpoline intel_pt rsb_ctxsw spec_ctrl tpr_shadow vnmi flexpriority ept vpid fsgsbase tsc_adjust bmi1 avx2 smep bmi2 erms invpcid mpx rdseed adx smap clflushopt xsaveopt xsavec xgetbv1 xsaves dtherm ida arat pln pts hwp hwp_notify hwp_act_window hwp_epp
bugs		: cpu_meltdown spectre_v1 spectre_v2
bogomips	: 4800.00
clflush size	: 64
cache_alignment	: 64
address sizes	: 39 bits physical, 48 bits virtual
power management:

processor	: 3
vendor_id	: GenuineIntel
cpu family	: 6
model		: 78
model name	: Intel(R) Core(TM) i5-6200U CPU @ 2.30GHz
stepping	: 3
microcode	: 0xc2
cpu MHz		: 2697.814
cache size	: 3072 KB
physical id	: 0
siblings	: 4
core id		: 1
cpu cores	: 2
apicid		: 3
initial apicid	: 3
fpu		: yes
fpu_exception	: yes
cpuid level	: 22
wp		: yes
flags		: fpu vme de pse tsc msr pae mce cx8 apic sep mtrr pge mca cmov pat pse36 clflush dts acpi mmx fxsr sse sse2 ss ht tm pbe syscall nx pdpe1gb rdtscp lm constant_tsc art arch_perfmon pebs bts rep_good nopl xtopology nonstop_tsc cpuid aperfmperf tsc_known_freq pni pclmulqdq dtes64 monitor ds_cpl vmx est tm2 ssse3 sdbg fma cx16 xtpr pdcm pcid sse4_1 sse4_2 x2apic movbe popcnt tsc_deadline_timer aes xsave avx f16c rdrand lahf_lm abm 3dnowprefetch cpuid_fault epb invpcid_single pti retpoline intel_pt rsb_ctxsw spec_ctrl tpr_shadow vnmi flexpriority ept vpid fsgsbase tsc_adjust bmi1 avx2 smep bmi2 erms invpcid mpx rdseed adx smap clflushopt xsaveopt xsavec xgetbv1 xsaves dtherm ida arat pln pts hwp hwp_notify hwp_act_window hwp_epp
bugs		: cpu_meltdown spectre_v1 spectre_v2
bogomips	: 4800.00
clflush size	: 64
cache_alignment	: 64
address sizes	: 39 bits physical, 48 bits virtual
power management:



Memory: 4k page, physical 3884676k(120072k free), swap 2097148k(2016508k free)

vm_info: Java HotSpot(TM) 64-Bit Server VM (25.161-b12) for linux-amd64 JRE (1.8.0_161-b12), built on Dec 19 2017 16:12:43 by "java_re" with gcc 4.3.0 20080428 (Red Hat 4.3.0-8)

time: Tue Apr 17 21:16:58 2018
elapsed time: 5 seconds (0d 0h 0m 5s)

