#
# A fatal error has been detected by the Java Runtime Environment:
#
#  SIGSEGV (0xb) at pc=0x00007f75f1c1a788, pid=2859, tid=0x00007f75946bc700
#
# JRE version: Java(TM) SE Runtime Environment (8.0_161-b12) (build 1.8.0_161-b12)
# Java VM: Java HotSpot(TM) 64-Bit Server VM (25.161-b12 mixed mode linux-amd64 compressed oops)
# Problematic frame:
# V  [libjvm.so+0x6d7788]  jni_invoke_nonstatic(JNIEnv_*, JavaValue*, _jobject*, JNICallType, _jmethodID*, JNI_ArgumentPusher*, Thread*)+0x38
#
# Failed to write core dump. Core dumps have been disabled. To enable core dumping, try "ulimit -c unlimited" before starting Java again
#
# If you would like to submit a bug report, please visit:
#   http://bugreport.java.com/bugreport/crash.jsp
#

---------------  T H R E A D  ---------------

Current thread (0x00007f75ec27c000):  JavaThread "JavaFX Application Thread" [_thread_in_vm, id=2881, stack(0x00007f75945bc000,0x00007f75946bd000)]

siginfo: si_signo: 11 (SIGSEGV), si_code: 128 (SI_KERNEL), si_addr: 0x0000000000000000

Registers:
RAX=0x00007f75946bb270, RBX=0x00007f75946bb180, RCX=0x0000000000000001, RDX=0x78666176616a4c28
RSP=0x00007f75946bafd0, RBP=0x00007f75946bb150, RSI=0x00007f75946bb1e0, RDI=0x00007f75ec27c1f8
R8 =0x00007f75ec1d2148, R9 =0x00007f75946bb180, R10=0x00007f7588000d10, R11=0x00007f75dd4878a0
R12=0x00007f75ec27c000, R13=0x00007f75ec1d2148, R14=0x0000000000000001, R15=0x00007f75ec27c1f8
RIP=0x00007f75f1c1a788, EFLAGS=0x0000000000010206, CSGSFS=0x002b000000000033, ERR=0x0000000000000000
  TRAPNO=0x000000000000000d

Top of Stack: (sp=0x00007f75946bafd0)
0x00007f75946bafd0:   00007f75946bb6d0 00007f75946bb2f0
0x00007f75946bafe0:   00007f75946bb030 00007f75946bb0b0
0x00007f75946baff0:   00007f75946bb180 00007f75946bb1e0
0x00007f75946bb000:   00007f75ec27c1f8 00007f75f1c3a290
0x00007f75946bb010:   00007f75b00136b0 00007f75b00136c0
0x00007f75946bb020:   00007f75b0013a98 00000000000003d8
0x00007f75946bb030:   0000000000000000 00000000ed5104c8
0x00007f75946bb040:   00007f750000006f 00007f750000000a
0x00007f75946bb050:   00000000ecce13f0 0000000000000000
0x00007f75946bb060:   0000000000000000 0000000000000000
0x00007f75946bb070:   00007f75da3bfc30 0000000100000100
0x00007f75946bb080:   0000000000000000 00007f75946bb038
0x00007f75946bb090:   00007f75946bb079 0000000800000005
0x00007f75946bb0a0:   00007f75946bb000 00007f75ec27c710
0x00007f75946bb0b0:   00007f75f24ade70 00007f75f2fd3720
0x00007f75946bb0c0:   00000000ec27c690 00007f75ec27c000
0x00007f75946bb0d0:   0000000000000000 00007f75f1c1ab5b
0x00007f75946bb0e0:   00007f75da3c9e90 00007f75ec27c000
0x00007f75946bb0f0:   00007f75da3c9e90 00007f75ec27c000
0x00007f75946bb100:   00007f75946bb290 00007f75da3c9e90
0x00007f75946bb110:   00007f75da3c9e90 00007f75da3c9e90
0x00007f75946bb120:   00007f75b00136b0 00007f75946bb180
0x00007f75946bb130:   00007f75ec27c000 00007f75946bb1c0
0x00007f75946bb140:   00007f75ec1d2148 00007f75ec27c1f8
0x00007f75946bb150:   00007f75946bb240 00007f75f1c1ef2f
0x00007f75946bb160:   00007f75ec27c000 00007f75a348f4d4
0x00007f75946bb170:   00007f75946bb258 78666176616a4c28
0x00007f75946bb180:   00007f75f24aeaf0 00007f75f2fd3720
0x00007f75946bb190:   0000000000000000 00007f7500000063
0x00007f75946bb1a0:   0000000000000000 0000003000000018
0x00007f75946bb1b0:   00007f75946bb330 00007f75946bb270
0x00007f75946bb1c0:   00007f75ec27c000 0000000000000000 

Instructions: (pc=0x00007f75f1c1a788)
0x00007f75f1c1a768:   00 00 48 85 d2 48 89 bd b0 fe ff ff 48 89 b5 a8
0x00007f75f1c1a778:   fe ff ff 4c 89 8d a0 fe ff ff 0f 84 78 09 00 00
0x00007f75f1c1a788:   4c 8b 22 4d 85 e4 0f 84 6c 09 00 00 48 8b 45 10
0x00007f75f1c1a798:   48 8b 98 38 01 00 00 48 83 7b 18 f7 0f 87 16 07 

Register to memory mapping:

RAX=0x00007f75946bb270 is pointing into the stack for thread: 0x00007f75ec27c000
RBX=0x00007f75946bb180 is pointing into the stack for thread: 0x00007f75ec27c000
RCX=0x0000000000000001 is an unknown value
RDX=0x78666176616a4c28 is an unknown value
RSP=0x00007f75946bafd0 is pointing into the stack for thread: 0x00007f75ec27c000
RBP=0x00007f75946bb150 is pointing into the stack for thread: 0x00007f75ec27c000
RSI=0x00007f75946bb1e0 is pointing into the stack for thread: 0x00007f75ec27c000
RDI=0x00007f75ec27c1f8 is an unknown value
R8 =0x00007f75ec1d2148 is an unknown value
R9 =0x00007f75946bb180 is pointing into the stack for thread: 0x00007f75ec27c000
R10=0x00007f7588000d10 is an unknown value
R11=0x00007f75dd4878a0 is at entry_point+32 in (nmethod*)0x00007f75dd487710
R12=0x00007f75ec27c000 is a thread
R13=0x00007f75ec1d2148 is an unknown value
R14=0x0000000000000001 is an unknown value
R15=0x00007f75ec27c1f8 is an unknown value


Stack: [0x00007f75945bc000,0x00007f75946bd000],  sp=0x00007f75946bafd0,  free space=1019k
Native frames: (J=compiled Java code, j=interpreted, Vv=VM code, C=native code)
V  [libjvm.so+0x6d7788]  jni_invoke_nonstatic(JNIEnv_*, JavaValue*, _jobject*, JNICallType, _jmethodID*, JNI_ArgumentPusher*, Thread*)+0x38
V  [libjvm.so+0x6dbf2f]  jni_CallVoidMethodV+0x10f
C  [libglass.so+0x18641]  JNIEnv_::CallVoidMethod(_jobject*, _jmethodID*, ...)+0x81
C  [libglass.so+0x14f0f]  WindowContextBase::process_key(_GdkEventKey*)+0x20f
C  [libglass.so+0x19f60]  WindowContextBase::im_filter_keypress(_GdkEventKey*)+0x1c0
C  [libglass.so+0x1a91c]  process_events(_GdkEvent*, void*)+0x22c
C  [libgdk-x11-2.0.so.0+0x5af0c]

Java frames: (J=compiled Java code, j=interpreted, Vv=VM code)
j  com.sun.glass.ui.gtk.GtkApplication._runLoop(Ljava/lang/Runnable;Z)V+0
j  com.sun.glass.ui.gtk.GtkApplication.lambda$null$48(Ljava/lang/Runnable;Z)V+7
j  com.sun.glass.ui.gtk.GtkApplication$$Lambda$41.run()V+12
j  java.lang.Thread.run()V+11
v  ~StubRoutines::call_stub

---------------  P R O C E S S  ---------------

Java Threads: ( => current thread )
  0x00007f75884ab000 JavaThread "Thread-3" daemon [_thread_blocked, id=2884, stack(0x00007f758603a000,0x00007f758613b000)]
  0x00007f7588112000 JavaThread "Prism Font Disposer" daemon [_thread_blocked, id=2883, stack(0x00007f7586fe5000,0x00007f75870e6000)]
  0x00007f75ec27f000 JavaThread "JavaFX-Launcher" [_thread_blocked, id=2882, stack(0x00007f75944bb000,0x00007f75945bc000)]
=>0x00007f75ec27c000 JavaThread "JavaFX Application Thread" [_thread_in_vm, id=2881, stack(0x00007f75945bc000,0x00007f75946bd000)]
  0x00007f75ec279000 JavaThread "Thread-1" daemon [_thread_blocked, id=2880, stack(0x00007f75946bd000,0x00007f75947be000)]
  0x00007f75ec1b6800 JavaThread "QuantumRenderer-0" daemon [_thread_blocked, id=2879, stack(0x00007f75a3eff000,0x00007f75a4000000)]
  0x00007f75ec0c2000 JavaThread "Service Thread" daemon [_thread_blocked, id=2876, stack(0x00007f75d81e1000,0x00007f75d82e2000)]
  0x00007f75ec0bf000 JavaThread "C1 CompilerThread2" daemon [_thread_blocked, id=2875, stack(0x00007f75d82e2000,0x00007f75d83e3000)]
  0x00007f75ec0bd800 JavaThread "C2 CompilerThread1" daemon [_thread_blocked, id=2874, stack(0x00007f75d83e3000,0x00007f75d84e4000)]
  0x00007f75ec0ba800 JavaThread "C2 CompilerThread0" daemon [_thread_blocked, id=2873, stack(0x00007f75d84e4000,0x00007f75d85e5000)]
  0x00007f75ec0b9000 JavaThread "Signal Dispatcher" daemon [_thread_blocked, id=2872, stack(0x00007f75d85e5000,0x00007f75d86e6000)]
  0x00007f75ec085800 JavaThread "Finalizer" daemon [_thread_blocked, id=2871, stack(0x00007f75d89c2000,0x00007f75d8ac3000)]
  0x00007f75ec081000 JavaThread "Reference Handler" daemon [_thread_blocked, id=2870, stack(0x00007f75d8ac3000,0x00007f75d8bc4000)]
  0x00007f75ec00b800 JavaThread "main" [_thread_blocked, id=2861, stack(0x00007f75f3063000,0x00007f75f3164000)]

Other Threads:
  0x00007f75ec079800 VMThread [stack: 0x00007f75d8bc4000,0x00007f75d8cc5000] [id=2869]
  0x00007f75ec0c7000 WatcherThread [stack: 0x00007f75d80e0000,0x00007f75d81e1000] [id=2877]

VM state:synchronizing (normal execution)

VM Mutex/Monitor currently owned by a thread:  ([mutex/lock_event])
[0x00007f75ec007ef0] Threads_lock - owner thread: 0x00007f75ec079800

Heap:
 PSYoungGen      total 17920K, used 5003K [0x00000000ec380000, 0x00000000ed780000, 0x0000000100000000)
  eden space 15360K, 16% used [0x00000000ec380000,0x00000000ec5e6bd8,0x00000000ed280000)
  from space 2560K, 99% used [0x00000000ed280000,0x00000000ed4fc030,0x00000000ed500000)
  to   space 2560K, 0% used [0x00000000ed500000,0x00000000ed500000,0x00000000ed780000)
 ParOldGen       total 40960K, used 7359K [0x00000000c4a00000, 0x00000000c7200000, 0x00000000ec380000)
  object space 40960K, 17% used [0x00000000c4a00000,0x00000000c512ffe0,0x00000000c7200000)
 Metaspace       used 19100K, capacity 20118K, committed 20224K, reserved 1067008K
  class space    used 2787K, capacity 3018K, committed 3072K, reserved 1048576K

Card table byte_map: [0x00007f75dca64000,0x00007f75dcc40000] byte_map_base: 0x00007f75dc43f000

Marking Bits: (ParMarkBitMap*) 0x00007f75f2512920
 Begin Bits: [0x00007f75da8b0000, 0x00007f75db788000)
 End Bits:   [0x00007f75db788000, 0x00007f75dc660000)

Polling page: 0x00007f75f317f000

CodeCache: size=245760Kb used=6008Kb max_used=6019Kb free=239751Kb
 bounds [0x00007f75dd000000, 0x00007f75dd5f0000, 0x00007f75ec000000]
 total_blobs=2640 nmethods=1981 adapters=571
 compilation: enabled

Compilation events (10 events):
Event: 4.925 Thread 0x00007f75ec0bf000 1981       3       java.util.HashSet::remove (20 bytes)
Event: 4.926 Thread 0x00007f75ec0bf000 nmethod 1981 0x00007f75dd5dc590 code [0x00007f75dd5dc740, 0x00007f75dd5dcc98]
Event: 4.926 Thread 0x00007f75ec0ba800 nmethod 1799 0x00007f75dd5dce90 code [0x00007f75dd5dd8a0, 0x00007f75dd5e1a30]
Event: 4.926 Thread 0x00007f75ec0ba800 1982       4       com.sun.javafx.css.SimpleSelector::applies (54 bytes)
Event: 4.927 Thread 0x00007f75ec0bf000 1983       3       javafx.scene.CssStyleHelper$CacheContainer::<init> (236 bytes)
Event: 4.929 Thread 0x00007f75ec0bf000 nmethod 1983 0x00007f75dd5d25d0 code [0x00007f75dd5d2860, 0x00007f75dd5d3c88]
Event: 4.929 Thread 0x00007f75ec0bf000 1985       3       com.sun.javafx.tk.quantum.QuantumToolkit::requestNextPulse (9 bytes)
Event: 4.929 Thread 0x00007f75ec0bf000 nmethod 1985 0x00007f75dd5d7f90 code [0x00007f75dd5d8100, 0x00007f75dd5d8370]
Event: 4.929 Thread 0x00007f75ec0bf000 1984       1       com.sun.javafx.css.StyleMap::getId (5 bytes)
Event: 4.929 Thread 0x00007f75ec0bf000 nmethod 1984 0x00007f75dd5ccd10 code [0x00007f75dd5cce60, 0x00007f75dd5ccf70]

GC Heap History (6 events):
Event: 0.621 GC heap before
{Heap before GC invocations=1 (full 0):
 PSYoungGen      total 17920K, used 15360K [0x00000000ec380000, 0x00000000ed780000, 0x0000000100000000)
  eden space 15360K, 100% used [0x00000000ec380000,0x00000000ed280000,0x00000000ed280000)
  from space 2560K, 0% used [0x00000000ed500000,0x00000000ed500000,0x00000000ed780000)
  to   space 2560K, 0% used [0x00000000ed280000,0x00000000ed280000,0x00000000ed500000)
 ParOldGen       total 40960K, used 0K [0x00000000c4a00000, 0x00000000c7200000, 0x00000000ec380000)
  object space 40960K, 0% used [0x00000000c4a00000,0x00000000c4a00000,0x00000000c7200000)
 Metaspace       used 10531K, capacity 10906K, committed 11136K, reserved 1058816K
  class space    used 1290K, capacity 1399K, committed 1408K, reserved 1048576K
Event: 0.626 GC heap after
Heap after GC invocations=1 (full 0):
 PSYoungGen      total 17920K, used 2533K [0x00000000ec380000, 0x00000000ed780000, 0x0000000100000000)
  eden space 15360K, 0% used [0x00000000ec380000,0x00000000ec380000,0x00000000ed280000)
  from space 2560K, 98% used [0x00000000ed280000,0x00000000ed4f96e8,0x00000000ed500000)
  to   space 2560K, 0% used [0x00000000ed500000,0x00000000ed500000,0x00000000ed780000)
 ParOldGen       total 40960K, used 278K [0x00000000c4a00000, 0x00000000c7200000, 0x00000000ec380000)
  object space 40960K, 0% used [0x00000000c4a00000,0x00000000c4a459d8,0x00000000c7200000)
 Metaspace       used 10531K, capacity 10906K, committed 11136K, reserved 1058816K
  class space    used 1290K, capacity 1399K, committed 1408K, reserved 1048576K
}
Event: 0.968 GC heap before
{Heap before GC invocations=2 (full 0):
 PSYoungGen      total 17920K, used 17893K [0x00000000ec380000, 0x00000000ed780000, 0x0000000100000000)
  eden space 15360K, 100% used [0x00000000ec380000,0x00000000ed280000,0x00000000ed280000)
  from space 2560K, 98% used [0x00000000ed280000,0x00000000ed4f96e8,0x00000000ed500000)
  to   space 2560K, 0% used [0x00000000ed500000,0x00000000ed500000,0x00000000ed780000)
 ParOldGen       total 40960K, used 278K [0x00000000c4a00000, 0x00000000c7200000, 0x00000000ec380000)
  object space 40960K, 0% used [0x00000000c4a00000,0x00000000c4a459d8,0x00000000c7200000)
 Metaspace       used 14420K, capacity 15008K, committed 15232K, reserved 1062912K
  class space    used 1930K, capacity 2099K, committed 2176K, reserved 1048576K
Event: 0.973 GC heap after
Heap after GC invocations=2 (full 0):
 PSYoungGen      total 17920K, used 2528K [0x00000000ec380000, 0x00000000ee680000, 0x0000000100000000)
  eden space 15360K, 0% used [0x00000000ec380000,0x00000000ec380000,0x00000000ed280000)
  from space 2560K, 98% used [0x00000000ed500000,0x00000000ed778040,0x00000000ed780000)
  to   space 2560K, 0% used [0x00000000ed280000,0x00000000ed280000,0x00000000ed500000)
 ParOldGen       total 40960K, used 4663K [0x00000000c4a00000, 0x00000000c7200000, 0x00000000ec380000)
  object space 40960K, 11% used [0x00000000c4a00000,0x00000000c4e8df10,0x00000000c7200000)
 Metaspace       used 14420K, capacity 15008K, committed 15232K, reserved 1062912K
  class space    used 1930K, capacity 2099K, committed 2176K, reserved 1048576K
}
Event: 4.820 GC heap before
{Heap before GC invocations=3 (full 0):
 PSYoungGen      total 17920K, used 17888K [0x00000000ec380000, 0x00000000ee680000, 0x0000000100000000)
  eden space 15360K, 100% used [0x00000000ec380000,0x00000000ed280000,0x00000000ed280000)
  from space 2560K, 98% used [0x00000000ed500000,0x00000000ed778040,0x00000000ed780000)
  to   space 2560K, 0% used [0x00000000ed280000,0x00000000ed280000,0x00000000ed500000)
 ParOldGen       total 40960K, used 4663K [0x00000000c4a00000, 0x00000000c7200000, 0x00000000ec380000)
  object space 40960K, 11% used [0x00000000c4a00000,0x00000000c4e8df10,0x00000000c7200000)
 Metaspace       used 18540K, capacity 19452K, committed 19584K, reserved 1067008K
  class space    used 2679K, capacity 2891K, committed 2944K, reserved 1048576K
Event: 4.829 GC heap after
Heap after GC invocations=3 (full 0):
 PSYoungGen      total 17920K, used 2544K [0x00000000ec380000, 0x00000000ed780000, 0x0000000100000000)
  eden space 15360K, 0% used [0x00000000ec380000,0x00000000ec380000,0x00000000ed280000)
  from space 2560K, 99% used [0x00000000ed280000,0x00000000ed4fc030,0x00000000ed500000)
  to   space 2560K, 0% used [0x00000000ed500000,0x00000000ed500000,0x00000000ed780000)
 ParOldGen       total 40960K, used 7359K [0x00000000c4a00000, 0x00000000c7200000, 0x00000000ec380000)
  object space 40960K, 17% used [0x00000000c4a00000,0x00000000c512ffe0,0x00000000c7200000)
 Metaspace       used 18540K, capacity 19452K, committed 19584K, reserved 1067008K
  class space    used 2679K, capacity 2891K, committed 2944K, reserved 1048576K
}

Deoptimization events (10 events):
Event: 1.074 Thread 0x00007f75ec27c000 Uncommon trap: reason=bimorphic action=maybe_recompile pc=0x00007f75dd37a608 method=java.io.DataInputStream.readByte()B @ 4
Event: 1.074 Thread 0x00007f75ec27c000 Uncommon trap: reason=bimorphic action=maybe_recompile pc=0x00007f75dd37a608 method=java.io.DataInputStream.readByte()B @ 4
Event: 1.074 Thread 0x00007f75ec27c000 Uncommon trap: reason=bimorphic action=maybe_recompile pc=0x00007f75dd37a608 method=java.io.DataInputStream.readByte()B @ 4
Event: 2.671 Thread 0x00007f75ec27c000 Uncommon trap: reason=unstable_if action=reinterpret pc=0x00007f75dd36953c method=jdk.internal.org.objectweb.asm.Type.getArgumentsAndReturnSizes(Ljava/lang/String;)I @ 47
Event: 3.780 Thread 0x00007f75ec27c000 Uncommon trap: reason=unstable_if action=reinterpret pc=0x00007f75dd229fe0 method=java.lang.CharacterData.of(I)Ljava/lang/CharacterData; @ 4
Event: 4.739 Thread 0x00007f75ec27c000 Uncommon trap: reason=unstable_if action=reinterpret pc=0x00007f75dd478078 method=java.lang.StrictMath.floorOrCeil(DDDD)D @ 38
Event: 4.925 Thread 0x00007f75ec27c000 Uncommon trap: reason=array_check action=maybe_recompile pc=0x00007f75dd5db1e8 method=com.sun.javafx.css.SimpleSelector.applies(Ljavafx/css/Styleable;[Ljava/util/Set;I)Z @ 37
Event: 4.925 Thread 0x00007f75ec27c000 Uncommon trap: reason=array_check action=maybe_recompile pc=0x00007f75dd5db1e8 method=com.sun.javafx.css.SimpleSelector.applies(Ljavafx/css/Styleable;[Ljava/util/Set;I)Z @ 37
Event: 4.925 Thread 0x00007f75ec27c000 Uncommon trap: reason=array_check action=maybe_recompile pc=0x00007f75dd5db1e8 method=com.sun.javafx.css.SimpleSelector.applies(Ljavafx/css/Styleable;[Ljava/util/Set;I)Z @ 37
Event: 4.925 Thread 0x00007f75ec27c000 Uncommon trap: reason=array_check action=maybe_recompile pc=0x00007f75dd5db1e8 method=com.sun.javafx.css.SimpleSelector.applies(Ljavafx/css/Styleable;[Ljava/util/Set;I)Z @ 37

Classes redefined (0 events):
No events

Internal exceptions (10 events):
Event: 0.604 Thread 0x00007f75ec27c000 Exception <a 'java/lang/NullPointerException'> (0x00000000ed1af6c8) thrown at [/HUDSON/workspace/8-2-build-linux-amd64/jdk8u161/10277/hotspot/src/share/vm/prims/jvm.cpp, line 1394]
Event: 0.785 Thread 0x00007f75ec27c000 Exception <a 'java/lang/ArrayIndexOutOfBoundsException'> (0x00000000ec9794c8) thrown at [/HUDSON/workspace/8-2-build-linux-amd64/jdk8u161/10277/hotspot/src/share/vm/runtime/sharedRuntime.cpp, line 605]
Event: 0.785 Thread 0x00007f75ec27c000 Exception <a 'java/lang/ArrayIndexOutOfBoundsException'> (0x00000000ec97a1c8) thrown at [/HUDSON/workspace/8-2-build-linux-amd64/jdk8u161/10277/hotspot/src/share/vm/runtime/sharedRuntime.cpp, line 605]
Event: 0.785 Thread 0x00007f75ec27c000 Exception <a 'java/lang/ArrayIndexOutOfBoundsException'> (0x00000000ec97b570) thrown at [/HUDSON/workspace/8-2-build-linux-amd64/jdk8u161/10277/hotspot/src/share/vm/runtime/sharedRuntime.cpp, line 605]
Event: 0.821 Thread 0x00007f75ec27c000 Exception <a 'java/lang/ArrayIndexOutOfBoundsException'> (0x00000000ecb47698) thrown at [/HUDSON/workspace/8-2-build-linux-amd64/jdk8u161/10277/hotspot/src/share/vm/runtime/sharedRuntime.cpp, line 605]
Event: 0.841 Thread 0x00007f75ec27c000 Implicit null exception at 0x00007f75dd307bb5 to 0x00007f75dd307dd9
Event: 0.859 Thread 0x00007f75ec27c000 Exception <a 'java/io/FileNotFoundException'> (0x00000000ecd001f0) thrown at [/HUDSON/workspace/8-2-build-linux-amd64/jdk8u161/10277/hotspot/src/share/vm/prims/jni.cpp, line 709]
Event: 4.617 Thread 0x00007f75ec27c000 Exception <a 'java/lang/ArrayIndexOutOfBoundsException'> (0x00000000ecdb51d0) thrown at [/HUDSON/workspace/8-2-build-linux-amd64/jdk8u161/10277/hotspot/src/share/vm/runtime/sharedRuntime.cpp, line 605]
Event: 4.618 Thread 0x00007f75ec27c000 Exception <a 'java/lang/ArrayIndexOutOfBoundsException'> (0x00000000ecdb8ed0) thrown at [/HUDSON/workspace/8-2-build-linux-amd64/jdk8u161/10277/hotspot/src/share/vm/runtime/sharedRuntime.cpp, line 605]
Event: 4.740 Thread 0x00007f75ec27c000 Exception <a 'java/io/FileNotFoundException'> (0x00000000ed096d30) thrown at [/HUDSON/workspace/8-2-build-linux-amd64/jdk8u161/10277/hotspot/src/share/vm/prims/jni.cpp, line 709]

Events (10 events):
Event: 4.925 Thread 0x00007f75ec27c000 DEOPT UNPACKING pc=0x00007f75dd04573a sp=0x00007f75946b70d0 mode 2
Event: 4.925 Thread 0x00007f75ec27c000 Uncommon trap: trap_request=0xffffffd6 fr.pc=0x00007f75dd5db1e8
Event: 4.925 Thread 0x00007f75ec27c000 DEOPT PACKING pc=0x00007f75dd5db1e8 sp=0x00007f75946b70f0
Event: 4.925 Thread 0x00007f75ec27c000 DEOPT UNPACKING pc=0x00007f75dd04573a sp=0x00007f75946b70d0 mode 2
Event: 4.925 Thread 0x00007f75ec27c000 Uncommon trap: trap_request=0xffffffd6 fr.pc=0x00007f75dd5db1e8
Event: 4.925 Thread 0x00007f75ec27c000 DEOPT PACKING pc=0x00007f75dd5db1e8 sp=0x00007f75946b70f0
Event: 4.925 Thread 0x00007f75ec27c000 DEOPT UNPACKING pc=0x00007f75dd04573a sp=0x00007f75946b70d0 mode 2
Event: 4.927 loading class brokerlite/MainPageController$1
Event: 4.927 loading class brokerlite/MainPageController$1 done
Event: 4.929 Thread 0x00007f75884ab000 Thread added: 0x00007f75884ab000


Dynamic libraries:
00400000-00401000 r-xp 00000000 08:02 6829286                            /usr/lib/jvm/java-8-oracle/bin/java
00600000-00601000 rw-p 00000000 08:02 6829286                            /usr/lib/jvm/java-8-oracle/bin/java
01531000-01552000 rw-p 00000000 00:00 0                                  [heap]
c4a00000-c7200000 rw-p 00000000 00:00 0 
c7200000-ec380000 ---p 00000000 00:00 0 
ec380000-ed780000 rw-p 00000000 00:00 0 
ed780000-100000000 ---p 00000000 00:00 0 
100000000-100300000 rw-p 00000000 00:00 0 
100300000-140000000 ---p 00000000 00:00 0 
7f7578000000-7f7578021000 rw-p 00000000 00:00 0 
7f7578021000-7f757c000000 ---p 00000000 00:00 0 
7f7580000000-7f7580021000 rw-p 00000000 00:00 0 
7f7580021000-7f7584000000 ---p 00000000 00:00 0 
7f758603a000-7f758603d000 ---p 00000000 00:00 0 
7f758603d000-7f758613b000 rw-p 00000000 00:00 0 
7f758613b000-7f758613d000 rw-s 00000000 00:05 83622                      /drm mm object (deleted)
7f758613d000-7f758613f000 rw-s 00000000 00:05 87126                      /drm mm object (deleted)
7f758613f000-7f7586140000 rw-s 00000000 00:05 86935                      /drm mm object (deleted)
7f7586140000-7f7586148000 rw-s 00000000 00:05 86928                      /drm mm object (deleted)
7f7586148000-7f7586150000 rw-s 00000000 00:05 86927                      /drm mm object (deleted)
7f7586150000-7f7586152000 rw-s 00000000 00:05 86926                      /drm mm object (deleted)
7f7586152000-7f7586154000 rw-s 00000000 00:05 86925                      /drm mm object (deleted)
7f7586154000-7f7586155000 rw-s 00000000 00:05 85518                      /drm mm object (deleted)
7f7586155000-7f7586156000 rw-s 00000000 00:05 85517                      /drm mm object (deleted)
7f7586156000-7f7586157000 rw-s 00000000 00:05 85516                      /drm mm object (deleted)
7f7586157000-7f7586217000 rw-p 00000000 00:00 0 
7f7586217000-7f7586357000 ---p 00000000 00:00 0 
7f7586357000-7f758635b000 rw-s 00000000 00:05 87112                      /drm mm object (deleted)
7f758635b000-7f758636b000 rw-s 00000000 00:05 86920                      /drm mm object (deleted)
7f758636b000-7f758652b000 rw-s 107820000 00:06 328                       /dev/dri/card0
7f758652b000-7f758658b000 rw-s 00000000 00:05 86918                      /drm mm object (deleted)
7f758658b000-7f7586599000 rw-s 00000000 00:05 86916                      /drm mm object (deleted)
7f7586599000-7f7586759000 rw-s 00000000 00:05 86908                      /drm mm object (deleted)
7f7586759000-7f7586769000 rw-s 00000000 00:05 86907                      /drm mm object (deleted)
7f7586769000-7f7586d69000 rw-s 107180000 00:06 328                       /dev/dri/card0
7f7586d69000-7f7586d79000 rw-s 00000000 00:05 87104                      /drm mm object (deleted)
7f7586d79000-7f7586d85000 rw-s 00000000 00:05 85521                      /drm mm object (deleted)
7f7586d85000-7f7586de5000 rw-s 00000000 00:05 1114125                    /SYSV00000000 (deleted)
7f7586de5000-7f7586fe5000 rw-p 00000000 00:00 0 
7f7586fe5000-7f7586fe8000 ---p 00000000 00:00 0 
7f7586fe8000-7f75870e6000 rw-p 00000000 00:00 0 
7f75870e6000-7f758719f000 r--p 00000000 08:02 264212                     /usr/share/fonts/truetype/dejavu/DejaVuSans.ttf
7f758719f000-7f75871d5000 r-xp 00000000 08:02 6829730                    /usr/lib/jvm/java-8-oracle/jre/lib/amd64/libjavafx_iio.so
7f75871d5000-7f75873d4000 ---p 00036000 08:02 6829730                    /usr/lib/jvm/java-8-oracle/jre/lib/amd64/libjavafx_iio.so
7f75873d4000-7f75873d5000 rw-p 00035000 08:02 6829730                    /usr/lib/jvm/java-8-oracle/jre/lib/amd64/libjavafx_iio.so
7f75873d5000-7f75875d5000 rw-p 00000000 00:00 0 
7f75875d5000-7f75875e9000 r--p 00000000 08:02 6829448                    /usr/lib/jvm/java-8-oracle/jre/lib/fonts/LucidaBrightItalic.ttf
7f75875e9000-7f7587623000 r--p 00000000 08:02 6829455                    /usr/lib/jvm/java-8-oracle/jre/lib/fonts/LucidaTypewriterBold.ttf
7f7587623000-7f758765f000 r--p 00000000 08:02 6829454                    /usr/lib/jvm/java-8-oracle/jre/lib/fonts/LucidaTypewriterRegular.ttf
7f758765f000-7f758770a000 r--p 00000000 08:02 6829449                    /usr/lib/jvm/java-8-oracle/jre/lib/fonts/LucidaSansRegular.ttf
7f758770a000-7f758770e000 r-xp 00000000 08:02 6829684                    /usr/lib/jvm/java-8-oracle/jre/lib/amd64/libjavafx_font_pango.so
7f758770e000-7f758790d000 ---p 00004000 08:02 6829684                    /usr/lib/jvm/java-8-oracle/jre/lib/amd64/libjavafx_font_pango.so
7f758790d000-7f758790e000 rw-p 00003000 08:02 6829684                    /usr/lib/jvm/java-8-oracle/jre/lib/amd64/libjavafx_font_pango.so
7f758790e000-7f7587913000 r-xp 00000000 08:02 6829687                    /usr/lib/jvm/java-8-oracle/jre/lib/amd64/libjavafx_font_freetype.so
7f7587913000-7f7587b12000 ---p 00005000 08:02 6829687                    /usr/lib/jvm/java-8-oracle/jre/lib/amd64/libjavafx_font_freetype.so
7f7587b12000-7f7587b13000 rw-p 00004000 08:02 6829687                    /usr/lib/jvm/java-8-oracle/jre/lib/amd64/libjavafx_font_freetype.so
7f7587b13000-7f7587b16000 r-xp 00000000 08:02 6829734                    /usr/lib/jvm/java-8-oracle/jre/lib/amd64/libjavafx_font.so
7f7587b16000-7f7587d15000 ---p 00003000 08:02 6829734                    /usr/lib/jvm/java-8-oracle/jre/lib/amd64/libjavafx_font.so
7f7587d15000-7f7587d16000 rw-p 00002000 08:02 6829734                    /usr/lib/jvm/java-8-oracle/jre/lib/amd64/libjavafx_font.so
7f7587d16000-7f7587dfb000 r-xp 00000000 08:02 6029452                    /tmp/sqlite-3.21.0-0b532bc5-d13b-43ec-afeb-c5dea0dde3a8-libsqlitejdbc.so
7f7587dfb000-7f7587ffa000 ---p 000e5000 08:02 6029452                    /tmp/sqlite-3.21.0-0b532bc5-d13b-43ec-afeb-c5dea0dde3a8-libsqlitejdbc.so
7f7587ffa000-7f7587fff000 rw-p 000e4000 08:02 6029452                    /tmp/sqlite-3.21.0-0b532bc5-d13b-43ec-afeb-c5dea0dde3a8-libsqlitejdbc.so
7f7587fff000-7f7588000000 rw-p 00000000 00:00 0 
7f7588000000-7f75887ab000 rw-p 00000000 00:00 0 
7f75887ab000-7f758c000000 ---p 00000000 00:00 0 
7f758c000000-7f758c021000 rw-p 00000000 00:00 0 
7f758c021000-7f7590000000 ---p 00000000 00:00 0 
7f7590000000-7f7590021000 rw-p 00000000 00:00 0 
7f7590021000-7f7594000000 ---p 00000000 00:00 0 
7f7594000000-7f7594003000 rw-s 00000000 00:05 86910                      /drm mm object (deleted)
7f7594003000-7f7594005000 rw-s 00000000 00:05 86911                      /drm mm object (deleted)
7f7594005000-7f7594018000 r--p 00000000 08:02 6829453                    /usr/lib/jvm/java-8-oracle/jre/lib/fonts/LucidaBrightDemiItalic.ttf
7f7594018000-7f759406d000 r--p 00000000 08:02 6829450                    /usr/lib/jvm/java-8-oracle/jre/lib/fonts/LucidaBrightRegular.ttf
7f759406d000-7f75940bb000 r--p 00000000 08:02 6829451                    /usr/lib/jvm/java-8-oracle/jre/lib/fonts/LucidaSansDemiBold.ttf
7f75940bb000-7f75942bb000 rw-p 00000000 00:00 0 
7f75942bb000-7f75944bb000 rw-p 00000000 00:00 0 
7f75944bb000-7f75944be000 ---p 00000000 00:00 0 
7f75944be000-7f75945bc000 rw-p 00000000 00:00 0 
7f75945bc000-7f75945bf000 ---p 00000000 00:00 0 
7f75945bf000-7f75946bd000 rw-p 00000000 00:00 0 
7f75946bd000-7f75946c0000 ---p 00000000 00:00 0 
7f75946c0000-7f75947be000 rw-p 00000000 00:00 0 
7f75947be000-7f75947c5000 r-xp 00000000 08:02 6824616                    /usr/lib/x86_64-linux-gnu/libogg.so.0.8.2
7f75947c5000-7f75949c5000 ---p 00007000 08:02 6824616                    /usr/lib/x86_64-linux-gnu/libogg.so.0.8.2
7f75949c5000-7f75949c6000 r--p 00007000 08:02 6824616                    /usr/lib/x86_64-linux-gnu/libogg.so.0.8.2
7f75949c6000-7f75949c7000 rw-p 00008000 08:02 6824616                    /usr/lib/x86_64-linux-gnu/libogg.so.0.8.2
7f75949c7000-7f75949f1000 r-xp 00000000 08:02 6817038                    /usr/lib/x86_64-linux-gnu/libvorbis.so.0.4.8
7f75949f1000-7f7594bf0000 ---p 0002a000 08:02 6817038                    /usr/lib/x86_64-linux-gnu/libvorbis.so.0.4.8
7f7594bf0000-7f7594bf1000 r--p 00029000 08:02 6817038                    /usr/lib/x86_64-linux-gnu/libvorbis.so.0.4.8
7f7594bf1000-7f7594bf2000 rw-p 0002a000 08:02 6817038                    /usr/lib/x86_64-linux-gnu/libvorbis.so.0.4.8
7f7594bf2000-7f7594bfb000 r-xp 00000000 08:02 6824510                    /usr/lib/x86_64-linux-gnu/libltdl.so.7.3.1
7f7594bfb000-7f7594dfa000 ---p 00009000 08:02 6824510                    /usr/lib/x86_64-linux-gnu/libltdl.so.7.3.1
7f7594dfa000-7f7594dfb000 r--p 00008000 08:02 6824510                    /usr/lib/x86_64-linux-gnu/libltdl.so.7.3.1
7f7594dfb000-7f7594dfc000 rw-p 00009000 08:02 6824510                    /usr/lib/x86_64-linux-gnu/libltdl.so.7.3.1
7f7594dfc000-7f7594e10000 r-xp 00000000 08:02 6824845                    /usr/lib/x86_64-linux-gnu/libtdb.so.1.3.13
7f7594e10000-7f7595010000 ---p 00014000 08:02 6824845                    /usr/lib/x86_64-linux-gnu/libtdb.so.1.3.13
7f7595010000-7f7595011000 r--p 00014000 08:02 6824845                    /usr/lib/x86_64-linux-gnu/libtdb.so.1.3.13
7f7595011000-7f7595012000 rw-p 00015000 08:02 6824845                    /usr/lib/x86_64-linux-gnu/libtdb.so.1.3.13
7f7595012000-7f7595019000 r-xp 00000000 08:02 6816426                    /usr/lib/x86_64-linux-gnu/libvorbisfile.so.3.3.7
7f7595019000-7f7595218000 ---p 00007000 08:02 6816426                    /usr/lib/x86_64-linux-gnu/libvorbisfile.so.3.3.7
7f7595218000-7f7595219000 r--p 00006000 08:02 6816426                    /usr/lib/x86_64-linux-gnu/libvorbisfile.so.3.3.7
7f7595219000-7f759521a000 rw-p 00007000 08:02 6816426                    /usr/lib/x86_64-linux-gnu/libvorbisfile.so.3.3.7
7f759521a000-7f759522a000 r-xp 00000000 08:02 6823938                    /usr/lib/x86_64-linux-gnu/libcanberra.so.0.2.5
7f759522a000-7f759542a000 ---p 00010000 08:02 6823938                    /usr/lib/x86_64-linux-gnu/libcanberra.so.0.2.5
7f759542a000-7f759542b000 r--p 00010000 08:02 6823938                    /usr/lib/x86_64-linux-gnu/libcanberra.so.0.2.5
7f759542b000-7f759542c000 rw-p 00011000 08:02 6823938                    /usr/lib/x86_64-linux-gnu/libcanberra.so.0.2.5
7f759542c000-7f7595430000 r-xp 00000000 08:02 6823934                    /usr/lib/x86_64-linux-gnu/libcanberra-gtk.so.0.1.9
7f7595430000-7f759562f000 ---p 00004000 08:02 6823934                    /usr/lib/x86_64-linux-gnu/libcanberra-gtk.so.0.1.9
7f759562f000-7f7595630000 r--p 00003000 08:02 6823934                    /usr/lib/x86_64-linux-gnu/libcanberra-gtk.so.0.1.9
7f7595630000-7f7595631000 rw-p 00004000 08:02 6823934                    /usr/lib/x86_64-linux-gnu/libcanberra-gtk.so.0.1.9
7f7595631000-7f7595636000 r-xp 00000000 08:02 7080675                    /usr/lib/x86_64-linux-gnu/gtk-2.0/modules/libcanberra-gtk-module.so
7f7595636000-7f7595835000 ---p 00005000 08:02 7080675                    /usr/lib/x86_64-linux-gnu/gtk-2.0/modules/libcanberra-gtk-module.so
7f7595835000-7f7595836000 r--p 00004000 08:02 7080675                    /usr/lib/x86_64-linux-gnu/gtk-2.0/modules/libcanberra-gtk-module.so
7f7595836000-7f7595837000 rw-p 00005000 08:02 7080675                    /usr/lib/x86_64-linux-gnu/gtk-2.0/modules/libcanberra-gtk-module.so
7f7595837000-7f7595867000 r-xp 00000000 08:02 7080657                    /usr/lib/x86_64-linux-gnu/gtk-2.0/2.10.0/engines/libmurrine.so
7f7595867000-7f7595a67000 ---p 00030000 08:02 7080657                    /usr/lib/x86_64-linux-gnu/gtk-2.0/2.10.0/engines/libmurrine.so
7f7595a67000-7f7595a68000 r--p 00030000 08:02 7080657                    /usr/lib/x86_64-linux-gnu/gtk-2.0/2.10.0/engines/libmurrine.so
7f7595a68000-7f7595a69000 rw-p 00031000 08:02 7080657                    /usr/lib/x86_64-linux-gnu/gtk-2.0/2.10.0/engines/libmurrine.so
7f7595a69000-7f7595a92000 r-xp 00000000 08:02 6829709                    /usr/lib/jvm/java-8-oracle/jre/lib/amd64/libglass.so
7f7595a92000-7f7595c91000 ---p 00029000 08:02 6829709                    /usr/lib/jvm/java-8-oracle/jre/lib/amd64/libglass.so
7f7595c91000-7f7595c94000 rw-p 00028000 08:02 6829709                    /usr/lib/jvm/java-8-oracle/jre/lib/amd64/libglass.so
7f7595c94000-7f7595ccc000 r-xp 00000000 08:02 7082621                    /usr/lib/x86_64-linux-gnu/s2tc/libtxc_dxtn.so
7f7595ccc000-7f7595ecc000 ---p 00038000 08:02 7082621                    /usr/lib/x86_64-linux-gnu/s2tc/libtxc_dxtn.so
7f7595ecc000-7f7595ecd000 r--p 00038000 08:02 7082621                    /usr/lib/x86_64-linux-gnu/s2tc/libtxc_dxtn.so
7f7595ecd000-7f7595ece000 rw-p 00039000 08:02 7082621                    /usr/lib/x86_64-linux-gnu/s2tc/libtxc_dxtn.so
7f7595ece000-7f7595ed6000 r-xp 00000000 08:02 6824657                    /usr/lib/x86_64-linux-gnu/libpciaccess.so.0.11.1
7f7595ed6000-7f75960d5000 ---p 00008000 08:02 6824657                    /usr/lib/x86_64-linux-gnu/libpciaccess.so.0.11.1
7f75960d5000-7f75960d6000 r--p 00007000 08:02 6824657                    /usr/lib/x86_64-linux-gnu/libpciaccess.so.0.11.1
7f75960d6000-7f75960d7000 rw-p 00008000 08:02 6824657                    /usr/lib/x86_64-linux-gnu/libpciaccess.so.0.11.1
7f75960d7000-7f75960e2000 r-xp 00000000 08:02 6824062                    /usr/lib/x86_64-linux-gnu/libdrm_radeon.so.1.0.1
7f75960e2000-7f75962e1000 ---p 0000b000 08:02 6824062                    /usr/lib/x86_64-linux-gnu/libdrm_radeon.so.1.0.1
7f75962e1000-7f75962e2000 r--p 0000a000 08:02 6824062                    /usr/lib/x86_64-linux-gnu/libdrm_radeon.so.1.0.1
7f75962e2000-7f75962e3000 rw-p 0000b000 08:02 6824062                    /usr/lib/x86_64-linux-gnu/libdrm_radeon.so.1.0.1
7f75962e3000-7f75962ea000 r-xp 00000000 08:02 6824060                    /usr/lib/x86_64-linux-gnu/libdrm_nouveau.so.2.0.0
7f75962ea000-7f75964e9000 ---p 00007000 08:02 6824060                    /usr/lib/x86_64-linux-gnu/libdrm_nouveau.so.2.0.0
7f75964e9000-7f75964ea000 r--p 00006000 08:02 6824060                    /usr/lib/x86_64-linux-gnu/libdrm_nouveau.so.2.0.0
7f75964ea000-7f75964eb000 rw-p 00007000 08:02 6824060                    /usr/lib/x86_64-linux-gnu/libdrm_nouveau.so.2.0.0
7f75964eb000-7f759650d000 r-xp 00000000 08:02 6824058                    /usr/lib/x86_64-linux-gnu/libdrm_intel.so.1.0.0
7f759650d000-7f759670c000 ---p 00022000 08:02 6824058                    /usr/lib/x86_64-linux-gnu/libdrm_intel.so.1.0.0
7f759670c000-7f759670d000 r--p 00021000 08:02 6824058                    /usr/lib/x86_64-linux-gnu/libdrm_intel.so.1.0.0
7f759670d000-7f759670e000 rw-p 00022000 08:02 6824058                    /usr/lib/x86_64-linux-gnu/libdrm_intel.so.1.0.0
7f759670e000-7f7596ee9000 r-xp 00000000 08:02 7080048                    /usr/lib/x86_64-linux-gnu/dri/i965_dri.so
7f7596ee9000-7f75970e9000 ---p 007db000 08:02 7080048                    /usr/lib/x86_64-linux-gnu/dri/i965_dri.so
7f75970e9000-7f7597139000 r--p 007db000 08:02 7080048                    /usr/lib/x86_64-linux-gnu/dri/i965_dri.so
7f7597139000-7f7597142000 rw-p 0082b000 08:02 7080048                    /usr/lib/x86_64-linux-gnu/dri/i965_dri.so
7f7597142000-7f75971a9000 rw-p 00000000 00:00 0 
7f75971a9000-7f75971bc000 r-xp 00000000 08:02 1053167                    /lib/x86_64-linux-gnu/libbsd.so.0.8.6
7f75971bc000-7f75973bb000 ---p 00013000 08:02 1053167                    /lib/x86_64-linux-gnu/libbsd.so.0.8.6
7f75973bb000-7f75973bc000 r--p 00012000 08:02 1053167                    /lib/x86_64-linux-gnu/libbsd.so.0.8.6
7f75973bc000-7f75973bd000 rw-p 00013000 08:02 1053167                    /lib/x86_64-linux-gnu/libbsd.so.0.8.6
7f75973bd000-7f75973be000 rw-p 00000000 00:00 0 
7f75973be000-7f75973c2000 r-xp 00000000 08:02 1053144                    /lib/x86_64-linux-gnu/libuuid.so.1.3.0
7f75973c2000-7f75975c1000 ---p 00004000 08:02 1053144                    /lib/x86_64-linux-gnu/libuuid.so.1.3.0
7f75975c1000-7f75975c2000 r--p 00003000 08:02 1053144                    /lib/x86_64-linux-gnu/libuuid.so.1.3.0
7f75975c2000-7f75975c3000 rw-p 00004000 08:02 1053144                    /lib/x86_64-linux-gnu/libuuid.so.1.3.0
7f75975c3000-7f75975c9000 r-xp 00000000 08:02 6824015                    /usr/lib/x86_64-linux-gnu/libdatrie.so.1.3.3
7f75975c9000-7f75977c8000 ---p 00006000 08:02 6824015                    /usr/lib/x86_64-linux-gnu/libdatrie.so.1.3.3
7f75977c8000-7f75977c9000 r--p 00005000 08:02 6824015                    /usr/lib/x86_64-linux-gnu/libdatrie.so.1.3.3
7f75977c9000-7f75977ca000 rw-p 00006000 08:02 6824015                    /usr/lib/x86_64-linux-gnu/libdatrie.so.1.3.3
7f75977ca000-7f75977cf000 r-xp 00000000 08:02 6823802                    /usr/lib/x86_64-linux-gnu/libXdmcp.so.6.0.0
7f75977cf000-7f75979ce000 ---p 00005000 08:02 6823802                    /usr/lib/x86_64-linux-gnu/libXdmcp.so.6.0.0
7f75979ce000-7f75979cf000 r--p 00004000 08:02 6823802                    /usr/lib/x86_64-linux-gnu/libXdmcp.so.6.0.0
7f75979cf000-7f75979d0000 rw-p 00005000 08:02 6823802                    /usr/lib/x86_64-linux-gnu/libXdmcp.so.6.0.0
7f75979d0000-7f75979d2000 r-xp 00000000 08:02 6823791                    /usr/lib/x86_64-linux-gnu/libXau.so.6.0.0
7f75979d2000-7f7597bd2000 ---p 00002000 08:02 6823791                    /usr/lib/x86_64-linux-gnu/libXau.so.6.0.0
7f7597bd2000-7f7597bd3000 r--p 00002000 08:02 6823791                    /usr/lib/x86_64-linux-gnu/libXau.so.6.0.0
7f7597bd3000-7f7597bd4000 rw-p 00003000 08:02 6823791                    /usr/lib/x86_64-linux-gnu/libXau.so.6.0.0
7f7597bd4000-7f7597bff000 r-xp 00000000 08:02 6824291                    /usr/lib/x86_64-linux-gnu/libgraphite2.so.3.0.1
7f7597bff000-7f7597dfe000 ---p 0002b000 08:02 6824291                    /usr/lib/x86_64-linux-gnu/libgraphite2.so.3.0.1
7f7597dfe000-7f7597e00000 r--p 0002a000 08:02 6824291                    /usr/lib/x86_64-linux-gnu/libgraphite2.so.3.0.1
7f7597e00000-7f7597e01000 rw-p 0002c000 08:02 6824291                    /usr/lib/x86_64-linux-gnu/libgraphite2.so.3.0.1
7f7597e01000-7f7597e45000 r-xp 00000000 08:02 1053146                    /lib/x86_64-linux-gnu/libblkid.so.1.1.0
7f7597e45000-7f7598045000 ---p 00044000 08:02 1053146                    /lib/x86_64-linux-gnu/libblkid.so.1.1.0
7f7598045000-7f7598049000 r--p 00044000 08:02 1053146                    /lib/x86_64-linux-gnu/libblkid.so.1.1.0
7f7598049000-7f759804a000 rw-p 00048000 08:02 1053146                    /lib/x86_64-linux-gnu/libblkid.so.1.1.0
7f759804a000-7f759804b000 rw-p 00000000 00:00 0 
7f759804b000-7f759805b000 r-xp 00000000 08:02 6824054                    /usr/lib/x86_64-linux-gnu/libdrm.so.2.4.0
7f759805b000-7f759825a000 ---p 00010000 08:02 6824054                    /usr/lib/x86_64-linux-gnu/libdrm.so.2.4.0
7f759825a000-7f759825b000 r--p 0000f000 08:02 6824054                    /usr/lib/x86_64-linux-gnu/libdrm.so.2.4.0
7f759825b000-7f759825c000 rw-p 00010000 08:02 6824054                    /usr/lib/x86_64-linux-gnu/libdrm.so.2.4.0
7f759825c000-7f7598260000 r-xp 00000000 08:02 6825002                    /usr/lib/x86_64-linux-gnu/libxcb-dri2.so.0.0.0
7f7598260000-7f759845f000 ---p 00004000 08:02 6825002                    /usr/lib/x86_64-linux-gnu/libxcb-dri2.so.0.0.0
7f759845f000-7f7598460000 r--p 00003000 08:02 6825002                    /usr/lib/x86_64-linux-gnu/libxcb-dri2.so.0.0.0
7f7598460000-7f7598461000 rw-p 00004000 08:02 6825002                    /usr/lib/x86_64-linux-gnu/libxcb-dri2.so.0.0.0
7f7598461000-7f7598479000 r-xp 00000000 08:02 6825006                    /usr/lib/x86_64-linux-gnu/libxcb-glx.so.0.0.0
7f7598479000-7f7598679000 ---p 00018000 08:02 6825006                    /usr/lib/x86_64-linux-gnu/libxcb-glx.so.0.0.0
7f7598679000-7f759867b000 r--p 00018000 08:02 6825006                    /usr/lib/x86_64-linux-gnu/libxcb-glx.so.0.0.0
7f759867b000-7f759867c000 rw-p 0001a000 08:02 6825006                    /usr/lib/x86_64-linux-gnu/libxcb-glx.so.0.0.0
7f759867c000-7f759867d000 r-xp 00000000 08:02 6823785                    /usr/lib/x86_64-linux-gnu/libX11-xcb.so.1.0.0
7f759867d000-7f759887c000 ---p 00001000 08:02 6823785                    /usr/lib/x86_64-linux-gnu/libX11-xcb.so.1.0.0
7f759887c000-7f759887d000 r--p 00000000 08:02 6823785                    /usr/lib/x86_64-linux-gnu/libX11-xcb.so.1.0.0
7f759887d000-7f759887e000 rw-p 00001000 08:02 6823785                    /usr/lib/x86_64-linux-gnu/libX11-xcb.so.1.0.0
7f759887e000-7f75988a9000 r-xp 00000000 08:02 6818069                    /usr/lib/x86_64-linux-gnu/libglapi.so.0.0.0
7f75988a9000-7f7598aa8000 ---p 0002b000 08:02 6818069                    /usr/lib/x86_64-linux-gnu/libglapi.so.0.0.0
7f7598aa8000-7f7598aac000 r--p 0002a000 08:02 6818069                    /usr/lib/x86_64-linux-gnu/libglapi.so.0.0.0
7f7598aac000-7f7598aad000 rw-p 0002e000 08:02 6818069                    /usr/lib/x86_64-linux-gnu/libglapi.so.0.0.0
7f7598aad000-7f7598aae000 rw-p 00000000 00:00 0 
7f7598aae000-7f7598aaf000 r-xp 00000000 08:02 6825054                    /usr/lib/x86_64-linux-gnu/libxshmfence.so.1.0.0
7f7598aaf000-7f7598caf000 ---p 00001000 08:02 6825054                    /usr/lib/x86_64-linux-gnu/libxshmfence.so.1.0.0
7f7598caf000-7f7598cb0000 r--p 00001000 08:02 6825054                    /usr/lib/x86_64-linux-gnu/libxshmfence.so.1.0.0
7f7598cb0000-7f7598cb1000 rw-p 00002000 08:02 6825054                    /usr/lib/x86_64-linux-gnu/libxshmfence.so.1.0.0
7f7598cb1000-7f7598cb6000 r-xp 00000000 08:02 6825028                    /usr/lib/x86_64-linux-gnu/libxcb-sync.so.1.0.0
7f7598cb6000-7f7598eb6000 ---p 00005000 08:02 6825028                    /usr/lib/x86_64-linux-gnu/libxcb-sync.so.1.0.0
7f7598eb6000-7f7598eb7000 r--p 00005000 08:02 6825028                    /usr/lib/x86_64-linux-gnu/libxcb-sync.so.1.0.0
7f7598eb7000-7f7598eb8000 rw-p 00006000 08:02 6825028                    /usr/lib/x86_64-linux-gnu/libxcb-sync.so.1.0.0
7f7598eb8000-7f7598eba000 r-xp 00000000 08:02 6825014                    /usr/lib/x86_64-linux-gnu/libxcb-present.so.0.0.0
7f7598eba000-7f75990b9000 ---p 00002000 08:02 6825014                    /usr/lib/x86_64-linux-gnu/libxcb-present.so.0.0.0
7f75990b9000-7f75990ba000 r--p 00001000 08:02 6825014                    /usr/lib/x86_64-linux-gnu/libxcb-present.so.0.0.0
7f75990ba000-7f75990bb000 rw-p 00002000 08:02 6825014                    /usr/lib/x86_64-linux-gnu/libxcb-present.so.0.0.0
7f75990bb000-7f75990bd000 r-xp 00000000 08:02 6825004                    /usr/lib/x86_64-linux-gnu/libxcb-dri3.so.0.0.0
7f75990bd000-7f75992bc000 ---p 00002000 08:02 6825004                    /usr/lib/x86_64-linux-gnu/libxcb-dri3.so.0.0.0
7f75992bc000-7f75992bd000 r--p 00001000 08:02 6825004                    /usr/lib/x86_64-linux-gnu/libxcb-dri3.so.0.0.0
7f75992bd000-7f75992be000 rw-p 00002000 08:02 6825004                    /usr/lib/x86_64-linux-gnu/libxcb-dri3.so.0.0.0
7f75992be000-7f759932e000 r-xp 00000000 08:02 1053295                    /lib/x86_64-linux-gnu/libpcre.so.3.13.3
7f759932e000-7f759952e000 ---p 00070000 08:02 1053295                    /lib/x86_64-linux-gnu/libpcre.so.3.13.3
7f759952e000-7f759952f000 r--p 00070000 08:02 1053295                    /lib/x86_64-linux-gnu/libpcre.so.3.13.3
7f759952f000-7f7599530000 rw-p 00071000 08:02 1053295                    /lib/x86_64-linux-gnu/libpcre.so.3.13.3
7f7599530000-7f7599537000 r-xp 00000000 08:02 6824126                    /usr/lib/x86_64-linux-gnu/libffi.so.6.0.4
7f7599537000-7f7599736000 ---p 00007000 08:02 6824126                    /usr/lib/x86_64-linux-gnu/libffi.so.6.0.4
7f7599736000-7f7599737000 r--p 00006000 08:02 6824126                    /usr/lib/x86_64-linux-gnu/libffi.so.6.0.4
7f7599737000-7f7599738000 rw-p 00007000 08:02 6824126                    /usr/lib/x86_64-linux-gnu/libffi.so.6.0.4
7f7599738000-7f7599760000 r-xp 00000000 08:02 1053202                    /lib/x86_64-linux-gnu/libexpat.so.1.6.5
7f7599760000-7f7599960000 ---p 00028000 08:02 1053202                    /lib/x86_64-linux-gnu/libexpat.so.1.6.5
7f7599960000-7f7599962000 r--p 00028000 08:02 1053202                    /lib/x86_64-linux-gnu/libexpat.so.1.6.5
7f7599962000-7f7599963000 rw-p 0002a000 08:02 1053202                    /lib/x86_64-linux-gnu/libexpat.so.1.6.5
7f7599963000-7f759996b000 r-xp 00000000 08:02 6824853                    /usr/lib/x86_64-linux-gnu/libthai.so.0.3.0
7f759996b000-7f7599b6a000 ---p 00008000 08:02 6824853                    /usr/lib/x86_64-linux-gnu/libthai.so.0.3.0
7f7599b6a000-7f7599b6b000 r--p 00007000 08:02 6824853                    /usr/lib/x86_64-linux-gnu/libthai.so.0.3.0
7f7599b6b000-7f7599b6c000 rw-p 00008000 08:02 6824853                    /usr/lib/x86_64-linux-gnu/libthai.so.0.3.0
7f7599b6c000-7f7599b92000 r-xp 00000000 08:02 6825038                    /usr/lib/x86_64-linux-gnu/libxcb.so.1.1.0
7f7599b92000-7f7599d91000 ---p 00026000 08:02 6825038                    /usr/lib/x86_64-linux-gnu/libxcb.so.1.1.0
7f7599d91000-7f7599d92000 r--p 00025000 08:02 6825038                    /usr/lib/x86_64-linux-gnu/libxcb.so.1.1.0
7f7599d92000-7f7599d93000 rw-p 00026000 08:02 6825038                    /usr/lib/x86_64-linux-gnu/libxcb.so.1.1.0
7f7599d93000-7f7599d9f000 r-xp 00000000 08:02 6825020                    /usr/lib/x86_64-linux-gnu/libxcb-render.so.0.0.0
7f7599d9f000-7f7599f9e000 ---p 0000c000 08:02 6825020                    /usr/lib/x86_64-linux-gnu/libxcb-render.so.0.0.0
7f7599f9e000-7f7599f9f000 r--p 0000b000 08:02 6825020                    /usr/lib/x86_64-linux-gnu/libxcb-render.so.0.0.0
7f7599f9f000-7f7599fa0000 rw-p 0000c000 08:02 6825020                    /usr/lib/x86_64-linux-gnu/libxcb-render.so.0.0.0
7f7599fa0000-7f7599fa2000 r-xp 00000000 08:02 6825026                    /usr/lib/x86_64-linux-gnu/libxcb-shm.so.0.0.0
7f7599fa2000-7f759a1a1000 ---p 00002000 08:02 6825026                    /usr/lib/x86_64-linux-gnu/libxcb-shm.so.0.0.0
7f759a1a1000-7f759a1a2000 r--p 00001000 08:02 6825026                    /usr/lib/x86_64-linux-gnu/libxcb-shm.so.0.0.0
7f759a1a2000-7f759a1a3000 rw-p 00002000 08:02 6825026                    /usr/lib/x86_64-linux-gnu/libxcb-shm.so.0.0.0
7f759a1a3000-7f759a1d4000 r-xp 00000000 08:02 6824677                    /usr/lib/x86_64-linux-gnu/libpng16.so.16.34.0
7f759a1d4000-7f759a3d3000 ---p 00031000 08:02 6824677                    /usr/lib/x86_64-linux-gnu/libpng16.so.16.34.0
7f759a3d3000-7f759a3d4000 r--p 00030000 08:02 6824677                    /usr/lib/x86_64-linux-gnu/libpng16.so.16.34.0
7f759a3d4000-7f759a3d5000 rw-p 00031000 08:02 6824677                    /usr/lib/x86_64-linux-gnu/libpng16.so.16.34.0
7f759a3d5000-7f759a473000 r-xp 00000000 08:02 6824671                    /usr/lib/x86_64-linux-gnu/libpixman-1.so.0.34.0
7f759a473000-7f759a672000 ---p 0009e000 08:02 6824671                    /usr/lib/x86_64-linux-gnu/libpixman-1.so.0.34.0
7f759a672000-7f759a67a000 r--p 0009d000 08:02 6824671                    /usr/lib/x86_64-linux-gnu/libpixman-1.so.0.34.0
7f759a67a000-7f759a67b000 rw-p 000a5000 08:02 6824671                    /usr/lib/x86_64-linux-gnu/libpixman-1.so.0.34.0
7f759a67b000-7f759a70d000 r-xp 00000000 08:02 6824376                    /usr/lib/x86_64-linux-gnu/libharfbuzz.so.0.10400.2
7f759a70d000-7f759a90c000 ---p 00092000 08:02 6824376                    /usr/lib/x86_64-linux-gnu/libharfbuzz.so.0.10400.2
7f759a90c000-7f759a90e000 r--p 00091000 08:02 6824376                    /usr/lib/x86_64-linux-gnu/libharfbuzz.so.0.10400.2
7f759a90e000-7f759a90f000 rw-p 00093000 08:02 6824376                    /usr/lib/x86_64-linux-gnu/libharfbuzz.so.0.10400.2
7f759a90f000-7f759a95d000 r-xp 00000000 08:02 1053162                    /lib/x86_64-linux-gnu/libmount.so.1.1.0
7f759a95d000-7f759ab5d000 ---p 0004e000 08:02 1053162                    /lib/x86_64-linux-gnu/libmount.so.1.1.0
7f759ab5d000-7f759ab5f000 r--p 0004e000 08:02 1053162                    /lib/x86_64-linux-gnu/libmount.so.1.1.0
7f759ab5f000-7f759ab60000 rw-p 00050000 08:02 1053162                    /lib/x86_64-linux-gnu/libmount.so.1.1.0
7f759ab60000-7f759ab61000 rw-p 00000000 00:00 0 
7f759ab61000-7f759ab77000 r-xp 00000000 08:02 1053110                    /lib/x86_64-linux-gnu/libresolv-2.26.so
7f759ab77000-7f759ad77000 ---p 00016000 08:02 1053110                    /lib/x86_64-linux-gnu/libresolv-2.26.so
7f759ad77000-7f759ad78000 r--p 00016000 08:02 1053110                    /lib/x86_64-linux-gnu/libresolv-2.26.so
7f759ad78000-7f759ad79000 rw-p 00017000 08:02 1053110                    /lib/x86_64-linux-gnu/libresolv-2.26.so
7f759ad79000-7f759ad7b000 rw-p 00000000 00:00 0 
7f759ad7b000-7f759ada0000 r-xp 00000000 08:02 1053322                    /lib/x86_64-linux-gnu/libselinux.so.1
7f759ada0000-7f759af9f000 ---p 00025000 08:02 1053322                    /lib/x86_64-linux-gnu/libselinux.so.1
7f759af9f000-7f759afa0000 r--p 00024000 08:02 1053322                    /lib/x86_64-linux-gnu/libselinux.so.1
7f759afa0000-7f759afa1000 rw-p 00025000 08:02 1053322                    /lib/x86_64-linux-gnu/libselinux.so.1
7f759afa1000-7f759afa3000 rw-p 00000000 00:00 0 
7f759afa3000-7f759afbf000 r-xp 00000000 08:02 1053350                    /lib/x86_64-linux-gnu/libz.so.1.2.11
7f759afbf000-7f759b1be000 ---p 0001c000 08:02 1053350                    /lib/x86_64-linux-gnu/libz.so.1.2.11
7f759b1be000-7f759b1bf000 r--p 0001b000 08:02 1053350                    /lib/x86_64-linux-gnu/libz.so.1.2.11
7f759b1bf000-7f759b1c0000 rw-p 0001c000 08:02 1053350                    /lib/x86_64-linux-gnu/libz.so.1.2.11
7f759b1c0000-7f759b1d1000 r-xp 00000000 08:02 6823804                    /usr/lib/x86_64-linux-gnu/libXext.so.6.4.0
7f759b1d1000-7f759b3d0000 ---p 00011000 08:02 6823804                    /usr/lib/x86_64-linux-gnu/libXext.so.6.4.0
7f759b3d0000-7f759b3d1000 r--p 00010000 08:02 6823804                    /usr/lib/x86_64-linux-gnu/libXext.so.6.4.0
7f759b3d1000-7f759b3d2000 rw-p 00011000 08:02 6823804                    /usr/lib/x86_64-linux-gnu/libXext.so.6.4.0
7f759b3d2000-7f759b3d4000 r-xp 00000000 08:02 6823800                    /usr/lib/x86_64-linux-gnu/libXdamage.so.1.1.0
7f759b3d4000-7f759b5d3000 ---p 00002000 08:02 6823800                    /usr/lib/x86_64-linux-gnu/libXdamage.so.1.1.0
7f759b5d3000-7f759b5d4000 r--p 00001000 08:02 6823800                    /usr/lib/x86_64-linux-gnu/libXdamage.so.1.1.0
7f759b5d4000-7f759b5d5000 rw-p 00002000 08:02 6823800                    /usr/lib/x86_64-linux-gnu/libXdamage.so.1.1.0
7f759b5d5000-7f759b5d7000 r-xp 00000000 08:02 6823796                    /usr/lib/x86_64-linux-gnu/libXcomposite.so.1.0.0
7f759b5d7000-7f759b7d6000 ---p 00002000 08:02 6823796                    /usr/lib/x86_64-linux-gnu/libXcomposite.so.1.0.0
7f759b7d6000-7f759b7d7000 r--p 00001000 08:02 6823796                    /usr/lib/x86_64-linux-gnu/libXcomposite.so.1.0.0
7f759b7d7000-7f759b7d8000 rw-p 00002000 08:02 6823796                    /usr/lib/x86_64-linux-gnu/libXcomposite.so.1.0.0
7f759b7d8000-7f759b7e1000 r-xp 00000000 08:02 6823798                    /usr/lib/x86_64-linux-gnu/libXcursor.so.1.0.2
7f759b7e1000-7f759b9e0000 ---p 00009000 08:02 6823798                    /usr/lib/x86_64-linux-gnu/libXcursor.so.1.0.2
7f759b9e0000-7f759b9e1000 r--p 00008000 08:02 6823798                    /usr/lib/x86_64-linux-gnu/libXcursor.so.1.0.2
7f759b9e1000-7f759b9e2000 rw-p 00009000 08:02 6823798                    /usr/lib/x86_64-linux-gnu/libXcursor.so.1.0.2
7f759b9e2000-7f759b9ec000 r-xp 00000000 08:02 6823824                    /usr/lib/x86_64-linux-gnu/libXrandr.so.2.2.0
7f759b9ec000-7f759bbeb000 ---p 0000a000 08:02 6823824                    /usr/lib/x86_64-linux-gnu/libXrandr.so.2.2.0
7f759bbeb000-7f759bbec000 r--p 00009000 08:02 6823824                    /usr/lib/x86_64-linux-gnu/libXrandr.so.2.2.0
7f759bbec000-7f759bbed000 rw-p 0000a000 08:02 6823824                    /usr/lib/x86_64-linux-gnu/libXrandr.so.2.2.0
7f759bbed000-7f759bbfc000 r-xp 00000000 08:02 6823814                    /usr/lib/x86_64-linux-gnu/libXi.so.6.1.0
7f759bbfc000-7f759bdfb000 ---p 0000f000 08:02 6823814                    /usr/lib/x86_64-linux-gnu/libXi.so.6.1.0
7f759bdfb000-7f759bdfc000 r--p 0000e000 08:02 6823814                    /usr/lib/x86_64-linux-gnu/libXi.so.6.1.0
7f759bdfc000-7f759bdfd000 rw-p 0000f000 08:02 6823814                    /usr/lib/x86_64-linux-gnu/libXi.so.6.1.0
7f759bdfd000-7f759bdff000 r-xp 00000000 08:02 6823816                    /usr/lib/x86_64-linux-gnu/libXinerama.so.1.0.0
7f759bdff000-7f759bffe000 ---p 00002000 08:02 6823816                    /usr/lib/x86_64-linux-gnu/libXinerama.so.1.0.0
7f759bffe000-7f759bfff000 r--p 00001000 08:02 6823816                    /usr/lib/x86_64-linux-gnu/libXinerama.so.1.0.0
7f759bfff000-7f759c000000 rw-p 00002000 08:02 6823816                    /usr/lib/x86_64-linux-gnu/libXinerama.so.1.0.0
7f759c000000-7f759e05f000 rw-p 00000000 00:00 0 
7f759e05f000-7f75a0000000 ---p 00000000 00:00 0 
7f75a0000000-7f75a0008000 rw-s 00000000 00:05 87107                      /drm mm object (deleted)
7f75a0008000-7f75a000d000 r--s 00084000 08:02 6829436                    /usr/lib/jvm/java-8-oracle/jre/lib/jfr.jar
7f75a000d000-7f75a0020000 r--p 00000000 08:02 6829456                    /usr/lib/jvm/java-8-oracle/jre/lib/fonts/LucidaBrightDemiBold.ttf
7f75a0020000-7f75a002b000 r--s 00000000 08:02 2359568                    /var/cache/fontconfig/945677eb7aeaf62f1d50efc3fb3ec7d8-le64.cache-6
7f75a002b000-7f75a0031000 r--s 00000000 08:02 2359537                    /var/cache/fontconfig/2cd17615ca594fa2959ae173292e504c-le64.cache-6
7f75a0031000-7f75a0032000 r--s 00000000 08:02 2359530                    /var/cache/fontconfig/0d8c3b2ac0904cb8a57a757ad11a4a08-le64.cache-6
7f75a0032000-7f75a0047000 r--s 00000000 08:02 2359526                    /var/cache/fontconfig/04aabc0a78ac019cf9454389977116d2-le64.cache-6
7f75a0047000-7f75a0048000 r--s 00000000 08:02 2359534                    /var/cache/fontconfig/1ac9eb803944fde146138c791f5cc56a-le64.cache-6
7f75a0048000-7f75a004c000 r--s 00000000 08:02 2359543                    /var/cache/fontconfig/385c0604a188198f04d133e54aba7fe7-le64.cache-6
7f75a004c000-7f75a004d000 r--s 00000000 08:02 2359587                    /var/cache/fontconfig/dc05db6664285cc2f12bf69c139ae4c3-le64.cache-6
7f75a004d000-7f75a004f000 r--s 00000000 08:02 2359531                    /var/cache/fontconfig/14a5e22175779b556eaa434240950366-le64.cache-6
7f75a004f000-7f75a0050000 r--s 00000000 08:02 2359560                    /var/cache/fontconfig/660208299946a285a940457d1287da33-le64.cache-6
7f75a0050000-7f75a0052000 r--s 00000000 08:02 2359551                    /var/cache/fontconfig/4f3e3037c9980c83b53a9351efadef62-le64.cache-6
7f75a0052000-7f75a0055000 r--s 00000000 08:02 2359564                    /var/cache/fontconfig/767a8244fc0220cfb567a839d0392e0b-le64.cache-6
7f75a0055000-7f75a0056000 r--s 00000000 08:02 2361865                    /var/cache/fontconfig/4794a0821666d79190d59a36cb4f44b5-le64.cache-6
7f75a0056000-7f75a0057000 r--s 00000000 08:02 2359528                    /var/cache/fontconfig/0bd3dc0958fa2205aaaa8ebb13e2872b-le64.cache-6
7f75a0057000-7f75a005d000 r--s 00000000 08:02 2359567                    /var/cache/fontconfig/8801497958630a81b71ace7c5f9b32a8-le64.cache-6
7f75a005d000-7f75a0060000 r--s 00000000 08:02 2359572                    /var/cache/fontconfig/a015930274ffcd967d2ca1b57da47cc7-le64.cache-6
7f75a0060000-7f75a0061000 r--s 00000000 08:02 2359576                    /var/cache/fontconfig/b872e6e592da6075ffa4ab0a1fcc0c75-le64.cache-6
7f75a0061000-7f75a0062000 r--s 00000000 08:02 2359592                    /var/cache/fontconfig/f6d4eedfaab2589bde49f7a3ff831d22-le64.cache-6
7f75a0062000-7f75a0063000 r--s 00000000 08:02 2359558                    /var/cache/fontconfig/589f83ef4c36d296ce6e1c846f468f08-le64.cache-6
7f75a0063000-7f75a0064000 r--s 00000000 08:02 2359578                    /var/cache/fontconfig/bab58bb527bb656aaa9f116d68a48d89-le64.cache-6
7f75a0064000-7f75a0065000 r--s 00000000 08:02 2359535                    /var/cache/fontconfig/2171a34dccabdb6bcbbc728186263178-le64.cache-6
7f75a0065000-7f75a0066000 r--s 00000000 08:02 2359579                    /var/cache/fontconfig/c5c45a61289222e0d30b1a26ef4effbe-le64.cache-6
7f75a0066000-7f75a0067000 r--s 00000000 08:02 2359574                    /var/cache/fontconfig/aec30016f93e1b46d1a973dce0d74068-le64.cache-6
7f75a0067000-7f75a0068000 r--s 00000000 08:02 2359544                    /var/cache/fontconfig/3f589640d34b7dc9042c8d453f7c8b9c-le64.cache-6
7f75a0068000-7f75a0069000 r--s 00000000 08:02 2359532                    /var/cache/fontconfig/16c2fda60d1b4b719f4b3d06fd951d25-le64.cache-6
7f75a0069000-7f75a006a000 r--s 00000000 08:02 2359573                    /var/cache/fontconfig/a48eab177a16e4f3713381162db2f3e9-le64.cache-6
7f75a006a000-7f75a006b000 r--s 00000000 08:02 2359554                    /var/cache/fontconfig/564b2e68ac9bc4e36a6f7f6d6125ec1c-le64.cache-6
7f75a006b000-7f75a0071000 r--s 00000000 08:02 2359538                    /var/cache/fontconfig/3047814df9a2f067bd2d96a2b9c36e5a-le64.cache-6
7f75a0071000-7f75a0072000 r--s 00000000 08:02 2359555                    /var/cache/fontconfig/56cf4f4769d0f4abc89a4895d7bd3ae1-le64.cache-6
7f75a0072000-7f75a0073000 r--s 00000000 08:02 2359577                    /var/cache/fontconfig/b9d506c9ac06c20b433354fa67a72993-le64.cache-6
7f75a0073000-7f75a0079000 r--s 00000000 08:02 2359575                    /var/cache/fontconfig/b47c4e1ecd0709278f4910c18777a504-le64.cache-6
7f75a0079000-7f75a008c000 r--s 00000000 08:02 2359584                    /var/cache/fontconfig/d52a8644073d54c13679302ca1180695-le64.cache-6
7f75a008c000-7f75a008d000 r--s 00000000 08:02 2359541                    /var/cache/fontconfig/370e5b74bf5dafc30834de68e24a87a4-le64.cache-6
7f75a008d000-7f75a008e000 r--s 00000000 08:02 2359562                    /var/cache/fontconfig/6b2c5944714ca7831b25bed9e85cb5c8-le64.cache-6
7f75a008e000-7f75a008f000 r--s 00000000 08:02 2359583                    /var/cache/fontconfig/d5178ab6d91b49bf20a416737dcea9e8-le64.cache-6
7f75a008f000-7f75a0090000 r--s 00000000 08:02 2359553                    /var/cache/fontconfig/551ecf3b0e8b0bca0f25c0944f561853-le64.cache-6
7f75a0090000-7f75a0093000 r--s 00000000 08:02 2359591                    /var/cache/fontconfig/f259c2cffa685e28062317905db73c4a-le64.cache-6
7f75a0093000-7f75a0095000 r--s 00000000 08:02 2359552                    /var/cache/fontconfig/550f3886151c940c12a5ed35f6a00586-le64.cache-6
7f75a0095000-7f75a0098000 r--s 00000000 08:02 2359561                    /var/cache/fontconfig/674d1711f2d1d2a09646eb0bdcadee49-le64.cache-6
7f75a0098000-7f75a0099000 r--s 00000000 08:02 2359545                    /var/cache/fontconfig/3f7329c5293ffd510edef78f73874cfd-le64.cache-6
7f75a0099000-7f75a00a5000 r--s 00000000 08:02 2361605                    /var/cache/fontconfig/d589a48862398ed80a3d6066f4f56f4c-le64.cache-6
7f75a00a5000-7f75a00a6000 r--s 00000000 08:02 2359539                    /var/cache/fontconfig/30829fa25452a46451e813d634d7f916-le64.cache-6
7f75a00a6000-7f75a00a7000 r--s 00000000 08:02 2359529                    /var/cache/fontconfig/0c9eb80ebd1c36541ebe2852d3bb0c49-le64.cache-6
7f75a00a7000-7f75a00a8000 r--s 00000000 08:02 2359536                    /var/cache/fontconfig/22368d551a680bfe5a62c02760edf4ea-le64.cache-6
7f75a00a8000-7f75a00a9000 r--s 00000000 08:02 2359550                    /var/cache/fontconfig/4d9c95eba1cb85bbcf2878543262124a-le64.cache-6
7f75a00a9000-7f75a00b7000 r--s 00000000 08:02 2359570                    /var/cache/fontconfig/9b89f8e3dae116d678bbf48e5f21f69b-le64.cache-6
7f75a00b7000-7f75a00c4000 r--s 00000000 08:02 2365263                    /var/cache/fontconfig/e13b20fdb08344e0e664864cc2ede53d-le64.cache-6
7f75a00c4000-7f75a00c8000 r--s 00000000 08:02 2361864                    /var/cache/fontconfig/7ef2298fde41cc6eeb7af42e48b7d293-le64.cache-6
7f75a00c8000-7f75a00cd000 r--s 0009d000 08:02 6829576                    /usr/lib/jvm/java-8-oracle/jre/lib/jsse.jar
7f75a00cd000-7f75a00d6000 r-xp 00000000 08:02 6823826                    /usr/lib/x86_64-linux-gnu/libXrender.so.1.3.0
7f75a00d6000-7f75a02d5000 ---p 00009000 08:02 6823826                    /usr/lib/x86_64-linux-gnu/libXrender.so.1.3.0
7f75a02d5000-7f75a02d6000 r--p 00008000 08:02 6823826                    /usr/lib/x86_64-linux-gnu/libXrender.so.1.3.0
7f75a02d6000-7f75a02d7000 rw-p 00009000 08:02 6823826                    /usr/lib/x86_64-linux-gnu/libXrender.so.1.3.0
7f75a02d7000-7f75a02dc000 r-xp 00000000 08:02 6823806                    /usr/lib/x86_64-linux-gnu/libXfixes.so.3.1.0
7f75a02dc000-7f75a04db000 ---p 00005000 08:02 6823806                    /usr/lib/x86_64-linux-gnu/libXfixes.so.3.1.0
7f75a04db000-7f75a04dc000 r--p 00004000 08:02 6823806                    /usr/lib/x86_64-linux-gnu/libXfixes.so.3.1.0
7f75a04dc000-7f75a04dd000 rw-p 00005000 08:02 6823806                    /usr/lib/x86_64-linux-gnu/libXfixes.so.3.1.0
7f75a04dd000-7f75a04f3000 r-xp 00000000 08:02 1048582                    /lib/x86_64-linux-gnu/libgcc_s.so.1
7f75a04f3000-7f75a06f2000 ---p 00016000 08:02 1048582                    /lib/x86_64-linux-gnu/libgcc_s.so.1
7f75a06f2000-7f75a06f3000 r--p 00015000 08:02 1048582                    /lib/x86_64-linux-gnu/libgcc_s.so.1
7f75a06f3000-7f75a06f4000 rw-p 00016000 08:02 1048582                    /lib/x86_64-linux-gnu/libgcc_s.so.1
7f75a06f4000-7f75a086c000 r-xp 00000000 08:02 6815930                    /usr/lib/x86_64-linux-gnu/libstdc++.so.6.0.24
7f75a086c000-7f75a0a6b000 ---p 00178000 08:02 6815930                    /usr/lib/x86_64-linux-gnu/libstdc++.so.6.0.24
7f75a0a6b000-7f75a0a75000 r--p 00177000 08:02 6815930                    /usr/lib/x86_64-linux-gnu/libstdc++.so.6.0.24
7f75a0a75000-7f75a0a77000 rw-p 00181000 08:02 6815930                    /usr/lib/x86_64-linux-gnu/libstdc++.so.6.0.24
7f75a0a77000-7f75a0a7a000 rw-p 00000000 00:00 0 
7f75a0a7a000-7f75a0ae7000 r-xp 00000000 08:02 7080044                    /usr/lib/x86_64-linux-gnu/mesa/libGL.so.1.2.0
7f75a0ae7000-7f75a0ce7000 ---p 0006d000 08:02 7080044                    /usr/lib/x86_64-linux-gnu/mesa/libGL.so.1.2.0
7f75a0ce7000-7f75a0cea000 r--p 0006d000 08:02 7080044                    /usr/lib/x86_64-linux-gnu/mesa/libGL.so.1.2.0
7f75a0cea000-7f75a0ceb000 rw-p 00070000 08:02 7080044                    /usr/lib/x86_64-linux-gnu/mesa/libGL.so.1.2.0
7f75a0ceb000-7f75a0cec000 rw-p 00000000 00:00 0 
7f75a0cec000-7f75a0cf1000 r-xp 00000000 08:02 6823842                    /usr/lib/x86_64-linux-gnu/libXxf86vm.so.1.0.0
7f75a0cf1000-7f75a0ef0000 ---p 00005000 08:02 6823842                    /usr/lib/x86_64-linux-gnu/libXxf86vm.so.1.0.0
7f75a0ef0000-7f75a0ef1000 r--p 00004000 08:02 6823842                    /usr/lib/x86_64-linux-gnu/libXxf86vm.so.1.0.0
7f75a0ef1000-7f75a0ef2000 rw-p 00005000 08:02 6823842                    /usr/lib/x86_64-linux-gnu/libXxf86vm.so.1.0.0
7f75a0ef2000-7f75a1026000 r-xp 00000000 08:02 6823787                    /usr/lib/x86_64-linux-gnu/libX11.so.6.3.0
7f75a1026000-7f75a1226000 ---p 00134000 08:02 6823787                    /usr/lib/x86_64-linux-gnu/libX11.so.6.3.0
7f75a1226000-7f75a1227000 r--p 00134000 08:02 6823787                    /usr/lib/x86_64-linux-gnu/libX11.so.6.3.0
7f75a1227000-7f75a122b000 rw-p 00135000 08:02 6823787                    /usr/lib/x86_64-linux-gnu/libX11.so.6.3.0
7f75a122b000-7f75a1230000 r-xp 00000000 08:02 6823832                    /usr/lib/x86_64-linux-gnu/libXtst.so.6.1.0
7f75a1230000-7f75a142f000 ---p 00005000 08:02 6823832                    /usr/lib/x86_64-linux-gnu/libXtst.so.6.1.0
7f75a142f000-7f75a1430000 r--p 00004000 08:02 6823832                    /usr/lib/x86_64-linux-gnu/libXtst.so.6.1.0
7f75a1430000-7f75a1431000 rw-p 00005000 08:02 6823832                    /usr/lib/x86_64-linux-gnu/libXtst.so.6.1.0
7f75a1431000-7f75a1542000 r-xp 00000000 08:02 1053213                    /lib/x86_64-linux-gnu/libglib-2.0.so.0.5400.1
7f75a1542000-7f75a1742000 ---p 00111000 08:02 1053213                    /lib/x86_64-linux-gnu/libglib-2.0.so.0.5400.1
7f75a1742000-7f75a1743000 r--p 00111000 08:02 1053213                    /lib/x86_64-linux-gnu/libglib-2.0.so.0.5400.1
7f75a1743000-7f75a1744000 rw-p 00112000 08:02 1053213                    /lib/x86_64-linux-gnu/libglib-2.0.so.0.5400.1
7f75a1744000-7f75a1745000 rw-p 00000000 00:00 0 
7f75a1745000-7f75a1746000 r-xp 00000000 08:02 6824343                    /usr/lib/x86_64-linux-gnu/libgthread-2.0.so.0.5400.1
7f75a1746000-7f75a1945000 ---p 00001000 08:02 6824343                    /usr/lib/x86_64-linux-gnu/libgthread-2.0.so.0.5400.1
7f75a1945000-7f75a1946000 r--p 00000000 08:02 6824343                    /usr/lib/x86_64-linux-gnu/libgthread-2.0.so.0.5400.1
7f75a1946000-7f75a1947000 rw-p 00001000 08:02 6824343                    /usr/lib/x86_64-linux-gnu/libgthread-2.0.so.0.5400.1
7f75a1947000-7f75a194a000 r-xp 00000000 08:02 6824246                    /usr/lib/x86_64-linux-gnu/libgmodule-2.0.so.0.5400.1
7f75a194a000-7f75a1b49000 ---p 00003000 08:02 6824246                    /usr/lib/x86_64-linux-gnu/libgmodule-2.0.so.0.5400.1
7f75a1b49000-7f75a1b4a000 r--p 00002000 08:02 6824246                    /usr/lib/x86_64-linux-gnu/libgmodule-2.0.so.0.5400.1
7f75a1b4a000-7f75a1b4b000 rw-p 00003000 08:02 6824246                    /usr/lib/x86_64-linux-gnu/libgmodule-2.0.so.0.5400.1
7f75a1b4b000-7f75a1b9d000 r-xp 00000000 08:02 6824272                    /usr/lib/x86_64-linux-gnu/libgobject-2.0.so.0.5400.1
7f75a1b9d000-7f75a1d9d000 ---p 00052000 08:02 6824272                    /usr/lib/x86_64-linux-gnu/libgobject-2.0.so.0.5400.1
7f75a1d9d000-7f75a1d9e000 r--p 00052000 08:02 6824272                    /usr/lib/x86_64-linux-gnu/libgobject-2.0.so.0.5400.1
7f75a1d9e000-7f75a1d9f000 rw-p 00053000 08:02 6824272                    /usr/lib/x86_64-linux-gnu/libgobject-2.0.so.0.5400.1
7f75a1d9f000-7f75a1ddc000 r-xp 00000000 08:02 6824140                    /usr/lib/x86_64-linux-gnu/libfontconfig.so.1.9.0
7f75a1ddc000-7f75a1fdb000 ---p 0003d000 08:02 6824140                    /usr/lib/x86_64-linux-gnu/libfontconfig.so.1.9.0
7f75a1fdb000-7f75a1fdd000 r--p 0003c000 08:02 6824140                    /usr/lib/x86_64-linux-gnu/libfontconfig.so.1.9.0
7f75a1fdd000-7f75a1fe2000 rw-p 0003e000 08:02 6824140                    /usr/lib/x86_64-linux-gnu/libfontconfig.so.1.9.0
7f75a1fe2000-7f75a208e000 r-xp 00000000 08:02 6818071                    /usr/lib/x86_64-linux-gnu/libfreetype.so.6.14.0
7f75a208e000-7f75a228d000 ---p 000ac000 08:02 6818071                    /usr/lib/x86_64-linux-gnu/libfreetype.so.6.14.0
7f75a228d000-7f75a2294000 r--p 000ab000 08:02 6818071                    /usr/lib/x86_64-linux-gnu/libfreetype.so.6.14.0
7f75a2294000-7f75a2295000 rw-p 000b2000 08:02 6818071                    /usr/lib/x86_64-linux-gnu/libfreetype.so.6.14.0
7f75a2295000-7f75a22e0000 r-xp 00000000 08:02 6824641                    /usr/lib/x86_64-linux-gnu/libpango-1.0.so.0.4000.12
7f75a22e0000-7f75a24df000 ---p 0004b000 08:02 6824641                    /usr/lib/x86_64-linux-gnu/libpango-1.0.so.0.4000.12
7f75a24df000-7f75a24e2000 r--p 0004a000 08:02 6824641                    /usr/lib/x86_64-linux-gnu/libpango-1.0.so.0.4000.12
7f75a24e2000-7f75a24e3000 rw-p 0004d000 08:02 6824641                    /usr/lib/x86_64-linux-gnu/libpango-1.0.so.0.4000.12
7f75a24e3000-7f75a25ee000 r-xp 00000000 08:02 6823928                    /usr/lib/x86_64-linux-gnu/libcairo.so.2.11400.10
7f75a25ee000-7f75a27ee000 ---p 0010b000 08:02 6823928                    /usr/lib/x86_64-linux-gnu/libcairo.so.2.11400.10
7f75a27ee000-7f75a27f1000 r--p 0010b000 08:02 6823928                    /usr/lib/x86_64-linux-gnu/libcairo.so.2.11400.10
7f75a27f1000-7f75a27f2000 rw-p 0010e000 08:02 6823928                    /usr/lib/x86_64-linux-gnu/libcairo.so.2.11400.10
7f75a27f2000-7f75a27f4000 rw-p 00000000 00:00 0 
7f75a27f4000-7f75a2800000 r-xp 00000000 08:02 6824643                    /usr/lib/x86_64-linux-gnu/libpangocairo-1.0.so.0.4000.12
7f75a2800000-7f75a29ff000 ---p 0000c000 08:02 6824643                    /usr/lib/x86_64-linux-gnu/libpangocairo-1.0.so.0.4000.12
7f75a29ff000-7f75a2a00000 r--p 0000b000 08:02 6824643                    /usr/lib/x86_64-linux-gnu/libpangocairo-1.0.so.0.4000.12
7f75a2a00000-7f75a2a01000 rw-p 0000c000 08:02 6824643                    /usr/lib/x86_64-linux-gnu/libpangocairo-1.0.so.0.4000.12
7f75a2a01000-7f75a2a23000 r-xp 00000000 08:02 6818073                    /usr/lib/x86_64-linux-gnu/libgdk_pixbuf-2.0.so.0.3611.0
7f75a2a23000-7f75a2c23000 ---p 00022000 08:02 6818073                    /usr/lib/x86_64-linux-gnu/libgdk_pixbuf-2.0.so.0.3611.0
7f75a2c23000-7f75a2c24000 r--p 00022000 08:02 6818073                    /usr/lib/x86_64-linux-gnu/libgdk_pixbuf-2.0.so.0.3611.0
7f75a2c24000-7f75a2c25000 rw-p 00023000 08:02 6818073                    /usr/lib/x86_64-linux-gnu/libgdk_pixbuf-2.0.so.0.3611.0
7f75a2c25000-7f75a2c39000 r-xp 00000000 08:02 6824645                    /usr/lib/x86_64-linux-gnu/libpangoft2-1.0.so.0.4000.12
7f75a2c39000-7f75a2e39000 ---p 00014000 08:02 6824645                    /usr/lib/x86_64-linux-gnu/libpangoft2-1.0.so.0.4000.12
7f75a2e39000-7f75a2e3a000 r--p 00014000 08:02 6824645                    /usr/lib/x86_64-linux-gnu/libpangoft2-1.0.so.0.4000.12
7f75a2e3a000-7f75a2e3b000 rw-p 00015000 08:02 6824645                    /usr/lib/x86_64-linux-gnu/libpangoft2-1.0.so.0.4000.12
7f75a2e3b000-7f75a2fcc000 r-xp 00000000 08:02 6824230                    /usr/lib/x86_64-linux-gnu/libgio-2.0.so.0.5400.1
7f75a2fcc000-7f75a31cc000 ---p 00191000 08:02 6824230                    /usr/lib/x86_64-linux-gnu/libgio-2.0.so.0.5400.1
7f75a31cc000-7f75a31d3000 r--p 00191000 08:02 6824230                    /usr/lib/x86_64-linux-gnu/libgio-2.0.so.0.5400.1
7f75a31d3000-7f75a31d4000 rw-p 00198000 08:02 6824230                    /usr/lib/x86_64-linux-gnu/libgio-2.0.so.0.5400.1
7f75a31d4000-7f75a31d6000 rw-p 00000000 00:00 0 
7f75a31d6000-7f75a31f9000 r-xp 00000000 08:02 6823878                    /usr/lib/x86_64-linux-gnu/libatk-1.0.so.0.22609.1
7f75a31f9000-7f75a33f8000 ---p 00023000 08:02 6823878                    /usr/lib/x86_64-linux-gnu/libatk-1.0.so.0.22609.1
7f75a33f8000-7f75a33fb000 r--p 00022000 08:02 6823878                    /usr/lib/x86_64-linux-gnu/libatk-1.0.so.0.22609.1
7f75a33fb000-7f75a33fc000 rw-p 00025000 08:02 6823878                    /usr/lib/x86_64-linux-gnu/libatk-1.0.so.0.22609.1
7f75a33fc000-7f75a34ab000 r-xp 00000000 08:02 6824208                    /usr/lib/x86_64-linux-gnu/libgdk-x11-2.0.so.0.2400.31
7f75a34ab000-7f75a36ab000 ---p 000af000 08:02 6824208                    /usr/lib/x86_64-linux-gnu/libgdk-x11-2.0.so.0.2400.31
7f75a36ab000-7f75a36af000 r--p 000af000 08:02 6824208                    /usr/lib/x86_64-linux-gnu/libgdk-x11-2.0.so.0.2400.31
7f75a36af000-7f75a36b1000 rw-p 000b3000 08:02 6824208                    /usr/lib/x86_64-linux-gnu/libgdk-x11-2.0.so.0.2400.31
7f75a36b1000-7f75a3ae6000 r-xp 00000000 08:02 6824347                    /usr/lib/x86_64-linux-gnu/libgtk-x11-2.0.so.0.2400.31
7f75a3ae6000-7f75a3ce5000 ---p 00435000 08:02 6824347                    /usr/lib/x86_64-linux-gnu/libgtk-x11-2.0.so.0.2400.31
7f75a3ce5000-7f75a3cec000 r--p 00434000 08:02 6824347                    /usr/lib/x86_64-linux-gnu/libgtk-x11-2.0.so.0.2400.31
7f75a3cec000-7f75a3cf0000 rw-p 0043b000 08:02 6824347                    /usr/lib/x86_64-linux-gnu/libgtk-x11-2.0.so.0.2400.31
7f75a3cf0000-7f75a3cf3000 rw-p 00000000 00:00 0 
7f75a3cf3000-7f75a3cff000 r-xp 00000000 08:02 6829737                    /usr/lib/jvm/java-8-oracle/jre/lib/amd64/libprism_es2.so
7f75a3cff000-7f75a3efe000 ---p 0000c000 08:02 6829737                    /usr/lib/jvm/java-8-oracle/jre/lib/amd64/libprism_es2.so
7f75a3efe000-7f75a3eff000 rw-p 0000b000 08:02 6829737                    /usr/lib/jvm/java-8-oracle/jre/lib/amd64/libprism_es2.so
7f75a3eff000-7f75a3f02000 ---p 00000000 00:00 0 
7f75a3f02000-7f75a4000000 rw-p 00000000 00:00 0 
7f75a4000000-7f75a4021000 rw-p 00000000 00:00 0 
7f75a4021000-7f75a8000000 ---p 00000000 00:00 0 
7f75a8000000-7f75a8021000 rw-p 00000000 00:00 0 
7f75a8021000-7f75ac000000 ---p 00000000 00:00 0 
7f75ac000000-7f75ac3eb000 rw-p 00000000 00:00 0 
7f75ac3eb000-7f75b0000000 ---p 00000000 00:00 0 
7f75b0000000-7f75b0438000 rw-p 00000000 00:00 0 
7f75b0438000-7f75b4000000 ---p 00000000 00:00 0 
7f75b4000000-7f75b4021000 rw-p 00000000 00:00 0 
7f75b4021000-7f75b8000000 ---p 00000000 00:00 0 
7f75b8000000-7f75b84c9000 rw-p 00000000 00:00 0 
7f75b84c9000-7f75bc000000 ---p 00000000 00:00 0 
7f75bc000000-7f75bc021000 rw-p 00000000 00:00 0 
7f75bc021000-7f75c0000000 ---p 00000000 00:00 0 
7f75c0000000-7f75c0021000 rw-p 00000000 00:00 0 
7f75c0021000-7f75c4000000 ---p 00000000 00:00 0 
7f75c4000000-7f75c4021000 rw-p 00000000 00:00 0 
7f75c4021000-7f75c8000000 ---p 00000000 00:00 0 
7f75c8000000-7f75c8021000 rw-p 00000000 00:00 0 
7f75c8021000-7f75cc000000 ---p 00000000 00:00 0 
7f75cc000000-7f75cc021000 rw-p 00000000 00:00 0 
7f75cc021000-7f75d0000000 ---p 00000000 00:00 0 
7f75d0000000-7f75d0021000 rw-p 00000000 00:00 0 
7f75d0021000-7f75d4000000 ---p 00000000 00:00 0 
7f75d4000000-7f75d4021000 rw-p 00000000 00:00 0 
7f75d4021000-7f75d8000000 ---p 00000000 00:00 0 
7f75d8000000-7f75d8001000 r--s 00000000 08:02 2359566                    /var/cache/fontconfig/85e0a52ce643a7ba2ae53e5d6949cead-le64.cache-6
7f75d8001000-7f75d8022000 r--s 00154000 08:02 2234541                    /home/panns/git/Broker-Lite/lib/jersey-bundle-1.18.jar
7f75d8022000-7f75d8027000 r--s 00659000 08:02 2234542                    /home/panns/git/Broker-Lite/lib/sqlite-jdbc-3.21.0.jar
7f75d8027000-7f75d802f000 rw-s 00000000 00:05 85520                      /drm mm object (deleted)
7f75d802f000-7f75d8037000 rw-s 00000000 00:05 85510                      /drm mm object (deleted)
7f75d8037000-7f75d804a000 r--s 00345000 08:02 6829557                    /usr/lib/jvm/java-8-oracle/jre/lib/resources.jar
7f75d804a000-7f75d80e0000 r--s 0110a000 08:02 6829581                    /usr/lib/jvm/java-8-oracle/jre/lib/ext/jfxrt.jar
7f75d80e0000-7f75d80e1000 ---p 00000000 00:00 0 
7f75d80e1000-7f75d81e1000 rw-p 00000000 00:00 0 
7f75d81e1000-7f75d81e4000 ---p 00000000 00:00 0 
7f75d81e4000-7f75d82e2000 rw-p 00000000 00:00 0 
7f75d82e2000-7f75d82e5000 ---p 00000000 00:00 0 
7f75d82e5000-7f75d83e3000 rw-p 00000000 00:00 0 
7f75d83e3000-7f75d83e6000 ---p 00000000 00:00 0 
7f75d83e6000-7f75d84e4000 rw-p 00000000 00:00 0 
7f75d84e4000-7f75d84e7000 ---p 00000000 00:00 0 
7f75d84e7000-7f75d85e5000 rw-p 00000000 00:00 0 
7f75d85e5000-7f75d85e8000 ---p 00000000 00:00 0 
7f75d85e8000-7f75d86e6000 rw-p 00000000 00:00 0 
7f75d86e6000-7f75d89c2000 r--p 00000000 08:02 6818228                    /usr/lib/locale/locale-archive
7f75d89c2000-7f75d89c5000 ---p 00000000 00:00 0 
7f75d89c5000-7f75d8ac3000 rw-p 00000000 00:00 0 
7f75d8ac3000-7f75d8ac6000 ---p 00000000 00:00 0 
7f75d8ac6000-7f75d8bc4000 rw-p 00000000 00:00 0 
7f75d8bc4000-7f75d8bc5000 ---p 00000000 00:00 0 
7f75d8bc5000-7f75d9c86000 rw-p 00000000 00:00 0 
7f75d9c86000-7f75d9e5f000 r--s 03d64000 08:02 6829519                    /usr/lib/jvm/java-8-oracle/jre/lib/rt.jar
7f75d9e5f000-7f75dc660000 rw-p 00000000 00:00 0 
7f75dc660000-7f75dc661000 ---p 00000000 00:00 0 
7f75dc661000-7f75dc761000 rw-p 00000000 00:00 0 
7f75dc761000-7f75dc762000 ---p 00000000 00:00 0 
7f75dc762000-7f75dc862000 rw-p 00000000 00:00 0 
7f75dc862000-7f75dc863000 ---p 00000000 00:00 0 
7f75dc863000-7f75dc963000 rw-p 00000000 00:00 0 
7f75dc963000-7f75dc964000 ---p 00000000 00:00 0 
7f75dc964000-7f75dca78000 rw-p 00000000 00:00 0 
7f75dca78000-7f75dcba0000 ---p 00000000 00:00 0 
7f75dcba0000-7f75dcbab000 rw-p 00000000 00:00 0 
7f75dcbab000-7f75dcc3f000 ---p 00000000 00:00 0 
7f75dcc3f000-7f75dcc58000 rw-p 00000000 00:00 0 
7f75dcc58000-7f75dd000000 ---p 00000000 00:00 0 
7f75dd000000-7f75dd5f0000 rwxp 00000000 00:00 0 
7f75dd5f0000-7f75ec000000 ---p 00000000 00:00 0 
7f75ec000000-7f75ec401000 rw-p 00000000 00:00 0 
7f75ec401000-7f75f0000000 ---p 00000000 00:00 0 
7f75f0000000-7f75f0008000 rw-s 00000000 00:05 85503                      /drm mm object (deleted)
7f75f0008000-7f75f0010000 rw-s 00000000 00:05 85493                      /drm mm object (deleted)
7f75f0010000-7f75f0024000 rw-p 00000000 00:00 0 
7f75f0024000-7f75f014d000 ---p 00000000 00:00 0 
7f75f014d000-7f75f0168000 r-xp 00000000 08:02 6829729                    /usr/lib/jvm/java-8-oracle/jre/lib/amd64/libzip.so
7f75f0168000-7f75f0368000 ---p 0001b000 08:02 6829729                    /usr/lib/jvm/java-8-oracle/jre/lib/amd64/libzip.so
7f75f0368000-7f75f0369000 rw-p 0001b000 08:02 6829729                    /usr/lib/jvm/java-8-oracle/jre/lib/amd64/libzip.so
7f75f0369000-7f75f0374000 r-xp 00000000 08:02 1048670                    /lib/x86_64-linux-gnu/libnss_files-2.26.so
7f75f0374000-7f75f0573000 ---p 0000b000 08:02 1048670                    /lib/x86_64-linux-gnu/libnss_files-2.26.so
7f75f0573000-7f75f0574000 r--p 0000a000 08:02 1048670                    /lib/x86_64-linux-gnu/libnss_files-2.26.so
7f75f0574000-7f75f0575000 rw-p 0000b000 08:02 1048670                    /lib/x86_64-linux-gnu/libnss_files-2.26.so
7f75f0575000-7f75f057b000 rw-p 00000000 00:00 0 
7f75f057b000-7f75f0586000 r-xp 00000000 08:02 1048672                    /lib/x86_64-linux-gnu/libnss_nis-2.26.so
7f75f0586000-7f75f0785000 ---p 0000b000 08:02 1048672                    /lib/x86_64-linux-gnu/libnss_nis-2.26.so
7f75f0785000-7f75f0786000 r--p 0000a000 08:02 1048672                    /lib/x86_64-linux-gnu/libnss_nis-2.26.so
7f75f0786000-7f75f0787000 rw-p 0000b000 08:02 1048672                    /lib/x86_64-linux-gnu/libnss_nis-2.26.so
7f75f0787000-7f75f079e000 r-xp 00000000 08:02 1048667                    /lib/x86_64-linux-gnu/libnsl-2.26.so
7f75f079e000-7f75f099d000 ---p 00017000 08:02 1048667                    /lib/x86_64-linux-gnu/libnsl-2.26.so
7f75f099d000-7f75f099e000 r--p 00016000 08:02 1048667                    /lib/x86_64-linux-gnu/libnsl-2.26.so
7f75f099e000-7f75f099f000 rw-p 00017000 08:02 1048667                    /lib/x86_64-linux-gnu/libnsl-2.26.so
7f75f099f000-7f75f09a1000 rw-p 00000000 00:00 0 
7f75f09a1000-7f75f09a9000 r-xp 00000000 08:02 1048668                    /lib/x86_64-linux-gnu/libnss_compat-2.26.so
7f75f09a9000-7f75f0ba8000 ---p 00008000 08:02 1048668                    /lib/x86_64-linux-gnu/libnss_compat-2.26.so
7f75f0ba8000-7f75f0ba9000 r--p 00007000 08:02 1048668                    /lib/x86_64-linux-gnu/libnss_compat-2.26.so
7f75f0ba9000-7f75f0baa000 rw-p 00008000 08:02 1048668                    /lib/x86_64-linux-gnu/libnss_compat-2.26.so
7f75f0baa000-7f75f0bd5000 r-xp 00000000 08:02 6829723                    /usr/lib/jvm/java-8-oracle/jre/lib/amd64/libjava.so
7f75f0bd5000-7f75f0dd4000 ---p 0002b000 08:02 6829723                    /usr/lib/jvm/java-8-oracle/jre/lib/amd64/libjava.so
7f75f0dd4000-7f75f0dd6000 rw-p 0002a000 08:02 6829723                    /usr/lib/jvm/java-8-oracle/jre/lib/amd64/libjava.so
7f75f0dd6000-7f75f0de3000 r-xp 00000000 08:02 6829728                    /usr/lib/jvm/java-8-oracle/jre/lib/amd64/libverify.so
7f75f0de3000-7f75f0fe3000 ---p 0000d000 08:02 6829728                    /usr/lib/jvm/java-8-oracle/jre/lib/amd64/libverify.so
7f75f0fe3000-7f75f0fe5000 rw-p 0000d000 08:02 6829728                    /usr/lib/jvm/java-8-oracle/jre/lib/amd64/libverify.so
7f75f0fe5000-7f75f0fec000 r-xp 00000000 08:02 1053128                    /lib/x86_64-linux-gnu/librt-2.26.so
7f75f0fec000-7f75f11eb000 ---p 00007000 08:02 1053128                    /lib/x86_64-linux-gnu/librt-2.26.so
7f75f11eb000-7f75f11ec000 r--p 00006000 08:02 1053128                    /lib/x86_64-linux-gnu/librt-2.26.so
7f75f11ec000-7f75f11ed000 rw-p 00007000 08:02 1053128                    /lib/x86_64-linux-gnu/librt-2.26.so
7f75f11ed000-7f75f1342000 r-xp 00000000 08:02 1048664                    /lib/x86_64-linux-gnu/libm-2.26.so
7f75f1342000-7f75f1541000 ---p 00155000 08:02 1048664                    /lib/x86_64-linux-gnu/libm-2.26.so
7f75f1541000-7f75f1542000 r--p 00154000 08:02 1048664                    /lib/x86_64-linux-gnu/libm-2.26.so
7f75f1542000-7f75f1543000 rw-p 00155000 08:02 1048664                    /lib/x86_64-linux-gnu/libm-2.26.so
7f75f1543000-7f75f221c000 r-xp 00000000 08:02 6829706                    /usr/lib/jvm/java-8-oracle/jre/lib/amd64/server/libjvm.so
7f75f221c000-7f75f241b000 ---p 00cd9000 08:02 6829706                    /usr/lib/jvm/java-8-oracle/jre/lib/amd64/server/libjvm.so
7f75f241b000-7f75f24f4000 rw-p 00cd8000 08:02 6829706                    /usr/lib/jvm/java-8-oracle/jre/lib/amd64/server/libjvm.so
7f75f24f4000-7f75f2540000 rw-p 00000000 00:00 0 
7f75f2540000-7f75f2716000 r-xp 00000000 08:02 1048660                    /lib/x86_64-linux-gnu/libc-2.26.so
7f75f2716000-7f75f2916000 ---p 001d6000 08:02 1048660                    /lib/x86_64-linux-gnu/libc-2.26.so
7f75f2916000-7f75f291a000 r--p 001d6000 08:02 1048660                    /lib/x86_64-linux-gnu/libc-2.26.so
7f75f291a000-7f75f291c000 rw-p 001da000 08:02 1048660                    /lib/x86_64-linux-gnu/libc-2.26.so
7f75f291c000-7f75f2920000 rw-p 00000000 00:00 0 
7f75f2920000-7f75f2923000 r-xp 00000000 08:02 1048663                    /lib/x86_64-linux-gnu/libdl-2.26.so
7f75f2923000-7f75f2b22000 ---p 00003000 08:02 1048663                    /lib/x86_64-linux-gnu/libdl-2.26.so
7f75f2b22000-7f75f2b23000 r--p 00002000 08:02 1048663                    /lib/x86_64-linux-gnu/libdl-2.26.so
7f75f2b23000-7f75f2b24000 rw-p 00003000 08:02 1048663                    /lib/x86_64-linux-gnu/libdl-2.26.so
7f75f2b24000-7f75f2b3a000 r-xp 00000000 08:02 7080220                    /usr/lib/jvm/java-8-oracle/lib/amd64/jli/libjli.so
7f75f2b3a000-7f75f2d39000 ---p 00016000 08:02 7080220                    /usr/lib/jvm/java-8-oracle/lib/amd64/jli/libjli.so
7f75f2d39000-7f75f2d3a000 rw-p 00015000 08:02 7080220                    /usr/lib/jvm/java-8-oracle/lib/amd64/jli/libjli.so
7f75f2d3a000-7f75f2d54000 r-xp 00000000 08:02 1053063                    /lib/x86_64-linux-gnu/libpthread-2.26.so
7f75f2d54000-7f75f2f53000 ---p 0001a000 08:02 1053063                    /lib/x86_64-linux-gnu/libpthread-2.26.so
7f75f2f53000-7f75f2f54000 r--p 00019000 08:02 1053063                    /lib/x86_64-linux-gnu/libpthread-2.26.so
7f75f2f54000-7f75f2f55000 rw-p 0001a000 08:02 1053063                    /lib/x86_64-linux-gnu/libpthread-2.26.so
7f75f2f55000-7f75f2f59000 rw-p 00000000 00:00 0 
7f75f2f59000-7f75f2f80000 r-xp 00000000 08:02 1048592                    /lib/x86_64-linux-gnu/ld-2.26.so
7f75f2f80000-7f75f2f81000 r--s 00000000 08:02 2359547                    /var/cache/fontconfig/49f0de54bdd920fe4f0dfd4cbac43e6b-le64.cache-6
7f75f2f81000-7f75f2f82000 r--s 00000000 08:02 2359593                    /var/cache/fontconfig/f6e6e0a5c3d2f6ae0c0c2e0ecd42a997-le64.cache-6
7f75f2f82000-7f75f2f83000 r--s 00000000 08:02 2359548                    /var/cache/fontconfig/4b2eda6bb976bda485cb2176619421d5-le64.cache-6
7f75f2f83000-7f75f2f84000 r--s 00008000 08:02 1316956                    /home/panns/.p2/pool/plugins/org.eclipse.fx.ide.css.jfx8_3.0.0.201705220750.jar
7f75f2f85000-7f75f2f86000 rw-s 00000000 00:05 85512                      /drm mm object (deleted)
7f75f2f86000-7f75f2f8b000 r--s 00084000 08:02 6829436                    /usr/lib/jvm/java-8-oracle/jre/lib/jfr.jar
7f75f2f8b000-7f75f3063000 rw-p 00000000 00:00 0 
7f75f3063000-7f75f3066000 ---p 00000000 00:00 0 
7f75f3066000-7f75f3168000 rw-p 00000000 00:00 0 
7f75f3168000-7f75f3169000 rw-s 00000000 00:05 85495                      /drm mm object (deleted)
7f75f3169000-7f75f316e000 r--s 002f9000 08:02 6829517                    /usr/lib/jvm/java-8-oracle/jre/lib/charsets.jar
7f75f316e000-7f75f3171000 r--s 0001a000 08:02 6829749                    /usr/lib/jvm/java-8-oracle/jre/lib/jce.jar
7f75f3171000-7f75f3176000 r--s 0009d000 08:02 6829576                    /usr/lib/jvm/java-8-oracle/jre/lib/jsse.jar
7f75f3176000-7f75f317e000 rw-s 00000000 08:02 6029443                    /tmp/hsperfdata_panns/2859
7f75f317e000-7f75f317f000 rw-p 00000000 00:00 0 
7f75f317f000-7f75f3180000 ---p 00000000 00:00 0 
7f75f3180000-7f75f3181000 r--p 00027000 08:02 1048592                    /lib/x86_64-linux-gnu/ld-2.26.so
7f75f3181000-7f75f3182000 rw-p 00028000 08:02 1048592                    /lib/x86_64-linux-gnu/ld-2.26.so
7f75f3182000-7f75f3183000 rw-p 00000000 00:00 0 
7fffc829f000-7fffc82c0000 rw-p 00000000 00:00 0                          [stack]
7fffc8395000-7fffc8398000 r--p 00000000 00:00 0                          [vvar]
7fffc8398000-7fffc839a000 r-xp 00000000 00:00 0                          [vdso]
ffffffffff600000-ffffffffff601000 r-xp 00000000 00:00 0                  [vsyscall]

VM Arguments:
jvm_args: -Dfile.encoding=UTF-8 
java_command: brokerlite.Main
java_class_path (initial): /usr/lib/jvm/java-8-oracle/jre/lib/resources.jar:/usr/lib/jvm/java-8-oracle/jre/lib/rt.jar:/usr/lib/jvm/java-8-oracle/jre/lib/jsse.jar:/usr/lib/jvm/java-8-oracle/jre/lib/jce.jar:/usr/lib/jvm/java-8-oracle/jre/lib/charsets.jar:/usr/lib/jvm/java-8-oracle/jre/lib/jfr.jar:/usr/lib/jvm/java-8-oracle/jre/lib/ext/nashorn.jar:/usr/lib/jvm/java-8-oracle/jre/lib/ext/sunjce_provider.jar:/usr/lib/jvm/java-8-oracle/jre/lib/ext/sunec.jar:/usr/lib/jvm/java-8-oracle/jre/lib/ext/localedata.jar:/usr/lib/jvm/java-8-oracle/jre/lib/ext/sunpkcs11.jar:/usr/lib/jvm/java-8-oracle/jre/lib/ext/dnsns.jar:/usr/lib/jvm/java-8-oracle/jre/lib/ext/jfxrt.jar:/usr/lib/jvm/java-8-oracle/jre/lib/ext/zipfs.jar:/usr/lib/jvm/java-8-oracle/jre/lib/ext/jaccess.jar:/usr/lib/jvm/java-8-oracle/jre/lib/ext/cldrdata.jar:/home/panns/git/Broker-Lite/bin:/home/panns/.p2/pool/plugins/org.eclipse.fx.ide.css.jfx8_3.0.0.201705220750.jar:/home/panns/git/Broker-Lite/lib/sqlite-jdbc-3.21.0.jar:/home/panns/git/Broker-Lite/lib/jersey-bundle-1.18.jar
Launcher Type: SUN_STANDARD

Environment Variables:
PATH=/home/panns/.cargo/bin:/usr/local/sbin:/usr/local/bin:/usr/sbin:/usr/bin:/sbin:/bin:/usr/games:/usr/local/games
USERNAME=panns
SHELL=/usr/bin/zsh
DISPLAY=:0

Signal Handlers:
SIGSEGV: [libjvm.so+0xad01e0], sa_mask[0]=11111111011111111101111111111110, sa_flags=SA_RESTART|SA_SIGINFO
SIGBUS: [libjvm.so+0xad01e0], sa_mask[0]=11111111011111111101111111111110, sa_flags=SA_RESTART|SA_SIGINFO
SIGFPE: [libjvm.so+0x927fb0], sa_mask[0]=11111111011111111101111111111110, sa_flags=SA_RESTART|SA_SIGINFO
SIGPIPE: SIG_IGN, sa_mask[0]=00000000000010000000000000000000, sa_flags=SA_RESTART
SIGXFSZ: [libjvm.so+0x927fb0], sa_mask[0]=11111111011111111101111111111110, sa_flags=SA_RESTART|SA_SIGINFO
SIGILL: [libjvm.so+0x927fb0], sa_mask[0]=11111111011111111101111111111110, sa_flags=SA_RESTART|SA_SIGINFO
SIGUSR1: SIG_DFL, sa_mask[0]=00000000000000000000000000000000, sa_flags=none
SIGUSR2: [libjvm.so+0x9297f0], sa_mask[0]=00100000000000000000000000000000, sa_flags=SA_RESTART|SA_SIGINFO
SIGHUP: [libjvm.so+0x92abf0], sa_mask[0]=11111111011111111101111111111110, sa_flags=SA_RESTART|SA_SIGINFO
SIGINT: [libjvm.so+0x92abf0], sa_mask[0]=11111111011111111101111111111110, sa_flags=SA_RESTART|SA_SIGINFO
SIGTERM: [libjvm.so+0x92abf0], sa_mask[0]=11111111011111111101111111111110, sa_flags=SA_RESTART|SA_SIGINFO
SIGQUIT: [libjvm.so+0x92abf0], sa_mask[0]=11111111011111111101111111111110, sa_flags=SA_RESTART|SA_SIGINFO


---------------  S Y S T E M  ---------------

OS:DISTRIB_ID=Ubuntu
DISTRIB_RELEASE=17.10
DISTRIB_CODENAME=artful
DISTRIB_DESCRIPTION="Ubuntu 17.10"

uname:Linux 4.13.0-38-generic #43-Ubuntu SMP Wed Mar 14 15:20:44 UTC 2018 x86_64
libc:glibc 2.26 NPTL 2.26 
rlimit: STACK 8192k, CORE 0k, NPROC 13959, NOFILE 1048576, AS infinity
load average:2.17 1.50 1.14

/proc/meminfo:
MemTotal:        3884676 kB
MemFree:          363020 kB
MemAvailable:     880488 kB
Buffers:           41408 kB
Cached:           872248 kB
SwapCached:         3452 kB
Active:          2592420 kB
Inactive:         730660 kB
Active(anon):    2216924 kB
Inactive(anon):   403808 kB
Active(file):     375496 kB
Inactive(file):   326852 kB
Unevictable:          48 kB
Mlocked:              48 kB
SwapTotal:       2097148 kB
SwapFree:        1808892 kB
Dirty:                36 kB
Writeback:             0 kB
AnonPages:       2406704 kB
Mapped:           494592 kB
Shmem:            308064 kB
Slab:              91036 kB
SReclaimable:      47240 kB
SUnreclaim:        43796 kB
KernelStack:       12656 kB
PageTables:        53328 kB
NFS_Unstable:          0 kB
Bounce:                0 kB
WritebackTmp:          0 kB
CommitLimit:     4039484 kB
Committed_AS:    7836836 kB
VmallocTotal:   34359738367 kB
VmallocUsed:           0 kB
VmallocChunk:          0 kB
HardwareCorrupted:     0 kB
AnonHugePages:         0 kB
ShmemHugePages:        0 kB
ShmemPmdMapped:        0 kB
CmaTotal:              0 kB
CmaFree:               0 kB
HugePages_Total:       0
HugePages_Free:        0
HugePages_Rsvd:        0
HugePages_Surp:        0
Hugepagesize:       2048 kB
DirectMap4k:      121720 kB
DirectMap2M:     3917824 kB
DirectMap1G:           0 kB


CPU:total 4 (initial active 4) (2 cores per cpu, 2 threads per core) family 6 model 78 stepping 3, cmov, cx8, fxsr, mmx, sse, sse2, sse3, ssse3, sse4.1, sse4.2, popcnt, avx, avx2, aes, clmul, erms, 3dnowpref, lzcnt, ht, tsc, tscinvbit, bmi1, bmi2, adx

/proc/cpuinfo:
processor	: 0
vendor_id	: GenuineIntel
cpu family	: 6
model		: 78
model name	: Intel(R) Core(TM) i5-6200U CPU @ 2.30GHz
stepping	: 3
microcode	: 0xc2
cpu MHz		: 2700.395
cache size	: 3072 KB
physical id	: 0
siblings	: 4
core id		: 0
cpu cores	: 2
apicid		: 0
initial apicid	: 0
fpu		: yes
fpu_exception	: yes
cpuid level	: 22
wp		: yes
flags		: fpu vme de pse tsc msr pae mce cx8 apic sep mtrr pge mca cmov pat pse36 clflush dts acpi mmx fxsr sse sse2 ss ht tm pbe syscall nx pdpe1gb rdtscp lm constant_tsc art arch_perfmon pebs bts rep_good nopl xtopology nonstop_tsc cpuid aperfmperf tsc_known_freq pni pclmulqdq dtes64 monitor ds_cpl vmx est tm2 ssse3 sdbg fma cx16 xtpr pdcm pcid sse4_1 sse4_2 x2apic movbe popcnt tsc_deadline_timer aes xsave avx f16c rdrand lahf_lm abm 3dnowprefetch cpuid_fault epb invpcid_single pti retpoline intel_pt rsb_ctxsw spec_ctrl tpr_shadow vnmi flexpriority ept vpid fsgsbase tsc_adjust bmi1 avx2 smep bmi2 erms invpcid mpx rdseed adx smap clflushopt xsaveopt xsavec xgetbv1 xsaves dtherm ida arat pln pts hwp hwp_notify hwp_act_window hwp_epp
bugs		: cpu_meltdown spectre_v1 spectre_v2
bogomips	: 4800.00
clflush size	: 64
cache_alignment	: 64
address sizes	: 39 bits physical, 48 bits virtual
power management:

processor	: 1
vendor_id	: GenuineIntel
cpu family	: 6
model		: 78
model name	: Intel(R) Core(TM) i5-6200U CPU @ 2.30GHz
stepping	: 3
microcode	: 0xc2
cpu MHz		: 2699.998
cache size	: 3072 KB
physical id	: 0
siblings	: 4
core id		: 1
cpu cores	: 2
apicid		: 2
initial apicid	: 2
fpu		: yes
fpu_exception	: yes
cpuid level	: 22
wp		: yes
flags		: fpu vme de pse tsc msr pae mce cx8 apic sep mtrr pge mca cmov pat pse36 clflush dts acpi mmx fxsr sse sse2 ss ht tm pbe syscall nx pdpe1gb rdtscp lm constant_tsc art arch_perfmon pebs bts rep_good nopl xtopology nonstop_tsc cpuid aperfmperf tsc_known_freq pni pclmulqdq dtes64 monitor ds_cpl vmx est tm2 ssse3 sdbg fma cx16 xtpr pdcm pcid sse4_1 sse4_2 x2apic movbe popcnt tsc_deadline_timer aes xsave avx f16c rdrand lahf_lm abm 3dnowprefetch cpuid_fault epb invpcid_single pti retpoline intel_pt rsb_ctxsw spec_ctrl tpr_shadow vnmi flexpriority ept vpid fsgsbase tsc_adjust bmi1 avx2 smep bmi2 erms invpcid mpx rdseed adx smap clflushopt xsaveopt xsavec xgetbv1 xsaves dtherm ida arat pln pts hwp hwp_notify hwp_act_window hwp_epp
bugs		: cpu_meltdown spectre_v1 spectre_v2
bogomips	: 4800.00
clflush size	: 64
cache_alignment	: 64
address sizes	: 39 bits physical, 48 bits virtual
power management:

processor	: 2
vendor_id	: GenuineIntel
cpu family	: 6
model		: 78
model name	: Intel(R) Core(TM) i5-6200U CPU @ 2.30GHz
stepping	: 3
microcode	: 0xc2
cpu MHz		: 2699.968
cache size	: 3072 KB
physical id	: 0
siblings	: 4
core id		: 0
cpu cores	: 2
apicid		: 1
initial apicid	: 1
fpu		: yes
fpu_exception	: yes
cpuid level	: 22
wp		: yes
flags		: fpu vme de pse tsc msr pae mce cx8 apic sep mtrr pge mca cmov pat pse36 clflush dts acpi mmx fxsr sse sse2 ss ht tm pbe syscall nx pdpe1gb rdtscp lm constant_tsc art arch_perfmon pebs bts rep_good nopl xtopology nonstop_tsc cpuid aperfmperf tsc_known_freq pni pclmulqdq dtes64 monitor ds_cpl vmx est tm2 ssse3 sdbg fma cx16 xtpr pdcm pcid sse4_1 sse4_2 x2apic movbe popcnt tsc_deadline_timer aes xsave avx f16c rdrand lahf_lm abm 3dnowprefetch cpuid_fault epb invpcid_single pti retpoline intel_pt rsb_ctxsw spec_ctrl tpr_shadow vnmi flexpriority ept vpid fsgsbase tsc_adjust bmi1 avx2 smep bmi2 erms invpcid mpx rdseed adx smap clflushopt xsaveopt xsavec xgetbv1 xsaves dtherm ida arat pln pts hwp hwp_notify hwp_act_window hwp_epp
bugs		: cpu_meltdown spectre_v1 spectre_v2
bogomips	: 4800.00
clflush size	: 64
cache_alignment	: 64
address sizes	: 39 bits physical, 48 bits virtual
power management:

processor	: 3
vendor_id	: GenuineIntel
cpu family	: 6
model		: 78
model name	: Intel(R) Core(TM) i5-6200U CPU @ 2.30GHz
stepping	: 3
microcode	: 0xc2
cpu MHz		: 2699.959
cache size	: 3072 KB
physical id	: 0
siblings	: 4
core id		: 1
cpu cores	: 2
apicid		: 3
initial apicid	: 3
fpu		: yes
fpu_exception	: yes
cpuid level	: 22
wp		: yes
flags		: fpu vme de pse tsc msr pae mce cx8 apic sep mtrr pge mca cmov pat pse36 clflush dts acpi mmx fxsr sse sse2 ss ht tm pbe syscall nx pdpe1gb rdtscp lm constant_tsc art arch_perfmon pebs bts rep_good nopl xtopology nonstop_tsc cpuid aperfmperf tsc_known_freq pni pclmulqdq dtes64 monitor ds_cpl vmx est tm2 ssse3 sdbg fma cx16 xtpr pdcm pcid sse4_1 sse4_2 x2apic movbe popcnt tsc_deadline_timer aes xsave avx f16c rdrand lahf_lm abm 3dnowprefetch cpuid_fault epb invpcid_single pti retpoline intel_pt rsb_ctxsw spec_ctrl tpr_shadow vnmi flexpriority ept vpid fsgsbase tsc_adjust bmi1 avx2 smep bmi2 erms invpcid mpx rdseed adx smap clflushopt xsaveopt xsavec xgetbv1 xsaves dtherm ida arat pln pts hwp hwp_notify hwp_act_window hwp_epp
bugs		: cpu_meltdown spectre_v1 spectre_v2
bogomips	: 4800.00
clflush size	: 64
cache_alignment	: 64
address sizes	: 39 bits physical, 48 bits virtual
power management:



Memory: 4k page, physical 3884676k(362400k free), swap 2097148k(1808892k free)

vm_info: Java HotSpot(TM) 64-Bit Server VM (25.161-b12) for linux-amd64 JRE (1.8.0_161-b12), built on Dec 19 2017 16:12:43 by "java_re" with gcc 4.3.0 20080428 (Red Hat 4.3.0-8)

time: Tue Apr 17 21:56:23 2018
elapsed time: 4 seconds (0d 0h 0m 4s)

