#
# A fatal error has been detected by the Java Runtime Environment:
#
#  SIGSEGV (0xb) at pc=0x00007efe845dd788, pid=8294, tid=0x00007efe26f84700
#
# JRE version: Java(TM) SE Runtime Environment (8.0_161-b12) (build 1.8.0_161-b12)
# Java VM: Java HotSpot(TM) 64-Bit Server VM (25.161-b12 mixed mode linux-amd64 compressed oops)
# Problematic frame:
# V  [libjvm.so+0x6d7788]  jni_invoke_nonstatic(JNIEnv_*, JavaValue*, _jobject*, JNICallType, _jmethodID*, JNI_ArgumentPusher*, Thread*)+0x38
#
# Failed to write core dump. Core dumps have been disabled. To enable core dumping, try "ulimit -c unlimited" before starting Java again
#
# If you would like to submit a bug report, please visit:
#   http://bugreport.java.com/bugreport/crash.jsp
#

---------------  T H R E A D  ---------------

Current thread (0x00007efe7c269000):  JavaThread "JavaFX Application Thread" [_thread_in_vm, id=8316, stack(0x00007efe26e84000,0x00007efe26f85000)]

siginfo: si_signo: 11 (SIGSEGV), si_code: 128 (SI_KERNEL), si_addr: 0x0000000000000000

Registers:
RAX=0x00007efe26f833f0, RBX=0x00007efe26f83300, RCX=0x0000000000000001, RDX=0x78666176616a4c28
RSP=0x00007efe26f83150, RBP=0x00007efe26f832d0, RSI=0x00007efe26f83360, RDI=0x00007efe7c2691f8
R8 =0x00007efe7c1c2198, R9 =0x00007efe26f83300, R10=0x00007efe18001400, R11=0x00007efe6d60f780
R12=0x00007efe7c269000, R13=0x00007efe7c1c2198, R14=0x0000000000000001, R15=0x00007efe7c2691f8
RIP=0x00007efe845dd788, EFLAGS=0x0000000000010206, CSGSFS=0x002b000000000033, ERR=0x0000000000000000
  TRAPNO=0x000000000000000d

Top of Stack: (sp=0x00007efe26f83150)
0x00007efe26f83150:   00007efe26f83850 00007efe26f83470
0x00007efe26f83160:   00007efe26f831b0 00007efe26f83230
0x00007efe26f83170:   00007efe26f83300 00007efe26f83360
0x00007efe26f83180:   00007efe7c2691f8 00007efe845fd290
0x00007efe26f83190:   00007efe48011cb0 00007efe48011cc0
0x00007efe26f831a0:   00007efe48012098 00000000000003d8
0x00007efe26f831b0:   0000000000000000 00000000ed5104e0
0x00007efe26f831c0:   00007efe0000006f 00007efe0000000a
0x00007efe26f831d0:   00000000ecebb9b8 0000000000000000
0x00007efe26f831e0:   0000000000000000 0000000000000000
0x00007efe26f831f0:   00007efe6cceac30 0000000100000100
0x00007efe26f83200:   0000000000000000 00007efe26f831b8
0x00007efe26f83210:   00007efe26f831f9 0000000800000005
0x00007efe26f83220:   00007efe26f83200 00007efe7c269740
0x00007efe26f83230:   00007efe84e70e70 00007efe85996720
0x00007efe26f83240:   000000007c2696c0 00007efe7c269000
0x00007efe26f83250:   0000000000000000 00007efe845ddb5b
0x00007efe26f83260:   00007efe6ccf4e90 00007efe7c269000
0x00007efe26f83270:   00007efe6ccf4e90 00007efe7c269000
0x00007efe26f83280:   00007efe26f83410 00007efe6ccf4e90
0x00007efe26f83290:   00007efe6ccf4e90 00007efe6ccf4e90
0x00007efe26f832a0:   00007efe48011cb0 00007efe26f83300
0x00007efe26f832b0:   00007efe7c269000 00007efe26f83340
0x00007efe26f832c0:   00007efe7c1c2198 00007efe7c2691f8
0x00007efe26f832d0:   00007efe26f833c0 00007efe845e1f2f
0x00007efe26f832e0:   00007efe7c269000 00007efe5de0a4d4
0x00007efe26f832f0:   00007efe26f833d8 78666176616a4c28
0x00007efe26f83300:   00007efe84e71af0 00007efe85996720
0x00007efe26f83310:   0000000000000000 00007efe00000063
0x00007efe26f83320:   0000000000000000 0000003000000018
0x00007efe26f83330:   00007efe26f834b0 00007efe26f833f0
0x00007efe26f83340:   00007efe7c269000 0000000000000000 

Instructions: (pc=0x00007efe845dd788)
0x00007efe845dd768:   00 00 48 85 d2 48 89 bd b0 fe ff ff 48 89 b5 a8
0x00007efe845dd778:   fe ff ff 4c 89 8d a0 fe ff ff 0f 84 78 09 00 00
0x00007efe845dd788:   4c 8b 22 4d 85 e4 0f 84 6c 09 00 00 48 8b 45 10
0x00007efe845dd798:   48 8b 98 38 01 00 00 48 83 7b 18 f7 0f 87 16 07 

Register to memory mapping:

RAX=0x00007efe26f833f0 is pointing into the stack for thread: 0x00007efe7c269000
RBX=0x00007efe26f83300 is pointing into the stack for thread: 0x00007efe7c269000
RCX=0x0000000000000001 is an unknown value
RDX=0x78666176616a4c28 is an unknown value
RSP=0x00007efe26f83150 is pointing into the stack for thread: 0x00007efe7c269000
RBP=0x00007efe26f832d0 is pointing into the stack for thread: 0x00007efe7c269000
RSI=0x00007efe26f83360 is pointing into the stack for thread: 0x00007efe7c269000
RDI=0x00007efe7c2691f8 is an unknown value
R8 =0x00007efe7c1c2198 is an unknown value
R9 =0x00007efe26f83300 is pointing into the stack for thread: 0x00007efe7c269000
R10=0x00007efe18001400 is an unknown value
R11=0x00007efe6d60f780 is at entry_point+32 in (nmethod*)0x00007efe6d60f610
R12=0x00007efe7c269000 is a thread
R13=0x00007efe7c1c2198 is an unknown value
R14=0x0000000000000001 is an unknown value
R15=0x00007efe7c2691f8 is an unknown value


Stack: [0x00007efe26e84000,0x00007efe26f85000],  sp=0x00007efe26f83150,  free space=1020k
Native frames: (J=compiled Java code, j=interpreted, Vv=VM code, C=native code)
V  [libjvm.so+0x6d7788]  jni_invoke_nonstatic(JNIEnv_*, JavaValue*, _jobject*, JNICallType, _jmethodID*, JNI_ArgumentPusher*, Thread*)+0x38
V  [libjvm.so+0x6dbf2f]  jni_CallVoidMethodV+0x10f
C  [libglass.so+0x18641]  JNIEnv_::CallVoidMethod(_jobject*, _jmethodID*, ...)+0x81
C  [libglass.so+0x14f0f]  WindowContextBase::process_key(_GdkEventKey*)+0x20f
C  [libglass.so+0x19f60]  WindowContextBase::im_filter_keypress(_GdkEventKey*)+0x1c0
C  [libglass.so+0x1a91c]  process_events(_GdkEvent*, void*)+0x22c
C  [libgdk-x11-2.0.so.0+0x5af0c]

Java frames: (J=compiled Java code, j=interpreted, Vv=VM code)
j  com.sun.glass.ui.gtk.GtkApplication._runLoop(Ljava/lang/Runnable;Z)V+0
j  com.sun.glass.ui.gtk.GtkApplication.lambda$null$48(Ljava/lang/Runnable;Z)V+7
j  com.sun.glass.ui.gtk.GtkApplication$$Lambda$41.run()V+12
j  java.lang.Thread.run()V+11
v  ~StubRoutines::call_stub

---------------  P R O C E S S  ---------------

Java Threads: ( => current thread )
  0x00007efe1843d800 JavaThread "Thread-3" daemon [_thread_new, id=8328, stack(0x0000000000000000,0x0000000000000000)]
  0x00007efe180c1000 JavaThread "Prism Font Disposer" daemon [_thread_blocked, id=8318, stack(0x00007efe259ab000,0x00007efe25aac000)]
  0x00007efe7c26c000 JavaThread "JavaFX-Launcher" [_thread_blocked, id=8317, stack(0x00007efe26d83000,0x00007efe26e84000)]
=>0x00007efe7c269000 JavaThread "JavaFX Application Thread" [_thread_in_vm, id=8316, stack(0x00007efe26e84000,0x00007efe26f85000)]
  0x00007efe7c265800 JavaThread "Thread-1" daemon [_thread_blocked, id=8315, stack(0x00007efe26f85000,0x00007efe27086000)]
  0x00007efe7c1a7000 JavaThread "QuantumRenderer-0" daemon [_thread_blocked, id=8314, stack(0x00007efe5e87a000,0x00007efe5e97b000)]
  0x00007efe7c0c2000 JavaThread "Service Thread" daemon [_thread_blocked, id=8312, stack(0x00007efe5eb12000,0x00007efe5ec13000)]
  0x00007efe7c0bf000 JavaThread "C1 CompilerThread2" daemon [_thread_blocked, id=8311, stack(0x00007efe5ec13000,0x00007efe5ed14000)]
  0x00007efe7c0bd800 JavaThread "C2 CompilerThread1" daemon [_thread_in_native, id=8310, stack(0x00007efe5ed14000,0x00007efe5ee15000)]
  0x00007efe7c0ba800 JavaThread "C2 CompilerThread0" daemon [_thread_in_native, id=8309, stack(0x00007efe5ee15000,0x00007efe5ef16000)]
  0x00007efe7c0b9000 JavaThread "Signal Dispatcher" daemon [_thread_blocked, id=8308, stack(0x00007efe5ef16000,0x00007efe5f017000)]
  0x00007efe7c085800 JavaThread "Finalizer" daemon [_thread_blocked, id=8307, stack(0x00007efe5f2f3000,0x00007efe5f3f4000)]
  0x00007efe7c081000 JavaThread "Reference Handler" daemon [_thread_blocked, id=8306, stack(0x00007efe5f3f4000,0x00007efe5f4f5000)]
  0x00007efe7c00b800 JavaThread "main" [_thread_blocked, id=8296, stack(0x00007efe85a26000,0x00007efe85b27000)]

Other Threads:
  0x00007efe7c079800 VMThread [stack: 0x00007efe5f4f5000,0x00007efe5f5f6000] [id=8305]
  0x00007efe7c0c7000 WatcherThread [stack: 0x00007efe5ea11000,0x00007efe5eb12000] [id=8313]

VM state:not at safepoint (normal execution)

VM Mutex/Monitor currently owned by a thread: None

Heap:
 PSYoungGen      total 17920K, used 7596K [0x00000000ec380000, 0x00000000ed780000, 0x0000000100000000)
  eden space 15360K, 32% used [0x00000000ec380000,0x00000000ec873168,0x00000000ed280000)
  from space 2560K, 98% used [0x00000000ed280000,0x00000000ed4f8038,0x00000000ed500000)
  to   space 2560K, 0% used [0x00000000ed500000,0x00000000ed500000,0x00000000ed780000)
 ParOldGen       total 40960K, used 7065K [0x00000000c4a00000, 0x00000000c7200000, 0x00000000ec380000)
  object space 40960K, 17% used [0x00000000c4a00000,0x00000000c50e6540,0x00000000c7200000)
 Metaspace       used 19676K, capacity 20734K, committed 20992K, reserved 1067008K
  class space    used 2796K, capacity 3028K, committed 3072K, reserved 1048576K

Card table byte_map: [0x00007efe82574000,0x00007efe82750000] byte_map_base: 0x00007efe81f4f000

Marking Bits: (ParMarkBitMap*) 0x00007efe84ed5920
 Begin Bits: [0x00007efe80283000, 0x00007efe8115b000)
 End Bits:   [0x00007efe8115b000, 0x00007efe82033000)

Polling page: 0x00007efe85b42000

CodeCache: size=245760Kb used=7926Kb max_used=7926Kb free=237833Kb
 bounds [0x00007efe6d000000, 0x00007efe6d7d0000, 0x00007efe7c000000]
 total_blobs=3299 nmethods=2637 adapters=574
 compilation: enabled

Compilation events (10 events):
Event: 74.944 Thread 0x00007efe7c0bf000 2638       3       javafx.geometry.BoundingBox::<init> (20 bytes)
Event: 74.944 Thread 0x00007efe7c0bf000 nmethod 2638 0x00007efe6d7bb790 code [0x00007efe6d7bb900, 0x00007efe6d7bbaa8]
Event: 74.949 Thread 0x00007efe7c0bf000 2639       3       javafx.beans.property.ReadOnlyObjectWrapper$ReadOnlyPropertyImpl::get (8 bytes)
Event: 74.950 Thread 0x00007efe7c0bf000 nmethod 2639 0x00007efe6d7bbb90 code [0x00007efe6d7bbd00, 0x00007efe6d7bc068]
Event: 74.950 Thread 0x00007efe7c0bf000 2640       3       javafx.scene.CssStyleHelper$CacheContainer::<init> (236 bytes)
Event: 74.952 Thread 0x00007efe7c0bf000 nmethod 2640 0x00007efe6d7bc190 code [0x00007efe6d7bc420, 0x00007efe6d7bd848]
Event: 74.953 Thread 0x00007efe7c0bf000 2642       3       com.sun.javafx.css.StyleManager$Cache$Key::equals (75 bytes)
Event: 74.953 Thread 0x00007efe7c0bf000 nmethod 2642 0x00007efe6d7be210 code [0x00007efe6d7be3c0, 0x00007efe6d7be9f8]
Event: 74.953 Thread 0x00007efe7c0bf000 2641       1       com.sun.javafx.css.StyleMap::getId (5 bytes)
Event: 74.953 Thread 0x00007efe7c0bf000 nmethod 2641 0x00007efe6d7beb90 code [0x00007efe6d7bece0, 0x00007efe6d7bedf0]

GC Heap History (6 events):
Event: 1.619 GC heap before
{Heap before GC invocations=1 (full 0):
 PSYoungGen      total 17920K, used 15360K [0x00000000ec380000, 0x00000000ed780000, 0x0000000100000000)
  eden space 15360K, 100% used [0x00000000ec380000,0x00000000ed280000,0x00000000ed280000)
  from space 2560K, 0% used [0x00000000ed500000,0x00000000ed500000,0x00000000ed780000)
  to   space 2560K, 0% used [0x00000000ed280000,0x00000000ed280000,0x00000000ed500000)
 ParOldGen       total 40960K, used 0K [0x00000000c4a00000, 0x00000000c7200000, 0x00000000ec380000)
  object space 40960K, 0% used [0x00000000c4a00000,0x00000000c4a00000,0x00000000c7200000)
 Metaspace       used 10553K, capacity 10974K, committed 11136K, reserved 1058816K
  class space    used 1290K, capacity 1399K, committed 1408K, reserved 1048576K
Event: 1.628 GC heap after
Heap after GC invocations=1 (full 0):
 PSYoungGen      total 17920K, used 2549K [0x00000000ec380000, 0x00000000ed780000, 0x0000000100000000)
  eden space 15360K, 0% used [0x00000000ec380000,0x00000000ec380000,0x00000000ed280000)
  from space 2560K, 99% used [0x00000000ed280000,0x00000000ed4fd6d8,0x00000000ed500000)
  to   space 2560K, 0% used [0x00000000ed500000,0x00000000ed500000,0x00000000ed780000)
 ParOldGen       total 40960K, used 217K [0x00000000c4a00000, 0x00000000c7200000, 0x00000000ec380000)
  object space 40960K, 0% used [0x00000000c4a00000,0x00000000c4a36490,0x00000000c7200000)
 Metaspace       used 10553K, capacity 10974K, committed 11136K, reserved 1058816K
  class space    used 1290K, capacity 1399K, committed 1408K, reserved 1048576K
}
Event: 2.342 GC heap before
{Heap before GC invocations=2 (full 0):
 PSYoungGen      total 17920K, used 17909K [0x00000000ec380000, 0x00000000ed780000, 0x0000000100000000)
  eden space 15360K, 100% used [0x00000000ec380000,0x00000000ed280000,0x00000000ed280000)
  from space 2560K, 99% used [0x00000000ed280000,0x00000000ed4fd6d8,0x00000000ed500000)
  to   space 2560K, 0% used [0x00000000ed500000,0x00000000ed500000,0x00000000ed780000)
 ParOldGen       total 40960K, used 217K [0x00000000c4a00000, 0x00000000c7200000, 0x00000000ec380000)
  object space 40960K, 0% used [0x00000000c4a00000,0x00000000c4a36490,0x00000000c7200000)
 Metaspace       used 14439K, capacity 15002K, committed 15232K, reserved 1062912K
  class space    used 1933K, capacity 2098K, committed 2176K, reserved 1048576K
Event: 2.348 GC heap after
Heap after GC invocations=2 (full 0):
 PSYoungGen      total 17920K, used 2544K [0x00000000ec380000, 0x00000000ed780000, 0x0000000100000000)
  eden space 15360K, 0% used [0x00000000ec380000,0x00000000ec380000,0x00000000ed280000)
  from space 2560K, 99% used [0x00000000ed500000,0x00000000ed77c030,0x00000000ed780000)
  to   space 2560K, 0% used [0x00000000ed280000,0x00000000ed280000,0x00000000ed500000)
 ParOldGen       total 40960K, used 4594K [0x00000000c4a00000, 0x00000000c7200000, 0x00000000ec380000)
  object space 40960K, 11% used [0x00000000c4a00000,0x00000000c4e7c9c8,0x00000000c7200000)
 Metaspace       used 14439K, capacity 15002K, committed 15232K, reserved 1062912K
  class space    used 1933K, capacity 2098K, committed 2176K, reserved 1048576K
}
Event: 74.734 GC heap before
{Heap before GC invocations=3 (full 0):
 PSYoungGen      total 17920K, used 17904K [0x00000000ec380000, 0x00000000ed780000, 0x0000000100000000)
  eden space 15360K, 100% used [0x00000000ec380000,0x00000000ed280000,0x00000000ed280000)
  from space 2560K, 99% used [0x00000000ed500000,0x00000000ed77c030,0x00000000ed780000)
  to   space 2560K, 0% used [0x00000000ed280000,0x00000000ed280000,0x00000000ed500000)
 ParOldGen       total 40960K, used 4594K [0x00000000c4a00000, 0x00000000c7200000, 0x00000000ec380000)
  object space 40960K, 11% used [0x00000000c4a00000,0x00000000c4e7c9c8,0x00000000c7200000)
 Metaspace       used 18739K, capacity 19498K, committed 19712K, reserved 1067008K
  class space    used 2611K, capacity 2806K, committed 2816K, reserved 1048576K
Event: 74.751 GC heap after
Heap after GC invocations=3 (full 0):
 PSYoungGen      total 17920K, used 2528K [0x00000000ec380000, 0x00000000ed780000, 0x0000000100000000)
  eden space 15360K, 0% used [0x00000000ec380000,0x00000000ec380000,0x00000000ed280000)
  from space 2560K, 98% used [0x00000000ed280000,0x00000000ed4f8038,0x00000000ed500000)
  to   space 2560K, 0% used [0x00000000ed500000,0x00000000ed500000,0x00000000ed780000)
 ParOldGen       total 40960K, used 7065K [0x00000000c4a00000, 0x00000000c7200000, 0x00000000ec380000)
  object space 40960K, 17% used [0x00000000c4a00000,0x00000000c50e6540,0x00000000c7200000)
 Metaspace       used 18739K, capacity 19498K, committed 19712K, reserved 1067008K
  class space    used 2611K, capacity 2806K, committed 2816K, reserved 1048576K
}

Deoptimization events (10 events):
Event: 2.470 Thread 0x00007efe7c269000 Uncommon trap: reason=bimorphic action=maybe_recompile pc=0x00007efe6d390188 method=java.io.DataInputStream.readByte()B @ 4
Event: 2.470 Thread 0x00007efe7c269000 Uncommon trap: reason=bimorphic action=maybe_recompile pc=0x00007efe6d390188 method=java.io.DataInputStream.readByte()B @ 4
Event: 2.470 Thread 0x00007efe7c269000 Uncommon trap: reason=bimorphic action=maybe_recompile pc=0x00007efe6d390188 method=java.io.DataInputStream.readByte()B @ 4
Event: 4.272 Thread 0x00007efe7c269000 Uncommon trap: reason=unstable_if action=reinterpret pc=0x00007efe6d378c3c method=jdk.internal.org.objectweb.asm.Type.getArgumentsAndReturnSizes(Ljava/lang/String;)I @ 47
Event: 5.965 Thread 0x00007efe7c269000 Uncommon trap: reason=unstable_if action=reinterpret pc=0x00007efe6d22d0e0 method=java.lang.CharacterData.of(I)Ljava/lang/CharacterData; @ 4
Event: 74.779 Thread 0x00007efe7c269000 Uncommon trap: reason=unstable_if action=reinterpret pc=0x00007efe6d47e538 method=java.lang.StrictMath.floorOrCeil(DDDD)D @ 38
Event: 74.779 Thread 0x00007efe7c269000 Uncommon trap: reason=class_check action=maybe_recompile pc=0x00007efe6d68d974 method=javafx.scene.Node.updateLocalToParentTransform()V @ 11
Event: 74.837 Thread 0x00007efe7c269000 Uncommon trap: reason=class_check action=maybe_recompile pc=0x00007efe6d68d974 method=javafx.scene.Node.updateLocalToParentTransform()V @ 11
Event: 74.852 Thread 0x00007efe7c269000 Uncommon trap: reason=class_check action=maybe_recompile pc=0x00007efe6d68d974 method=javafx.scene.Node.updateLocalToParentTransform()V @ 11
Event: 74.855 Thread 0x00007efe7c269000 Uncommon trap: reason=class_check action=maybe_recompile pc=0x00007efe6d68d974 method=javafx.scene.Node.updateLocalToParentTransform()V @ 11

Classes redefined (0 events):
No events

Internal exceptions (10 events):
Event: 1.526 Thread 0x00007efe7c269000 Exception <a 'java/lang/NullPointerException'> (0x00000000ed1b1d10) thrown at [/HUDSON/workspace/8-2-build-linux-amd64/jdk8u161/10277/hotspot/src/share/vm/prims/jvm.cpp, line 1394]
Event: 2.134 Thread 0x00007efe7c269000 Exception <a 'java/lang/ArrayIndexOutOfBoundsException'> (0x00000000ec97ac10) thrown at [/HUDSON/workspace/8-2-build-linux-amd64/jdk8u161/10277/hotspot/src/share/vm/runtime/sharedRuntime.cpp, line 605]
Event: 2.134 Thread 0x00007efe7c269000 Exception <a 'java/lang/ArrayIndexOutOfBoundsException'> (0x00000000ec97b910) thrown at [/HUDSON/workspace/8-2-build-linux-amd64/jdk8u161/10277/hotspot/src/share/vm/runtime/sharedRuntime.cpp, line 605]
Event: 2.134 Thread 0x00007efe7c269000 Exception <a 'java/lang/ArrayIndexOutOfBoundsException'> (0x00000000ec97ccb8) thrown at [/HUDSON/workspace/8-2-build-linux-amd64/jdk8u161/10277/hotspot/src/share/vm/runtime/sharedRuntime.cpp, line 605]
Event: 2.172 Thread 0x00007efe7c269000 Exception <a 'java/lang/ArrayIndexOutOfBoundsException'> (0x00000000ecb496d0) thrown at [/HUDSON/workspace/8-2-build-linux-amd64/jdk8u161/10277/hotspot/src/share/vm/runtime/sharedRuntime.cpp, line 605]
Event: 2.195 Thread 0x00007efe7c269000 Implicit null exception at 0x00007efe6d31fbb5 to 0x00007efe6d31fdd9
Event: 2.215 Thread 0x00007efe7c269000 Exception <a 'java/io/FileNotFoundException'> (0x00000000ecd02c58) thrown at [/HUDSON/workspace/8-2-build-linux-amd64/jdk8u161/10277/hotspot/src/share/vm/prims/jni.cpp, line 709]
Event: 74.650 Thread 0x00007efe7c269000 Exception <a 'java/lang/ArrayIndexOutOfBoundsException'> (0x00000000ecfedeb0) thrown at [/HUDSON/workspace/8-2-build-linux-amd64/jdk8u161/10277/hotspot/src/share/vm/runtime/sharedRuntime.cpp, line 605]
Event: 74.657 Thread 0x00007efe7c269000 Exception <a 'java/lang/ArrayIndexOutOfBoundsException'> (0x00000000ecff1bb0) thrown at [/HUDSON/workspace/8-2-build-linux-amd64/jdk8u161/10277/hotspot/src/share/vm/runtime/sharedRuntime.cpp, line 605]
Event: 74.780 Thread 0x00007efe7c269000 Exception <a 'java/io/FileNotFoundException'> (0x00000000ec3cf028) thrown at [/HUDSON/workspace/8-2-build-linux-amd64/jdk8u161/10277/hotspot/src/share/vm/prims/jni.cpp, line 709]

Events (10 events):
Event: 74.934 loading class com/sun/javafx/scene/control/skin/ProgressBarSkin$StyleableProperties$3 done
Event: 74.934 loading class com/sun/javafx/scene/control/skin/ProgressBarSkin$StyleableProperties$4
Event: 74.934 loading class com/sun/javafx/scene/control/skin/ProgressBarSkin$StyleableProperties$4 done
Event: 74.942 loading class javafx/scene/Node$NodeTransformation$10
Event: 74.942 loading class javafx/scene/Node$NodeTransformation$10 done
Event: 74.942 loading class com/sun/javafx/scene/control/skin/TabPaneSkin$3
Event: 74.942 loading class com/sun/javafx/scene/control/skin/TabPaneSkin$3 done
Event: 74.952 loading class brokerlite/MainPageController$1
Event: 74.952 loading class brokerlite/MainPageController$1 done
Event: 74.953 Thread 0x00007efe1843d800 Thread added: 0x00007efe1843d800


Dynamic libraries:
00400000-00401000 r-xp 00000000 08:02 6829286                            /usr/lib/jvm/java-8-oracle/bin/java
00600000-00601000 rw-p 00000000 08:02 6829286                            /usr/lib/jvm/java-8-oracle/bin/java
01f00000-01f21000 rw-p 00000000 00:00 0                                  [heap]
c4a00000-c7200000 rw-p 00000000 00:00 0 
c7200000-ec380000 ---p 00000000 00:00 0 
ec380000-ed780000 rw-p 00000000 00:00 0 
ed780000-100000000 ---p 00000000 00:00 0 
100000000-100300000 rw-p 00000000 00:00 0 
100300000-140000000 ---p 00000000 00:00 0 
7efe10000000-7efe10021000 rw-p 00000000 00:00 0 
7efe10021000-7efe14000000 ---p 00000000 00:00 0 
7efe18000000-7efe18708000 rw-p 00000000 00:00 0 
7efe18708000-7efe1c000000 ---p 00000000 00:00 0 
7efe1c000000-7efe1c021000 rw-p 00000000 00:00 0 
7efe1c021000-7efe20000000 ---p 00000000 00:00 0 
7efe20000000-7efe20021000 rw-p 00000000 00:00 0 
7efe20021000-7efe24000000 ---p 00000000 00:00 0 
7efe249f9000-7efe24afa000 rw-p 00000000 00:00 0 
7efe24afa000-7efe24b02000 rw-s 00000000 00:05 124116                     /drm mm object (deleted)
7efe24b02000-7efe24b05000 rw-s 00000000 00:05 123095                     /drm mm object (deleted)
7efe24b0a000-7efe24b0b000 rw-s 00000000 00:05 123146                     /drm mm object (deleted)
7efe24b0b000-7efe24b1b000 rw-s 00000000 00:05 122323                     /drm mm object (deleted)
7efe24b1b000-7efe24b1d000 rw-s 00000000 00:05 122320                     /drm mm object (deleted)
7efe24b1d000-7efe24c9d000 rw-p 00000000 00:00 0 
7efe24c9d000-7efe24d1d000 ---p 00000000 00:00 0 
7efe24d1d000-7efe24d21000 rw-s 00000000 00:05 124063                     /drm mm object (deleted)
7efe24d21000-7efe24d23000 rw-s 00000000 00:05 121686                     /drm mm object (deleted)
7efe24d23000-7efe24d25000 rw-s 00000000 00:05 122329                     /drm mm object (deleted)
7efe24d25000-7efe24d27000 rw-s 00000000 00:05 122328                     /drm mm object (deleted)
7efe24d27000-7efe24d2f000 rw-s 00000000 00:05 123113                     /drm mm object (deleted)
7efe24d2f000-7efe24d31000 rw-s 00000000 00:05 121683                     /drm mm object (deleted)
7efe24d31000-7efe24ef1000 rw-s 1083bc000 00:06 328                       /dev/dri/card0
7efe24ef1000-7efe24f51000 rw-s 00000000 00:05 123091                     /drm mm object (deleted)
7efe24f51000-7efe24f5f000 rw-s 00000000 00:05 123089                     /drm mm object (deleted)
7efe24f5f000-7efe2511f000 rw-s 00000000 00:05 123071                     /drm mm object (deleted)
7efe2511f000-7efe2512f000 rw-s 00000000 00:05 122310                     /drm mm object (deleted)
7efe2512f000-7efe2572f000 rw-s 107dbc000 00:06 328                       /dev/dri/card0
7efe2572f000-7efe2573f000 rw-s 00000000 00:05 121668                     /drm mm object (deleted)
7efe2573f000-7efe2574b000 rw-s 00000000 00:05 124016                     /drm mm object (deleted)
7efe2574b000-7efe257ab000 rw-s 00000000 00:05 1572867                    /SYSV00000000 (deleted)
7efe257ab000-7efe259ab000 rw-p 00000000 00:00 0 
7efe259ab000-7efe259ae000 ---p 00000000 00:00 0 
7efe259ae000-7efe25aac000 rw-p 00000000 00:00 0 
7efe25aac000-7efe25b65000 r--p 00000000 08:02 264212                     /usr/share/fonts/truetype/dejavu/DejaVuSans.ttf
7efe25b65000-7efe25b9b000 r-xp 00000000 08:02 6829730                    /usr/lib/jvm/java-8-oracle/jre/lib/amd64/libjavafx_iio.so
7efe25b9b000-7efe25d9a000 ---p 00036000 08:02 6829730                    /usr/lib/jvm/java-8-oracle/jre/lib/amd64/libjavafx_iio.so
7efe25d9a000-7efe25d9b000 rw-p 00035000 08:02 6829730                    /usr/lib/jvm/java-8-oracle/jre/lib/amd64/libjavafx_iio.so
7efe25d9b000-7efe25f9b000 rw-p 00000000 00:00 0 
7efe25f9b000-7efe25faf000 r--p 00000000 08:02 6829448                    /usr/lib/jvm/java-8-oracle/jre/lib/fonts/LucidaBrightItalic.ttf
7efe25faf000-7efe25fc2000 r--p 00000000 08:02 6829453                    /usr/lib/jvm/java-8-oracle/jre/lib/fonts/LucidaBrightDemiItalic.ttf
7efe25fc2000-7efe25ffc000 r--p 00000000 08:02 6829455                    /usr/lib/jvm/java-8-oracle/jre/lib/fonts/LucidaTypewriterBold.ttf
7efe25ffc000-7efe26038000 r--p 00000000 08:02 6829454                    /usr/lib/jvm/java-8-oracle/jre/lib/fonts/LucidaTypewriterRegular.ttf
7efe26038000-7efe2608d000 r--p 00000000 08:02 6829450                    /usr/lib/jvm/java-8-oracle/jre/lib/fonts/LucidaBrightRegular.ttf
7efe2608d000-7efe26091000 r-xp 00000000 08:02 6829684                    /usr/lib/jvm/java-8-oracle/jre/lib/amd64/libjavafx_font_pango.so
7efe26091000-7efe26290000 ---p 00004000 08:02 6829684                    /usr/lib/jvm/java-8-oracle/jre/lib/amd64/libjavafx_font_pango.so
7efe26290000-7efe26291000 rw-p 00003000 08:02 6829684                    /usr/lib/jvm/java-8-oracle/jre/lib/amd64/libjavafx_font_pango.so
7efe26291000-7efe26296000 r-xp 00000000 08:02 6829687                    /usr/lib/jvm/java-8-oracle/jre/lib/amd64/libjavafx_font_freetype.so
7efe26296000-7efe26495000 ---p 00005000 08:02 6829687                    /usr/lib/jvm/java-8-oracle/jre/lib/amd64/libjavafx_font_freetype.so
7efe26495000-7efe26496000 rw-p 00004000 08:02 6829687                    /usr/lib/jvm/java-8-oracle/jre/lib/amd64/libjavafx_font_freetype.so
7efe26496000-7efe26499000 r-xp 00000000 08:02 6829734                    /usr/lib/jvm/java-8-oracle/jre/lib/amd64/libjavafx_font.so
7efe26499000-7efe26698000 ---p 00003000 08:02 6829734                    /usr/lib/jvm/java-8-oracle/jre/lib/amd64/libjavafx_font.so
7efe26698000-7efe26699000 rw-p 00002000 08:02 6829734                    /usr/lib/jvm/java-8-oracle/jre/lib/amd64/libjavafx_font.so
7efe26699000-7efe26899000 rw-p 00000000 00:00 0 
7efe26899000-7efe2697e000 r-xp 00000000 08:02 6029449                    /tmp/sqlite-3.21.0-b1df8493-bc6d-4f87-86f3-9f49b86a032b-libsqlitejdbc.so
7efe2697e000-7efe26b7d000 ---p 000e5000 08:02 6029449                    /tmp/sqlite-3.21.0-b1df8493-bc6d-4f87-86f3-9f49b86a032b-libsqlitejdbc.so
7efe26b7d000-7efe26b82000 rw-p 000e4000 08:02 6029449                    /tmp/sqlite-3.21.0-b1df8493-bc6d-4f87-86f3-9f49b86a032b-libsqlitejdbc.so
7efe26b82000-7efe26d83000 rw-p 00000000 00:00 0 
7efe26d83000-7efe26d86000 ---p 00000000 00:00 0 
7efe26d86000-7efe26e84000 rw-p 00000000 00:00 0 
7efe26e84000-7efe26e87000 ---p 00000000 00:00 0 
7efe26e87000-7efe26f85000 rw-p 00000000 00:00 0 
7efe26f85000-7efe26f88000 ---p 00000000 00:00 0 
7efe26f88000-7efe27086000 rw-p 00000000 00:00 0 
7efe27086000-7efe2708d000 r-xp 00000000 08:02 6824616                    /usr/lib/x86_64-linux-gnu/libogg.so.0.8.2
7efe2708d000-7efe2728d000 ---p 00007000 08:02 6824616                    /usr/lib/x86_64-linux-gnu/libogg.so.0.8.2
7efe2728d000-7efe2728e000 r--p 00007000 08:02 6824616                    /usr/lib/x86_64-linux-gnu/libogg.so.0.8.2
7efe2728e000-7efe2728f000 rw-p 00008000 08:02 6824616                    /usr/lib/x86_64-linux-gnu/libogg.so.0.8.2
7efe2728f000-7efe272b9000 r-xp 00000000 08:02 6817038                    /usr/lib/x86_64-linux-gnu/libvorbis.so.0.4.8
7efe272b9000-7efe274b8000 ---p 0002a000 08:02 6817038                    /usr/lib/x86_64-linux-gnu/libvorbis.so.0.4.8
7efe274b8000-7efe274b9000 r--p 00029000 08:02 6817038                    /usr/lib/x86_64-linux-gnu/libvorbis.so.0.4.8
7efe274b9000-7efe274ba000 rw-p 0002a000 08:02 6817038                    /usr/lib/x86_64-linux-gnu/libvorbis.so.0.4.8
7efe274ba000-7efe274c3000 r-xp 00000000 08:02 6824510                    /usr/lib/x86_64-linux-gnu/libltdl.so.7.3.1
7efe274c3000-7efe276c2000 ---p 00009000 08:02 6824510                    /usr/lib/x86_64-linux-gnu/libltdl.so.7.3.1
7efe276c2000-7efe276c3000 r--p 00008000 08:02 6824510                    /usr/lib/x86_64-linux-gnu/libltdl.so.7.3.1
7efe276c3000-7efe276c4000 rw-p 00009000 08:02 6824510                    /usr/lib/x86_64-linux-gnu/libltdl.so.7.3.1
7efe276c4000-7efe276d8000 r-xp 00000000 08:02 6824845                    /usr/lib/x86_64-linux-gnu/libtdb.so.1.3.13
7efe276d8000-7efe278d8000 ---p 00014000 08:02 6824845                    /usr/lib/x86_64-linux-gnu/libtdb.so.1.3.13
7efe278d8000-7efe278d9000 r--p 00014000 08:02 6824845                    /usr/lib/x86_64-linux-gnu/libtdb.so.1.3.13
7efe278d9000-7efe278da000 rw-p 00015000 08:02 6824845                    /usr/lib/x86_64-linux-gnu/libtdb.so.1.3.13
7efe278da000-7efe278e1000 r-xp 00000000 08:02 6816426                    /usr/lib/x86_64-linux-gnu/libvorbisfile.so.3.3.7
7efe278e1000-7efe27ae0000 ---p 00007000 08:02 6816426                    /usr/lib/x86_64-linux-gnu/libvorbisfile.so.3.3.7
7efe27ae0000-7efe27ae1000 r--p 00006000 08:02 6816426                    /usr/lib/x86_64-linux-gnu/libvorbisfile.so.3.3.7
7efe27ae1000-7efe27ae2000 rw-p 00007000 08:02 6816426                    /usr/lib/x86_64-linux-gnu/libvorbisfile.so.3.3.7
7efe27ae2000-7efe27af2000 r-xp 00000000 08:02 6823938                    /usr/lib/x86_64-linux-gnu/libcanberra.so.0.2.5
7efe27af2000-7efe27cf2000 ---p 00010000 08:02 6823938                    /usr/lib/x86_64-linux-gnu/libcanberra.so.0.2.5
7efe27cf2000-7efe27cf3000 r--p 00010000 08:02 6823938                    /usr/lib/x86_64-linux-gnu/libcanberra.so.0.2.5
7efe27cf3000-7efe27cf4000 rw-p 00011000 08:02 6823938                    /usr/lib/x86_64-linux-gnu/libcanberra.so.0.2.5
7efe27cf4000-7efe27cf8000 r-xp 00000000 08:02 6823934                    /usr/lib/x86_64-linux-gnu/libcanberra-gtk.so.0.1.9
7efe27cf8000-7efe27ef7000 ---p 00004000 08:02 6823934                    /usr/lib/x86_64-linux-gnu/libcanberra-gtk.so.0.1.9
7efe27ef7000-7efe27ef8000 r--p 00003000 08:02 6823934                    /usr/lib/x86_64-linux-gnu/libcanberra-gtk.so.0.1.9
7efe27ef8000-7efe27ef9000 rw-p 00004000 08:02 6823934                    /usr/lib/x86_64-linux-gnu/libcanberra-gtk.so.0.1.9
7efe27ef9000-7efe27efe000 r-xp 00000000 08:02 7080675                    /usr/lib/x86_64-linux-gnu/gtk-2.0/modules/libcanberra-gtk-module.so
7efe27efe000-7efe280fd000 ---p 00005000 08:02 7080675                    /usr/lib/x86_64-linux-gnu/gtk-2.0/modules/libcanberra-gtk-module.so
7efe280fd000-7efe280fe000 r--p 00004000 08:02 7080675                    /usr/lib/x86_64-linux-gnu/gtk-2.0/modules/libcanberra-gtk-module.so
7efe280fe000-7efe280ff000 rw-p 00005000 08:02 7080675                    /usr/lib/x86_64-linux-gnu/gtk-2.0/modules/libcanberra-gtk-module.so
7efe280ff000-7efe2812f000 r-xp 00000000 08:02 7080657                    /usr/lib/x86_64-linux-gnu/gtk-2.0/2.10.0/engines/libmurrine.so
7efe2812f000-7efe2832f000 ---p 00030000 08:02 7080657                    /usr/lib/x86_64-linux-gnu/gtk-2.0/2.10.0/engines/libmurrine.so
7efe2832f000-7efe28330000 r--p 00030000 08:02 7080657                    /usr/lib/x86_64-linux-gnu/gtk-2.0/2.10.0/engines/libmurrine.so
7efe28330000-7efe28331000 rw-p 00031000 08:02 7080657                    /usr/lib/x86_64-linux-gnu/gtk-2.0/2.10.0/engines/libmurrine.so
7efe28331000-7efe2835a000 r-xp 00000000 08:02 6829709                    /usr/lib/jvm/java-8-oracle/jre/lib/amd64/libglass.so
7efe2835a000-7efe28559000 ---p 00029000 08:02 6829709                    /usr/lib/jvm/java-8-oracle/jre/lib/amd64/libglass.so
7efe28559000-7efe2855c000 rw-p 00028000 08:02 6829709                    /usr/lib/jvm/java-8-oracle/jre/lib/amd64/libglass.so
7efe2855c000-7efe28594000 r-xp 00000000 08:02 7082621                    /usr/lib/x86_64-linux-gnu/s2tc/libtxc_dxtn.so
7efe28594000-7efe28794000 ---p 00038000 08:02 7082621                    /usr/lib/x86_64-linux-gnu/s2tc/libtxc_dxtn.so
7efe28794000-7efe28795000 r--p 00038000 08:02 7082621                    /usr/lib/x86_64-linux-gnu/s2tc/libtxc_dxtn.so
7efe28795000-7efe28796000 rw-p 00039000 08:02 7082621                    /usr/lib/x86_64-linux-gnu/s2tc/libtxc_dxtn.so
7efe28796000-7efe2879e000 r-xp 00000000 08:02 6824657                    /usr/lib/x86_64-linux-gnu/libpciaccess.so.0.11.1
7efe2879e000-7efe2899d000 ---p 00008000 08:02 6824657                    /usr/lib/x86_64-linux-gnu/libpciaccess.so.0.11.1
7efe2899d000-7efe2899e000 r--p 00007000 08:02 6824657                    /usr/lib/x86_64-linux-gnu/libpciaccess.so.0.11.1
7efe2899e000-7efe2899f000 rw-p 00008000 08:02 6824657                    /usr/lib/x86_64-linux-gnu/libpciaccess.so.0.11.1
7efe2899f000-7efe289aa000 r-xp 00000000 08:02 6824062                    /usr/lib/x86_64-linux-gnu/libdrm_radeon.so.1.0.1
7efe289aa000-7efe28ba9000 ---p 0000b000 08:02 6824062                    /usr/lib/x86_64-linux-gnu/libdrm_radeon.so.1.0.1
7efe28ba9000-7efe28baa000 r--p 0000a000 08:02 6824062                    /usr/lib/x86_64-linux-gnu/libdrm_radeon.so.1.0.1
7efe28baa000-7efe28bab000 rw-p 0000b000 08:02 6824062                    /usr/lib/x86_64-linux-gnu/libdrm_radeon.so.1.0.1
7efe28bab000-7efe28bb2000 r-xp 00000000 08:02 6824060                    /usr/lib/x86_64-linux-gnu/libdrm_nouveau.so.2.0.0
7efe28bb2000-7efe28db1000 ---p 00007000 08:02 6824060                    /usr/lib/x86_64-linux-gnu/libdrm_nouveau.so.2.0.0
7efe28db1000-7efe28db2000 r--p 00006000 08:02 6824060                    /usr/lib/x86_64-linux-gnu/libdrm_nouveau.so.2.0.0
7efe28db2000-7efe28db3000 rw-p 00007000 08:02 6824060                    /usr/lib/x86_64-linux-gnu/libdrm_nouveau.so.2.0.0
7efe28db3000-7efe28dd5000 r-xp 00000000 08:02 6824058                    /usr/lib/x86_64-linux-gnu/libdrm_intel.so.1.0.0
7efe28dd5000-7efe28fd4000 ---p 00022000 08:02 6824058                    /usr/lib/x86_64-linux-gnu/libdrm_intel.so.1.0.0
7efe28fd4000-7efe28fd5000 r--p 00021000 08:02 6824058                    /usr/lib/x86_64-linux-gnu/libdrm_intel.so.1.0.0
7efe28fd5000-7efe28fd6000 rw-p 00022000 08:02 6824058                    /usr/lib/x86_64-linux-gnu/libdrm_intel.so.1.0.0
7efe28fd6000-7efe297b1000 r-xp 00000000 08:02 7080048                    /usr/lib/x86_64-linux-gnu/dri/i965_dri.so
7efe297b1000-7efe299b1000 ---p 007db000 08:02 7080048                    /usr/lib/x86_64-linux-gnu/dri/i965_dri.so
7efe299b1000-7efe29a01000 r--p 007db000 08:02 7080048                    /usr/lib/x86_64-linux-gnu/dri/i965_dri.so
7efe29a01000-7efe29a0a000 rw-p 0082b000 08:02 7080048                    /usr/lib/x86_64-linux-gnu/dri/i965_dri.so
7efe29a0a000-7efe29a71000 rw-p 00000000 00:00 0 
7efe29a71000-7efe29a84000 r-xp 00000000 08:02 1053167                    /lib/x86_64-linux-gnu/libbsd.so.0.8.6
7efe29a84000-7efe29c83000 ---p 00013000 08:02 1053167                    /lib/x86_64-linux-gnu/libbsd.so.0.8.6
7efe29c83000-7efe29c84000 r--p 00012000 08:02 1053167                    /lib/x86_64-linux-gnu/libbsd.so.0.8.6
7efe29c84000-7efe29c85000 rw-p 00013000 08:02 1053167                    /lib/x86_64-linux-gnu/libbsd.so.0.8.6
7efe29c85000-7efe29c86000 rw-p 00000000 00:00 0 
7efe29c86000-7efe29c8a000 r-xp 00000000 08:02 1053144                    /lib/x86_64-linux-gnu/libuuid.so.1.3.0
7efe29c8a000-7efe29e89000 ---p 00004000 08:02 1053144                    /lib/x86_64-linux-gnu/libuuid.so.1.3.0
7efe29e89000-7efe29e8a000 r--p 00003000 08:02 1053144                    /lib/x86_64-linux-gnu/libuuid.so.1.3.0
7efe29e8a000-7efe29e8b000 rw-p 00004000 08:02 1053144                    /lib/x86_64-linux-gnu/libuuid.so.1.3.0
7efe29e8b000-7efe29e91000 r-xp 00000000 08:02 6824015                    /usr/lib/x86_64-linux-gnu/libdatrie.so.1.3.3
7efe29e91000-7efe2a090000 ---p 00006000 08:02 6824015                    /usr/lib/x86_64-linux-gnu/libdatrie.so.1.3.3
7efe2a090000-7efe2a091000 r--p 00005000 08:02 6824015                    /usr/lib/x86_64-linux-gnu/libdatrie.so.1.3.3
7efe2a091000-7efe2a092000 rw-p 00006000 08:02 6824015                    /usr/lib/x86_64-linux-gnu/libdatrie.so.1.3.3
7efe2a092000-7efe2a097000 r-xp 00000000 08:02 6823802                    /usr/lib/x86_64-linux-gnu/libXdmcp.so.6.0.0
7efe2a097000-7efe2a296000 ---p 00005000 08:02 6823802                    /usr/lib/x86_64-linux-gnu/libXdmcp.so.6.0.0
7efe2a296000-7efe2a297000 r--p 00004000 08:02 6823802                    /usr/lib/x86_64-linux-gnu/libXdmcp.so.6.0.0
7efe2a297000-7efe2a298000 rw-p 00005000 08:02 6823802                    /usr/lib/x86_64-linux-gnu/libXdmcp.so.6.0.0
7efe2a298000-7efe2a29a000 r-xp 00000000 08:02 6823791                    /usr/lib/x86_64-linux-gnu/libXau.so.6.0.0
7efe2a29a000-7efe2a49a000 ---p 00002000 08:02 6823791                    /usr/lib/x86_64-linux-gnu/libXau.so.6.0.0
7efe2a49a000-7efe2a49b000 r--p 00002000 08:02 6823791                    /usr/lib/x86_64-linux-gnu/libXau.so.6.0.0
7efe2a49b000-7efe2a49c000 rw-p 00003000 08:02 6823791                    /usr/lib/x86_64-linux-gnu/libXau.so.6.0.0
7efe2a49c000-7efe2a4c7000 r-xp 00000000 08:02 6824291                    /usr/lib/x86_64-linux-gnu/libgraphite2.so.3.0.1
7efe2a4c7000-7efe2a6c6000 ---p 0002b000 08:02 6824291                    /usr/lib/x86_64-linux-gnu/libgraphite2.so.3.0.1
7efe2a6c6000-7efe2a6c8000 r--p 0002a000 08:02 6824291                    /usr/lib/x86_64-linux-gnu/libgraphite2.so.3.0.1
7efe2a6c8000-7efe2a6c9000 rw-p 0002c000 08:02 6824291                    /usr/lib/x86_64-linux-gnu/libgraphite2.so.3.0.1
7efe2a6c9000-7efe2a70d000 r-xp 00000000 08:02 1053146                    /lib/x86_64-linux-gnu/libblkid.so.1.1.0
7efe2a70d000-7efe2a90d000 ---p 00044000 08:02 1053146                    /lib/x86_64-linux-gnu/libblkid.so.1.1.0
7efe2a90d000-7efe2a911000 r--p 00044000 08:02 1053146                    /lib/x86_64-linux-gnu/libblkid.so.1.1.0
7efe2a911000-7efe2a912000 rw-p 00048000 08:02 1053146                    /lib/x86_64-linux-gnu/libblkid.so.1.1.0
7efe2a912000-7efe2a913000 rw-p 00000000 00:00 0 
7efe2a913000-7efe2a923000 r-xp 00000000 08:02 6824054                    /usr/lib/x86_64-linux-gnu/libdrm.so.2.4.0
7efe2a923000-7efe2ab22000 ---p 00010000 08:02 6824054                    /usr/lib/x86_64-linux-gnu/libdrm.so.2.4.0
7efe2ab22000-7efe2ab23000 r--p 0000f000 08:02 6824054                    /usr/lib/x86_64-linux-gnu/libdrm.so.2.4.0
7efe2ab23000-7efe2ab24000 rw-p 00010000 08:02 6824054                    /usr/lib/x86_64-linux-gnu/libdrm.so.2.4.0
7efe2ab24000-7efe2ab28000 r-xp 00000000 08:02 6825002                    /usr/lib/x86_64-linux-gnu/libxcb-dri2.so.0.0.0
7efe2ab28000-7efe2ad27000 ---p 00004000 08:02 6825002                    /usr/lib/x86_64-linux-gnu/libxcb-dri2.so.0.0.0
7efe2ad27000-7efe2ad28000 r--p 00003000 08:02 6825002                    /usr/lib/x86_64-linux-gnu/libxcb-dri2.so.0.0.0
7efe2ad28000-7efe2ad29000 rw-p 00004000 08:02 6825002                    /usr/lib/x86_64-linux-gnu/libxcb-dri2.so.0.0.0
7efe2ad29000-7efe2ad41000 r-xp 00000000 08:02 6825006                    /usr/lib/x86_64-linux-gnu/libxcb-glx.so.0.0.0
7efe2ad41000-7efe2af41000 ---p 00018000 08:02 6825006                    /usr/lib/x86_64-linux-gnu/libxcb-glx.so.0.0.0
7efe2af41000-7efe2af43000 r--p 00018000 08:02 6825006                    /usr/lib/x86_64-linux-gnu/libxcb-glx.so.0.0.0
7efe2af43000-7efe2af44000 rw-p 0001a000 08:02 6825006                    /usr/lib/x86_64-linux-gnu/libxcb-glx.so.0.0.0
7efe2af44000-7efe2af45000 r-xp 00000000 08:02 6823785                    /usr/lib/x86_64-linux-gnu/libX11-xcb.so.1.0.0
7efe2af45000-7efe2b144000 ---p 00001000 08:02 6823785                    /usr/lib/x86_64-linux-gnu/libX11-xcb.so.1.0.0
7efe2b144000-7efe2b145000 r--p 00000000 08:02 6823785                    /usr/lib/x86_64-linux-gnu/libX11-xcb.so.1.0.0
7efe2b145000-7efe2b146000 rw-p 00001000 08:02 6823785                    /usr/lib/x86_64-linux-gnu/libX11-xcb.so.1.0.0
7efe2b146000-7efe2b171000 r-xp 00000000 08:02 6818069                    /usr/lib/x86_64-linux-gnu/libglapi.so.0.0.0
7efe2b171000-7efe2b370000 ---p 0002b000 08:02 6818069                    /usr/lib/x86_64-linux-gnu/libglapi.so.0.0.0
7efe2b370000-7efe2b374000 r--p 0002a000 08:02 6818069                    /usr/lib/x86_64-linux-gnu/libglapi.so.0.0.0
7efe2b374000-7efe2b375000 rw-p 0002e000 08:02 6818069                    /usr/lib/x86_64-linux-gnu/libglapi.so.0.0.0
7efe2b375000-7efe2b376000 rw-p 00000000 00:00 0 
7efe2b376000-7efe2b377000 r-xp 00000000 08:02 6825054                    /usr/lib/x86_64-linux-gnu/libxshmfence.so.1.0.0
7efe2b377000-7efe2b577000 ---p 00001000 08:02 6825054                    /usr/lib/x86_64-linux-gnu/libxshmfence.so.1.0.0
7efe2b577000-7efe2b578000 r--p 00001000 08:02 6825054                    /usr/lib/x86_64-linux-gnu/libxshmfence.so.1.0.0
7efe2b578000-7efe2b579000 rw-p 00002000 08:02 6825054                    /usr/lib/x86_64-linux-gnu/libxshmfence.so.1.0.0
7efe2b579000-7efe2b57e000 r-xp 00000000 08:02 6825028                    /usr/lib/x86_64-linux-gnu/libxcb-sync.so.1.0.0
7efe2b57e000-7efe2b77e000 ---p 00005000 08:02 6825028                    /usr/lib/x86_64-linux-gnu/libxcb-sync.so.1.0.0
7efe2b77e000-7efe2b77f000 r--p 00005000 08:02 6825028                    /usr/lib/x86_64-linux-gnu/libxcb-sync.so.1.0.0
7efe2b77f000-7efe2b780000 rw-p 00006000 08:02 6825028                    /usr/lib/x86_64-linux-gnu/libxcb-sync.so.1.0.0
7efe2b780000-7efe2b782000 r-xp 00000000 08:02 6825014                    /usr/lib/x86_64-linux-gnu/libxcb-present.so.0.0.0
7efe2b782000-7efe2b981000 ---p 00002000 08:02 6825014                    /usr/lib/x86_64-linux-gnu/libxcb-present.so.0.0.0
7efe2b981000-7efe2b982000 r--p 00001000 08:02 6825014                    /usr/lib/x86_64-linux-gnu/libxcb-present.so.0.0.0
7efe2b982000-7efe2b983000 rw-p 00002000 08:02 6825014                    /usr/lib/x86_64-linux-gnu/libxcb-present.so.0.0.0
7efe2b983000-7efe2b985000 r-xp 00000000 08:02 6825004                    /usr/lib/x86_64-linux-gnu/libxcb-dri3.so.0.0.0
7efe2b985000-7efe2bb84000 ---p 00002000 08:02 6825004                    /usr/lib/x86_64-linux-gnu/libxcb-dri3.so.0.0.0
7efe2bb84000-7efe2bb85000 r--p 00001000 08:02 6825004                    /usr/lib/x86_64-linux-gnu/libxcb-dri3.so.0.0.0
7efe2bb85000-7efe2bb86000 rw-p 00002000 08:02 6825004                    /usr/lib/x86_64-linux-gnu/libxcb-dri3.so.0.0.0
7efe2bb86000-7efe2bbf6000 r-xp 00000000 08:02 1053295                    /lib/x86_64-linux-gnu/libpcre.so.3.13.3
7efe2bbf6000-7efe2bdf6000 ---p 00070000 08:02 1053295                    /lib/x86_64-linux-gnu/libpcre.so.3.13.3
7efe2bdf6000-7efe2bdf7000 r--p 00070000 08:02 1053295                    /lib/x86_64-linux-gnu/libpcre.so.3.13.3
7efe2bdf7000-7efe2bdf8000 rw-p 00071000 08:02 1053295                    /lib/x86_64-linux-gnu/libpcre.so.3.13.3
7efe2bdf8000-7efe2bdff000 r-xp 00000000 08:02 6824126                    /usr/lib/x86_64-linux-gnu/libffi.so.6.0.4
7efe2bdff000-7efe2bffe000 ---p 00007000 08:02 6824126                    /usr/lib/x86_64-linux-gnu/libffi.so.6.0.4
7efe2bffe000-7efe2bfff000 r--p 00006000 08:02 6824126                    /usr/lib/x86_64-linux-gnu/libffi.so.6.0.4
7efe2bfff000-7efe2c000000 rw-p 00007000 08:02 6824126                    /usr/lib/x86_64-linux-gnu/libffi.so.6.0.4
7efe2c000000-7efe2e05d000 rw-p 00000000 00:00 0 
7efe2e05d000-7efe30000000 ---p 00000000 00:00 0 
7efe30000000-7efe30002000 rw-s 00000000 00:05 121682                     /drm mm object (deleted)
7efe30002000-7efe30015000 r--p 00000000 08:02 6829456                    /usr/lib/jvm/java-8-oracle/jre/lib/fonts/LucidaBrightDemiBold.ttf
7efe30015000-7efe300c0000 r--p 00000000 08:02 6829449                    /usr/lib/jvm/java-8-oracle/jre/lib/fonts/LucidaSansRegular.ttf
7efe300c0000-7efe300e8000 r-xp 00000000 08:02 1053202                    /lib/x86_64-linux-gnu/libexpat.so.1.6.5
7efe300e8000-7efe302e8000 ---p 00028000 08:02 1053202                    /lib/x86_64-linux-gnu/libexpat.so.1.6.5
7efe302e8000-7efe302ea000 r--p 00028000 08:02 1053202                    /lib/x86_64-linux-gnu/libexpat.so.1.6.5
7efe302ea000-7efe302eb000 rw-p 0002a000 08:02 1053202                    /lib/x86_64-linux-gnu/libexpat.so.1.6.5
7efe302eb000-7efe302f3000 r-xp 00000000 08:02 6824853                    /usr/lib/x86_64-linux-gnu/libthai.so.0.3.0
7efe302f3000-7efe304f2000 ---p 00008000 08:02 6824853                    /usr/lib/x86_64-linux-gnu/libthai.so.0.3.0
7efe304f2000-7efe304f3000 r--p 00007000 08:02 6824853                    /usr/lib/x86_64-linux-gnu/libthai.so.0.3.0
7efe304f3000-7efe304f4000 rw-p 00008000 08:02 6824853                    /usr/lib/x86_64-linux-gnu/libthai.so.0.3.0
7efe304f4000-7efe3051a000 r-xp 00000000 08:02 6825038                    /usr/lib/x86_64-linux-gnu/libxcb.so.1.1.0
7efe3051a000-7efe30719000 ---p 00026000 08:02 6825038                    /usr/lib/x86_64-linux-gnu/libxcb.so.1.1.0
7efe30719000-7efe3071a000 r--p 00025000 08:02 6825038                    /usr/lib/x86_64-linux-gnu/libxcb.so.1.1.0
7efe3071a000-7efe3071b000 rw-p 00026000 08:02 6825038                    /usr/lib/x86_64-linux-gnu/libxcb.so.1.1.0
7efe3071b000-7efe30727000 r-xp 00000000 08:02 6825020                    /usr/lib/x86_64-linux-gnu/libxcb-render.so.0.0.0
7efe30727000-7efe30926000 ---p 0000c000 08:02 6825020                    /usr/lib/x86_64-linux-gnu/libxcb-render.so.0.0.0
7efe30926000-7efe30927000 r--p 0000b000 08:02 6825020                    /usr/lib/x86_64-linux-gnu/libxcb-render.so.0.0.0
7efe30927000-7efe30928000 rw-p 0000c000 08:02 6825020                    /usr/lib/x86_64-linux-gnu/libxcb-render.so.0.0.0
7efe30928000-7efe3092a000 r-xp 00000000 08:02 6825026                    /usr/lib/x86_64-linux-gnu/libxcb-shm.so.0.0.0
7efe3092a000-7efe30b29000 ---p 00002000 08:02 6825026                    /usr/lib/x86_64-linux-gnu/libxcb-shm.so.0.0.0
7efe30b29000-7efe30b2a000 r--p 00001000 08:02 6825026                    /usr/lib/x86_64-linux-gnu/libxcb-shm.so.0.0.0
7efe30b2a000-7efe30b2b000 rw-p 00002000 08:02 6825026                    /usr/lib/x86_64-linux-gnu/libxcb-shm.so.0.0.0
7efe30b2b000-7efe30b5c000 r-xp 00000000 08:02 6824677                    /usr/lib/x86_64-linux-gnu/libpng16.so.16.34.0
7efe30b5c000-7efe30d5b000 ---p 00031000 08:02 6824677                    /usr/lib/x86_64-linux-gnu/libpng16.so.16.34.0
7efe30d5b000-7efe30d5c000 r--p 00030000 08:02 6824677                    /usr/lib/x86_64-linux-gnu/libpng16.so.16.34.0
7efe30d5c000-7efe30d5d000 rw-p 00031000 08:02 6824677                    /usr/lib/x86_64-linux-gnu/libpng16.so.16.34.0
7efe30d5d000-7efe30dfb000 r-xp 00000000 08:02 6824671                    /usr/lib/x86_64-linux-gnu/libpixman-1.so.0.34.0
7efe30dfb000-7efe30ffa000 ---p 0009e000 08:02 6824671                    /usr/lib/x86_64-linux-gnu/libpixman-1.so.0.34.0
7efe30ffa000-7efe31002000 r--p 0009d000 08:02 6824671                    /usr/lib/x86_64-linux-gnu/libpixman-1.so.0.34.0
7efe31002000-7efe31003000 rw-p 000a5000 08:02 6824671                    /usr/lib/x86_64-linux-gnu/libpixman-1.so.0.34.0
7efe31003000-7efe31095000 r-xp 00000000 08:02 6824376                    /usr/lib/x86_64-linux-gnu/libharfbuzz.so.0.10400.2
7efe31095000-7efe31294000 ---p 00092000 08:02 6824376                    /usr/lib/x86_64-linux-gnu/libharfbuzz.so.0.10400.2
7efe31294000-7efe31296000 r--p 00091000 08:02 6824376                    /usr/lib/x86_64-linux-gnu/libharfbuzz.so.0.10400.2
7efe31296000-7efe31297000 rw-p 00093000 08:02 6824376                    /usr/lib/x86_64-linux-gnu/libharfbuzz.so.0.10400.2
7efe31297000-7efe312e5000 r-xp 00000000 08:02 1053162                    /lib/x86_64-linux-gnu/libmount.so.1.1.0
7efe312e5000-7efe314e5000 ---p 0004e000 08:02 1053162                    /lib/x86_64-linux-gnu/libmount.so.1.1.0
7efe314e5000-7efe314e7000 r--p 0004e000 08:02 1053162                    /lib/x86_64-linux-gnu/libmount.so.1.1.0
7efe314e7000-7efe314e8000 rw-p 00050000 08:02 1053162                    /lib/x86_64-linux-gnu/libmount.so.1.1.0
7efe314e8000-7efe314e9000 rw-p 00000000 00:00 0 
7efe314e9000-7efe314ff000 r-xp 00000000 08:02 1053110                    /lib/x86_64-linux-gnu/libresolv-2.26.so
7efe314ff000-7efe316ff000 ---p 00016000 08:02 1053110                    /lib/x86_64-linux-gnu/libresolv-2.26.so
7efe316ff000-7efe31700000 r--p 00016000 08:02 1053110                    /lib/x86_64-linux-gnu/libresolv-2.26.so
7efe31700000-7efe31701000 rw-p 00017000 08:02 1053110                    /lib/x86_64-linux-gnu/libresolv-2.26.so
7efe31701000-7efe31703000 rw-p 00000000 00:00 0 
7efe31703000-7efe31728000 r-xp 00000000 08:02 1053322                    /lib/x86_64-linux-gnu/libselinux.so.1
7efe31728000-7efe31927000 ---p 00025000 08:02 1053322                    /lib/x86_64-linux-gnu/libselinux.so.1
7efe31927000-7efe31928000 r--p 00024000 08:02 1053322                    /lib/x86_64-linux-gnu/libselinux.so.1
7efe31928000-7efe31929000 rw-p 00025000 08:02 1053322                    /lib/x86_64-linux-gnu/libselinux.so.1
7efe31929000-7efe3192b000 rw-p 00000000 00:00 0 
7efe3192b000-7efe31947000 r-xp 00000000 08:02 1053350                    /lib/x86_64-linux-gnu/libz.so.1.2.11
7efe31947000-7efe31b46000 ---p 0001c000 08:02 1053350                    /lib/x86_64-linux-gnu/libz.so.1.2.11
7efe31b46000-7efe31b47000 r--p 0001b000 08:02 1053350                    /lib/x86_64-linux-gnu/libz.so.1.2.11
7efe31b47000-7efe31b48000 rw-p 0001c000 08:02 1053350                    /lib/x86_64-linux-gnu/libz.so.1.2.11
7efe31b48000-7efe31b59000 r-xp 00000000 08:02 6823804                    /usr/lib/x86_64-linux-gnu/libXext.so.6.4.0
7efe31b59000-7efe31d58000 ---p 00011000 08:02 6823804                    /usr/lib/x86_64-linux-gnu/libXext.so.6.4.0
7efe31d58000-7efe31d59000 r--p 00010000 08:02 6823804                    /usr/lib/x86_64-linux-gnu/libXext.so.6.4.0
7efe31d59000-7efe31d5a000 rw-p 00011000 08:02 6823804                    /usr/lib/x86_64-linux-gnu/libXext.so.6.4.0
7efe31d5a000-7efe31d5c000 r-xp 00000000 08:02 6823800                    /usr/lib/x86_64-linux-gnu/libXdamage.so.1.1.0
7efe31d5c000-7efe31f5b000 ---p 00002000 08:02 6823800                    /usr/lib/x86_64-linux-gnu/libXdamage.so.1.1.0
7efe31f5b000-7efe31f5c000 r--p 00001000 08:02 6823800                    /usr/lib/x86_64-linux-gnu/libXdamage.so.1.1.0
7efe31f5c000-7efe31f5d000 rw-p 00002000 08:02 6823800                    /usr/lib/x86_64-linux-gnu/libXdamage.so.1.1.0
7efe31f5d000-7efe31f5f000 r-xp 00000000 08:02 6823796                    /usr/lib/x86_64-linux-gnu/libXcomposite.so.1.0.0
7efe31f5f000-7efe3215e000 ---p 00002000 08:02 6823796                    /usr/lib/x86_64-linux-gnu/libXcomposite.so.1.0.0
7efe3215e000-7efe3215f000 r--p 00001000 08:02 6823796                    /usr/lib/x86_64-linux-gnu/libXcomposite.so.1.0.0
7efe3215f000-7efe32160000 rw-p 00002000 08:02 6823796                    /usr/lib/x86_64-linux-gnu/libXcomposite.so.1.0.0
7efe32160000-7efe32169000 r-xp 00000000 08:02 6823798                    /usr/lib/x86_64-linux-gnu/libXcursor.so.1.0.2
7efe32169000-7efe32368000 ---p 00009000 08:02 6823798                    /usr/lib/x86_64-linux-gnu/libXcursor.so.1.0.2
7efe32368000-7efe32369000 r--p 00008000 08:02 6823798                    /usr/lib/x86_64-linux-gnu/libXcursor.so.1.0.2
7efe32369000-7efe3236a000 rw-p 00009000 08:02 6823798                    /usr/lib/x86_64-linux-gnu/libXcursor.so.1.0.2
7efe3236a000-7efe32374000 r-xp 00000000 08:02 6823824                    /usr/lib/x86_64-linux-gnu/libXrandr.so.2.2.0
7efe32374000-7efe32573000 ---p 0000a000 08:02 6823824                    /usr/lib/x86_64-linux-gnu/libXrandr.so.2.2.0
7efe32573000-7efe32574000 r--p 00009000 08:02 6823824                    /usr/lib/x86_64-linux-gnu/libXrandr.so.2.2.0
7efe32574000-7efe32575000 rw-p 0000a000 08:02 6823824                    /usr/lib/x86_64-linux-gnu/libXrandr.so.2.2.0
7efe32575000-7efe32584000 r-xp 00000000 08:02 6823814                    /usr/lib/x86_64-linux-gnu/libXi.so.6.1.0
7efe32584000-7efe32783000 ---p 0000f000 08:02 6823814                    /usr/lib/x86_64-linux-gnu/libXi.so.6.1.0
7efe32783000-7efe32784000 r--p 0000e000 08:02 6823814                    /usr/lib/x86_64-linux-gnu/libXi.so.6.1.0
7efe32784000-7efe32785000 rw-p 0000f000 08:02 6823814                    /usr/lib/x86_64-linux-gnu/libXi.so.6.1.0
7efe32785000-7efe32787000 r-xp 00000000 08:02 6823816                    /usr/lib/x86_64-linux-gnu/libXinerama.so.1.0.0
7efe32787000-7efe32986000 ---p 00002000 08:02 6823816                    /usr/lib/x86_64-linux-gnu/libXinerama.so.1.0.0
7efe32986000-7efe32987000 r--p 00001000 08:02 6823816                    /usr/lib/x86_64-linux-gnu/libXinerama.so.1.0.0
7efe32987000-7efe32988000 rw-p 00002000 08:02 6823816                    /usr/lib/x86_64-linux-gnu/libXinerama.so.1.0.0
7efe32988000-7efe32991000 r-xp 00000000 08:02 6823826                    /usr/lib/x86_64-linux-gnu/libXrender.so.1.3.0
7efe32991000-7efe32b90000 ---p 00009000 08:02 6823826                    /usr/lib/x86_64-linux-gnu/libXrender.so.1.3.0
7efe32b90000-7efe32b91000 r--p 00008000 08:02 6823826                    /usr/lib/x86_64-linux-gnu/libXrender.so.1.3.0
7efe32b91000-7efe32b92000 rw-p 00009000 08:02 6823826                    /usr/lib/x86_64-linux-gnu/libXrender.so.1.3.0
7efe32b92000-7efe32b97000 r-xp 00000000 08:02 6823806                    /usr/lib/x86_64-linux-gnu/libXfixes.so.3.1.0
7efe32b97000-7efe32d96000 ---p 00005000 08:02 6823806                    /usr/lib/x86_64-linux-gnu/libXfixes.so.3.1.0
7efe32d96000-7efe32d97000 r--p 00004000 08:02 6823806                    /usr/lib/x86_64-linux-gnu/libXfixes.so.3.1.0
7efe32d97000-7efe32d98000 rw-p 00005000 08:02 6823806                    /usr/lib/x86_64-linux-gnu/libXfixes.so.3.1.0
7efe32d98000-7efe32dae000 r-xp 00000000 08:02 1048582                    /lib/x86_64-linux-gnu/libgcc_s.so.1
7efe32dae000-7efe32fad000 ---p 00016000 08:02 1048582                    /lib/x86_64-linux-gnu/libgcc_s.so.1
7efe32fad000-7efe32fae000 r--p 00015000 08:02 1048582                    /lib/x86_64-linux-gnu/libgcc_s.so.1
7efe32fae000-7efe32faf000 rw-p 00016000 08:02 1048582                    /lib/x86_64-linux-gnu/libgcc_s.so.1
7efe32faf000-7efe33127000 r-xp 00000000 08:02 6815930                    /usr/lib/x86_64-linux-gnu/libstdc++.so.6.0.24
7efe33127000-7efe33326000 ---p 00178000 08:02 6815930                    /usr/lib/x86_64-linux-gnu/libstdc++.so.6.0.24
7efe33326000-7efe33330000 r--p 00177000 08:02 6815930                    /usr/lib/x86_64-linux-gnu/libstdc++.so.6.0.24
7efe33330000-7efe33332000 rw-p 00181000 08:02 6815930                    /usr/lib/x86_64-linux-gnu/libstdc++.so.6.0.24
7efe33332000-7efe33335000 rw-p 00000000 00:00 0 
7efe33335000-7efe333a2000 r-xp 00000000 08:02 7080044                    /usr/lib/x86_64-linux-gnu/mesa/libGL.so.1.2.0
7efe333a2000-7efe335a2000 ---p 0006d000 08:02 7080044                    /usr/lib/x86_64-linux-gnu/mesa/libGL.so.1.2.0
7efe335a2000-7efe335a5000 r--p 0006d000 08:02 7080044                    /usr/lib/x86_64-linux-gnu/mesa/libGL.so.1.2.0
7efe335a5000-7efe335a6000 rw-p 00070000 08:02 7080044                    /usr/lib/x86_64-linux-gnu/mesa/libGL.so.1.2.0
7efe335a6000-7efe335a7000 rw-p 00000000 00:00 0 
7efe335a7000-7efe335ac000 r-xp 00000000 08:02 6823842                    /usr/lib/x86_64-linux-gnu/libXxf86vm.so.1.0.0
7efe335ac000-7efe337ab000 ---p 00005000 08:02 6823842                    /usr/lib/x86_64-linux-gnu/libXxf86vm.so.1.0.0
7efe337ab000-7efe337ac000 r--p 00004000 08:02 6823842                    /usr/lib/x86_64-linux-gnu/libXxf86vm.so.1.0.0
7efe337ac000-7efe337ad000 rw-p 00005000 08:02 6823842                    /usr/lib/x86_64-linux-gnu/libXxf86vm.so.1.0.0
7efe337ad000-7efe338e1000 r-xp 00000000 08:02 6823787                    /usr/lib/x86_64-linux-gnu/libX11.so.6.3.0
7efe338e1000-7efe33ae1000 ---p 00134000 08:02 6823787                    /usr/lib/x86_64-linux-gnu/libX11.so.6.3.0
7efe33ae1000-7efe33ae2000 r--p 00134000 08:02 6823787                    /usr/lib/x86_64-linux-gnu/libX11.so.6.3.0
7efe33ae2000-7efe33ae6000 rw-p 00135000 08:02 6823787                    /usr/lib/x86_64-linux-gnu/libX11.so.6.3.0
7efe33ae6000-7efe33aeb000 r-xp 00000000 08:02 6823832                    /usr/lib/x86_64-linux-gnu/libXtst.so.6.1.0
7efe33aeb000-7efe33cea000 ---p 00005000 08:02 6823832                    /usr/lib/x86_64-linux-gnu/libXtst.so.6.1.0
7efe33cea000-7efe33ceb000 r--p 00004000 08:02 6823832                    /usr/lib/x86_64-linux-gnu/libXtst.so.6.1.0
7efe33ceb000-7efe33cec000 rw-p 00005000 08:02 6823832                    /usr/lib/x86_64-linux-gnu/libXtst.so.6.1.0
7efe33cec000-7efe33dfd000 r-xp 00000000 08:02 1053213                    /lib/x86_64-linux-gnu/libglib-2.0.so.0.5400.1
7efe33dfd000-7efe33ffd000 ---p 00111000 08:02 1053213                    /lib/x86_64-linux-gnu/libglib-2.0.so.0.5400.1
7efe33ffd000-7efe33ffe000 r--p 00111000 08:02 1053213                    /lib/x86_64-linux-gnu/libglib-2.0.so.0.5400.1
7efe33ffe000-7efe33fff000 rw-p 00112000 08:02 1053213                    /lib/x86_64-linux-gnu/libglib-2.0.so.0.5400.1
7efe33fff000-7efe34000000 rw-p 00000000 00:00 0 
7efe34000000-7efe34021000 rw-p 00000000 00:00 0 
7efe34021000-7efe38000000 ---p 00000000 00:00 0 
7efe38000000-7efe38021000 rw-p 00000000 00:00 0 
7efe38021000-7efe3c000000 ---p 00000000 00:00 0 
7efe3c000000-7efe3c499000 rw-p 00000000 00:00 0 
7efe3c499000-7efe40000000 ---p 00000000 00:00 0 
7efe40000000-7efe405e8000 rw-p 00000000 00:00 0 
7efe405e8000-7efe44000000 ---p 00000000 00:00 0 
7efe44000000-7efe44021000 rw-p 00000000 00:00 0 
7efe44021000-7efe48000000 ---p 00000000 00:00 0 
7efe48000000-7efe48335000 rw-p 00000000 00:00 0 
7efe48335000-7efe4c000000 ---p 00000000 00:00 0 
7efe4c000000-7efe4c021000 rw-p 00000000 00:00 0 
7efe4c021000-7efe50000000 ---p 00000000 00:00 0 
7efe50000000-7efe50021000 rw-p 00000000 00:00 0 
7efe50021000-7efe54000000 ---p 00000000 00:00 0 
7efe54000000-7efe54021000 rw-p 00000000 00:00 0 
7efe54021000-7efe58000000 ---p 00000000 00:00 0 
7efe58000000-7efe58021000 rw-p 00000000 00:00 0 
7efe58021000-7efe5c000000 ---p 00000000 00:00 0 
7efe5c000000-7efe5c008000 rw-s 00000000 00:05 122313                     /drm mm object (deleted)
7efe5c008000-7efe5c00d000 r--s 00084000 08:02 6829436                    /usr/lib/jvm/java-8-oracle/jre/lib/jfr.jar
7efe5c00d000-7efe5c05b000 r--p 00000000 08:02 6829451                    /usr/lib/jvm/java-8-oracle/jre/lib/fonts/LucidaSansDemiBold.ttf
7efe5c05b000-7efe5c066000 r--s 00000000 08:02 2359568                    /var/cache/fontconfig/945677eb7aeaf62f1d50efc3fb3ec7d8-le64.cache-6
7efe5c066000-7efe5c06c000 r--s 00000000 08:02 2359537                    /var/cache/fontconfig/2cd17615ca594fa2959ae173292e504c-le64.cache-6
7efe5c06c000-7efe5c06d000 r--s 00000000 08:02 2359530                    /var/cache/fontconfig/0d8c3b2ac0904cb8a57a757ad11a4a08-le64.cache-6
7efe5c06d000-7efe5c082000 r--s 00000000 08:02 2359526                    /var/cache/fontconfig/04aabc0a78ac019cf9454389977116d2-le64.cache-6
7efe5c082000-7efe5c083000 r--s 00000000 08:02 2359534                    /var/cache/fontconfig/1ac9eb803944fde146138c791f5cc56a-le64.cache-6
7efe5c083000-7efe5c087000 r--s 00000000 08:02 2359543                    /var/cache/fontconfig/385c0604a188198f04d133e54aba7fe7-le64.cache-6
7efe5c087000-7efe5c088000 r--s 00000000 08:02 2359587                    /var/cache/fontconfig/dc05db6664285cc2f12bf69c139ae4c3-le64.cache-6
7efe5c088000-7efe5c08a000 r--s 00000000 08:02 2359531                    /var/cache/fontconfig/14a5e22175779b556eaa434240950366-le64.cache-6
7efe5c08a000-7efe5c08b000 r--s 00000000 08:02 2359560                    /var/cache/fontconfig/660208299946a285a940457d1287da33-le64.cache-6
7efe5c08b000-7efe5c08d000 r--s 00000000 08:02 2359551                    /var/cache/fontconfig/4f3e3037c9980c83b53a9351efadef62-le64.cache-6
7efe5c08d000-7efe5c090000 r--s 00000000 08:02 2359564                    /var/cache/fontconfig/767a8244fc0220cfb567a839d0392e0b-le64.cache-6
7efe5c090000-7efe5c091000 r--s 00000000 08:02 2361865                    /var/cache/fontconfig/4794a0821666d79190d59a36cb4f44b5-le64.cache-6
7efe5c091000-7efe5c092000 r--s 00000000 08:02 2359528                    /var/cache/fontconfig/0bd3dc0958fa2205aaaa8ebb13e2872b-le64.cache-6
7efe5c092000-7efe5c098000 r--s 00000000 08:02 2359567                    /var/cache/fontconfig/8801497958630a81b71ace7c5f9b32a8-le64.cache-6
7efe5c098000-7efe5c09b000 r--s 00000000 08:02 2359572                    /var/cache/fontconfig/a015930274ffcd967d2ca1b57da47cc7-le64.cache-6
7efe5c09b000-7efe5c09c000 r--s 00000000 08:02 2359576                    /var/cache/fontconfig/b872e6e592da6075ffa4ab0a1fcc0c75-le64.cache-6
7efe5c09c000-7efe5c09d000 r--s 00000000 08:02 2359592                    /var/cache/fontconfig/f6d4eedfaab2589bde49f7a3ff831d22-le64.cache-6
7efe5c09d000-7efe5c09e000 r--s 00000000 08:02 2359558                    /var/cache/fontconfig/589f83ef4c36d296ce6e1c846f468f08-le64.cache-6
7efe5c09e000-7efe5c09f000 r--s 00000000 08:02 2359578                    /var/cache/fontconfig/bab58bb527bb656aaa9f116d68a48d89-le64.cache-6
7efe5c09f000-7efe5c0a0000 r--s 00000000 08:02 2359535                    /var/cache/fontconfig/2171a34dccabdb6bcbbc728186263178-le64.cache-6
7efe5c0a0000-7efe5c0a1000 r--s 00000000 08:02 2359579                    /var/cache/fontconfig/c5c45a61289222e0d30b1a26ef4effbe-le64.cache-6
7efe5c0a1000-7efe5c0a2000 r--s 00000000 08:02 2359574                    /var/cache/fontconfig/aec30016f93e1b46d1a973dce0d74068-le64.cache-6
7efe5c0a2000-7efe5c0a3000 r--s 00000000 08:02 2359544                    /var/cache/fontconfig/3f589640d34b7dc9042c8d453f7c8b9c-le64.cache-6
7efe5c0a3000-7efe5c0a4000 r--s 00000000 08:02 2359532                    /var/cache/fontconfig/16c2fda60d1b4b719f4b3d06fd951d25-le64.cache-6
7efe5c0a4000-7efe5c0a5000 r--s 00000000 08:02 2359573                    /var/cache/fontconfig/a48eab177a16e4f3713381162db2f3e9-le64.cache-6
7efe5c0a5000-7efe5c0a6000 r--s 00000000 08:02 2359554                    /var/cache/fontconfig/564b2e68ac9bc4e36a6f7f6d6125ec1c-le64.cache-6
7efe5c0a6000-7efe5c0ac000 r--s 00000000 08:02 2359538                    /var/cache/fontconfig/3047814df9a2f067bd2d96a2b9c36e5a-le64.cache-6
7efe5c0ac000-7efe5c0ad000 r--s 00000000 08:02 2359555                    /var/cache/fontconfig/56cf4f4769d0f4abc89a4895d7bd3ae1-le64.cache-6
7efe5c0ad000-7efe5c0c0000 r--s 00000000 08:02 2359584                    /var/cache/fontconfig/d52a8644073d54c13679302ca1180695-le64.cache-6
7efe5c0c0000-7efe5c0c1000 r-xp 00000000 08:02 6824343                    /usr/lib/x86_64-linux-gnu/libgthread-2.0.so.0.5400.1
7efe5c0c1000-7efe5c2c0000 ---p 00001000 08:02 6824343                    /usr/lib/x86_64-linux-gnu/libgthread-2.0.so.0.5400.1
7efe5c2c0000-7efe5c2c1000 r--p 00000000 08:02 6824343                    /usr/lib/x86_64-linux-gnu/libgthread-2.0.so.0.5400.1
7efe5c2c1000-7efe5c2c2000 rw-p 00001000 08:02 6824343                    /usr/lib/x86_64-linux-gnu/libgthread-2.0.so.0.5400.1
7efe5c2c2000-7efe5c2c5000 r-xp 00000000 08:02 6824246                    /usr/lib/x86_64-linux-gnu/libgmodule-2.0.so.0.5400.1
7efe5c2c5000-7efe5c4c4000 ---p 00003000 08:02 6824246                    /usr/lib/x86_64-linux-gnu/libgmodule-2.0.so.0.5400.1
7efe5c4c4000-7efe5c4c5000 r--p 00002000 08:02 6824246                    /usr/lib/x86_64-linux-gnu/libgmodule-2.0.so.0.5400.1
7efe5c4c5000-7efe5c4c6000 rw-p 00003000 08:02 6824246                    /usr/lib/x86_64-linux-gnu/libgmodule-2.0.so.0.5400.1
7efe5c4c6000-7efe5c518000 r-xp 00000000 08:02 6824272                    /usr/lib/x86_64-linux-gnu/libgobject-2.0.so.0.5400.1
7efe5c518000-7efe5c718000 ---p 00052000 08:02 6824272                    /usr/lib/x86_64-linux-gnu/libgobject-2.0.so.0.5400.1
7efe5c718000-7efe5c719000 r--p 00052000 08:02 6824272                    /usr/lib/x86_64-linux-gnu/libgobject-2.0.so.0.5400.1
7efe5c719000-7efe5c71a000 rw-p 00053000 08:02 6824272                    /usr/lib/x86_64-linux-gnu/libgobject-2.0.so.0.5400.1
7efe5c71a000-7efe5c757000 r-xp 00000000 08:02 6824140                    /usr/lib/x86_64-linux-gnu/libfontconfig.so.1.9.0
7efe5c757000-7efe5c956000 ---p 0003d000 08:02 6824140                    /usr/lib/x86_64-linux-gnu/libfontconfig.so.1.9.0
7efe5c956000-7efe5c958000 r--p 0003c000 08:02 6824140                    /usr/lib/x86_64-linux-gnu/libfontconfig.so.1.9.0
7efe5c958000-7efe5c95d000 rw-p 0003e000 08:02 6824140                    /usr/lib/x86_64-linux-gnu/libfontconfig.so.1.9.0
7efe5c95d000-7efe5ca09000 r-xp 00000000 08:02 6818071                    /usr/lib/x86_64-linux-gnu/libfreetype.so.6.14.0
7efe5ca09000-7efe5cc08000 ---p 000ac000 08:02 6818071                    /usr/lib/x86_64-linux-gnu/libfreetype.so.6.14.0
7efe5cc08000-7efe5cc0f000 r--p 000ab000 08:02 6818071                    /usr/lib/x86_64-linux-gnu/libfreetype.so.6.14.0
7efe5cc0f000-7efe5cc10000 rw-p 000b2000 08:02 6818071                    /usr/lib/x86_64-linux-gnu/libfreetype.so.6.14.0
7efe5cc10000-7efe5cc5b000 r-xp 00000000 08:02 6824641                    /usr/lib/x86_64-linux-gnu/libpango-1.0.so.0.4000.12
7efe5cc5b000-7efe5ce5a000 ---p 0004b000 08:02 6824641                    /usr/lib/x86_64-linux-gnu/libpango-1.0.so.0.4000.12
7efe5ce5a000-7efe5ce5d000 r--p 0004a000 08:02 6824641                    /usr/lib/x86_64-linux-gnu/libpango-1.0.so.0.4000.12
7efe5ce5d000-7efe5ce5e000 rw-p 0004d000 08:02 6824641                    /usr/lib/x86_64-linux-gnu/libpango-1.0.so.0.4000.12
7efe5ce5e000-7efe5cf69000 r-xp 00000000 08:02 6823928                    /usr/lib/x86_64-linux-gnu/libcairo.so.2.11400.10
7efe5cf69000-7efe5d169000 ---p 0010b000 08:02 6823928                    /usr/lib/x86_64-linux-gnu/libcairo.so.2.11400.10
7efe5d169000-7efe5d16c000 r--p 0010b000 08:02 6823928                    /usr/lib/x86_64-linux-gnu/libcairo.so.2.11400.10
7efe5d16c000-7efe5d16d000 rw-p 0010e000 08:02 6823928                    /usr/lib/x86_64-linux-gnu/libcairo.so.2.11400.10
7efe5d16d000-7efe5d16f000 rw-p 00000000 00:00 0 
7efe5d16f000-7efe5d17b000 r-xp 00000000 08:02 6824643                    /usr/lib/x86_64-linux-gnu/libpangocairo-1.0.so.0.4000.12
7efe5d17b000-7efe5d37a000 ---p 0000c000 08:02 6824643                    /usr/lib/x86_64-linux-gnu/libpangocairo-1.0.so.0.4000.12
7efe5d37a000-7efe5d37b000 r--p 0000b000 08:02 6824643                    /usr/lib/x86_64-linux-gnu/libpangocairo-1.0.so.0.4000.12
7efe5d37b000-7efe5d37c000 rw-p 0000c000 08:02 6824643                    /usr/lib/x86_64-linux-gnu/libpangocairo-1.0.so.0.4000.12
7efe5d37c000-7efe5d39e000 r-xp 00000000 08:02 6818073                    /usr/lib/x86_64-linux-gnu/libgdk_pixbuf-2.0.so.0.3611.0
7efe5d39e000-7efe5d59e000 ---p 00022000 08:02 6818073                    /usr/lib/x86_64-linux-gnu/libgdk_pixbuf-2.0.so.0.3611.0
7efe5d59e000-7efe5d59f000 r--p 00022000 08:02 6818073                    /usr/lib/x86_64-linux-gnu/libgdk_pixbuf-2.0.so.0.3611.0
7efe5d59f000-7efe5d5a0000 rw-p 00023000 08:02 6818073                    /usr/lib/x86_64-linux-gnu/libgdk_pixbuf-2.0.so.0.3611.0
7efe5d5a0000-7efe5d5b4000 r-xp 00000000 08:02 6824645                    /usr/lib/x86_64-linux-gnu/libpangoft2-1.0.so.0.4000.12
7efe5d5b4000-7efe5d7b4000 ---p 00014000 08:02 6824645                    /usr/lib/x86_64-linux-gnu/libpangoft2-1.0.so.0.4000.12
7efe5d7b4000-7efe5d7b5000 r--p 00014000 08:02 6824645                    /usr/lib/x86_64-linux-gnu/libpangoft2-1.0.so.0.4000.12
7efe5d7b5000-7efe5d7b6000 rw-p 00015000 08:02 6824645                    /usr/lib/x86_64-linux-gnu/libpangoft2-1.0.so.0.4000.12
7efe5d7b6000-7efe5d947000 r-xp 00000000 08:02 6824230                    /usr/lib/x86_64-linux-gnu/libgio-2.0.so.0.5400.1
7efe5d947000-7efe5db47000 ---p 00191000 08:02 6824230                    /usr/lib/x86_64-linux-gnu/libgio-2.0.so.0.5400.1
7efe5db47000-7efe5db4e000 r--p 00191000 08:02 6824230                    /usr/lib/x86_64-linux-gnu/libgio-2.0.so.0.5400.1
7efe5db4e000-7efe5db4f000 rw-p 00198000 08:02 6824230                    /usr/lib/x86_64-linux-gnu/libgio-2.0.so.0.5400.1
7efe5db4f000-7efe5db51000 rw-p 00000000 00:00 0 
7efe5db51000-7efe5db74000 r-xp 00000000 08:02 6823878                    /usr/lib/x86_64-linux-gnu/libatk-1.0.so.0.22609.1
7efe5db74000-7efe5dd73000 ---p 00023000 08:02 6823878                    /usr/lib/x86_64-linux-gnu/libatk-1.0.so.0.22609.1
7efe5dd73000-7efe5dd76000 r--p 00022000 08:02 6823878                    /usr/lib/x86_64-linux-gnu/libatk-1.0.so.0.22609.1
7efe5dd76000-7efe5dd77000 rw-p 00025000 08:02 6823878                    /usr/lib/x86_64-linux-gnu/libatk-1.0.so.0.22609.1
7efe5dd77000-7efe5de26000 r-xp 00000000 08:02 6824208                    /usr/lib/x86_64-linux-gnu/libgdk-x11-2.0.so.0.2400.31
7efe5de26000-7efe5e026000 ---p 000af000 08:02 6824208                    /usr/lib/x86_64-linux-gnu/libgdk-x11-2.0.so.0.2400.31
7efe5e026000-7efe5e02a000 r--p 000af000 08:02 6824208                    /usr/lib/x86_64-linux-gnu/libgdk-x11-2.0.so.0.2400.31
7efe5e02a000-7efe5e02c000 rw-p 000b3000 08:02 6824208                    /usr/lib/x86_64-linux-gnu/libgdk-x11-2.0.so.0.2400.31
7efe5e02c000-7efe5e461000 r-xp 00000000 08:02 6824347                    /usr/lib/x86_64-linux-gnu/libgtk-x11-2.0.so.0.2400.31
7efe5e461000-7efe5e660000 ---p 00435000 08:02 6824347                    /usr/lib/x86_64-linux-gnu/libgtk-x11-2.0.so.0.2400.31
7efe5e660000-7efe5e667000 r--p 00434000 08:02 6824347                    /usr/lib/x86_64-linux-gnu/libgtk-x11-2.0.so.0.2400.31
7efe5e667000-7efe5e66b000 rw-p 0043b000 08:02 6824347                    /usr/lib/x86_64-linux-gnu/libgtk-x11-2.0.so.0.2400.31
7efe5e66b000-7efe5e66e000 rw-p 00000000 00:00 0 
7efe5e66e000-7efe5e67a000 r-xp 00000000 08:02 6829737                    /usr/lib/jvm/java-8-oracle/jre/lib/amd64/libprism_es2.so
7efe5e67a000-7efe5e879000 ---p 0000c000 08:02 6829737                    /usr/lib/jvm/java-8-oracle/jre/lib/amd64/libprism_es2.so
7efe5e879000-7efe5e87a000 rw-p 0000b000 08:02 6829737                    /usr/lib/jvm/java-8-oracle/jre/lib/amd64/libprism_es2.so
7efe5e87a000-7efe5e87d000 ---p 00000000 00:00 0 
7efe5e87d000-7efe5e97b000 rw-p 00000000 00:00 0 
7efe5e97b000-7efe5ea11000 r--s 0110a000 08:02 6829581                    /usr/lib/jvm/java-8-oracle/jre/lib/ext/jfxrt.jar
7efe5ea11000-7efe5ea12000 ---p 00000000 00:00 0 
7efe5ea12000-7efe5eb12000 rw-p 00000000 00:00 0 
7efe5eb12000-7efe5eb15000 ---p 00000000 00:00 0 
7efe5eb15000-7efe5ec13000 rw-p 00000000 00:00 0 
7efe5ec13000-7efe5ec16000 ---p 00000000 00:00 0 
7efe5ec16000-7efe5ed14000 rw-p 00000000 00:00 0 
7efe5ed14000-7efe5ed17000 ---p 00000000 00:00 0 
7efe5ed17000-7efe5ee15000 rw-p 00000000 00:00 0 
7efe5ee15000-7efe5ee18000 ---p 00000000 00:00 0 
7efe5ee18000-7efe5ef16000 rw-p 00000000 00:00 0 
7efe5ef16000-7efe5ef19000 ---p 00000000 00:00 0 
7efe5ef19000-7efe5f017000 rw-p 00000000 00:00 0 
7efe5f017000-7efe5f2f3000 r--p 00000000 08:02 6818228                    /usr/lib/locale/locale-archive
7efe5f2f3000-7efe5f2f6000 ---p 00000000 00:00 0 
7efe5f2f6000-7efe5f3f4000 rw-p 00000000 00:00 0 
7efe5f3f4000-7efe5f3f7000 ---p 00000000 00:00 0 
7efe5f3f7000-7efe5f4f5000 rw-p 00000000 00:00 0 
7efe5f4f5000-7efe5f4f6000 ---p 00000000 00:00 0 
7efe5f4f6000-7efe60000000 rw-p 00000000 00:00 0 
7efe60000000-7efe60021000 rw-p 00000000 00:00 0 
7efe60021000-7efe64000000 ---p 00000000 00:00 0 
7efe64000000-7efe64021000 rw-p 00000000 00:00 0 
7efe64021000-7efe68000000 ---p 00000000 00:00 0 
7efe68000000-7efe68021000 rw-p 00000000 00:00 0 
7efe68021000-7efe6c000000 ---p 00000000 00:00 0 
7efe6c000000-7efe6c001000 r--s 00000000 08:02 2359577                    /var/cache/fontconfig/b9d506c9ac06c20b433354fa67a72993-le64.cache-6
7efe6c001000-7efe6c007000 r--s 00000000 08:02 2359575                    /var/cache/fontconfig/b47c4e1ecd0709278f4910c18777a504-le64.cache-6
7efe6c007000-7efe6c008000 r--s 00000000 08:02 2359541                    /var/cache/fontconfig/370e5b74bf5dafc30834de68e24a87a4-le64.cache-6
7efe6c008000-7efe6c009000 r--s 00000000 08:02 2359562                    /var/cache/fontconfig/6b2c5944714ca7831b25bed9e85cb5c8-le64.cache-6
7efe6c009000-7efe6c00a000 r--s 00000000 08:02 2359583                    /var/cache/fontconfig/d5178ab6d91b49bf20a416737dcea9e8-le64.cache-6
7efe6c00a000-7efe6c00b000 r--s 00000000 08:02 2359553                    /var/cache/fontconfig/551ecf3b0e8b0bca0f25c0944f561853-le64.cache-6
7efe6c00b000-7efe6c00e000 r--s 00000000 08:02 2359591                    /var/cache/fontconfig/f259c2cffa685e28062317905db73c4a-le64.cache-6
7efe6c00e000-7efe6c010000 r--s 00000000 08:02 2359552                    /var/cache/fontconfig/550f3886151c940c12a5ed35f6a00586-le64.cache-6
7efe6c010000-7efe6c013000 r--s 00000000 08:02 2359561                    /var/cache/fontconfig/674d1711f2d1d2a09646eb0bdcadee49-le64.cache-6
7efe6c013000-7efe6c014000 r--s 00000000 08:02 2359545                    /var/cache/fontconfig/3f7329c5293ffd510edef78f73874cfd-le64.cache-6
7efe6c014000-7efe6c020000 r--s 00000000 08:02 2361605                    /var/cache/fontconfig/d589a48862398ed80a3d6066f4f56f4c-le64.cache-6
7efe6c020000-7efe6c021000 r--s 00000000 08:02 2359539                    /var/cache/fontconfig/30829fa25452a46451e813d634d7f916-le64.cache-6
7efe6c021000-7efe6c022000 r--s 00000000 08:02 2359529                    /var/cache/fontconfig/0c9eb80ebd1c36541ebe2852d3bb0c49-le64.cache-6
7efe6c022000-7efe6c023000 r--s 00000000 08:02 2359536                    /var/cache/fontconfig/22368d551a680bfe5a62c02760edf4ea-le64.cache-6
7efe6c023000-7efe6c024000 r--s 00000000 08:02 2359550                    /var/cache/fontconfig/4d9c95eba1cb85bbcf2878543262124a-le64.cache-6
7efe6c024000-7efe6c032000 r--s 00000000 08:02 2359570                    /var/cache/fontconfig/9b89f8e3dae116d678bbf48e5f21f69b-le64.cache-6
7efe6c032000-7efe6c03f000 r--s 00000000 08:02 2365263                    /var/cache/fontconfig/e13b20fdb08344e0e664864cc2ede53d-le64.cache-6
7efe6c03f000-7efe6c043000 r--s 00000000 08:02 2361864                    /var/cache/fontconfig/7ef2298fde41cc6eeb7af42e48b7d293-le64.cache-6
7efe6c043000-7efe6c048000 r--s 0009d000 08:02 6829576                    /usr/lib/jvm/java-8-oracle/jre/lib/jsse.jar
7efe6c048000-7efe6c069000 r--s 00154000 08:02 2234541                    /home/panns/git/Broker-Lite/lib/jersey-bundle-1.18.jar
7efe6c069000-7efe6c06e000 r--s 00659000 08:02 2234542                    /home/panns/git/Broker-Lite/lib/sqlite-jdbc-3.21.0.jar
7efe6c06e000-7efe6c076000 rw-s 00000000 00:05 124015                     /drm mm object (deleted)
7efe6c076000-7efe6c07e000 rw-s 00000000 00:05 121669                     /drm mm object (deleted)
7efe6c07e000-7efe6c091000 r--s 00345000 08:02 6829557                    /usr/lib/jvm/java-8-oracle/jre/lib/resources.jar
7efe6c091000-7efe6c627000 rw-p 00000000 00:00 0 
7efe6c627000-7efe6c800000 r--s 03d64000 08:02 6829519                    /usr/lib/jvm/java-8-oracle/jre/lib/rt.jar
7efe6c800000-7efe6d000000 rw-p 00000000 00:00 0 
7efe6d000000-7efe6d7d0000 rwxp 00000000 00:00 0 
7efe6d7d0000-7efe7c000000 ---p 00000000 00:00 0 
7efe7c000000-7efe7c3f1000 rw-p 00000000 00:00 0 
7efe7c3f1000-7efe80000000 ---p 00000000 00:00 0 
7efe80000000-7efe80001000 r--s 00000000 08:02 2359566                    /var/cache/fontconfig/85e0a52ce643a7ba2ae53e5d6949cead-le64.cache-6
7efe80001000-7efe80009000 rw-s 00000000 00:05 121531                     /drm mm object (deleted)
7efe80009000-7efe80011000 rw-s 00000000 00:05 121522                     /drm mm object (deleted)
7efe80011000-7efe82033000 rw-p 00000000 00:00 0 
7efe82033000-7efe82034000 ---p 00000000 00:00 0 
7efe82034000-7efe82134000 rw-p 00000000 00:00 0 
7efe82134000-7efe82135000 ---p 00000000 00:00 0 
7efe82135000-7efe82235000 rw-p 00000000 00:00 0 
7efe82235000-7efe82236000 ---p 00000000 00:00 0 
7efe82236000-7efe82336000 rw-p 00000000 00:00 0 
7efe82336000-7efe82337000 ---p 00000000 00:00 0 
7efe82337000-7efe8244b000 rw-p 00000000 00:00 0 
7efe8244b000-7efe82574000 ---p 00000000 00:00 0 
7efe82574000-7efe82588000 rw-p 00000000 00:00 0 
7efe82588000-7efe826b0000 ---p 00000000 00:00 0 
7efe826b0000-7efe826bb000 rw-p 00000000 00:00 0 
7efe826bb000-7efe8274f000 ---p 00000000 00:00 0 
7efe8274f000-7efe82770000 rw-p 00000000 00:00 0 
7efe82770000-7efe82b10000 ---p 00000000 00:00 0 
7efe82b10000-7efe82b2b000 r-xp 00000000 08:02 6829729                    /usr/lib/jvm/java-8-oracle/jre/lib/amd64/libzip.so
7efe82b2b000-7efe82d2b000 ---p 0001b000 08:02 6829729                    /usr/lib/jvm/java-8-oracle/jre/lib/amd64/libzip.so
7efe82d2b000-7efe82d2c000 rw-p 0001b000 08:02 6829729                    /usr/lib/jvm/java-8-oracle/jre/lib/amd64/libzip.so
7efe82d2c000-7efe82d37000 r-xp 00000000 08:02 1048670                    /lib/x86_64-linux-gnu/libnss_files-2.26.so
7efe82d37000-7efe82f36000 ---p 0000b000 08:02 1048670                    /lib/x86_64-linux-gnu/libnss_files-2.26.so
7efe82f36000-7efe82f37000 r--p 0000a000 08:02 1048670                    /lib/x86_64-linux-gnu/libnss_files-2.26.so
7efe82f37000-7efe82f38000 rw-p 0000b000 08:02 1048670                    /lib/x86_64-linux-gnu/libnss_files-2.26.so
7efe82f38000-7efe82f3e000 rw-p 00000000 00:00 0 
7efe82f3e000-7efe82f49000 r-xp 00000000 08:02 1048672                    /lib/x86_64-linux-gnu/libnss_nis-2.26.so
7efe82f49000-7efe83148000 ---p 0000b000 08:02 1048672                    /lib/x86_64-linux-gnu/libnss_nis-2.26.so
7efe83148000-7efe83149000 r--p 0000a000 08:02 1048672                    /lib/x86_64-linux-gnu/libnss_nis-2.26.so
7efe83149000-7efe8314a000 rw-p 0000b000 08:02 1048672                    /lib/x86_64-linux-gnu/libnss_nis-2.26.so
7efe8314a000-7efe83161000 r-xp 00000000 08:02 1048667                    /lib/x86_64-linux-gnu/libnsl-2.26.so
7efe83161000-7efe83360000 ---p 00017000 08:02 1048667                    /lib/x86_64-linux-gnu/libnsl-2.26.so
7efe83360000-7efe83361000 r--p 00016000 08:02 1048667                    /lib/x86_64-linux-gnu/libnsl-2.26.so
7efe83361000-7efe83362000 rw-p 00017000 08:02 1048667                    /lib/x86_64-linux-gnu/libnsl-2.26.so
7efe83362000-7efe83364000 rw-p 00000000 00:00 0 
7efe83364000-7efe8336c000 r-xp 00000000 08:02 1048668                    /lib/x86_64-linux-gnu/libnss_compat-2.26.so
7efe8336c000-7efe8356b000 ---p 00008000 08:02 1048668                    /lib/x86_64-linux-gnu/libnss_compat-2.26.so
7efe8356b000-7efe8356c000 r--p 00007000 08:02 1048668                    /lib/x86_64-linux-gnu/libnss_compat-2.26.so
7efe8356c000-7efe8356d000 rw-p 00008000 08:02 1048668                    /lib/x86_64-linux-gnu/libnss_compat-2.26.so
7efe8356d000-7efe83598000 r-xp 00000000 08:02 6829723                    /usr/lib/jvm/java-8-oracle/jre/lib/amd64/libjava.so
7efe83598000-7efe83797000 ---p 0002b000 08:02 6829723                    /usr/lib/jvm/java-8-oracle/jre/lib/amd64/libjava.so
7efe83797000-7efe83799000 rw-p 0002a000 08:02 6829723                    /usr/lib/jvm/java-8-oracle/jre/lib/amd64/libjava.so
7efe83799000-7efe837a6000 r-xp 00000000 08:02 6829728                    /usr/lib/jvm/java-8-oracle/jre/lib/amd64/libverify.so
7efe837a6000-7efe839a6000 ---p 0000d000 08:02 6829728                    /usr/lib/jvm/java-8-oracle/jre/lib/amd64/libverify.so
7efe839a6000-7efe839a8000 rw-p 0000d000 08:02 6829728                    /usr/lib/jvm/java-8-oracle/jre/lib/amd64/libverify.so
7efe839a8000-7efe839af000 r-xp 00000000 08:02 1053128                    /lib/x86_64-linux-gnu/librt-2.26.so
7efe839af000-7efe83bae000 ---p 00007000 08:02 1053128                    /lib/x86_64-linux-gnu/librt-2.26.so
7efe83bae000-7efe83baf000 r--p 00006000 08:02 1053128                    /lib/x86_64-linux-gnu/librt-2.26.so
7efe83baf000-7efe83bb0000 rw-p 00007000 08:02 1053128                    /lib/x86_64-linux-gnu/librt-2.26.so
7efe83bb0000-7efe83d05000 r-xp 00000000 08:02 1048664                    /lib/x86_64-linux-gnu/libm-2.26.so
7efe83d05000-7efe83f04000 ---p 00155000 08:02 1048664                    /lib/x86_64-linux-gnu/libm-2.26.so
7efe83f04000-7efe83f05000 r--p 00154000 08:02 1048664                    /lib/x86_64-linux-gnu/libm-2.26.so
7efe83f05000-7efe83f06000 rw-p 00155000 08:02 1048664                    /lib/x86_64-linux-gnu/libm-2.26.so
7efe83f06000-7efe84bdf000 r-xp 00000000 08:02 6829706                    /usr/lib/jvm/java-8-oracle/jre/lib/amd64/server/libjvm.so
7efe84bdf000-7efe84dde000 ---p 00cd9000 08:02 6829706                    /usr/lib/jvm/java-8-oracle/jre/lib/amd64/server/libjvm.so
7efe84dde000-7efe84eb7000 rw-p 00cd8000 08:02 6829706                    /usr/lib/jvm/java-8-oracle/jre/lib/amd64/server/libjvm.so
7efe84eb7000-7efe84f03000 rw-p 00000000 00:00 0 
7efe84f03000-7efe850d9000 r-xp 00000000 08:02 1048660                    /lib/x86_64-linux-gnu/libc-2.26.so
7efe850d9000-7efe852d9000 ---p 001d6000 08:02 1048660                    /lib/x86_64-linux-gnu/libc-2.26.so
7efe852d9000-7efe852dd000 r--p 001d6000 08:02 1048660                    /lib/x86_64-linux-gnu/libc-2.26.so
7efe852dd000-7efe852df000 rw-p 001da000 08:02 1048660                    /lib/x86_64-linux-gnu/libc-2.26.so
7efe852df000-7efe852e3000 rw-p 00000000 00:00 0 
7efe852e3000-7efe852e6000 r-xp 00000000 08:02 1048663                    /lib/x86_64-linux-gnu/libdl-2.26.so
7efe852e6000-7efe854e5000 ---p 00003000 08:02 1048663                    /lib/x86_64-linux-gnu/libdl-2.26.so
7efe854e5000-7efe854e6000 r--p 00002000 08:02 1048663                    /lib/x86_64-linux-gnu/libdl-2.26.so
7efe854e6000-7efe854e7000 rw-p 00003000 08:02 1048663                    /lib/x86_64-linux-gnu/libdl-2.26.so
7efe854e7000-7efe854fd000 r-xp 00000000 08:02 7080220                    /usr/lib/jvm/java-8-oracle/lib/amd64/jli/libjli.so
7efe854fd000-7efe856fc000 ---p 00016000 08:02 7080220                    /usr/lib/jvm/java-8-oracle/lib/amd64/jli/libjli.so
7efe856fc000-7efe856fd000 rw-p 00015000 08:02 7080220                    /usr/lib/jvm/java-8-oracle/lib/amd64/jli/libjli.so
7efe856fd000-7efe85717000 r-xp 00000000 08:02 1053063                    /lib/x86_64-linux-gnu/libpthread-2.26.so
7efe85717000-7efe85916000 ---p 0001a000 08:02 1053063                    /lib/x86_64-linux-gnu/libpthread-2.26.so
7efe85916000-7efe85917000 r--p 00019000 08:02 1053063                    /lib/x86_64-linux-gnu/libpthread-2.26.so
7efe85917000-7efe85918000 rw-p 0001a000 08:02 1053063                    /lib/x86_64-linux-gnu/libpthread-2.26.so
7efe85918000-7efe8591c000 rw-p 00000000 00:00 0 
7efe8591c000-7efe85943000 r-xp 00000000 08:02 1048592                    /lib/x86_64-linux-gnu/ld-2.26.so
7efe85943000-7efe85944000 r--s 00000000 08:02 2359547                    /var/cache/fontconfig/49f0de54bdd920fe4f0dfd4cbac43e6b-le64.cache-6
7efe85944000-7efe85945000 r--s 00000000 08:02 2359593                    /var/cache/fontconfig/f6e6e0a5c3d2f6ae0c0c2e0ecd42a997-le64.cache-6
7efe85945000-7efe85946000 r--s 00000000 08:02 2359548                    /var/cache/fontconfig/4b2eda6bb976bda485cb2176619421d5-le64.cache-6
7efe85946000-7efe85947000 r--s 00008000 08:02 1316956                    /home/panns/.p2/pool/plugins/org.eclipse.fx.ide.css.jfx8_3.0.0.201705220750.jar
7efe85947000-7efe85948000 rw-s 00000000 00:05 123127                     /drm mm object (deleted)
7efe85949000-7efe8594e000 r--s 00084000 08:02 6829436                    /usr/lib/jvm/java-8-oracle/jre/lib/jfr.jar
7efe8594e000-7efe85a26000 rw-p 00000000 00:00 0 
7efe85a26000-7efe85a29000 ---p 00000000 00:00 0 
7efe85a29000-7efe85b2b000 rw-p 00000000 00:00 0 
7efe85b2b000-7efe85b2c000 rw-s 00000000 00:05 121524                     /drm mm object (deleted)
7efe85b2c000-7efe85b31000 r--s 002f9000 08:02 6829517                    /usr/lib/jvm/java-8-oracle/jre/lib/charsets.jar
7efe85b31000-7efe85b34000 r--s 0001a000 08:02 6829749                    /usr/lib/jvm/java-8-oracle/jre/lib/jce.jar
7efe85b34000-7efe85b39000 r--s 0009d000 08:02 6829576                    /usr/lib/jvm/java-8-oracle/jre/lib/jsse.jar
7efe85b39000-7efe85b41000 rw-s 00000000 08:02 6029446                    /tmp/hsperfdata_panns/8294
7efe85b41000-7efe85b42000 rw-p 00000000 00:00 0 
7efe85b42000-7efe85b43000 ---p 00000000 00:00 0 
7efe85b43000-7efe85b44000 r--p 00027000 08:02 1048592                    /lib/x86_64-linux-gnu/ld-2.26.so
7efe85b44000-7efe85b45000 rw-p 00028000 08:02 1048592                    /lib/x86_64-linux-gnu/ld-2.26.so
7efe85b45000-7efe85b46000 rw-p 00000000 00:00 0 
7fffb256e000-7fffb258f000 rw-p 00000000 00:00 0                          [stack]
7fffb2596000-7fffb2599000 r--p 00000000 00:00 0                          [vvar]
7fffb2599000-7fffb259b000 r-xp 00000000 00:00 0                          [vdso]
ffffffffff600000-ffffffffff601000 r-xp 00000000 00:00 0                  [vsyscall]

VM Arguments:
jvm_args: -Dfile.encoding=UTF-8 
java_command: brokerlite.Main
java_class_path (initial): /usr/lib/jvm/java-8-oracle/jre/lib/resources.jar:/usr/lib/jvm/java-8-oracle/jre/lib/rt.jar:/usr/lib/jvm/java-8-oracle/jre/lib/jsse.jar:/usr/lib/jvm/java-8-oracle/jre/lib/jce.jar:/usr/lib/jvm/java-8-oracle/jre/lib/charsets.jar:/usr/lib/jvm/java-8-oracle/jre/lib/jfr.jar:/usr/lib/jvm/java-8-oracle/jre/lib/ext/nashorn.jar:/usr/lib/jvm/java-8-oracle/jre/lib/ext/sunjce_provider.jar:/usr/lib/jvm/java-8-oracle/jre/lib/ext/sunec.jar:/usr/lib/jvm/java-8-oracle/jre/lib/ext/localedata.jar:/usr/lib/jvm/java-8-oracle/jre/lib/ext/sunpkcs11.jar:/usr/lib/jvm/java-8-oracle/jre/lib/ext/dnsns.jar:/usr/lib/jvm/java-8-oracle/jre/lib/ext/jfxrt.jar:/usr/lib/jvm/java-8-oracle/jre/lib/ext/zipfs.jar:/usr/lib/jvm/java-8-oracle/jre/lib/ext/jaccess.jar:/usr/lib/jvm/java-8-oracle/jre/lib/ext/cldrdata.jar:/home/panns/git/Broker-Lite/bin:/home/panns/.p2/pool/plugins/org.eclipse.fx.ide.css.jfx8_3.0.0.201705220750.jar:/home/panns/git/Broker-Lite/lib/sqlite-jdbc-3.21.0.jar:/home/panns/git/Broker-Lite/lib/jersey-bundle-1.18.jar
Launcher Type: SUN_STANDARD

Environment Variables:
PATH=/home/panns/.cargo/bin:/usr/local/sbin:/usr/local/bin:/usr/sbin:/usr/bin:/sbin:/bin:/usr/games:/usr/local/games
USERNAME=panns
SHELL=/usr/bin/zsh
DISPLAY=:0

Signal Handlers:
SIGSEGV: [libjvm.so+0xad01e0], sa_mask[0]=11111111011111111101111111111110, sa_flags=SA_RESTART|SA_SIGINFO
SIGBUS: [libjvm.so+0xad01e0], sa_mask[0]=11111111011111111101111111111110, sa_flags=SA_RESTART|SA_SIGINFO
SIGFPE: [libjvm.so+0x927fb0], sa_mask[0]=11111111011111111101111111111110, sa_flags=SA_RESTART|SA_SIGINFO
SIGPIPE: SIG_IGN, sa_mask[0]=00000000000010000000000000000000, sa_flags=SA_RESTART
SIGXFSZ: [libjvm.so+0x927fb0], sa_mask[0]=11111111011111111101111111111110, sa_flags=SA_RESTART|SA_SIGINFO
SIGILL: [libjvm.so+0x927fb0], sa_mask[0]=11111111011111111101111111111110, sa_flags=SA_RESTART|SA_SIGINFO
SIGUSR1: SIG_DFL, sa_mask[0]=00000000000000000000000000000000, sa_flags=none
SIGUSR2: [libjvm.so+0x9297f0], sa_mask[0]=00100000000000000000000000000000, sa_flags=SA_RESTART|SA_SIGINFO
SIGHUP: [libjvm.so+0x92abf0], sa_mask[0]=11111111011111111101111111111110, sa_flags=SA_RESTART|SA_SIGINFO
SIGINT: [libjvm.so+0x92abf0], sa_mask[0]=11111111011111111101111111111110, sa_flags=SA_RESTART|SA_SIGINFO
SIGTERM: [libjvm.so+0x92abf0], sa_mask[0]=11111111011111111101111111111110, sa_flags=SA_RESTART|SA_SIGINFO
SIGQUIT: [libjvm.so+0x92abf0], sa_mask[0]=11111111011111111101111111111110, sa_flags=SA_RESTART|SA_SIGINFO


---------------  S Y S T E M  ---------------

OS:DISTRIB_ID=Ubuntu
DISTRIB_RELEASE=17.10
DISTRIB_CODENAME=artful
DISTRIB_DESCRIPTION="Ubuntu 17.10"

uname:Linux 4.13.0-38-generic #43-Ubuntu SMP Wed Mar 14 15:20:44 UTC 2018 x86_64
libc:glibc 2.26 NPTL 2.26 
rlimit: STACK 8192k, CORE 0k, NPROC 13959, NOFILE 1048576, AS infinity
load average:1.03 1.28 1.08

/proc/meminfo:
MemTotal:        3884676 kB
MemFree:          107996 kB
MemAvailable:     496756 kB
Buffers:           14508 kB
Cached:           741120 kB
SwapCached:        33072 kB
Active:          2563224 kB
Inactive:        1004764 kB
Active(anon):    2305880 kB
Inactive(anon):   684324 kB
Active(file):     257344 kB
Inactive(file):   320440 kB
Unevictable:          32 kB
Mlocked:              32 kB
SwapTotal:       2097148 kB
SwapFree:        2016508 kB
Dirty:               528 kB
Writeback:             0 kB
AnonPages:       2779504 kB
Mapped:           388568 kB
Shmem:            389036 kB
Slab:              85712 kB
SReclaimable:      38948 kB
SUnreclaim:        46764 kB
KernelStack:       14240 kB
PageTables:        58980 kB
NFS_Unstable:          0 kB
Bounce:                0 kB
WritebackTmp:          0 kB
CommitLimit:     4039484 kB
Committed_AS:    8719844 kB
VmallocTotal:   34359738367 kB
VmallocUsed:           0 kB
VmallocChunk:          0 kB
HardwareCorrupted:     0 kB
AnonHugePages:         0 kB
ShmemHugePages:        0 kB
ShmemPmdMapped:        0 kB
CmaTotal:              0 kB
CmaFree:               0 kB
HugePages_Total:       0
HugePages_Free:        0
HugePages_Rsvd:        0
HugePages_Surp:        0
Hugepagesize:       2048 kB
DirectMap4k:      129912 kB
DirectMap2M:     3909632 kB
DirectMap1G:           0 kB


CPU:total 4 (initial active 4) (2 cores per cpu, 2 threads per core) family 6 model 78 stepping 3, cmov, cx8, fxsr, mmx, sse, sse2, sse3, ssse3, sse4.1, sse4.2, popcnt, avx, avx2, aes, clmul, erms, 3dnowpref, lzcnt, ht, tsc, tscinvbit, bmi1, bmi2, adx

/proc/cpuinfo:
processor	: 0
vendor_id	: GenuineIntel
cpu family	: 6
model		: 78
model name	: Intel(R) Core(TM) i5-6200U CPU @ 2.30GHz
stepping	: 3
microcode	: 0xc2
cpu MHz		: 2654.022
cache size	: 3072 KB
physical id	: 0
siblings	: 4
core id		: 0
cpu cores	: 2
apicid		: 0
initial apicid	: 0
fpu		: yes
fpu_exception	: yes
cpuid level	: 22
wp		: yes
flags		: fpu vme de pse tsc msr pae mce cx8 apic sep mtrr pge mca cmov pat pse36 clflush dts acpi mmx fxsr sse sse2 ss ht tm pbe syscall nx pdpe1gb rdtscp lm constant_tsc art arch_perfmon pebs bts rep_good nopl xtopology nonstop_tsc cpuid aperfmperf tsc_known_freq pni pclmulqdq dtes64 monitor ds_cpl vmx est tm2 ssse3 sdbg fma cx16 xtpr pdcm pcid sse4_1 sse4_2 x2apic movbe popcnt tsc_deadline_timer aes xsave avx f16c rdrand lahf_lm abm 3dnowprefetch cpuid_fault epb invpcid_single pti retpoline intel_pt rsb_ctxsw spec_ctrl tpr_shadow vnmi flexpriority ept vpid fsgsbase tsc_adjust bmi1 avx2 smep bmi2 erms invpcid mpx rdseed adx smap clflushopt xsaveopt xsavec xgetbv1 xsaves dtherm ida arat pln pts hwp hwp_notify hwp_act_window hwp_epp
bugs		: cpu_meltdown spectre_v1 spectre_v2
bogomips	: 4800.00
clflush size	: 64
cache_alignment	: 64
address sizes	: 39 bits physical, 48 bits virtual
power management:

processor	: 1
vendor_id	: GenuineIntel
cpu family	: 6
model		: 78
model name	: Intel(R) Core(TM) i5-6200U CPU @ 2.30GHz
stepping	: 3
microcode	: 0xc2
cpu MHz		: 2683.761
cache size	: 3072 KB
physical id	: 0
siblings	: 4
core id		: 1
cpu cores	: 2
apicid		: 2
initial apicid	: 2
fpu		: yes
fpu_exception	: yes
cpuid level	: 22
wp		: yes
flags		: fpu vme de pse tsc msr pae mce cx8 apic sep mtrr pge mca cmov pat pse36 clflush dts acpi mmx fxsr sse sse2 ss ht tm pbe syscall nx pdpe1gb rdtscp lm constant_tsc art arch_perfmon pebs bts rep_good nopl xtopology nonstop_tsc cpuid aperfmperf tsc_known_freq pni pclmulqdq dtes64 monitor ds_cpl vmx est tm2 ssse3 sdbg fma cx16 xtpr pdcm pcid sse4_1 sse4_2 x2apic movbe popcnt tsc_deadline_timer aes xsave avx f16c rdrand lahf_lm abm 3dnowprefetch cpuid_fault epb invpcid_single pti retpoline intel_pt rsb_ctxsw spec_ctrl tpr_shadow vnmi flexpriority ept vpid fsgsbase tsc_adjust bmi1 avx2 smep bmi2 erms invpcid mpx rdseed adx smap clflushopt xsaveopt xsavec xgetbv1 xsaves dtherm ida arat pln pts hwp hwp_notify hwp_act_window hwp_epp
bugs		: cpu_meltdown spectre_v1 spectre_v2
bogomips	: 4800.00
clflush size	: 64
cache_alignment	: 64
address sizes	: 39 bits physical, 48 bits virtual
power management:

processor	: 2
vendor_id	: GenuineIntel
cpu family	: 6
model		: 78
model name	: Intel(R) Core(TM) i5-6200U CPU @ 2.30GHz
stepping	: 3
microcode	: 0xc2
cpu MHz		: 2665.763
cache size	: 3072 KB
physical id	: 0
siblings	: 4
core id		: 0
cpu cores	: 2
apicid		: 1
initial apicid	: 1
fpu		: yes
fpu_exception	: yes
cpuid level	: 22
wp		: yes
flags		: fpu vme de pse tsc msr pae mce cx8 apic sep mtrr pge mca cmov pat pse36 clflush dts acpi mmx fxsr sse sse2 ss ht tm pbe syscall nx pdpe1gb rdtscp lm constant_tsc art arch_perfmon pebs bts rep_good nopl xtopology nonstop_tsc cpuid aperfmperf tsc_known_freq pni pclmulqdq dtes64 monitor ds_cpl vmx est tm2 ssse3 sdbg fma cx16 xtpr pdcm pcid sse4_1 sse4_2 x2apic movbe popcnt tsc_deadline_timer aes xsave avx f16c rdrand lahf_lm abm 3dnowprefetch cpuid_fault epb invpcid_single pti retpoline intel_pt rsb_ctxsw spec_ctrl tpr_shadow vnmi flexpriority ept vpid fsgsbase tsc_adjust bmi1 avx2 smep bmi2 erms invpcid mpx rdseed adx smap clflushopt xsaveopt xsavec xgetbv1 xsaves dtherm ida arat pln pts hwp hwp_notify hwp_act_window hwp_epp
bugs		: cpu_meltdown spectre_v1 spectre_v2
bogomips	: 4800.00
clflush size	: 64
cache_alignment	: 64
address sizes	: 39 bits physical, 48 bits virtual
power management:

processor	: 3
vendor_id	: GenuineIntel
cpu family	: 6
model		: 78
model name	: Intel(R) Core(TM) i5-6200U CPU @ 2.30GHz
stepping	: 3
microcode	: 0xc2
cpu MHz		: 2688.118
cache size	: 3072 KB
physical id	: 0
siblings	: 4
core id		: 1
cpu cores	: 2
apicid		: 3
initial apicid	: 3
fpu		: yes
fpu_exception	: yes
cpuid level	: 22
wp		: yes
flags		: fpu vme de pse tsc msr pae mce cx8 apic sep mtrr pge mca cmov pat pse36 clflush dts acpi mmx fxsr sse sse2 ss ht tm pbe syscall nx pdpe1gb rdtscp lm constant_tsc art arch_perfmon pebs bts rep_good nopl xtopology nonstop_tsc cpuid aperfmperf tsc_known_freq pni pclmulqdq dtes64 monitor ds_cpl vmx est tm2 ssse3 sdbg fma cx16 xtpr pdcm pcid sse4_1 sse4_2 x2apic movbe popcnt tsc_deadline_timer aes xsave avx f16c rdrand lahf_lm abm 3dnowprefetch cpuid_fault epb invpcid_single pti retpoline intel_pt rsb_ctxsw spec_ctrl tpr_shadow vnmi flexpriority ept vpid fsgsbase tsc_adjust bmi1 avx2 smep bmi2 erms invpcid mpx rdseed adx smap clflushopt xsaveopt xsavec xgetbv1 xsaves dtherm ida arat pln pts hwp hwp_notify hwp_act_window hwp_epp
bugs		: cpu_meltdown spectre_v1 spectre_v2
bogomips	: 4800.00
clflush size	: 64
cache_alignment	: 64
address sizes	: 39 bits physical, 48 bits virtual
power management:



Memory: 4k page, physical 3884676k(130160k free), swap 2097148k(2016508k free)

vm_info: Java HotSpot(TM) 64-Bit Server VM (25.161-b12) for linux-amd64 JRE (1.8.0_161-b12), built on Dec 19 2017 16:12:43 by "java_re" with gcc 4.3.0 20080428 (Red Hat 4.3.0-8)

time: Tue Apr 17 21:16:22 2018
elapsed time: 74 seconds (0d 0h 1m 14s)

