#
# A fatal error has been detected by the Java Runtime Environment:
#
#  SIGSEGV (0xb) at pc=0x00007f5048e65788, pid=2829, tid=0x00007f4feb998700
#
# JRE version: Java(TM) SE Runtime Environment (8.0_161-b12) (build 1.8.0_161-b12)
# Java VM: Java HotSpot(TM) 64-Bit Server VM (25.161-b12 mixed mode linux-amd64 compressed oops)
# Problematic frame:
# V  [libjvm.so+0x6d7788]  jni_invoke_nonstatic(JNIEnv_*, JavaValue*, _jobject*, JNICallType, _jmethodID*, JNI_ArgumentPusher*, Thread*)+0x38
#
# Failed to write core dump. Core dumps have been disabled. To enable core dumping, try "ulimit -c unlimited" before starting Java again
#
# If you would like to submit a bug report, please visit:
#   http://bugreport.java.com/bugreport/crash.jsp
#

---------------  T H R E A D  ---------------

Current thread (0x00007f5044292000):  JavaThread "JavaFX Application Thread" [_thread_in_vm, id=2851, stack(0x00007f4feb898000,0x00007f4feb999000)]

siginfo: si_signo: 11 (SIGSEGV), si_code: 128 (SI_KERNEL), si_addr: 0x0000000000000000

Registers:
RAX=0x00007f4feb997370, RBX=0x00007f4feb997280, RCX=0x0000000000000001, RDX=0x72746e6f632f656e
RSP=0x00007f4feb9970d0, RBP=0x00007f4feb997250, RSI=0x00007f4feb9972e0, RDI=0x00007f50442921f8
R8 =0x00007f50441dfcb8, R9 =0x00007f4feb997280, R10=0x00007f4fdc000d10, R11=0x00007f50347ea0a0
R12=0x00007f5044292000, R13=0x00007f50441dfcb8, R14=0x0000000000000001, R15=0x00007f50442921f8
RIP=0x00007f5048e65788, EFLAGS=0x0000000000010202, CSGSFS=0x002b000000000033, ERR=0x0000000000000000
  TRAPNO=0x000000000000000d

Top of Stack: (sp=0x00007f4feb9970d0)
0x00007f4feb9970d0:   00007f4feb9977d0 00007f4feb9973f0
0x00007f4feb9970e0:   00007f4feb997130 00007f4feb9971b0
0x00007f4feb9970f0:   00007f4feb997280 00007f4feb9972e0
0x00007f4feb997100:   00007f50442921f8 00007f5048e85290
0x00007f4feb997110:   00007f50040120a0 00007f50040120b0
0x00007f4feb997120:   00007f5004012488 00000000000003d8
0x00007f4feb997130:   0000000000000000 00000000ee4084e0
0x00007f4feb997140:   00007f500000006f 00007f500000000a
0x00007f4feb997150:   00000000ecd0e350 0000000000000000
0x00007f4feb997160:   0000000000000000 0000000000000000
0x00007f4feb997170:   00007f50315f7b00 0000000100000100
0x00007f4feb997180:   0000000000000000 00007f4feb997138
0x00007f4feb997190:   00007f4feb997179 0000000800000005
0x00007f4feb9971a0:   00007f4feb997100 00007f5044292c10
0x00007f4feb9971b0:   00007f50496f8e70 00007f504a21e720
0x00007f4feb9971c0:   0000000044292b90 00007f5044292000
0x00007f4feb9971d0:   0000000000000000 00007f5048e65b5b
0x00007f4feb9971e0:   00007f5031601c48 00007f5044292000
0x00007f4feb9971f0:   00007f5031601c48 00007f5044292000
0x00007f4feb997200:   00007f4feb997390 00007f5031601c48
0x00007f4feb997210:   00007f5031601c48 00007f5031601c48
0x00007f4feb997220:   00007f50040120a0 00007f4feb997280
0x00007f4feb997230:   00007f5044292000 00007f4feb9972c0
0x00007f4feb997240:   00007f50441dfcb8 00007f50442921f8
0x00007f4feb997250:   00007f4feb997340 00007f5048e69f2f
0x00007f4feb997260:   00007f5044292000 00007f50226fb4d4
0x00007f4feb997270:   00007f4feb997358 72746e6f632f656e
0x00007f4feb997280:   00007f50496f9af0 00007f504a21e720
0x00007f4feb997290:   0000000000000000 00007f5000000063
0x00007f4feb9972a0:   0000000000000000 0000003000000018
0x00007f4feb9972b0:   00007f4feb997430 00007f4feb997370
0x00007f4feb9972c0:   00007f5044292000 0000000000000000 

Instructions: (pc=0x00007f5048e65788)
0x00007f5048e65768:   00 00 48 85 d2 48 89 bd b0 fe ff ff 48 89 b5 a8
0x00007f5048e65778:   fe ff ff 4c 89 8d a0 fe ff ff 0f 84 78 09 00 00
0x00007f5048e65788:   4c 8b 22 4d 85 e4 0f 84 6c 09 00 00 48 8b 45 10
0x00007f5048e65798:   48 8b 98 38 01 00 00 48 83 7b 18 f7 0f 87 16 07 

Register to memory mapping:

RAX=0x00007f4feb997370 is pointing into the stack for thread: 0x00007f5044292000
RBX=0x00007f4feb997280 is pointing into the stack for thread: 0x00007f5044292000
RCX=0x0000000000000001 is an unknown value
RDX=0x72746e6f632f656e is an unknown value
RSP=0x00007f4feb9970d0 is pointing into the stack for thread: 0x00007f5044292000
RBP=0x00007f4feb997250 is pointing into the stack for thread: 0x00007f5044292000
RSI=0x00007f4feb9972e0 is pointing into the stack for thread: 0x00007f5044292000
RDI=0x00007f50442921f8 is an unknown value
R8 =0x00007f50441dfcb8 is an unknown value
R9 =0x00007f4feb997280 is pointing into the stack for thread: 0x00007f5044292000
R10=0x00007f4fdc000d10 is an unknown value
R11=0x00007f50347ea0a0 is at entry_point+32 in (nmethod*)0x00007f50347e9f10
R12=0x00007f5044292000 is a thread
R13=0x00007f50441dfcb8 is an unknown value
R14=0x0000000000000001 is an unknown value
R15=0x00007f50442921f8 is an unknown value


Stack: [0x00007f4feb898000,0x00007f4feb999000],  sp=0x00007f4feb9970d0,  free space=1020k
Native frames: (J=compiled Java code, j=interpreted, Vv=VM code, C=native code)
V  [libjvm.so+0x6d7788]  jni_invoke_nonstatic(JNIEnv_*, JavaValue*, _jobject*, JNICallType, _jmethodID*, JNI_ArgumentPusher*, Thread*)+0x38
V  [libjvm.so+0x6dbf2f]  jni_CallVoidMethodV+0x10f
C  [libglass.so+0x18641]  JNIEnv_::CallVoidMethod(_jobject*, _jmethodID*, ...)+0x81
C  [libglass.so+0x14f0f]  WindowContextBase::process_key(_GdkEventKey*)+0x20f
C  [libglass.so+0x19f60]  WindowContextBase::im_filter_keypress(_GdkEventKey*)+0x1c0
C  [libglass.so+0x1a91c]  process_events(_GdkEvent*, void*)+0x22c
C  [libgdk-x11-2.0.so.0+0x5af0c]

Java frames: (J=compiled Java code, j=interpreted, Vv=VM code)
j  com.sun.glass.ui.gtk.GtkApplication._runLoop(Ljava/lang/Runnable;Z)V+0
j  com.sun.glass.ui.gtk.GtkApplication.lambda$null$48(Ljava/lang/Runnable;Z)V+7
j  com.sun.glass.ui.gtk.GtkApplication$$Lambda$41.run()V+12
j  java.lang.Thread.run()V+11
v  ~StubRoutines::call_stub

---------------  P R O C E S S  ---------------

Java Threads: ( => current thread )
  0x00007f4fdc408800 JavaThread "Thread-3" daemon [_thread_new, id=2854, stack(0x0000000000000000,0x0000000000000000)]
  0x00007f4fdc0c0800 JavaThread "Prism Font Disposer" daemon [_thread_blocked, id=2853, stack(0x00007f4fea23d000,0x00007f4fea33e000)]
  0x00007f5044295800 JavaThread "JavaFX-Launcher" [_thread_blocked, id=2852, stack(0x00007f4feb797000,0x00007f4feb898000)]
=>0x00007f5044292000 JavaThread "JavaFX Application Thread" [_thread_in_vm, id=2851, stack(0x00007f4feb898000,0x00007f4feb999000)]
  0x00007f504428f800 JavaThread "Thread-1" daemon [_thread_blocked, id=2850, stack(0x00007f502005d000,0x00007f502015e000)]
  0x00007f50441ce800 JavaThread "QuantumRenderer-0" daemon [_thread_blocked, id=2849, stack(0x00007f5023183000,0x00007f5023284000)]
  0x00007f50440c2000 JavaThread "Service Thread" daemon [_thread_blocked, id=2847, stack(0x00007f502341b000,0x00007f502351c000)]
  0x00007f50440bf000 JavaThread "C1 CompilerThread2" daemon [_thread_blocked, id=2846, stack(0x00007f502351c000,0x00007f502361d000)]
  0x00007f50440bd800 JavaThread "C2 CompilerThread1" daemon [_thread_in_native, id=2845, stack(0x00007f502361d000,0x00007f502371e000)]
  0x00007f50440ba800 JavaThread "C2 CompilerThread0" daemon [_thread_in_native, id=2844, stack(0x00007f502371e000,0x00007f502381f000)]
  0x00007f50440b9000 JavaThread "Signal Dispatcher" daemon [_thread_blocked, id=2843, stack(0x00007f502381f000,0x00007f5023920000)]
  0x00007f5044085800 JavaThread "Finalizer" daemon [_thread_blocked, id=2842, stack(0x00007f5023bfc000,0x00007f5023cfd000)]
  0x00007f5044081000 JavaThread "Reference Handler" daemon [_thread_blocked, id=2841, stack(0x00007f5023cfd000,0x00007f5023dfe000)]
  0x00007f504400b800 JavaThread "main" [_thread_blocked, id=2832, stack(0x00007f504a2ae000,0x00007f504a3af000)]

Other Threads:
  0x00007f5044079800 VMThread [stack: 0x00007f5023dfe000,0x00007f5023eff000] [id=2840]
  0x00007f50440c7000 WatcherThread [stack: 0x00007f502331a000,0x00007f502341b000] [id=2848]

VM state:not at safepoint (normal execution)

VM Mutex/Monitor currently owned by a thread: None

Heap:
 PSYoungGen      total 33280K, used 20418K [0x00000000ec380000, 0x00000000ee680000, 0x0000000100000000)
  eden space 30720K, 58% used [0x00000000ec380000,0x00000000ed4f4928,0x00000000ee180000)
  from space 2560K, 99% used [0x00000000ee400000,0x00000000ee67c050,0x00000000ee680000)
  to   space 2560K, 0% used [0x00000000ee180000,0x00000000ee180000,0x00000000ee400000)
 ParOldGen       total 40960K, used 4610K [0x00000000c4a00000, 0x00000000c7200000, 0x00000000ec380000)
  object space 40960K, 11% used [0x00000000c4a00000,0x00000000c4e80820,0x00000000c7200000)
 Metaspace       used 19064K, capacity 20066K, committed 20224K, reserved 1067008K
  class space    used 2784K, capacity 3018K, committed 3072K, reserved 1048576K

Card table byte_map: [0x00007f5033ddb000,0x00007f5033fb7000] byte_map_base: 0x00007f50337b6000

Marking Bits: (ParMarkBitMap*) 0x00007f504975d920
 Begin Bits: [0x00007f5031aea000, 0x00007f50329c2000)
 End Bits:   [0x00007f50329c2000, 0x00007f503389a000)

Polling page: 0x00007f504a3ca000

CodeCache: size=245760Kb used=5932Kb max_used=5940Kb free=239827Kb
 bounds [0x00007f5034377000, 0x00007f5034957000, 0x00007f5043377000]
 total_blobs=2602 nmethods=1944 adapters=571
 compilation: enabled

Compilation events (10 events):
Event: 4.831 Thread 0x00007f50440ba800 nmethod 1904 0x00007f50349457d0 code [0x00007f5034945a20, 0x00007f5034946848]
Event: 4.831 Thread 0x00007f50440ba800 1906       4       javafx.scene.CssStyleHelper::getStyle (162 bytes)
Event: 4.834 Thread 0x00007f50440bf000 1943       3       java.util.HashSet::remove (20 bytes)
Event: 4.835 Thread 0x00007f50440bf000 nmethod 1943 0x00007f5034941750 code [0x00007f5034941900, 0x00007f5034941e58]
Event: 4.837 Thread 0x00007f50440bf000 1944       3       javafx.collections.ListChangeBuilder$SingleChange::getTo (12 bytes)
Event: 4.837 Thread 0x00007f50440bf000 nmethod 1944 0x00007f5034941150 code [0x00007f50349412e0, 0x00007f50349415c8]
Event: 4.837 Thread 0x00007f50440bf000 1945       3       javafx.collections.ListChangeBuilder$SingleChange::getRemoved (12 bytes)
Event: 4.837 Thread 0x00007f50440bf000 nmethod 1945 0x00007f5034940b50 code [0x00007f5034940ce0, 0x00007f5034940fc8]
Event: 4.837 Thread 0x00007f50440bf000 1946       1       com.sun.javafx.css.StyleMap::getId (5 bytes)
Event: 4.837 Thread 0x00007f50440bf000 nmethod 1946 0x00007f5034944810 code [0x00007f5034944960, 0x00007f5034944a70]

GC Heap History (4 events):
Event: 0.643 GC heap before
{Heap before GC invocations=1 (full 0):
 PSYoungGen      total 17920K, used 15360K [0x00000000ec380000, 0x00000000ed780000, 0x0000000100000000)
  eden space 15360K, 100% used [0x00000000ec380000,0x00000000ed280000,0x00000000ed280000)
  from space 2560K, 0% used [0x00000000ed500000,0x00000000ed500000,0x00000000ed780000)
  to   space 2560K, 0% used [0x00000000ed280000,0x00000000ed280000,0x00000000ed500000)
 ParOldGen       total 40960K, used 0K [0x00000000c4a00000, 0x00000000c7200000, 0x00000000ec380000)
  object space 40960K, 0% used [0x00000000c4a00000,0x00000000c4a00000,0x00000000c7200000)
 Metaspace       used 10529K, capacity 10922K, committed 11136K, reserved 1058816K
  class space    used 1290K, capacity 1399K, committed 1408K, reserved 1048576K
Event: 0.650 GC heap after
Heap after GC invocations=1 (full 0):
 PSYoungGen      total 17920K, used 2533K [0x00000000ec380000, 0x00000000ee680000, 0x0000000100000000)
  eden space 15360K, 0% used [0x00000000ec380000,0x00000000ec380000,0x00000000ed280000)
  from space 2560K, 98% used [0x00000000ed280000,0x00000000ed4f96e8,0x00000000ed500000)
  to   space 2560K, 0% used [0x00000000ee400000,0x00000000ee400000,0x00000000ee680000)
 ParOldGen       total 40960K, used 248K [0x00000000c4a00000, 0x00000000c7200000, 0x00000000ec380000)
  object space 40960K, 0% used [0x00000000c4a00000,0x00000000c4a3e2e8,0x00000000c7200000)
 Metaspace       used 10529K, capacity 10922K, committed 11136K, reserved 1058816K
  class space    used 1290K, capacity 1399K, committed 1408K, reserved 1048576K
}
Event: 1.068 GC heap before
{Heap before GC invocations=2 (full 0):
 PSYoungGen      total 17920K, used 17893K [0x00000000ec380000, 0x00000000ee680000, 0x0000000100000000)
  eden space 15360K, 100% used [0x00000000ec380000,0x00000000ed280000,0x00000000ed280000)
  from space 2560K, 98% used [0x00000000ed280000,0x00000000ed4f96e8,0x00000000ed500000)
  to   space 2560K, 0% used [0x00000000ee400000,0x00000000ee400000,0x00000000ee680000)
 ParOldGen       total 40960K, used 248K [0x00000000c4a00000, 0x00000000c7200000, 0x00000000ec380000)
  object space 40960K, 0% used [0x00000000c4a00000,0x00000000c4a3e2e8,0x00000000c7200000)
 Metaspace       used 14425K, capacity 15020K, committed 15232K, reserved 1062912K
  class space    used 1933K, capacity 2099K, committed 2176K, reserved 1048576K
Event: 1.076 GC heap after
Heap after GC invocations=2 (full 0):
 PSYoungGen      total 33280K, used 2544K [0x00000000ec380000, 0x00000000ee680000, 0x0000000100000000)
  eden space 30720K, 0% used [0x00000000ec380000,0x00000000ec380000,0x00000000ee180000)
  from space 2560K, 99% used [0x00000000ee400000,0x00000000ee67c050,0x00000000ee680000)
  to   space 2560K, 0% used [0x00000000ee180000,0x00000000ee180000,0x00000000ee400000)
 ParOldGen       total 40960K, used 4610K [0x00000000c4a00000, 0x00000000c7200000, 0x00000000ec380000)
  object space 40960K, 11% used [0x00000000c4a00000,0x00000000c4e80820,0x00000000c7200000)
 Metaspace       used 14425K, capacity 15020K, committed 15232K, reserved 1062912K
  class space    used 1933K, capacity 2099K, committed 2176K, reserved 1048576K
}

Deoptimization events (10 events):
Event: 1.031 Thread 0x00007f5044292000 Uncommon trap: reason=speculate_class_check action=maybe_recompile pc=0x00007f50346bee8c method=com.sun.javafx.css.BitSet.containsAll(Ljava/util/Collection;)Z @ 18
Event: 1.031 Thread 0x00007f5044292000 Uncommon trap: reason=speculate_class_check action=maybe_recompile pc=0x00007f50346bee8c method=com.sun.javafx.css.BitSet.containsAll(Ljava/util/Collection;)Z @ 18
Event: 1.031 Thread 0x00007f5044292000 Uncommon trap: reason=class_check action=maybe_recompile pc=0x00007f503448ac20 method=java.lang.String.equals(Ljava/lang/Object;)Z @ 8
Event: 2.525 Thread 0x00007f5044292000 Uncommon trap: reason=unstable_if action=reinterpret pc=0x00007f50346d673c method=jdk.internal.org.objectweb.asm.Type.getArgumentsAndReturnSizes(Ljava/lang/String;)I @ 47
Event: 3.882 Thread 0x00007f5044292000 Uncommon trap: reason=unstable_if action=reinterpret pc=0x00007f50345a0ba0 method=java.lang.CharacterData.of(I)Ljava/lang/CharacterData; @ 4
Event: 4.643 Thread 0x00007f5044292000 Uncommon trap: reason=unstable_if action=reinterpret pc=0x00007f50347e26f8 method=java.lang.StrictMath.floorOrCeil(DDDD)D @ 38
Event: 4.800 Thread 0x00007f5044292000 Uncommon trap: reason=array_check action=maybe_recompile pc=0x00007f5034920710 method=com.sun.javafx.css.SimpleSelector.applies(Ljavafx/css/Styleable;[Ljava/util/Set;I)Z @ 37
Event: 4.800 Thread 0x00007f5044292000 Uncommon trap: reason=array_check action=maybe_recompile pc=0x00007f5034920710 method=com.sun.javafx.css.SimpleSelector.applies(Ljavafx/css/Styleable;[Ljava/util/Set;I)Z @ 37
Event: 4.800 Thread 0x00007f5044292000 Uncommon trap: reason=array_check action=maybe_recompile pc=0x00007f5034920710 method=com.sun.javafx.css.SimpleSelector.applies(Ljavafx/css/Styleable;[Ljava/util/Set;I)Z @ 37
Event: 4.800 Thread 0x00007f5044292000 Uncommon trap: reason=array_check action=maybe_recompile pc=0x00007f5034920710 method=com.sun.javafx.css.SimpleSelector.applies(Ljavafx/css/Styleable;[Ljava/util/Set;I)Z @ 37

Classes redefined (0 events):
No events

Internal exceptions (10 events):
Event: 0.616 Thread 0x00007f5044292000 Exception <a 'java/lang/NullPointerException'> (0x00000000ed1b2250) thrown at [/HUDSON/workspace/8-2-build-linux-amd64/jdk8u161/10277/hotspot/src/share/vm/interpreter/linkResolver.cpp, line 1185]
Event: 0.616 Thread 0x00007f5044292000 Exception <a 'java/lang/NullPointerException'> (0x00000000ed1b2250) thrown at [/HUDSON/workspace/8-2-build-linux-amd64/jdk8u161/10277/hotspot/src/share/vm/prims/jvm.cpp, line 1394]
Event: 0.847 Thread 0x00007f5044292000 Exception <a 'java/lang/ArrayIndexOutOfBoundsException'> (0x00000000ec97ad60) thrown at [/HUDSON/workspace/8-2-build-linux-amd64/jdk8u161/10277/hotspot/src/share/vm/runtime/sharedRuntime.cpp, line 605]
Event: 0.848 Thread 0x00007f5044292000 Exception <a 'java/lang/ArrayIndexOutOfBoundsException'> (0x00000000ec97ba60) thrown at [/HUDSON/workspace/8-2-build-linux-amd64/jdk8u161/10277/hotspot/src/share/vm/runtime/sharedRuntime.cpp, line 605]
Event: 0.848 Thread 0x00007f5044292000 Exception <a 'java/lang/ArrayIndexOutOfBoundsException'> (0x00000000ec97ce08) thrown at [/HUDSON/workspace/8-2-build-linux-amd64/jdk8u161/10277/hotspot/src/share/vm/runtime/sharedRuntime.cpp, line 605]
Event: 0.892 Thread 0x00007f5044292000 Exception <a 'java/lang/ArrayIndexOutOfBoundsException'> (0x00000000ecb49400) thrown at [/HUDSON/workspace/8-2-build-linux-amd64/jdk8u161/10277/hotspot/src/share/vm/runtime/sharedRuntime.cpp, line 605]
Event: 0.938 Thread 0x00007f5044292000 Exception <a 'java/io/FileNotFoundException'> (0x00000000ecd02790) thrown at [/HUDSON/workspace/8-2-build-linux-amd64/jdk8u161/10277/hotspot/src/share/vm/prims/jni.cpp, line 709]
Event: 4.575 Thread 0x00007f5044292000 Exception <a 'java/lang/ArrayIndexOutOfBoundsException'> (0x00000000ecde3870) thrown at [/HUDSON/workspace/8-2-build-linux-amd64/jdk8u161/10277/hotspot/src/share/vm/runtime/sharedRuntime.cpp, line 605]
Event: 4.576 Thread 0x00007f5044292000 Exception <a 'java/lang/ArrayIndexOutOfBoundsException'> (0x00000000ecde7570) thrown at [/HUDSON/workspace/8-2-build-linux-amd64/jdk8u161/10277/hotspot/src/share/vm/runtime/sharedRuntime.cpp, line 605]
Event: 4.644 Thread 0x00007f5044292000 Exception <a 'java/io/FileNotFoundException'> (0x00000000ed0c4bb0) thrown at [/HUDSON/workspace/8-2-build-linux-amd64/jdk8u161/10277/hotspot/src/share/vm/prims/jni.cpp, line 709]

Events (10 events):
Event: 4.820 loading class com/sun/javafx/scene/control/skin/ProgressBarSkin$StyleableProperties$3 done
Event: 4.820 loading class com/sun/javafx/scene/control/skin/ProgressBarSkin$StyleableProperties$4
Event: 4.820 loading class com/sun/javafx/scene/control/skin/ProgressBarSkin$StyleableProperties$4 done
Event: 4.828 loading class javafx/scene/Node$NodeTransformation$10
Event: 4.828 loading class javafx/scene/Node$NodeTransformation$10 done
Event: 4.829 loading class com/sun/javafx/scene/control/skin/TabPaneSkin$3
Event: 4.829 loading class com/sun/javafx/scene/control/skin/TabPaneSkin$3 done
Event: 4.836 loading class brokerlite/MainPageController$1
Event: 4.836 loading class brokerlite/MainPageController$1 done
Event: 4.837 Thread 0x00007f4fdc408800 Thread added: 0x00007f4fdc408800


Dynamic libraries:
00400000-00401000 r-xp 00000000 08:02 6829286                            /usr/lib/jvm/java-8-oracle/bin/java
00600000-00601000 rw-p 00000000 08:02 6829286                            /usr/lib/jvm/java-8-oracle/bin/java
00dbf000-00de0000 rw-p 00000000 00:00 0                                  [heap]
c4a00000-c7200000 rw-p 00000000 00:00 0 
c7200000-ec380000 ---p 00000000 00:00 0 
ec380000-ee680000 rw-p 00000000 00:00 0 
ee680000-100000000 ---p 00000000 00:00 0 
100000000-100300000 rw-p 00000000 00:00 0 
100300000-140000000 ---p 00000000 00:00 0 
7f4fd4000000-7f4fd4021000 rw-p 00000000 00:00 0 
7f4fd4021000-7f4fd8000000 ---p 00000000 00:00 0 
7f4fdc000000-7f4fdc6d7000 rw-p 00000000 00:00 0 
7f4fdc6d7000-7f4fe0000000 ---p 00000000 00:00 0 
7f4fe0000000-7f4fe0021000 rw-p 00000000 00:00 0 
7f4fe0021000-7f4fe4000000 ---p 00000000 00:00 0 
7f4fe4000000-7f4fe4021000 rw-p 00000000 00:00 0 
7f4fe4021000-7f4fe8000000 ---p 00000000 00:00 0 
7f4fe9285000-7f4fe9386000 rw-p 00000000 00:00 0 
7f4fe9386000-7f4fe9388000 rw-s 00000000 00:05 86656                      /drm mm object (deleted)
7f4fe9388000-7f4fe938a000 rw-s 00000000 00:05 87052                      /drm mm object (deleted)
7f4fe938a000-7f4fe938b000 rw-s 00000000 00:05 83560                      /drm mm object (deleted)
7f4fe938b000-7f4fe9393000 rw-s 00000000 00:05 86651                      /drm mm object (deleted)
7f4fe9393000-7f4fe939b000 rw-s 00000000 00:05 86650                      /drm mm object (deleted)
7f4fe939b000-7f4fe939d000 rw-s 00000000 00:05 86649                      /drm mm object (deleted)
7f4fe939d000-7f4fe939f000 rw-s 00000000 00:05 86648                      /drm mm object (deleted)
7f4fe939f000-7f4fe93a0000 rw-s 00000000 00:05 82925                      /drm mm object (deleted)
7f4fe93a0000-7f4fe93a1000 rw-s 00000000 00:05 82924                      /drm mm object (deleted)
7f4fe93a1000-7f4fe93a2000 rw-s 00000000 00:05 82923                      /drm mm object (deleted)
7f4fe93a2000-7f4fe9462000 rw-p 00000000 00:00 0 
7f4fe9462000-7f4fe95a2000 ---p 00000000 00:00 0 
7f4fe95a2000-7f4fe95a6000 rw-s 00000000 00:05 86644                      /drm mm object (deleted)
7f4fe95a6000-7f4fe95a9000 rw-s 00000000 00:05 86629                      /drm mm object (deleted)
7f4fe95a9000-7f4fe95b9000 rw-s 00000000 00:05 86642                      /drm mm object (deleted)
7f4fe95b9000-7f4fe9779000 rw-s 107820000 00:06 328                       /dev/dri/card0
7f4fe9779000-7f4fe97d9000 rw-s 00000000 00:05 86640                      /drm mm object (deleted)
7f4fe97d9000-7f4fe97e7000 rw-s 00000000 00:05 86638                      /drm mm object (deleted)
7f4fe97e7000-7f4fe99a7000 rw-s 00000000 00:05 86627                      /drm mm object (deleted)
7f4fe99a7000-7f4fe99a9000 rw-s 00000000 00:05 86630                      /drm mm object (deleted)
7f4fe99a9000-7f4fe99b9000 rw-s 00000000 00:05 86626                      /drm mm object (deleted)
7f4fe99b9000-7f4fe99c1000 rw-s 00000000 00:05 82940                      /drm mm object (deleted)
7f4fe99c1000-7f4fe9fc1000 rw-s 107180000 00:06 328                       /dev/dri/card0
7f4fe9fc1000-7f4fe9fd1000 rw-s 00000000 00:05 82937                      /drm mm object (deleted)
7f4fe9fd1000-7f4fe9fdd000 rw-s 00000000 00:05 82928                      /drm mm object (deleted)
7f4fe9fdd000-7f4fea03d000 rw-s 00000000 00:05 1081357                    /SYSV00000000 (deleted)
7f4fea03d000-7f4fea23d000 rw-p 00000000 00:00 0 
7f4fea23d000-7f4fea240000 ---p 00000000 00:00 0 
7f4fea240000-7f4fea33e000 rw-p 00000000 00:00 0 
7f4fea33e000-7f4fea3f7000 r--p 00000000 08:02 264212                     /usr/share/fonts/truetype/dejavu/DejaVuSans.ttf
7f4fea3f7000-7f4fea42d000 r-xp 00000000 08:02 6829730                    /usr/lib/jvm/java-8-oracle/jre/lib/amd64/libjavafx_iio.so
7f4fea42d000-7f4fea62c000 ---p 00036000 08:02 6829730                    /usr/lib/jvm/java-8-oracle/jre/lib/amd64/libjavafx_iio.so
7f4fea62c000-7f4fea62d000 rw-p 00035000 08:02 6829730                    /usr/lib/jvm/java-8-oracle/jre/lib/amd64/libjavafx_iio.so
7f4fea62d000-7f4fea632000 r--s 00084000 08:02 6829436                    /usr/lib/jvm/java-8-oracle/jre/lib/jfr.jar
7f4fea632000-7f4fea832000 rw-p 00000000 00:00 0 
7f4fea832000-7f4fea846000 r--p 00000000 08:02 6829448                    /usr/lib/jvm/java-8-oracle/jre/lib/fonts/LucidaBrightItalic.ttf
7f4fea846000-7f4fea859000 r--p 00000000 08:02 6829453                    /usr/lib/jvm/java-8-oracle/jre/lib/fonts/LucidaBrightDemiItalic.ttf
7f4fea859000-7f4fea893000 r--p 00000000 08:02 6829455                    /usr/lib/jvm/java-8-oracle/jre/lib/fonts/LucidaTypewriterBold.ttf
7f4fea893000-7f4fea8cf000 r--p 00000000 08:02 6829454                    /usr/lib/jvm/java-8-oracle/jre/lib/fonts/LucidaTypewriterRegular.ttf
7f4fea8cf000-7f4fea8e2000 r--p 00000000 08:02 6829456                    /usr/lib/jvm/java-8-oracle/jre/lib/fonts/LucidaBrightDemiBold.ttf
7f4fea8e2000-7f4fea937000 r--p 00000000 08:02 6829450                    /usr/lib/jvm/java-8-oracle/jre/lib/fonts/LucidaBrightRegular.ttf
7f4fea937000-7f4fea9e2000 r--p 00000000 08:02 6829449                    /usr/lib/jvm/java-8-oracle/jre/lib/fonts/LucidaSansRegular.ttf
7f4fea9e2000-7f4feaa30000 r--p 00000000 08:02 6829451                    /usr/lib/jvm/java-8-oracle/jre/lib/fonts/LucidaSansDemiBold.ttf
7f4feaa30000-7f4feaa34000 r-xp 00000000 08:02 6829684                    /usr/lib/jvm/java-8-oracle/jre/lib/amd64/libjavafx_font_pango.so
7f4feaa34000-7f4feac33000 ---p 00004000 08:02 6829684                    /usr/lib/jvm/java-8-oracle/jre/lib/amd64/libjavafx_font_pango.so
7f4feac33000-7f4feac34000 rw-p 00003000 08:02 6829684                    /usr/lib/jvm/java-8-oracle/jre/lib/amd64/libjavafx_font_pango.so
7f4feac34000-7f4feac3f000 r--s 00000000 08:02 2359568                    /var/cache/fontconfig/945677eb7aeaf62f1d50efc3fb3ec7d8-le64.cache-6
7f4feac3f000-7f4feac45000 r--s 00000000 08:02 2359537                    /var/cache/fontconfig/2cd17615ca594fa2959ae173292e504c-le64.cache-6
7f4feac45000-7f4feac46000 r--s 00000000 08:02 2359530                    /var/cache/fontconfig/0d8c3b2ac0904cb8a57a757ad11a4a08-le64.cache-6
7f4feac46000-7f4feac5b000 r--s 00000000 08:02 2359526                    /var/cache/fontconfig/04aabc0a78ac019cf9454389977116d2-le64.cache-6
7f4feac5b000-7f4feac5c000 r--s 00000000 08:02 2359534                    /var/cache/fontconfig/1ac9eb803944fde146138c791f5cc56a-le64.cache-6
7f4feac5c000-7f4feac60000 r--s 00000000 08:02 2359543                    /var/cache/fontconfig/385c0604a188198f04d133e54aba7fe7-le64.cache-6
7f4feac60000-7f4feac61000 r--s 00000000 08:02 2359587                    /var/cache/fontconfig/dc05db6664285cc2f12bf69c139ae4c3-le64.cache-6
7f4feac61000-7f4feac63000 r--s 00000000 08:02 2359531                    /var/cache/fontconfig/14a5e22175779b556eaa434240950366-le64.cache-6
7f4feac63000-7f4feac64000 r--s 00000000 08:02 2359560                    /var/cache/fontconfig/660208299946a285a940457d1287da33-le64.cache-6
7f4feac64000-7f4feac66000 r--s 00000000 08:02 2359551                    /var/cache/fontconfig/4f3e3037c9980c83b53a9351efadef62-le64.cache-6
7f4feac66000-7f4feac69000 r--s 00000000 08:02 2359564                    /var/cache/fontconfig/767a8244fc0220cfb567a839d0392e0b-le64.cache-6
7f4feac69000-7f4feac6a000 r--s 00000000 08:02 2361865                    /var/cache/fontconfig/4794a0821666d79190d59a36cb4f44b5-le64.cache-6
7f4feac6a000-7f4feac6b000 r--s 00000000 08:02 2359528                    /var/cache/fontconfig/0bd3dc0958fa2205aaaa8ebb13e2872b-le64.cache-6
7f4feac6b000-7f4feac71000 r--s 00000000 08:02 2359567                    /var/cache/fontconfig/8801497958630a81b71ace7c5f9b32a8-le64.cache-6
7f4feac71000-7f4feac74000 r--s 00000000 08:02 2359572                    /var/cache/fontconfig/a015930274ffcd967d2ca1b57da47cc7-le64.cache-6
7f4feac74000-7f4feac75000 r--s 00000000 08:02 2359576                    /var/cache/fontconfig/b872e6e592da6075ffa4ab0a1fcc0c75-le64.cache-6
7f4feac75000-7f4feac76000 r--s 00000000 08:02 2359592                    /var/cache/fontconfig/f6d4eedfaab2589bde49f7a3ff831d22-le64.cache-6
7f4feac76000-7f4feac77000 r--s 00000000 08:02 2359558                    /var/cache/fontconfig/589f83ef4c36d296ce6e1c846f468f08-le64.cache-6
7f4feac77000-7f4feac78000 r--s 00000000 08:02 2359578                    /var/cache/fontconfig/bab58bb527bb656aaa9f116d68a48d89-le64.cache-6
7f4feac78000-7f4feac79000 r--s 00000000 08:02 2359535                    /var/cache/fontconfig/2171a34dccabdb6bcbbc728186263178-le64.cache-6
7f4feac79000-7f4feac7a000 r--s 00000000 08:02 2359579                    /var/cache/fontconfig/c5c45a61289222e0d30b1a26ef4effbe-le64.cache-6
7f4feac7a000-7f4feac7b000 r--s 00000000 08:02 2359574                    /var/cache/fontconfig/aec30016f93e1b46d1a973dce0d74068-le64.cache-6
7f4feac7b000-7f4feac7c000 r--s 00000000 08:02 2359544                    /var/cache/fontconfig/3f589640d34b7dc9042c8d453f7c8b9c-le64.cache-6
7f4feac7c000-7f4feac7d000 r--s 00000000 08:02 2359532                    /var/cache/fontconfig/16c2fda60d1b4b719f4b3d06fd951d25-le64.cache-6
7f4feac7d000-7f4feac7e000 r--s 00000000 08:02 2359573                    /var/cache/fontconfig/a48eab177a16e4f3713381162db2f3e9-le64.cache-6
7f4feac7e000-7f4feac7f000 r--s 00000000 08:02 2359554                    /var/cache/fontconfig/564b2e68ac9bc4e36a6f7f6d6125ec1c-le64.cache-6
7f4feac7f000-7f4feac85000 r--s 00000000 08:02 2359538                    /var/cache/fontconfig/3047814df9a2f067bd2d96a2b9c36e5a-le64.cache-6
7f4feac85000-7f4feac86000 r--s 00000000 08:02 2359555                    /var/cache/fontconfig/56cf4f4769d0f4abc89a4895d7bd3ae1-le64.cache-6
7f4feac86000-7f4feac87000 r--s 00000000 08:02 2359577                    /var/cache/fontconfig/b9d506c9ac06c20b433354fa67a72993-le64.cache-6
7f4feac87000-7f4feac8d000 r--s 00000000 08:02 2359575                    /var/cache/fontconfig/b47c4e1ecd0709278f4910c18777a504-le64.cache-6
7f4feac8d000-7f4feaca0000 r--s 00000000 08:02 2359584                    /var/cache/fontconfig/d52a8644073d54c13679302ca1180695-le64.cache-6
7f4feaca0000-7f4feaca1000 r--s 00000000 08:02 2359541                    /var/cache/fontconfig/370e5b74bf5dafc30834de68e24a87a4-le64.cache-6
7f4feaca1000-7f4feaca2000 r--s 00000000 08:02 2359562                    /var/cache/fontconfig/6b2c5944714ca7831b25bed9e85cb5c8-le64.cache-6
7f4feaca2000-7f4feaca5000 r--s 00000000 08:02 2359591                    /var/cache/fontconfig/f259c2cffa685e28062317905db73c4a-le64.cache-6
7f4feaca5000-7f4feacaa000 r-xp 00000000 08:02 6829687                    /usr/lib/jvm/java-8-oracle/jre/lib/amd64/libjavafx_font_freetype.so
7f4feacaa000-7f4feaea9000 ---p 00005000 08:02 6829687                    /usr/lib/jvm/java-8-oracle/jre/lib/amd64/libjavafx_font_freetype.so
7f4feaea9000-7f4feaeaa000 rw-p 00004000 08:02 6829687                    /usr/lib/jvm/java-8-oracle/jre/lib/amd64/libjavafx_font_freetype.so
7f4feaeaa000-7f4feb0aa000 rw-p 00000000 00:00 0 
7f4feb0aa000-7f4feb0ad000 r-xp 00000000 08:02 6829734                    /usr/lib/jvm/java-8-oracle/jre/lib/amd64/libjavafx_font.so
7f4feb0ad000-7f4feb2ac000 ---p 00003000 08:02 6829734                    /usr/lib/jvm/java-8-oracle/jre/lib/amd64/libjavafx_font.so
7f4feb2ac000-7f4feb2ad000 rw-p 00002000 08:02 6829734                    /usr/lib/jvm/java-8-oracle/jre/lib/amd64/libjavafx_font.so
7f4feb2ad000-7f4feb392000 r-xp 00000000 08:02 6029445                    /tmp/sqlite-3.21.0-414122dc-1fcb-4a48-8d0d-7e84bf2f2886-libsqlitejdbc.so
7f4feb392000-7f4feb591000 ---p 000e5000 08:02 6029445                    /tmp/sqlite-3.21.0-414122dc-1fcb-4a48-8d0d-7e84bf2f2886-libsqlitejdbc.so
7f4feb591000-7f4feb596000 rw-p 000e4000 08:02 6029445                    /tmp/sqlite-3.21.0-414122dc-1fcb-4a48-8d0d-7e84bf2f2886-libsqlitejdbc.so
7f4feb596000-7f4feb797000 rw-p 00000000 00:00 0 
7f4feb797000-7f4feb79a000 ---p 00000000 00:00 0 
7f4feb79a000-7f4feb898000 rw-p 00000000 00:00 0 
7f4feb898000-7f4feb89b000 ---p 00000000 00:00 0 
7f4feb89b000-7f4feb999000 rw-p 00000000 00:00 0 
7f4feb999000-7f4feb9a0000 r-xp 00000000 08:02 6824616                    /usr/lib/x86_64-linux-gnu/libogg.so.0.8.2
7f4feb9a0000-7f4febba0000 ---p 00007000 08:02 6824616                    /usr/lib/x86_64-linux-gnu/libogg.so.0.8.2
7f4febba0000-7f4febba1000 r--p 00007000 08:02 6824616                    /usr/lib/x86_64-linux-gnu/libogg.so.0.8.2
7f4febba1000-7f4febba2000 rw-p 00008000 08:02 6824616                    /usr/lib/x86_64-linux-gnu/libogg.so.0.8.2
7f4febba2000-7f4febbcc000 r-xp 00000000 08:02 6817038                    /usr/lib/x86_64-linux-gnu/libvorbis.so.0.4.8
7f4febbcc000-7f4febdcb000 ---p 0002a000 08:02 6817038                    /usr/lib/x86_64-linux-gnu/libvorbis.so.0.4.8
7f4febdcb000-7f4febdcc000 r--p 00029000 08:02 6817038                    /usr/lib/x86_64-linux-gnu/libvorbis.so.0.4.8
7f4febdcc000-7f4febdcd000 rw-p 0002a000 08:02 6817038                    /usr/lib/x86_64-linux-gnu/libvorbis.so.0.4.8
7f4febdcd000-7f4febdd6000 r-xp 00000000 08:02 6824510                    /usr/lib/x86_64-linux-gnu/libltdl.so.7.3.1
7f4febdd6000-7f4febfd5000 ---p 00009000 08:02 6824510                    /usr/lib/x86_64-linux-gnu/libltdl.so.7.3.1
7f4febfd5000-7f4febfd6000 r--p 00008000 08:02 6824510                    /usr/lib/x86_64-linux-gnu/libltdl.so.7.3.1
7f4febfd6000-7f4febfd7000 rw-p 00009000 08:02 6824510                    /usr/lib/x86_64-linux-gnu/libltdl.so.7.3.1
7f4febfd7000-7f4febfeb000 r-xp 00000000 08:02 6824845                    /usr/lib/x86_64-linux-gnu/libtdb.so.1.3.13
7f4febfeb000-7f4fec1eb000 ---p 00014000 08:02 6824845                    /usr/lib/x86_64-linux-gnu/libtdb.so.1.3.13
7f4fec1eb000-7f4fec1ec000 r--p 00014000 08:02 6824845                    /usr/lib/x86_64-linux-gnu/libtdb.so.1.3.13
7f4fec1ec000-7f4fec1ed000 rw-p 00015000 08:02 6824845                    /usr/lib/x86_64-linux-gnu/libtdb.so.1.3.13
7f4fec1ed000-7f4fec1f4000 r-xp 00000000 08:02 6816426                    /usr/lib/x86_64-linux-gnu/libvorbisfile.so.3.3.7
7f4fec1f4000-7f4fec3f3000 ---p 00007000 08:02 6816426                    /usr/lib/x86_64-linux-gnu/libvorbisfile.so.3.3.7
7f4fec3f3000-7f4fec3f4000 r--p 00006000 08:02 6816426                    /usr/lib/x86_64-linux-gnu/libvorbisfile.so.3.3.7
7f4fec3f4000-7f4fec3f5000 rw-p 00007000 08:02 6816426                    /usr/lib/x86_64-linux-gnu/libvorbisfile.so.3.3.7
7f4fec3f5000-7f4fec405000 r-xp 00000000 08:02 6823938                    /usr/lib/x86_64-linux-gnu/libcanberra.so.0.2.5
7f4fec405000-7f4fec605000 ---p 00010000 08:02 6823938                    /usr/lib/x86_64-linux-gnu/libcanberra.so.0.2.5
7f4fec605000-7f4fec606000 r--p 00010000 08:02 6823938                    /usr/lib/x86_64-linux-gnu/libcanberra.so.0.2.5
7f4fec606000-7f4fec607000 rw-p 00011000 08:02 6823938                    /usr/lib/x86_64-linux-gnu/libcanberra.so.0.2.5
7f4fec607000-7f4fec60b000 r-xp 00000000 08:02 6823934                    /usr/lib/x86_64-linux-gnu/libcanberra-gtk.so.0.1.9
7f4fec60b000-7f4fec80a000 ---p 00004000 08:02 6823934                    /usr/lib/x86_64-linux-gnu/libcanberra-gtk.so.0.1.9
7f4fec80a000-7f4fec80b000 r--p 00003000 08:02 6823934                    /usr/lib/x86_64-linux-gnu/libcanberra-gtk.so.0.1.9
7f4fec80b000-7f4fec80c000 rw-p 00004000 08:02 6823934                    /usr/lib/x86_64-linux-gnu/libcanberra-gtk.so.0.1.9
7f4fec80c000-7f4fec811000 r-xp 00000000 08:02 7080675                    /usr/lib/x86_64-linux-gnu/gtk-2.0/modules/libcanberra-gtk-module.so
7f4fec811000-7f4feca10000 ---p 00005000 08:02 7080675                    /usr/lib/x86_64-linux-gnu/gtk-2.0/modules/libcanberra-gtk-module.so
7f4feca10000-7f4feca11000 r--p 00004000 08:02 7080675                    /usr/lib/x86_64-linux-gnu/gtk-2.0/modules/libcanberra-gtk-module.so
7f4feca11000-7f4feca12000 rw-p 00005000 08:02 7080675                    /usr/lib/x86_64-linux-gnu/gtk-2.0/modules/libcanberra-gtk-module.so
7f4feca12000-7f4feca42000 r-xp 00000000 08:02 7080657                    /usr/lib/x86_64-linux-gnu/gtk-2.0/2.10.0/engines/libmurrine.so
7f4feca42000-7f4fecc42000 ---p 00030000 08:02 7080657                    /usr/lib/x86_64-linux-gnu/gtk-2.0/2.10.0/engines/libmurrine.so
7f4fecc42000-7f4fecc43000 r--p 00030000 08:02 7080657                    /usr/lib/x86_64-linux-gnu/gtk-2.0/2.10.0/engines/libmurrine.so
7f4fecc43000-7f4fecc44000 rw-p 00031000 08:02 7080657                    /usr/lib/x86_64-linux-gnu/gtk-2.0/2.10.0/engines/libmurrine.so
7f4fecc44000-7f4fecc6d000 r-xp 00000000 08:02 6829709                    /usr/lib/jvm/java-8-oracle/jre/lib/amd64/libglass.so
7f4fecc6d000-7f4fece6c000 ---p 00029000 08:02 6829709                    /usr/lib/jvm/java-8-oracle/jre/lib/amd64/libglass.so
7f4fece6c000-7f4fece6f000 rw-p 00028000 08:02 6829709                    /usr/lib/jvm/java-8-oracle/jre/lib/amd64/libglass.so
7f4fece6f000-7f4fecea7000 r-xp 00000000 08:02 7082621                    /usr/lib/x86_64-linux-gnu/s2tc/libtxc_dxtn.so
7f4fecea7000-7f4fed0a7000 ---p 00038000 08:02 7082621                    /usr/lib/x86_64-linux-gnu/s2tc/libtxc_dxtn.so
7f4fed0a7000-7f4fed0a8000 r--p 00038000 08:02 7082621                    /usr/lib/x86_64-linux-gnu/s2tc/libtxc_dxtn.so
7f4fed0a8000-7f4fed0a9000 rw-p 00039000 08:02 7082621                    /usr/lib/x86_64-linux-gnu/s2tc/libtxc_dxtn.so
7f4fed0a9000-7f4fed0b1000 r-xp 00000000 08:02 6824657                    /usr/lib/x86_64-linux-gnu/libpciaccess.so.0.11.1
7f4fed0b1000-7f4fed2b0000 ---p 00008000 08:02 6824657                    /usr/lib/x86_64-linux-gnu/libpciaccess.so.0.11.1
7f4fed2b0000-7f4fed2b1000 r--p 00007000 08:02 6824657                    /usr/lib/x86_64-linux-gnu/libpciaccess.so.0.11.1
7f4fed2b1000-7f4fed2b2000 rw-p 00008000 08:02 6824657                    /usr/lib/x86_64-linux-gnu/libpciaccess.so.0.11.1
7f4fed2b2000-7f4fed2bd000 r-xp 00000000 08:02 6824062                    /usr/lib/x86_64-linux-gnu/libdrm_radeon.so.1.0.1
7f4fed2bd000-7f4fed4bc000 ---p 0000b000 08:02 6824062                    /usr/lib/x86_64-linux-gnu/libdrm_radeon.so.1.0.1
7f4fed4bc000-7f4fed4bd000 r--p 0000a000 08:02 6824062                    /usr/lib/x86_64-linux-gnu/libdrm_radeon.so.1.0.1
7f4fed4bd000-7f4fed4be000 rw-p 0000b000 08:02 6824062                    /usr/lib/x86_64-linux-gnu/libdrm_radeon.so.1.0.1
7f4fed4be000-7f4fed4c5000 r-xp 00000000 08:02 6824060                    /usr/lib/x86_64-linux-gnu/libdrm_nouveau.so.2.0.0
7f4fed4c5000-7f4fed6c4000 ---p 00007000 08:02 6824060                    /usr/lib/x86_64-linux-gnu/libdrm_nouveau.so.2.0.0
7f4fed6c4000-7f4fed6c5000 r--p 00006000 08:02 6824060                    /usr/lib/x86_64-linux-gnu/libdrm_nouveau.so.2.0.0
7f4fed6c5000-7f4fed6c6000 rw-p 00007000 08:02 6824060                    /usr/lib/x86_64-linux-gnu/libdrm_nouveau.so.2.0.0
7f4fed6c6000-7f4fed6e8000 r-xp 00000000 08:02 6824058                    /usr/lib/x86_64-linux-gnu/libdrm_intel.so.1.0.0
7f4fed6e8000-7f4fed8e7000 ---p 00022000 08:02 6824058                    /usr/lib/x86_64-linux-gnu/libdrm_intel.so.1.0.0
7f4fed8e7000-7f4fed8e8000 r--p 00021000 08:02 6824058                    /usr/lib/x86_64-linux-gnu/libdrm_intel.so.1.0.0
7f4fed8e8000-7f4fed8e9000 rw-p 00022000 08:02 6824058                    /usr/lib/x86_64-linux-gnu/libdrm_intel.so.1.0.0
7f4fed8e9000-7f4fee0c4000 r-xp 00000000 08:02 7080048                    /usr/lib/x86_64-linux-gnu/dri/i965_dri.so
7f4fee0c4000-7f4fee2c4000 ---p 007db000 08:02 7080048                    /usr/lib/x86_64-linux-gnu/dri/i965_dri.so
7f4fee2c4000-7f4fee314000 r--p 007db000 08:02 7080048                    /usr/lib/x86_64-linux-gnu/dri/i965_dri.so
7f4fee314000-7f4fee31d000 rw-p 0082b000 08:02 7080048                    /usr/lib/x86_64-linux-gnu/dri/i965_dri.so
7f4fee31d000-7f4fee384000 rw-p 00000000 00:00 0 
7f4fee384000-7f4fee397000 r-xp 00000000 08:02 1053167                    /lib/x86_64-linux-gnu/libbsd.so.0.8.6
7f4fee397000-7f4fee596000 ---p 00013000 08:02 1053167                    /lib/x86_64-linux-gnu/libbsd.so.0.8.6
7f4fee596000-7f4fee597000 r--p 00012000 08:02 1053167                    /lib/x86_64-linux-gnu/libbsd.so.0.8.6
7f4fee597000-7f4fee598000 rw-p 00013000 08:02 1053167                    /lib/x86_64-linux-gnu/libbsd.so.0.8.6
7f4fee598000-7f4fee599000 rw-p 00000000 00:00 0 
7f4fee599000-7f4fee59d000 r-xp 00000000 08:02 1053144                    /lib/x86_64-linux-gnu/libuuid.so.1.3.0
7f4fee59d000-7f4fee79c000 ---p 00004000 08:02 1053144                    /lib/x86_64-linux-gnu/libuuid.so.1.3.0
7f4fee79c000-7f4fee79d000 r--p 00003000 08:02 1053144                    /lib/x86_64-linux-gnu/libuuid.so.1.3.0
7f4fee79d000-7f4fee79e000 rw-p 00004000 08:02 1053144                    /lib/x86_64-linux-gnu/libuuid.so.1.3.0
7f4fee79e000-7f4fee7a4000 r-xp 00000000 08:02 6824015                    /usr/lib/x86_64-linux-gnu/libdatrie.so.1.3.3
7f4fee7a4000-7f4fee9a3000 ---p 00006000 08:02 6824015                    /usr/lib/x86_64-linux-gnu/libdatrie.so.1.3.3
7f4fee9a3000-7f4fee9a4000 r--p 00005000 08:02 6824015                    /usr/lib/x86_64-linux-gnu/libdatrie.so.1.3.3
7f4fee9a4000-7f4fee9a5000 rw-p 00006000 08:02 6824015                    /usr/lib/x86_64-linux-gnu/libdatrie.so.1.3.3
7f4fee9a5000-7f4fee9aa000 r-xp 00000000 08:02 6823802                    /usr/lib/x86_64-linux-gnu/libXdmcp.so.6.0.0
7f4fee9aa000-7f4feeba9000 ---p 00005000 08:02 6823802                    /usr/lib/x86_64-linux-gnu/libXdmcp.so.6.0.0
7f4feeba9000-7f4feebaa000 r--p 00004000 08:02 6823802                    /usr/lib/x86_64-linux-gnu/libXdmcp.so.6.0.0
7f4feebaa000-7f4feebab000 rw-p 00005000 08:02 6823802                    /usr/lib/x86_64-linux-gnu/libXdmcp.so.6.0.0
7f4feebab000-7f4feebad000 r-xp 00000000 08:02 6823791                    /usr/lib/x86_64-linux-gnu/libXau.so.6.0.0
7f4feebad000-7f4feedad000 ---p 00002000 08:02 6823791                    /usr/lib/x86_64-linux-gnu/libXau.so.6.0.0
7f4feedad000-7f4feedae000 r--p 00002000 08:02 6823791                    /usr/lib/x86_64-linux-gnu/libXau.so.6.0.0
7f4feedae000-7f4feedaf000 rw-p 00003000 08:02 6823791                    /usr/lib/x86_64-linux-gnu/libXau.so.6.0.0
7f4feedaf000-7f4feedda000 r-xp 00000000 08:02 6824291                    /usr/lib/x86_64-linux-gnu/libgraphite2.so.3.0.1
7f4feedda000-7f4feefd9000 ---p 0002b000 08:02 6824291                    /usr/lib/x86_64-linux-gnu/libgraphite2.so.3.0.1
7f4feefd9000-7f4feefdb000 r--p 0002a000 08:02 6824291                    /usr/lib/x86_64-linux-gnu/libgraphite2.so.3.0.1
7f4feefdb000-7f4feefdc000 rw-p 0002c000 08:02 6824291                    /usr/lib/x86_64-linux-gnu/libgraphite2.so.3.0.1
7f4feefdc000-7f4fef020000 r-xp 00000000 08:02 1053146                    /lib/x86_64-linux-gnu/libblkid.so.1.1.0
7f4fef020000-7f4fef220000 ---p 00044000 08:02 1053146                    /lib/x86_64-linux-gnu/libblkid.so.1.1.0
7f4fef220000-7f4fef224000 r--p 00044000 08:02 1053146                    /lib/x86_64-linux-gnu/libblkid.so.1.1.0
7f4fef224000-7f4fef225000 rw-p 00048000 08:02 1053146                    /lib/x86_64-linux-gnu/libblkid.so.1.1.0
7f4fef225000-7f4fef226000 rw-p 00000000 00:00 0 
7f4fef226000-7f4fef236000 r-xp 00000000 08:02 6824054                    /usr/lib/x86_64-linux-gnu/libdrm.so.2.4.0
7f4fef236000-7f4fef435000 ---p 00010000 08:02 6824054                    /usr/lib/x86_64-linux-gnu/libdrm.so.2.4.0
7f4fef435000-7f4fef436000 r--p 0000f000 08:02 6824054                    /usr/lib/x86_64-linux-gnu/libdrm.so.2.4.0
7f4fef436000-7f4fef437000 rw-p 00010000 08:02 6824054                    /usr/lib/x86_64-linux-gnu/libdrm.so.2.4.0
7f4fef437000-7f4fef43b000 r-xp 00000000 08:02 6825002                    /usr/lib/x86_64-linux-gnu/libxcb-dri2.so.0.0.0
7f4fef43b000-7f4fef63a000 ---p 00004000 08:02 6825002                    /usr/lib/x86_64-linux-gnu/libxcb-dri2.so.0.0.0
7f4fef63a000-7f4fef63b000 r--p 00003000 08:02 6825002                    /usr/lib/x86_64-linux-gnu/libxcb-dri2.so.0.0.0
7f4fef63b000-7f4fef63c000 rw-p 00004000 08:02 6825002                    /usr/lib/x86_64-linux-gnu/libxcb-dri2.so.0.0.0
7f4fef63c000-7f4fef654000 r-xp 00000000 08:02 6825006                    /usr/lib/x86_64-linux-gnu/libxcb-glx.so.0.0.0
7f4fef654000-7f4fef854000 ---p 00018000 08:02 6825006                    /usr/lib/x86_64-linux-gnu/libxcb-glx.so.0.0.0
7f4fef854000-7f4fef856000 r--p 00018000 08:02 6825006                    /usr/lib/x86_64-linux-gnu/libxcb-glx.so.0.0.0
7f4fef856000-7f4fef857000 rw-p 0001a000 08:02 6825006                    /usr/lib/x86_64-linux-gnu/libxcb-glx.so.0.0.0
7f4fef857000-7f4fef858000 r-xp 00000000 08:02 6823785                    /usr/lib/x86_64-linux-gnu/libX11-xcb.so.1.0.0
7f4fef858000-7f4fefa57000 ---p 00001000 08:02 6823785                    /usr/lib/x86_64-linux-gnu/libX11-xcb.so.1.0.0
7f4fefa57000-7f4fefa58000 r--p 00000000 08:02 6823785                    /usr/lib/x86_64-linux-gnu/libX11-xcb.so.1.0.0
7f4fefa58000-7f4fefa59000 rw-p 00001000 08:02 6823785                    /usr/lib/x86_64-linux-gnu/libX11-xcb.so.1.0.0
7f4fefa59000-7f4fefa84000 r-xp 00000000 08:02 6818069                    /usr/lib/x86_64-linux-gnu/libglapi.so.0.0.0
7f4fefa84000-7f4fefc83000 ---p 0002b000 08:02 6818069                    /usr/lib/x86_64-linux-gnu/libglapi.so.0.0.0
7f4fefc83000-7f4fefc87000 r--p 0002a000 08:02 6818069                    /usr/lib/x86_64-linux-gnu/libglapi.so.0.0.0
7f4fefc87000-7f4fefc88000 rw-p 0002e000 08:02 6818069                    /usr/lib/x86_64-linux-gnu/libglapi.so.0.0.0
7f4fefc88000-7f4fefc89000 rw-p 00000000 00:00 0 
7f4fefc89000-7f4fefc8a000 r-xp 00000000 08:02 6825054                    /usr/lib/x86_64-linux-gnu/libxshmfence.so.1.0.0
7f4fefc8a000-7f4fefe8a000 ---p 00001000 08:02 6825054                    /usr/lib/x86_64-linux-gnu/libxshmfence.so.1.0.0
7f4fefe8a000-7f4fefe8b000 r--p 00001000 08:02 6825054                    /usr/lib/x86_64-linux-gnu/libxshmfence.so.1.0.0
7f4fefe8b000-7f4fefe8c000 rw-p 00002000 08:02 6825054                    /usr/lib/x86_64-linux-gnu/libxshmfence.so.1.0.0
7f4fefe8c000-7f4fefe91000 r-xp 00000000 08:02 6825028                    /usr/lib/x86_64-linux-gnu/libxcb-sync.so.1.0.0
7f4fefe91000-7f4ff0091000 ---p 00005000 08:02 6825028                    /usr/lib/x86_64-linux-gnu/libxcb-sync.so.1.0.0
7f4ff0091000-7f4ff0092000 r--p 00005000 08:02 6825028                    /usr/lib/x86_64-linux-gnu/libxcb-sync.so.1.0.0
7f4ff0092000-7f4ff0093000 rw-p 00006000 08:02 6825028                    /usr/lib/x86_64-linux-gnu/libxcb-sync.so.1.0.0
7f4ff0093000-7f4ff0095000 r-xp 00000000 08:02 6825014                    /usr/lib/x86_64-linux-gnu/libxcb-present.so.0.0.0
7f4ff0095000-7f4ff0294000 ---p 00002000 08:02 6825014                    /usr/lib/x86_64-linux-gnu/libxcb-present.so.0.0.0
7f4ff0294000-7f4ff0295000 r--p 00001000 08:02 6825014                    /usr/lib/x86_64-linux-gnu/libxcb-present.so.0.0.0
7f4ff0295000-7f4ff0296000 rw-p 00002000 08:02 6825014                    /usr/lib/x86_64-linux-gnu/libxcb-present.so.0.0.0
7f4ff0296000-7f4ff0298000 r-xp 00000000 08:02 6825004                    /usr/lib/x86_64-linux-gnu/libxcb-dri3.so.0.0.0
7f4ff0298000-7f4ff0497000 ---p 00002000 08:02 6825004                    /usr/lib/x86_64-linux-gnu/libxcb-dri3.so.0.0.0
7f4ff0497000-7f4ff0498000 r--p 00001000 08:02 6825004                    /usr/lib/x86_64-linux-gnu/libxcb-dri3.so.0.0.0
7f4ff0498000-7f4ff0499000 rw-p 00002000 08:02 6825004                    /usr/lib/x86_64-linux-gnu/libxcb-dri3.so.0.0.0
7f4ff0499000-7f4ff0509000 r-xp 00000000 08:02 1053295                    /lib/x86_64-linux-gnu/libpcre.so.3.13.3
7f4ff0509000-7f4ff0709000 ---p 00070000 08:02 1053295                    /lib/x86_64-linux-gnu/libpcre.so.3.13.3
7f4ff0709000-7f4ff070a000 r--p 00070000 08:02 1053295                    /lib/x86_64-linux-gnu/libpcre.so.3.13.3
7f4ff070a000-7f4ff070b000 rw-p 00071000 08:02 1053295                    /lib/x86_64-linux-gnu/libpcre.so.3.13.3
7f4ff070b000-7f4ff0712000 r-xp 00000000 08:02 6824126                    /usr/lib/x86_64-linux-gnu/libffi.so.6.0.4
7f4ff0712000-7f4ff0911000 ---p 00007000 08:02 6824126                    /usr/lib/x86_64-linux-gnu/libffi.so.6.0.4
7f4ff0911000-7f4ff0912000 r--p 00006000 08:02 6824126                    /usr/lib/x86_64-linux-gnu/libffi.so.6.0.4
7f4ff0912000-7f4ff0913000 rw-p 00007000 08:02 6824126                    /usr/lib/x86_64-linux-gnu/libffi.so.6.0.4
7f4ff0913000-7f4ff093b000 r-xp 00000000 08:02 1053202                    /lib/x86_64-linux-gnu/libexpat.so.1.6.5
7f4ff093b000-7f4ff0b3b000 ---p 00028000 08:02 1053202                    /lib/x86_64-linux-gnu/libexpat.so.1.6.5
7f4ff0b3b000-7f4ff0b3d000 r--p 00028000 08:02 1053202                    /lib/x86_64-linux-gnu/libexpat.so.1.6.5
7f4ff0b3d000-7f4ff0b3e000 rw-p 0002a000 08:02 1053202                    /lib/x86_64-linux-gnu/libexpat.so.1.6.5
7f4ff0b3e000-7f4ff0b46000 r-xp 00000000 08:02 6824853                    /usr/lib/x86_64-linux-gnu/libthai.so.0.3.0
7f4ff0b46000-7f4ff0d45000 ---p 00008000 08:02 6824853                    /usr/lib/x86_64-linux-gnu/libthai.so.0.3.0
7f4ff0d45000-7f4ff0d46000 r--p 00007000 08:02 6824853                    /usr/lib/x86_64-linux-gnu/libthai.so.0.3.0
7f4ff0d46000-7f4ff0d47000 rw-p 00008000 08:02 6824853                    /usr/lib/x86_64-linux-gnu/libthai.so.0.3.0
7f4ff0d47000-7f4ff0d6d000 r-xp 00000000 08:02 6825038                    /usr/lib/x86_64-linux-gnu/libxcb.so.1.1.0
7f4ff0d6d000-7f4ff0f6c000 ---p 00026000 08:02 6825038                    /usr/lib/x86_64-linux-gnu/libxcb.so.1.1.0
7f4ff0f6c000-7f4ff0f6d000 r--p 00025000 08:02 6825038                    /usr/lib/x86_64-linux-gnu/libxcb.so.1.1.0
7f4ff0f6d000-7f4ff0f6e000 rw-p 00026000 08:02 6825038                    /usr/lib/x86_64-linux-gnu/libxcb.so.1.1.0
7f4ff0f6e000-7f4ff0f7a000 r-xp 00000000 08:02 6825020                    /usr/lib/x86_64-linux-gnu/libxcb-render.so.0.0.0
7f4ff0f7a000-7f4ff1179000 ---p 0000c000 08:02 6825020                    /usr/lib/x86_64-linux-gnu/libxcb-render.so.0.0.0
7f4ff1179000-7f4ff117a000 r--p 0000b000 08:02 6825020                    /usr/lib/x86_64-linux-gnu/libxcb-render.so.0.0.0
7f4ff117a000-7f4ff117b000 rw-p 0000c000 08:02 6825020                    /usr/lib/x86_64-linux-gnu/libxcb-render.so.0.0.0
7f4ff117b000-7f4ff117d000 r-xp 00000000 08:02 6825026                    /usr/lib/x86_64-linux-gnu/libxcb-shm.so.0.0.0
7f4ff117d000-7f4ff137c000 ---p 00002000 08:02 6825026                    /usr/lib/x86_64-linux-gnu/libxcb-shm.so.0.0.0
7f4ff137c000-7f4ff137d000 r--p 00001000 08:02 6825026                    /usr/lib/x86_64-linux-gnu/libxcb-shm.so.0.0.0
7f4ff137d000-7f4ff137e000 rw-p 00002000 08:02 6825026                    /usr/lib/x86_64-linux-gnu/libxcb-shm.so.0.0.0
7f4ff137e000-7f4ff13af000 r-xp 00000000 08:02 6824677                    /usr/lib/x86_64-linux-gnu/libpng16.so.16.34.0
7f4ff13af000-7f4ff15ae000 ---p 00031000 08:02 6824677                    /usr/lib/x86_64-linux-gnu/libpng16.so.16.34.0
7f4ff15ae000-7f4ff15af000 r--p 00030000 08:02 6824677                    /usr/lib/x86_64-linux-gnu/libpng16.so.16.34.0
7f4ff15af000-7f4ff15b0000 rw-p 00031000 08:02 6824677                    /usr/lib/x86_64-linux-gnu/libpng16.so.16.34.0
7f4ff15b0000-7f4ff164e000 r-xp 00000000 08:02 6824671                    /usr/lib/x86_64-linux-gnu/libpixman-1.so.0.34.0
7f4ff164e000-7f4ff184d000 ---p 0009e000 08:02 6824671                    /usr/lib/x86_64-linux-gnu/libpixman-1.so.0.34.0
7f4ff184d000-7f4ff1855000 r--p 0009d000 08:02 6824671                    /usr/lib/x86_64-linux-gnu/libpixman-1.so.0.34.0
7f4ff1855000-7f4ff1856000 rw-p 000a5000 08:02 6824671                    /usr/lib/x86_64-linux-gnu/libpixman-1.so.0.34.0
7f4ff1856000-7f4ff18e8000 r-xp 00000000 08:02 6824376                    /usr/lib/x86_64-linux-gnu/libharfbuzz.so.0.10400.2
7f4ff18e8000-7f4ff1ae7000 ---p 00092000 08:02 6824376                    /usr/lib/x86_64-linux-gnu/libharfbuzz.so.0.10400.2
7f4ff1ae7000-7f4ff1ae9000 r--p 00091000 08:02 6824376                    /usr/lib/x86_64-linux-gnu/libharfbuzz.so.0.10400.2
7f4ff1ae9000-7f4ff1aea000 rw-p 00093000 08:02 6824376                    /usr/lib/x86_64-linux-gnu/libharfbuzz.so.0.10400.2
7f4ff1aea000-7f4ff1b38000 r-xp 00000000 08:02 1053162                    /lib/x86_64-linux-gnu/libmount.so.1.1.0
7f4ff1b38000-7f4ff1d38000 ---p 0004e000 08:02 1053162                    /lib/x86_64-linux-gnu/libmount.so.1.1.0
7f4ff1d38000-7f4ff1d3a000 r--p 0004e000 08:02 1053162                    /lib/x86_64-linux-gnu/libmount.so.1.1.0
7f4ff1d3a000-7f4ff1d3b000 rw-p 00050000 08:02 1053162                    /lib/x86_64-linux-gnu/libmount.so.1.1.0
7f4ff1d3b000-7f4ff1d3c000 rw-p 00000000 00:00 0 
7f4ff1d3c000-7f4ff1d52000 r-xp 00000000 08:02 1053110                    /lib/x86_64-linux-gnu/libresolv-2.26.so
7f4ff1d52000-7f4ff1f52000 ---p 00016000 08:02 1053110                    /lib/x86_64-linux-gnu/libresolv-2.26.so
7f4ff1f52000-7f4ff1f53000 r--p 00016000 08:02 1053110                    /lib/x86_64-linux-gnu/libresolv-2.26.so
7f4ff1f53000-7f4ff1f54000 rw-p 00017000 08:02 1053110                    /lib/x86_64-linux-gnu/libresolv-2.26.so
7f4ff1f54000-7f4ff1f56000 rw-p 00000000 00:00 0 
7f4ff1f56000-7f4ff1f7b000 r-xp 00000000 08:02 1053322                    /lib/x86_64-linux-gnu/libselinux.so.1
7f4ff1f7b000-7f4ff217a000 ---p 00025000 08:02 1053322                    /lib/x86_64-linux-gnu/libselinux.so.1
7f4ff217a000-7f4ff217b000 r--p 00024000 08:02 1053322                    /lib/x86_64-linux-gnu/libselinux.so.1
7f4ff217b000-7f4ff217c000 rw-p 00025000 08:02 1053322                    /lib/x86_64-linux-gnu/libselinux.so.1
7f4ff217c000-7f4ff217e000 rw-p 00000000 00:00 0 
7f4ff217e000-7f4ff219a000 r-xp 00000000 08:02 1053350                    /lib/x86_64-linux-gnu/libz.so.1.2.11
7f4ff219a000-7f4ff2399000 ---p 0001c000 08:02 1053350                    /lib/x86_64-linux-gnu/libz.so.1.2.11
7f4ff2399000-7f4ff239a000 r--p 0001b000 08:02 1053350                    /lib/x86_64-linux-gnu/libz.so.1.2.11
7f4ff239a000-7f4ff239b000 rw-p 0001c000 08:02 1053350                    /lib/x86_64-linux-gnu/libz.so.1.2.11
7f4ff239b000-7f4ff23ac000 r-xp 00000000 08:02 6823804                    /usr/lib/x86_64-linux-gnu/libXext.so.6.4.0
7f4ff23ac000-7f4ff25ab000 ---p 00011000 08:02 6823804                    /usr/lib/x86_64-linux-gnu/libXext.so.6.4.0
7f4ff25ab000-7f4ff25ac000 r--p 00010000 08:02 6823804                    /usr/lib/x86_64-linux-gnu/libXext.so.6.4.0
7f4ff25ac000-7f4ff25ad000 rw-p 00011000 08:02 6823804                    /usr/lib/x86_64-linux-gnu/libXext.so.6.4.0
7f4ff25ad000-7f4ff25af000 r-xp 00000000 08:02 6823800                    /usr/lib/x86_64-linux-gnu/libXdamage.so.1.1.0
7f4ff25af000-7f4ff27ae000 ---p 00002000 08:02 6823800                    /usr/lib/x86_64-linux-gnu/libXdamage.so.1.1.0
7f4ff27ae000-7f4ff27af000 r--p 00001000 08:02 6823800                    /usr/lib/x86_64-linux-gnu/libXdamage.so.1.1.0
7f4ff27af000-7f4ff27b0000 rw-p 00002000 08:02 6823800                    /usr/lib/x86_64-linux-gnu/libXdamage.so.1.1.0
7f4ff27b0000-7f4ff27b2000 r-xp 00000000 08:02 6823796                    /usr/lib/x86_64-linux-gnu/libXcomposite.so.1.0.0
7f4ff27b2000-7f4ff29b1000 ---p 00002000 08:02 6823796                    /usr/lib/x86_64-linux-gnu/libXcomposite.so.1.0.0
7f4ff29b1000-7f4ff29b2000 r--p 00001000 08:02 6823796                    /usr/lib/x86_64-linux-gnu/libXcomposite.so.1.0.0
7f4ff29b2000-7f4ff29b3000 rw-p 00002000 08:02 6823796                    /usr/lib/x86_64-linux-gnu/libXcomposite.so.1.0.0
7f4ff29b3000-7f4ff29bc000 r-xp 00000000 08:02 6823798                    /usr/lib/x86_64-linux-gnu/libXcursor.so.1.0.2
7f4ff29bc000-7f4ff2bbb000 ---p 00009000 08:02 6823798                    /usr/lib/x86_64-linux-gnu/libXcursor.so.1.0.2
7f4ff2bbb000-7f4ff2bbc000 r--p 00008000 08:02 6823798                    /usr/lib/x86_64-linux-gnu/libXcursor.so.1.0.2
7f4ff2bbc000-7f4ff2bbd000 rw-p 00009000 08:02 6823798                    /usr/lib/x86_64-linux-gnu/libXcursor.so.1.0.2
7f4ff2bbd000-7f4ff2bc7000 r-xp 00000000 08:02 6823824                    /usr/lib/x86_64-linux-gnu/libXrandr.so.2.2.0
7f4ff2bc7000-7f4ff2dc6000 ---p 0000a000 08:02 6823824                    /usr/lib/x86_64-linux-gnu/libXrandr.so.2.2.0
7f4ff2dc6000-7f4ff2dc7000 r--p 00009000 08:02 6823824                    /usr/lib/x86_64-linux-gnu/libXrandr.so.2.2.0
7f4ff2dc7000-7f4ff2dc8000 rw-p 0000a000 08:02 6823824                    /usr/lib/x86_64-linux-gnu/libXrandr.so.2.2.0
7f4ff2dc8000-7f4ff2dd7000 r-xp 00000000 08:02 6823814                    /usr/lib/x86_64-linux-gnu/libXi.so.6.1.0
7f4ff2dd7000-7f4ff2fd6000 ---p 0000f000 08:02 6823814                    /usr/lib/x86_64-linux-gnu/libXi.so.6.1.0
7f4ff2fd6000-7f4ff2fd7000 r--p 0000e000 08:02 6823814                    /usr/lib/x86_64-linux-gnu/libXi.so.6.1.0
7f4ff2fd7000-7f4ff2fd8000 rw-p 0000f000 08:02 6823814                    /usr/lib/x86_64-linux-gnu/libXi.so.6.1.0
7f4ff2fd8000-7f4ff2fda000 r-xp 00000000 08:02 6823816                    /usr/lib/x86_64-linux-gnu/libXinerama.so.1.0.0
7f4ff2fda000-7f4ff31d9000 ---p 00002000 08:02 6823816                    /usr/lib/x86_64-linux-gnu/libXinerama.so.1.0.0
7f4ff31d9000-7f4ff31da000 r--p 00001000 08:02 6823816                    /usr/lib/x86_64-linux-gnu/libXinerama.so.1.0.0
7f4ff31da000-7f4ff31db000 rw-p 00002000 08:02 6823816                    /usr/lib/x86_64-linux-gnu/libXinerama.so.1.0.0
7f4ff31db000-7f4ff31e4000 r-xp 00000000 08:02 6823826                    /usr/lib/x86_64-linux-gnu/libXrender.so.1.3.0
7f4ff31e4000-7f4ff33e3000 ---p 00009000 08:02 6823826                    /usr/lib/x86_64-linux-gnu/libXrender.so.1.3.0
7f4ff33e3000-7f4ff33e4000 r--p 00008000 08:02 6823826                    /usr/lib/x86_64-linux-gnu/libXrender.so.1.3.0
7f4ff33e4000-7f4ff33e5000 rw-p 00009000 08:02 6823826                    /usr/lib/x86_64-linux-gnu/libXrender.so.1.3.0
7f4ff33e5000-7f4ff33ea000 r-xp 00000000 08:02 6823806                    /usr/lib/x86_64-linux-gnu/libXfixes.so.3.1.0
7f4ff33ea000-7f4ff35e9000 ---p 00005000 08:02 6823806                    /usr/lib/x86_64-linux-gnu/libXfixes.so.3.1.0
7f4ff35e9000-7f4ff35ea000 r--p 00004000 08:02 6823806                    /usr/lib/x86_64-linux-gnu/libXfixes.so.3.1.0
7f4ff35ea000-7f4ff35eb000 rw-p 00005000 08:02 6823806                    /usr/lib/x86_64-linux-gnu/libXfixes.so.3.1.0
7f4ff35eb000-7f4ff3601000 r-xp 00000000 08:02 1048582                    /lib/x86_64-linux-gnu/libgcc_s.so.1
7f4ff3601000-7f4ff3800000 ---p 00016000 08:02 1048582                    /lib/x86_64-linux-gnu/libgcc_s.so.1
7f4ff3800000-7f4ff3801000 r--p 00015000 08:02 1048582                    /lib/x86_64-linux-gnu/libgcc_s.so.1
7f4ff3801000-7f4ff3802000 rw-p 00016000 08:02 1048582                    /lib/x86_64-linux-gnu/libgcc_s.so.1
7f4ff3802000-7f4ff397a000 r-xp 00000000 08:02 6815930                    /usr/lib/x86_64-linux-gnu/libstdc++.so.6.0.24
7f4ff397a000-7f4ff3b79000 ---p 00178000 08:02 6815930                    /usr/lib/x86_64-linux-gnu/libstdc++.so.6.0.24
7f4ff3b79000-7f4ff3b83000 r--p 00177000 08:02 6815930                    /usr/lib/x86_64-linux-gnu/libstdc++.so.6.0.24
7f4ff3b83000-7f4ff3b85000 rw-p 00181000 08:02 6815930                    /usr/lib/x86_64-linux-gnu/libstdc++.so.6.0.24
7f4ff3b85000-7f4ff3b88000 rw-p 00000000 00:00 0 
7f4ff3b88000-7f4ff3bf5000 r-xp 00000000 08:02 7080044                    /usr/lib/x86_64-linux-gnu/mesa/libGL.so.1.2.0
7f4ff3bf5000-7f4ff3df5000 ---p 0006d000 08:02 7080044                    /usr/lib/x86_64-linux-gnu/mesa/libGL.so.1.2.0
7f4ff3df5000-7f4ff3df8000 r--p 0006d000 08:02 7080044                    /usr/lib/x86_64-linux-gnu/mesa/libGL.so.1.2.0
7f4ff3df8000-7f4ff3df9000 rw-p 00070000 08:02 7080044                    /usr/lib/x86_64-linux-gnu/mesa/libGL.so.1.2.0
7f4ff3df9000-7f4ff3dfa000 rw-p 00000000 00:00 0 
7f4ff3dfa000-7f4ff3dff000 r-xp 00000000 08:02 6823842                    /usr/lib/x86_64-linux-gnu/libXxf86vm.so.1.0.0
7f4ff3dff000-7f4ff3ffe000 ---p 00005000 08:02 6823842                    /usr/lib/x86_64-linux-gnu/libXxf86vm.so.1.0.0
7f4ff3ffe000-7f4ff3fff000 r--p 00004000 08:02 6823842                    /usr/lib/x86_64-linux-gnu/libXxf86vm.so.1.0.0
7f4ff3fff000-7f4ff4000000 rw-p 00005000 08:02 6823842                    /usr/lib/x86_64-linux-gnu/libXxf86vm.so.1.0.0
7f4ff4000000-7f4ff4021000 rw-p 00000000 00:00 0 
7f4ff4021000-7f4ff8000000 ---p 00000000 00:00 0 
7f4ff8000000-7f4ffa05d000 rw-p 00000000 00:00 0 
7f4ffa05d000-7f4ffc000000 ---p 00000000 00:00 0 
7f4ffc000000-7f4ffc357000 rw-p 00000000 00:00 0 
7f4ffc357000-7f5000000000 ---p 00000000 00:00 0 
7f5000000000-7f5000021000 rw-p 00000000 00:00 0 
7f5000021000-7f5004000000 ---p 00000000 00:00 0 
7f5004000000-7f5004308000 rw-p 00000000 00:00 0 
7f5004308000-7f5008000000 ---p 00000000 00:00 0 
7f5008000000-7f500826a000 rw-p 00000000 00:00 0 
7f500826a000-7f500c000000 ---p 00000000 00:00 0 
7f500c000000-7f500c021000 rw-p 00000000 00:00 0 
7f500c021000-7f5010000000 ---p 00000000 00:00 0 
7f5010000000-7f5010021000 rw-p 00000000 00:00 0 
7f5010021000-7f5014000000 ---p 00000000 00:00 0 
7f5014000000-7f5014021000 rw-p 00000000 00:00 0 
7f5014021000-7f5018000000 ---p 00000000 00:00 0 
7f5018000000-7f5018021000 rw-p 00000000 00:00 0 
7f5018021000-7f501c000000 ---p 00000000 00:00 0 
7f501c000000-7f501c021000 rw-p 00000000 00:00 0 
7f501c021000-7f5020000000 ---p 00000000 00:00 0 
7f5020000000-7f5020001000 r--s 00000000 08:02 2359583                    /var/cache/fontconfig/d5178ab6d91b49bf20a416737dcea9e8-le64.cache-6
7f5020001000-7f5020002000 r--s 00000000 08:02 2359553                    /var/cache/fontconfig/551ecf3b0e8b0bca0f25c0944f561853-le64.cache-6
7f5020002000-7f5020004000 r--s 00000000 08:02 2359552                    /var/cache/fontconfig/550f3886151c940c12a5ed35f6a00586-le64.cache-6
7f5020004000-7f5020007000 r--s 00000000 08:02 2359561                    /var/cache/fontconfig/674d1711f2d1d2a09646eb0bdcadee49-le64.cache-6
7f5020007000-7f5020008000 r--s 00000000 08:02 2359545                    /var/cache/fontconfig/3f7329c5293ffd510edef78f73874cfd-le64.cache-6
7f5020008000-7f5020014000 r--s 00000000 08:02 2361605                    /var/cache/fontconfig/d589a48862398ed80a3d6066f4f56f4c-le64.cache-6
7f5020014000-7f5020015000 r--s 00000000 08:02 2359539                    /var/cache/fontconfig/30829fa25452a46451e813d634d7f916-le64.cache-6
7f5020015000-7f5020016000 r--s 00000000 08:02 2359529                    /var/cache/fontconfig/0c9eb80ebd1c36541ebe2852d3bb0c49-le64.cache-6
7f5020016000-7f5020017000 r--s 00000000 08:02 2359536                    /var/cache/fontconfig/22368d551a680bfe5a62c02760edf4ea-le64.cache-6
7f5020017000-7f5020018000 r--s 00000000 08:02 2359550                    /var/cache/fontconfig/4d9c95eba1cb85bbcf2878543262124a-le64.cache-6
7f5020018000-7f5020026000 r--s 00000000 08:02 2359570                    /var/cache/fontconfig/9b89f8e3dae116d678bbf48e5f21f69b-le64.cache-6
7f5020026000-7f5020033000 r--s 00000000 08:02 2365263                    /var/cache/fontconfig/e13b20fdb08344e0e664864cc2ede53d-le64.cache-6
7f5020033000-7f5020037000 r--s 00000000 08:02 2361864                    /var/cache/fontconfig/7ef2298fde41cc6eeb7af42e48b7d293-le64.cache-6
7f5020037000-7f502003c000 r--s 0009d000 08:02 6829576                    /usr/lib/jvm/java-8-oracle/jre/lib/jsse.jar
7f502003c000-7f502005d000 r--s 00154000 08:02 2234541                    /home/panns/git/Broker-Lite/lib/jersey-bundle-1.18.jar
7f502005d000-7f5020060000 ---p 00000000 00:00 0 
7f5020060000-7f502015e000 rw-p 00000000 00:00 0 
7f502015e000-7f5020292000 r-xp 00000000 08:02 6823787                    /usr/lib/x86_64-linux-gnu/libX11.so.6.3.0
7f5020292000-7f5020492000 ---p 00134000 08:02 6823787                    /usr/lib/x86_64-linux-gnu/libX11.so.6.3.0
7f5020492000-7f5020493000 r--p 00134000 08:02 6823787                    /usr/lib/x86_64-linux-gnu/libX11.so.6.3.0
7f5020493000-7f5020497000 rw-p 00135000 08:02 6823787                    /usr/lib/x86_64-linux-gnu/libX11.so.6.3.0
7f5020497000-7f502049c000 r-xp 00000000 08:02 6823832                    /usr/lib/x86_64-linux-gnu/libXtst.so.6.1.0
7f502049c000-7f502069b000 ---p 00005000 08:02 6823832                    /usr/lib/x86_64-linux-gnu/libXtst.so.6.1.0
7f502069b000-7f502069c000 r--p 00004000 08:02 6823832                    /usr/lib/x86_64-linux-gnu/libXtst.so.6.1.0
7f502069c000-7f502069d000 rw-p 00005000 08:02 6823832                    /usr/lib/x86_64-linux-gnu/libXtst.so.6.1.0
7f502069d000-7f50207ae000 r-xp 00000000 08:02 1053213                    /lib/x86_64-linux-gnu/libglib-2.0.so.0.5400.1
7f50207ae000-7f50209ae000 ---p 00111000 08:02 1053213                    /lib/x86_64-linux-gnu/libglib-2.0.so.0.5400.1
7f50209ae000-7f50209af000 r--p 00111000 08:02 1053213                    /lib/x86_64-linux-gnu/libglib-2.0.so.0.5400.1
7f50209af000-7f50209b0000 rw-p 00112000 08:02 1053213                    /lib/x86_64-linux-gnu/libglib-2.0.so.0.5400.1
7f50209b0000-7f50209b1000 rw-p 00000000 00:00 0 
7f50209b1000-7f50209b2000 r-xp 00000000 08:02 6824343                    /usr/lib/x86_64-linux-gnu/libgthread-2.0.so.0.5400.1
7f50209b2000-7f5020bb1000 ---p 00001000 08:02 6824343                    /usr/lib/x86_64-linux-gnu/libgthread-2.0.so.0.5400.1
7f5020bb1000-7f5020bb2000 r--p 00000000 08:02 6824343                    /usr/lib/x86_64-linux-gnu/libgthread-2.0.so.0.5400.1
7f5020bb2000-7f5020bb3000 rw-p 00001000 08:02 6824343                    /usr/lib/x86_64-linux-gnu/libgthread-2.0.so.0.5400.1
7f5020bb3000-7f5020bb6000 r-xp 00000000 08:02 6824246                    /usr/lib/x86_64-linux-gnu/libgmodule-2.0.so.0.5400.1
7f5020bb6000-7f5020db5000 ---p 00003000 08:02 6824246                    /usr/lib/x86_64-linux-gnu/libgmodule-2.0.so.0.5400.1
7f5020db5000-7f5020db6000 r--p 00002000 08:02 6824246                    /usr/lib/x86_64-linux-gnu/libgmodule-2.0.so.0.5400.1
7f5020db6000-7f5020db7000 rw-p 00003000 08:02 6824246                    /usr/lib/x86_64-linux-gnu/libgmodule-2.0.so.0.5400.1
7f5020db7000-7f5020e09000 r-xp 00000000 08:02 6824272                    /usr/lib/x86_64-linux-gnu/libgobject-2.0.so.0.5400.1
7f5020e09000-7f5021009000 ---p 00052000 08:02 6824272                    /usr/lib/x86_64-linux-gnu/libgobject-2.0.so.0.5400.1
7f5021009000-7f502100a000 r--p 00052000 08:02 6824272                    /usr/lib/x86_64-linux-gnu/libgobject-2.0.so.0.5400.1
7f502100a000-7f502100b000 rw-p 00053000 08:02 6824272                    /usr/lib/x86_64-linux-gnu/libgobject-2.0.so.0.5400.1
7f502100b000-7f5021048000 r-xp 00000000 08:02 6824140                    /usr/lib/x86_64-linux-gnu/libfontconfig.so.1.9.0
7f5021048000-7f5021247000 ---p 0003d000 08:02 6824140                    /usr/lib/x86_64-linux-gnu/libfontconfig.so.1.9.0
7f5021247000-7f5021249000 r--p 0003c000 08:02 6824140                    /usr/lib/x86_64-linux-gnu/libfontconfig.so.1.9.0
7f5021249000-7f502124e000 rw-p 0003e000 08:02 6824140                    /usr/lib/x86_64-linux-gnu/libfontconfig.so.1.9.0
7f502124e000-7f50212fa000 r-xp 00000000 08:02 6818071                    /usr/lib/x86_64-linux-gnu/libfreetype.so.6.14.0
7f50212fa000-7f50214f9000 ---p 000ac000 08:02 6818071                    /usr/lib/x86_64-linux-gnu/libfreetype.so.6.14.0
7f50214f9000-7f5021500000 r--p 000ab000 08:02 6818071                    /usr/lib/x86_64-linux-gnu/libfreetype.so.6.14.0
7f5021500000-7f5021501000 rw-p 000b2000 08:02 6818071                    /usr/lib/x86_64-linux-gnu/libfreetype.so.6.14.0
7f5021501000-7f502154c000 r-xp 00000000 08:02 6824641                    /usr/lib/x86_64-linux-gnu/libpango-1.0.so.0.4000.12
7f502154c000-7f502174b000 ---p 0004b000 08:02 6824641                    /usr/lib/x86_64-linux-gnu/libpango-1.0.so.0.4000.12
7f502174b000-7f502174e000 r--p 0004a000 08:02 6824641                    /usr/lib/x86_64-linux-gnu/libpango-1.0.so.0.4000.12
7f502174e000-7f502174f000 rw-p 0004d000 08:02 6824641                    /usr/lib/x86_64-linux-gnu/libpango-1.0.so.0.4000.12
7f502174f000-7f502185a000 r-xp 00000000 08:02 6823928                    /usr/lib/x86_64-linux-gnu/libcairo.so.2.11400.10
7f502185a000-7f5021a5a000 ---p 0010b000 08:02 6823928                    /usr/lib/x86_64-linux-gnu/libcairo.so.2.11400.10
7f5021a5a000-7f5021a5d000 r--p 0010b000 08:02 6823928                    /usr/lib/x86_64-linux-gnu/libcairo.so.2.11400.10
7f5021a5d000-7f5021a5e000 rw-p 0010e000 08:02 6823928                    /usr/lib/x86_64-linux-gnu/libcairo.so.2.11400.10
7f5021a5e000-7f5021a60000 rw-p 00000000 00:00 0 
7f5021a60000-7f5021a6c000 r-xp 00000000 08:02 6824643                    /usr/lib/x86_64-linux-gnu/libpangocairo-1.0.so.0.4000.12
7f5021a6c000-7f5021c6b000 ---p 0000c000 08:02 6824643                    /usr/lib/x86_64-linux-gnu/libpangocairo-1.0.so.0.4000.12
7f5021c6b000-7f5021c6c000 r--p 0000b000 08:02 6824643                    /usr/lib/x86_64-linux-gnu/libpangocairo-1.0.so.0.4000.12
7f5021c6c000-7f5021c6d000 rw-p 0000c000 08:02 6824643                    /usr/lib/x86_64-linux-gnu/libpangocairo-1.0.so.0.4000.12
7f5021c6d000-7f5021c8f000 r-xp 00000000 08:02 6818073                    /usr/lib/x86_64-linux-gnu/libgdk_pixbuf-2.0.so.0.3611.0
7f5021c8f000-7f5021e8f000 ---p 00022000 08:02 6818073                    /usr/lib/x86_64-linux-gnu/libgdk_pixbuf-2.0.so.0.3611.0
7f5021e8f000-7f5021e90000 r--p 00022000 08:02 6818073                    /usr/lib/x86_64-linux-gnu/libgdk_pixbuf-2.0.so.0.3611.0
7f5021e90000-7f5021e91000 rw-p 00023000 08:02 6818073                    /usr/lib/x86_64-linux-gnu/libgdk_pixbuf-2.0.so.0.3611.0
7f5021e91000-7f5021ea5000 r-xp 00000000 08:02 6824645                    /usr/lib/x86_64-linux-gnu/libpangoft2-1.0.so.0.4000.12
7f5021ea5000-7f50220a5000 ---p 00014000 08:02 6824645                    /usr/lib/x86_64-linux-gnu/libpangoft2-1.0.so.0.4000.12
7f50220a5000-7f50220a6000 r--p 00014000 08:02 6824645                    /usr/lib/x86_64-linux-gnu/libpangoft2-1.0.so.0.4000.12
7f50220a6000-7f50220a7000 rw-p 00015000 08:02 6824645                    /usr/lib/x86_64-linux-gnu/libpangoft2-1.0.so.0.4000.12
7f50220a7000-7f5022238000 r-xp 00000000 08:02 6824230                    /usr/lib/x86_64-linux-gnu/libgio-2.0.so.0.5400.1
7f5022238000-7f5022438000 ---p 00191000 08:02 6824230                    /usr/lib/x86_64-linux-gnu/libgio-2.0.so.0.5400.1
7f5022438000-7f502243f000 r--p 00191000 08:02 6824230                    /usr/lib/x86_64-linux-gnu/libgio-2.0.so.0.5400.1
7f502243f000-7f5022440000 rw-p 00198000 08:02 6824230                    /usr/lib/x86_64-linux-gnu/libgio-2.0.so.0.5400.1
7f5022440000-7f5022442000 rw-p 00000000 00:00 0 
7f5022442000-7f5022465000 r-xp 00000000 08:02 6823878                    /usr/lib/x86_64-linux-gnu/libatk-1.0.so.0.22609.1
7f5022465000-7f5022664000 ---p 00023000 08:02 6823878                    /usr/lib/x86_64-linux-gnu/libatk-1.0.so.0.22609.1
7f5022664000-7f5022667000 r--p 00022000 08:02 6823878                    /usr/lib/x86_64-linux-gnu/libatk-1.0.so.0.22609.1
7f5022667000-7f5022668000 rw-p 00025000 08:02 6823878                    /usr/lib/x86_64-linux-gnu/libatk-1.0.so.0.22609.1
7f5022668000-7f5022717000 r-xp 00000000 08:02 6824208                    /usr/lib/x86_64-linux-gnu/libgdk-x11-2.0.so.0.2400.31
7f5022717000-7f5022917000 ---p 000af000 08:02 6824208                    /usr/lib/x86_64-linux-gnu/libgdk-x11-2.0.so.0.2400.31
7f5022917000-7f502291b000 r--p 000af000 08:02 6824208                    /usr/lib/x86_64-linux-gnu/libgdk-x11-2.0.so.0.2400.31
7f502291b000-7f502291d000 rw-p 000b3000 08:02 6824208                    /usr/lib/x86_64-linux-gnu/libgdk-x11-2.0.so.0.2400.31
7f502291d000-7f5022d52000 r-xp 00000000 08:02 6824347                    /usr/lib/x86_64-linux-gnu/libgtk-x11-2.0.so.0.2400.31
7f5022d52000-7f5022f51000 ---p 00435000 08:02 6824347                    /usr/lib/x86_64-linux-gnu/libgtk-x11-2.0.so.0.2400.31
7f5022f51000-7f5022f58000 r--p 00434000 08:02 6824347                    /usr/lib/x86_64-linux-gnu/libgtk-x11-2.0.so.0.2400.31
7f5022f58000-7f5022f5c000 rw-p 0043b000 08:02 6824347                    /usr/lib/x86_64-linux-gnu/libgtk-x11-2.0.so.0.2400.31
7f5022f5c000-7f5022f5f000 rw-p 00000000 00:00 0 
7f5022f5f000-7f5022f67000 rw-s 00000000 00:05 82927                      /drm mm object (deleted)
7f5022f67000-7f5022f6f000 rw-s 00000000 00:05 82917                      /drm mm object (deleted)
7f5022f6f000-7f5022f77000 rw-s 00000000 00:05 86609                      /drm mm object (deleted)
7f5022f77000-7f5022f83000 r-xp 00000000 08:02 6829737                    /usr/lib/jvm/java-8-oracle/jre/lib/amd64/libprism_es2.so
7f5022f83000-7f5023182000 ---p 0000c000 08:02 6829737                    /usr/lib/jvm/java-8-oracle/jre/lib/amd64/libprism_es2.so
7f5023182000-7f5023183000 rw-p 0000b000 08:02 6829737                    /usr/lib/jvm/java-8-oracle/jre/lib/amd64/libprism_es2.so
7f5023183000-7f5023186000 ---p 00000000 00:00 0 
7f5023186000-7f5023284000 rw-p 00000000 00:00 0 
7f5023284000-7f502331a000 r--s 0110a000 08:02 6829581                    /usr/lib/jvm/java-8-oracle/jre/lib/ext/jfxrt.jar
7f502331a000-7f502331b000 ---p 00000000 00:00 0 
7f502331b000-7f502341b000 rw-p 00000000 00:00 0 
7f502341b000-7f502341e000 ---p 00000000 00:00 0 
7f502341e000-7f502351c000 rw-p 00000000 00:00 0 
7f502351c000-7f502351f000 ---p 00000000 00:00 0 
7f502351f000-7f502361d000 rw-p 00000000 00:00 0 
7f502361d000-7f5023620000 ---p 00000000 00:00 0 
7f5023620000-7f502371e000 rw-p 00000000 00:00 0 
7f502371e000-7f5023721000 ---p 00000000 00:00 0 
7f5023721000-7f502381f000 rw-p 00000000 00:00 0 
7f502381f000-7f5023822000 ---p 00000000 00:00 0 
7f5023822000-7f5023920000 rw-p 00000000 00:00 0 
7f5023920000-7f5023bfc000 r--p 00000000 08:02 6818228                    /usr/lib/locale/locale-archive
7f5023bfc000-7f5023bff000 ---p 00000000 00:00 0 
7f5023bff000-7f5023cfd000 rw-p 00000000 00:00 0 
7f5023cfd000-7f5023d00000 ---p 00000000 00:00 0 
7f5023d00000-7f5023dfe000 rw-p 00000000 00:00 0 
7f5023dfe000-7f5023dff000 ---p 00000000 00:00 0 
7f5023dff000-7f5024000000 rw-p 00000000 00:00 0 
7f5024000000-7f5024021000 rw-p 00000000 00:00 0 
7f5024021000-7f5028000000 ---p 00000000 00:00 0 
7f5028000000-7f5028021000 rw-p 00000000 00:00 0 
7f5028021000-7f502c000000 ---p 00000000 00:00 0 
7f502c000000-7f502c021000 rw-p 00000000 00:00 0 
7f502c021000-7f5030000000 ---p 00000000 00:00 0 
7f5030000000-7f5030001000 r--s 00000000 08:02 2359566                    /var/cache/fontconfig/85e0a52ce643a7ba2ae53e5d6949cead-le64.cache-6
7f5030001000-7f5030006000 r--s 00659000 08:02 2234542                    /home/panns/git/Broker-Lite/lib/sqlite-jdbc-3.21.0.jar
7f5030006000-7f503000e000 rw-s 00000000 00:05 86599                      /drm mm object (deleted)
7f503000e000-7f5030021000 r--s 00345000 08:02 6829557                    /usr/lib/jvm/java-8-oracle/jre/lib/resources.jar
7f5030021000-7f5030ec0000 rw-p 00000000 00:00 0 
7f5030ec0000-7f5031099000 r--s 03d64000 08:02 6829519                    /usr/lib/jvm/java-8-oracle/jre/lib/rt.jar
7f5031099000-7f503389a000 rw-p 00000000 00:00 0 
7f503389a000-7f503389b000 ---p 00000000 00:00 0 
7f503389b000-7f503399b000 rw-p 00000000 00:00 0 
7f503399b000-7f503399c000 ---p 00000000 00:00 0 
7f503399c000-7f5033a9c000 rw-p 00000000 00:00 0 
7f5033a9c000-7f5033a9d000 ---p 00000000 00:00 0 
7f5033a9d000-7f5033b9d000 rw-p 00000000 00:00 0 
7f5033b9d000-7f5033b9e000 ---p 00000000 00:00 0 
7f5033b9e000-7f5033cb2000 rw-p 00000000 00:00 0 
7f5033cb2000-7f5033ddb000 ---p 00000000 00:00 0 
7f5033ddb000-7f5033def000 rw-p 00000000 00:00 0 
7f5033def000-7f5033f17000 ---p 00000000 00:00 0 
7f5033f17000-7f5033f2a000 rw-p 00000000 00:00 0 
7f5033f2a000-7f5033fb6000 ---p 00000000 00:00 0 
7f5033fb6000-7f5033fcf000 rw-p 00000000 00:00 0 
7f5033fcf000-7f5034377000 ---p 00000000 00:00 0 
7f5034377000-7f5034957000 rwxp 00000000 00:00 0 
7f5034957000-7f5043377000 ---p 00000000 00:00 0 
7f5043377000-7f5043392000 r-xp 00000000 08:02 6829729                    /usr/lib/jvm/java-8-oracle/jre/lib/amd64/libzip.so
7f5043392000-7f5043592000 ---p 0001b000 08:02 6829729                    /usr/lib/jvm/java-8-oracle/jre/lib/amd64/libzip.so
7f5043592000-7f5043593000 rw-p 0001b000 08:02 6829729                    /usr/lib/jvm/java-8-oracle/jre/lib/amd64/libzip.so
7f5043593000-7f504359e000 r-xp 00000000 08:02 1048670                    /lib/x86_64-linux-gnu/libnss_files-2.26.so
7f504359e000-7f504379d000 ---p 0000b000 08:02 1048670                    /lib/x86_64-linux-gnu/libnss_files-2.26.so
7f504379d000-7f504379e000 r--p 0000a000 08:02 1048670                    /lib/x86_64-linux-gnu/libnss_files-2.26.so
7f504379e000-7f504379f000 rw-p 0000b000 08:02 1048670                    /lib/x86_64-linux-gnu/libnss_files-2.26.so
7f504379f000-7f50437a5000 rw-p 00000000 00:00 0 
7f50437a5000-7f50437b0000 r-xp 00000000 08:02 1048672                    /lib/x86_64-linux-gnu/libnss_nis-2.26.so
7f50437b0000-7f50439af000 ---p 0000b000 08:02 1048672                    /lib/x86_64-linux-gnu/libnss_nis-2.26.so
7f50439af000-7f50439b0000 r--p 0000a000 08:02 1048672                    /lib/x86_64-linux-gnu/libnss_nis-2.26.so
7f50439b0000-7f50439b1000 rw-p 0000b000 08:02 1048672                    /lib/x86_64-linux-gnu/libnss_nis-2.26.so
7f50439b1000-7f50439c8000 r-xp 00000000 08:02 1048667                    /lib/x86_64-linux-gnu/libnsl-2.26.so
7f50439c8000-7f5043bc7000 ---p 00017000 08:02 1048667                    /lib/x86_64-linux-gnu/libnsl-2.26.so
7f5043bc7000-7f5043bc8000 r--p 00016000 08:02 1048667                    /lib/x86_64-linux-gnu/libnsl-2.26.so
7f5043bc8000-7f5043bc9000 rw-p 00017000 08:02 1048667                    /lib/x86_64-linux-gnu/libnsl-2.26.so
7f5043bc9000-7f5043bcb000 rw-p 00000000 00:00 0 
7f5043bcb000-7f5043bd3000 r-xp 00000000 08:02 1048668                    /lib/x86_64-linux-gnu/libnss_compat-2.26.so
7f5043bd3000-7f5043dd2000 ---p 00008000 08:02 1048668                    /lib/x86_64-linux-gnu/libnss_compat-2.26.so
7f5043dd2000-7f5043dd3000 r--p 00007000 08:02 1048668                    /lib/x86_64-linux-gnu/libnss_compat-2.26.so
7f5043dd3000-7f5043dd4000 rw-p 00008000 08:02 1048668                    /lib/x86_64-linux-gnu/libnss_compat-2.26.so
7f5043dd4000-7f5043dff000 r-xp 00000000 08:02 6829723                    /usr/lib/jvm/java-8-oracle/jre/lib/amd64/libjava.so
7f5043dff000-7f5043ffe000 ---p 0002b000 08:02 6829723                    /usr/lib/jvm/java-8-oracle/jre/lib/amd64/libjava.so
7f5043ffe000-7f5044000000 rw-p 0002a000 08:02 6829723                    /usr/lib/jvm/java-8-oracle/jre/lib/amd64/libjava.so
7f5044000000-7f5044419000 rw-p 00000000 00:00 0 
7f5044419000-7f5048000000 ---p 00000000 00:00 0 
7f5048000000-7f5048021000 rw-p 00000000 00:00 0 
7f5048021000-7f504802e000 r-xp 00000000 08:02 6829728                    /usr/lib/jvm/java-8-oracle/jre/lib/amd64/libverify.so
7f504802e000-7f504822e000 ---p 0000d000 08:02 6829728                    /usr/lib/jvm/java-8-oracle/jre/lib/amd64/libverify.so
7f504822e000-7f5048230000 rw-p 0000d000 08:02 6829728                    /usr/lib/jvm/java-8-oracle/jre/lib/amd64/libverify.so
7f5048230000-7f5048237000 r-xp 00000000 08:02 1053128                    /lib/x86_64-linux-gnu/librt-2.26.so
7f5048237000-7f5048436000 ---p 00007000 08:02 1053128                    /lib/x86_64-linux-gnu/librt-2.26.so
7f5048436000-7f5048437000 r--p 00006000 08:02 1053128                    /lib/x86_64-linux-gnu/librt-2.26.so
7f5048437000-7f5048438000 rw-p 00007000 08:02 1053128                    /lib/x86_64-linux-gnu/librt-2.26.so
7f5048438000-7f504858d000 r-xp 00000000 08:02 1048664                    /lib/x86_64-linux-gnu/libm-2.26.so
7f504858d000-7f504878c000 ---p 00155000 08:02 1048664                    /lib/x86_64-linux-gnu/libm-2.26.so
7f504878c000-7f504878d000 r--p 00154000 08:02 1048664                    /lib/x86_64-linux-gnu/libm-2.26.so
7f504878d000-7f504878e000 rw-p 00155000 08:02 1048664                    /lib/x86_64-linux-gnu/libm-2.26.so
7f504878e000-7f5049467000 r-xp 00000000 08:02 6829706                    /usr/lib/jvm/java-8-oracle/jre/lib/amd64/server/libjvm.so
7f5049467000-7f5049666000 ---p 00cd9000 08:02 6829706                    /usr/lib/jvm/java-8-oracle/jre/lib/amd64/server/libjvm.so
7f5049666000-7f504973f000 rw-p 00cd8000 08:02 6829706                    /usr/lib/jvm/java-8-oracle/jre/lib/amd64/server/libjvm.so
7f504973f000-7f504978b000 rw-p 00000000 00:00 0 
7f504978b000-7f5049961000 r-xp 00000000 08:02 1048660                    /lib/x86_64-linux-gnu/libc-2.26.so
7f5049961000-7f5049b61000 ---p 001d6000 08:02 1048660                    /lib/x86_64-linux-gnu/libc-2.26.so
7f5049b61000-7f5049b65000 r--p 001d6000 08:02 1048660                    /lib/x86_64-linux-gnu/libc-2.26.so
7f5049b65000-7f5049b67000 rw-p 001da000 08:02 1048660                    /lib/x86_64-linux-gnu/libc-2.26.so
7f5049b67000-7f5049b6b000 rw-p 00000000 00:00 0 
7f5049b6b000-7f5049b6e000 r-xp 00000000 08:02 1048663                    /lib/x86_64-linux-gnu/libdl-2.26.so
7f5049b6e000-7f5049d6d000 ---p 00003000 08:02 1048663                    /lib/x86_64-linux-gnu/libdl-2.26.so
7f5049d6d000-7f5049d6e000 r--p 00002000 08:02 1048663                    /lib/x86_64-linux-gnu/libdl-2.26.so
7f5049d6e000-7f5049d6f000 rw-p 00003000 08:02 1048663                    /lib/x86_64-linux-gnu/libdl-2.26.so
7f5049d6f000-7f5049d85000 r-xp 00000000 08:02 7080220                    /usr/lib/jvm/java-8-oracle/lib/amd64/jli/libjli.so
7f5049d85000-7f5049f84000 ---p 00016000 08:02 7080220                    /usr/lib/jvm/java-8-oracle/lib/amd64/jli/libjli.so
7f5049f84000-7f5049f85000 rw-p 00015000 08:02 7080220                    /usr/lib/jvm/java-8-oracle/lib/amd64/jli/libjli.so
7f5049f85000-7f5049f9f000 r-xp 00000000 08:02 1053063                    /lib/x86_64-linux-gnu/libpthread-2.26.so
7f5049f9f000-7f504a19e000 ---p 0001a000 08:02 1053063                    /lib/x86_64-linux-gnu/libpthread-2.26.so
7f504a19e000-7f504a19f000 r--p 00019000 08:02 1053063                    /lib/x86_64-linux-gnu/libpthread-2.26.so
7f504a19f000-7f504a1a0000 rw-p 0001a000 08:02 1053063                    /lib/x86_64-linux-gnu/libpthread-2.26.so
7f504a1a0000-7f504a1a4000 rw-p 00000000 00:00 0 
7f504a1a4000-7f504a1cb000 r-xp 00000000 08:02 1048592                    /lib/x86_64-linux-gnu/ld-2.26.so
7f504a1cb000-7f504a1cc000 r--s 00000000 08:02 2359547                    /var/cache/fontconfig/49f0de54bdd920fe4f0dfd4cbac43e6b-le64.cache-6
7f504a1cc000-7f504a1cd000 r--s 00000000 08:02 2359593                    /var/cache/fontconfig/f6e6e0a5c3d2f6ae0c0c2e0ecd42a997-le64.cache-6
7f504a1cd000-7f504a1ce000 r--s 00000000 08:02 2359548                    /var/cache/fontconfig/4b2eda6bb976bda485cb2176619421d5-le64.cache-6
7f504a1ce000-7f504a1cf000 r--s 00008000 08:02 1316956                    /home/panns/.p2/pool/plugins/org.eclipse.fx.ide.css.jfx8_3.0.0.201705220750.jar
7f504a1d0000-7f504a1d1000 rw-s 00000000 00:05 82919                      /drm mm object (deleted)
7f504a1d1000-7f504a1d6000 r--s 00084000 08:02 6829436                    /usr/lib/jvm/java-8-oracle/jre/lib/jfr.jar
7f504a1d6000-7f504a2ae000 rw-p 00000000 00:00 0 
7f504a2ae000-7f504a2b1000 ---p 00000000 00:00 0 
7f504a2b1000-7f504a3b3000 rw-p 00000000 00:00 0 
7f504a3b3000-7f504a3b4000 rw-s 00000000 00:05 86601                      /drm mm object (deleted)
7f504a3b4000-7f504a3b9000 r--s 002f9000 08:02 6829517                    /usr/lib/jvm/java-8-oracle/jre/lib/charsets.jar
7f504a3b9000-7f504a3bc000 r--s 0001a000 08:02 6829749                    /usr/lib/jvm/java-8-oracle/jre/lib/jce.jar
7f504a3bc000-7f504a3c1000 r--s 0009d000 08:02 6829576                    /usr/lib/jvm/java-8-oracle/jre/lib/jsse.jar
7f504a3c1000-7f504a3c9000 rw-s 00000000 08:02 6029443                    /tmp/hsperfdata_panns/2829
7f504a3c9000-7f504a3ca000 rw-p 00000000 00:00 0 
7f504a3ca000-7f504a3cb000 ---p 00000000 00:00 0 
7f504a3cb000-7f504a3cc000 r--p 00027000 08:02 1048592                    /lib/x86_64-linux-gnu/ld-2.26.so
7f504a3cc000-7f504a3cd000 rw-p 00028000 08:02 1048592                    /lib/x86_64-linux-gnu/ld-2.26.so
7f504a3cd000-7f504a3ce000 rw-p 00000000 00:00 0 
7ffca6ecd000-7ffca6eee000 rw-p 00000000 00:00 0                          [stack]
7ffca6fbd000-7ffca6fc0000 r--p 00000000 00:00 0                          [vvar]
7ffca6fc0000-7ffca6fc2000 r-xp 00000000 00:00 0                          [vdso]
ffffffffff600000-ffffffffff601000 r-xp 00000000 00:00 0                  [vsyscall]

VM Arguments:
jvm_args: -Dfile.encoding=UTF-8 
java_command: brokerlite.Main
java_class_path (initial): /usr/lib/jvm/java-8-oracle/jre/lib/resources.jar:/usr/lib/jvm/java-8-oracle/jre/lib/rt.jar:/usr/lib/jvm/java-8-oracle/jre/lib/jsse.jar:/usr/lib/jvm/java-8-oracle/jre/lib/jce.jar:/usr/lib/jvm/java-8-oracle/jre/lib/charsets.jar:/usr/lib/jvm/java-8-oracle/jre/lib/jfr.jar:/usr/lib/jvm/java-8-oracle/jre/lib/ext/nashorn.jar:/usr/lib/jvm/java-8-oracle/jre/lib/ext/sunjce_provider.jar:/usr/lib/jvm/java-8-oracle/jre/lib/ext/sunec.jar:/usr/lib/jvm/java-8-oracle/jre/lib/ext/localedata.jar:/usr/lib/jvm/java-8-oracle/jre/lib/ext/sunpkcs11.jar:/usr/lib/jvm/java-8-oracle/jre/lib/ext/dnsns.jar:/usr/lib/jvm/java-8-oracle/jre/lib/ext/jfxrt.jar:/usr/lib/jvm/java-8-oracle/jre/lib/ext/zipfs.jar:/usr/lib/jvm/java-8-oracle/jre/lib/ext/jaccess.jar:/usr/lib/jvm/java-8-oracle/jre/lib/ext/cldrdata.jar:/home/panns/git/Broker-Lite/bin:/home/panns/.p2/pool/plugins/org.eclipse.fx.ide.css.jfx8_3.0.0.201705220750.jar:/home/panns/git/Broker-Lite/lib/sqlite-jdbc-3.21.0.jar:/home/panns/git/Broker-Lite/lib/jersey-bundle-1.18.jar
Launcher Type: SUN_STANDARD

Environment Variables:
PATH=/home/panns/.cargo/bin:/usr/local/sbin:/usr/local/bin:/usr/sbin:/usr/bin:/sbin:/bin:/usr/games:/usr/local/games
USERNAME=panns
SHELL=/usr/bin/zsh
DISPLAY=:0

Signal Handlers:
SIGSEGV: [libjvm.so+0xad01e0], sa_mask[0]=11111111011111111101111111111110, sa_flags=SA_RESTART|SA_SIGINFO
SIGBUS: [libjvm.so+0xad01e0], sa_mask[0]=11111111011111111101111111111110, sa_flags=SA_RESTART|SA_SIGINFO
SIGFPE: [libjvm.so+0x927fb0], sa_mask[0]=11111111011111111101111111111110, sa_flags=SA_RESTART|SA_SIGINFO
SIGPIPE: SIG_IGN, sa_mask[0]=00000000000010000000000000000000, sa_flags=SA_RESTART
SIGXFSZ: [libjvm.so+0x927fb0], sa_mask[0]=11111111011111111101111111111110, sa_flags=SA_RESTART|SA_SIGINFO
SIGILL: [libjvm.so+0x927fb0], sa_mask[0]=11111111011111111101111111111110, sa_flags=SA_RESTART|SA_SIGINFO
SIGUSR1: SIG_DFL, sa_mask[0]=00000000000000000000000000000000, sa_flags=none
SIGUSR2: [libjvm.so+0x9297f0], sa_mask[0]=00100000000000000000000000000000, sa_flags=SA_RESTART|SA_SIGINFO
SIGHUP: [libjvm.so+0x92abf0], sa_mask[0]=11111111011111111101111111111110, sa_flags=SA_RESTART|SA_SIGINFO
SIGINT: [libjvm.so+0x92abf0], sa_mask[0]=11111111011111111101111111111110, sa_flags=SA_RESTART|SA_SIGINFO
SIGTERM: [libjvm.so+0x92abf0], sa_mask[0]=11111111011111111101111111111110, sa_flags=SA_RESTART|SA_SIGINFO
SIGQUIT: [libjvm.so+0x92abf0], sa_mask[0]=11111111011111111101111111111110, sa_flags=SA_RESTART|SA_SIGINFO


---------------  S Y S T E M  ---------------

OS:DISTRIB_ID=Ubuntu
DISTRIB_RELEASE=17.10
DISTRIB_CODENAME=artful
DISTRIB_DESCRIPTION="Ubuntu 17.10"

uname:Linux 4.13.0-38-generic #43-Ubuntu SMP Wed Mar 14 15:20:44 UTC 2018 x86_64
libc:glibc 2.26 NPTL 2.26 
rlimit: STACK 8192k, CORE 0k, NPROC 13959, NOFILE 1048576, AS infinity
load average:2.11 1.46 1.12

/proc/meminfo:
MemTotal:        3884676 kB
MemFree:          381712 kB
MemAvailable:     896256 kB
Buffers:           40448 kB
Cached:           870008 kB
SwapCached:         3452 kB
Active:          2569428 kB
Inactive:         735356 kB
Active(anon):    2201808 kB
Inactive(anon):   403568 kB
Active(file):     367620 kB
Inactive(file):   331788 kB
Unevictable:          48 kB
Mlocked:              48 kB
SwapTotal:       2097148 kB
SwapFree:        1808892 kB
Dirty:              1068 kB
Writeback:             0 kB
AnonPages:       2391592 kB
Mapped:           494664 kB
Shmem:            307804 kB
Slab:              91064 kB
SReclaimable:      47272 kB
SUnreclaim:        43792 kB
KernelStack:       12640 kB
PageTables:        53288 kB
NFS_Unstable:          0 kB
Bounce:                0 kB
WritebackTmp:          0 kB
CommitLimit:     4039484 kB
Committed_AS:    7845964 kB
VmallocTotal:   34359738367 kB
VmallocUsed:           0 kB
VmallocChunk:          0 kB
HardwareCorrupted:     0 kB
AnonHugePages:         0 kB
ShmemHugePages:        0 kB
ShmemPmdMapped:        0 kB
CmaTotal:              0 kB
CmaFree:               0 kB
HugePages_Total:       0
HugePages_Free:        0
HugePages_Rsvd:        0
HugePages_Surp:        0
Hugepagesize:       2048 kB
DirectMap4k:      121720 kB
DirectMap2M:     3917824 kB
DirectMap1G:           0 kB


CPU:total 4 (initial active 4) (2 cores per cpu, 2 threads per core) family 6 model 78 stepping 3, cmov, cx8, fxsr, mmx, sse, sse2, sse3, ssse3, sse4.1, sse4.2, popcnt, avx, avx2, aes, clmul, erms, 3dnowpref, lzcnt, ht, tsc, tscinvbit, bmi1, bmi2, adx

/proc/cpuinfo:
processor	: 0
vendor_id	: GenuineIntel
cpu family	: 6
model		: 78
model name	: Intel(R) Core(TM) i5-6200U CPU @ 2.30GHz
stepping	: 3
microcode	: 0xc2
cpu MHz		: 2700.238
cache size	: 3072 KB
physical id	: 0
siblings	: 4
core id		: 0
cpu cores	: 2
apicid		: 0
initial apicid	: 0
fpu		: yes
fpu_exception	: yes
cpuid level	: 22
wp		: yes
flags		: fpu vme de pse tsc msr pae mce cx8 apic sep mtrr pge mca cmov pat pse36 clflush dts acpi mmx fxsr sse sse2 ss ht tm pbe syscall nx pdpe1gb rdtscp lm constant_tsc art arch_perfmon pebs bts rep_good nopl xtopology nonstop_tsc cpuid aperfmperf tsc_known_freq pni pclmulqdq dtes64 monitor ds_cpl vmx est tm2 ssse3 sdbg fma cx16 xtpr pdcm pcid sse4_1 sse4_2 x2apic movbe popcnt tsc_deadline_timer aes xsave avx f16c rdrand lahf_lm abm 3dnowprefetch cpuid_fault epb invpcid_single pti retpoline intel_pt rsb_ctxsw spec_ctrl tpr_shadow vnmi flexpriority ept vpid fsgsbase tsc_adjust bmi1 avx2 smep bmi2 erms invpcid mpx rdseed adx smap clflushopt xsaveopt xsavec xgetbv1 xsaves dtherm ida arat pln pts hwp hwp_notify hwp_act_window hwp_epp
bugs		: cpu_meltdown spectre_v1 spectre_v2
bogomips	: 4800.00
clflush size	: 64
cache_alignment	: 64
address sizes	: 39 bits physical, 48 bits virtual
power management:

processor	: 1
vendor_id	: GenuineIntel
cpu family	: 6
model		: 78
model name	: Intel(R) Core(TM) i5-6200U CPU @ 2.30GHz
stepping	: 3
microcode	: 0xc2
cpu MHz		: 2700.029
cache size	: 3072 KB
physical id	: 0
siblings	: 4
core id		: 1
cpu cores	: 2
apicid		: 2
initial apicid	: 2
fpu		: yes
fpu_exception	: yes
cpuid level	: 22
wp		: yes
flags		: fpu vme de pse tsc msr pae mce cx8 apic sep mtrr pge mca cmov pat pse36 clflush dts acpi mmx fxsr sse sse2 ss ht tm pbe syscall nx pdpe1gb rdtscp lm constant_tsc art arch_perfmon pebs bts rep_good nopl xtopology nonstop_tsc cpuid aperfmperf tsc_known_freq pni pclmulqdq dtes64 monitor ds_cpl vmx est tm2 ssse3 sdbg fma cx16 xtpr pdcm pcid sse4_1 sse4_2 x2apic movbe popcnt tsc_deadline_timer aes xsave avx f16c rdrand lahf_lm abm 3dnowprefetch cpuid_fault epb invpcid_single pti retpoline intel_pt rsb_ctxsw spec_ctrl tpr_shadow vnmi flexpriority ept vpid fsgsbase tsc_adjust bmi1 avx2 smep bmi2 erms invpcid mpx rdseed adx smap clflushopt xsaveopt xsavec xgetbv1 xsaves dtherm ida arat pln pts hwp hwp_notify hwp_act_window hwp_epp
bugs		: cpu_meltdown spectre_v1 spectre_v2
bogomips	: 4800.00
clflush size	: 64
cache_alignment	: 64
address sizes	: 39 bits physical, 48 bits virtual
power management:

processor	: 2
vendor_id	: GenuineIntel
cpu family	: 6
model		: 78
model name	: Intel(R) Core(TM) i5-6200U CPU @ 2.30GHz
stepping	: 3
microcode	: 0xc2
cpu MHz		: 2700.046
cache size	: 3072 KB
physical id	: 0
siblings	: 4
core id		: 0
cpu cores	: 2
apicid		: 1
initial apicid	: 1
fpu		: yes
fpu_exception	: yes
cpuid level	: 22
wp		: yes
flags		: fpu vme de pse tsc msr pae mce cx8 apic sep mtrr pge mca cmov pat pse36 clflush dts acpi mmx fxsr sse sse2 ss ht tm pbe syscall nx pdpe1gb rdtscp lm constant_tsc art arch_perfmon pebs bts rep_good nopl xtopology nonstop_tsc cpuid aperfmperf tsc_known_freq pni pclmulqdq dtes64 monitor ds_cpl vmx est tm2 ssse3 sdbg fma cx16 xtpr pdcm pcid sse4_1 sse4_2 x2apic movbe popcnt tsc_deadline_timer aes xsave avx f16c rdrand lahf_lm abm 3dnowprefetch cpuid_fault epb invpcid_single pti retpoline intel_pt rsb_ctxsw spec_ctrl tpr_shadow vnmi flexpriority ept vpid fsgsbase tsc_adjust bmi1 avx2 smep bmi2 erms invpcid mpx rdseed adx smap clflushopt xsaveopt xsavec xgetbv1 xsaves dtherm ida arat pln pts hwp hwp_notify hwp_act_window hwp_epp
bugs		: cpu_meltdown spectre_v1 spectre_v2
bogomips	: 4800.00
clflush size	: 64
cache_alignment	: 64
address sizes	: 39 bits physical, 48 bits virtual
power management:

processor	: 3
vendor_id	: GenuineIntel
cpu family	: 6
model		: 78
model name	: Intel(R) Core(TM) i5-6200U CPU @ 2.30GHz
stepping	: 3
microcode	: 0xc2
cpu MHz		: 2699.998
cache size	: 3072 KB
physical id	: 0
siblings	: 4
core id		: 1
cpu cores	: 2
apicid		: 3
initial apicid	: 3
fpu		: yes
fpu_exception	: yes
cpuid level	: 22
wp		: yes
flags		: fpu vme de pse tsc msr pae mce cx8 apic sep mtrr pge mca cmov pat pse36 clflush dts acpi mmx fxsr sse sse2 ss ht tm pbe syscall nx pdpe1gb rdtscp lm constant_tsc art arch_perfmon pebs bts rep_good nopl xtopology nonstop_tsc cpuid aperfmperf tsc_known_freq pni pclmulqdq dtes64 monitor ds_cpl vmx est tm2 ssse3 sdbg fma cx16 xtpr pdcm pcid sse4_1 sse4_2 x2apic movbe popcnt tsc_deadline_timer aes xsave avx f16c rdrand lahf_lm abm 3dnowprefetch cpuid_fault epb invpcid_single pti retpoline intel_pt rsb_ctxsw spec_ctrl tpr_shadow vnmi flexpriority ept vpid fsgsbase tsc_adjust bmi1 avx2 smep bmi2 erms invpcid mpx rdseed adx smap clflushopt xsaveopt xsavec xgetbv1 xsaves dtherm ida arat pln pts hwp hwp_notify hwp_act_window hwp_epp
bugs		: cpu_meltdown spectre_v1 spectre_v2
bogomips	: 4800.00
clflush size	: 64
cache_alignment	: 64
address sizes	: 39 bits physical, 48 bits virtual
power management:



Memory: 4k page, physical 3884676k(380596k free), swap 2097148k(1808892k free)

vm_info: Java HotSpot(TM) 64-Bit Server VM (25.161-b12) for linux-amd64 JRE (1.8.0_161-b12), built on Dec 19 2017 16:12:43 by "java_re" with gcc 4.3.0 20080428 (Red Hat 4.3.0-8)

time: Tue Apr 17 21:56:13 2018
elapsed time: 4 seconds (0d 0h 0m 4s)

