#
# A fatal error has been detected by the Java Runtime Environment:
#
#  SIGSEGV (0xb) at pc=0x00007f110c5f2788, pid=8565, tid=0x00007f10af085700
#
# JRE version: Java(TM) SE Runtime Environment (8.0_161-b12) (build 1.8.0_161-b12)
# Java VM: Java HotSpot(TM) 64-Bit Server VM (25.161-b12 mixed mode linux-amd64 compressed oops)
# Problematic frame:
# V  [libjvm.so+0x6d7788]  jni_invoke_nonstatic(JNIEnv_*, JavaValue*, _jobject*, JNICallType, _jmethodID*, JNI_ArgumentPusher*, Thread*)+0x38
#
# Failed to write core dump. Core dumps have been disabled. To enable core dumping, try "ulimit -c unlimited" before starting Java again
#
# If you would like to submit a bug report, please visit:
#   http://bugreport.java.com/bugreport/crash.jsp
#

---------------  T H R E A D  ---------------

Current thread (0x00007f11042af800):  JavaThread "JavaFX Application Thread" [_thread_in_vm, id=8644, stack(0x00007f10aef85000,0x00007f10af086000)]

siginfo: si_signo: 11 (SIGSEGV), si_code: 128 (SI_KERNEL), si_addr: 0x0000000000000000

Registers:
RAX=0x00007f10af084370, RBX=0x00007f10af084280, RCX=0x0000000000000001, RDX=0x78666176616a4c28
RSP=0x00007f10af0840d0, RBP=0x00007f10af084250, RSI=0x00007f10af0842e0, RDI=0x00007f11042af9f8
R8 =0x00007f11042073d8, R9 =0x00007f10af084280, R10=0x00007f10a0000d10, R11=0x00007f10f545bf20
R12=0x00007f11042af800, R13=0x00007f11042073d8, R14=0x0000000000000001, R15=0x00007f11042af9f8
RIP=0x00007f110c5f2788, EFLAGS=0x0000000000010206, CSGSFS=0x002b000000000033, ERR=0x0000000000000000
  TRAPNO=0x000000000000000d

Top of Stack: (sp=0x00007f10af0840d0)
0x00007f10af0840d0:   00007f10af0847d0 00007f10af0843f0
0x00007f10af0840e0:   00007f10af084130 00007f10af0841b0
0x00007f10af0840f0:   00007f10af084280 00007f10af0842e0
0x00007f10af084100:   00007f11042af9f8 00007f110c612290
0x00007f10af084110:   00007f10d00118c0 00007f10d00118d0
0x00007f10af084120:   00007f10d0011ca8 00000000000003d8
0x00007f10af084130:   0000000000000000 00000000ed500a88
0x00007f10af084140:   00007f100000006f 00007f110000000a
0x00007f10af084150:   00000000ecce45e8 0000000000000000
0x00007f10af084160:   0000000000000000 0000000000000000
0x00007f10af084170:   00007f10f4ce8b00 0000000100000100
0x00007f10af084180:   0000000000000000 00007f10af084138
0x00007f10af084190:   00007f10af084179 0000000800000005
0x00007f10af0841a0:   00007f10af084100 00007f11042aff30
0x00007f10af0841b0:   00007f110ce85e70 00007f110d9ab720
0x00007f10af0841c0:   00000000042afeb0 00007f11042af800
0x00007f10af0841d0:   0000000000000000 00007f110c5f2b5b
0x00007f10af0841e0:   00007f10f4cf2c48 00007f11042af800
0x00007f10af0841f0:   00007f10f4cf2c48 00007f11042af800
0x00007f10af084200:   00007f10af084390 00007f10f4cf2c48
0x00007f10af084210:   00007f10f4cf2c48 00007f10f4cf2c48
0x00007f10af084220:   00007f10d00118c0 00007f10af084280
0x00007f10af084230:   00007f11042af800 00007f10af0842c0
0x00007f10af084240:   00007f11042073d8 00007f11042af9f8
0x00007f10af084250:   00007f10af084340 00007f110c5f6f2f
0x00007f10af084260:   00007f11042af800 00007f10e1e884d4
0x00007f10af084270:   00007f10af084358 78666176616a4c28
0x00007f10af084280:   00007f110ce86af0 00007f110d9ab720
0x00007f10af084290:   0000000000000000 00007f1000000063
0x00007f10af0842a0:   0000000000000000 0000003000000018
0x00007f10af0842b0:   00007f10af084430 00007f10af084370
0x00007f10af0842c0:   00007f11042af800 0000000000000000 

Instructions: (pc=0x00007f110c5f2788)
0x00007f110c5f2768:   00 00 48 85 d2 48 89 bd b0 fe ff ff 48 89 b5 a8
0x00007f110c5f2778:   fe ff ff 4c 89 8d a0 fe ff ff 0f 84 78 09 00 00
0x00007f110c5f2788:   4c 8b 22 4d 85 e4 0f 84 6c 09 00 00 48 8b 45 10
0x00007f110c5f2798:   48 8b 98 38 01 00 00 48 83 7b 18 f7 0f 87 16 07 

Register to memory mapping:

RAX=0x00007f10af084370 is pointing into the stack for thread: 0x00007f11042af800
RBX=0x00007f10af084280 is pointing into the stack for thread: 0x00007f11042af800
RCX=0x0000000000000001 is an unknown value
RDX=0x78666176616a4c28 is an unknown value
RSP=0x00007f10af0840d0 is pointing into the stack for thread: 0x00007f11042af800
RBP=0x00007f10af084250 is pointing into the stack for thread: 0x00007f11042af800
RSI=0x00007f10af0842e0 is pointing into the stack for thread: 0x00007f11042af800
RDI=0x00007f11042af9f8 is an unknown value
R8 =0x00007f11042073d8 is an unknown value
R9 =0x00007f10af084280 is pointing into the stack for thread: 0x00007f11042af800
R10=0x00007f10a0000d10 is an unknown value
R11=0x00007f10f545bf20 is at entry_point+32 in (nmethod*)0x00007f10f545bd90
R12=0x00007f11042af800 is a thread
R13=0x00007f11042073d8 is an unknown value
R14=0x0000000000000001 is an unknown value
R15=0x00007f11042af9f8 is an unknown value


Stack: [0x00007f10aef85000,0x00007f10af086000],  sp=0x00007f10af0840d0,  free space=1020k
Native frames: (J=compiled Java code, j=interpreted, Vv=VM code, C=native code)
V  [libjvm.so+0x6d7788]  jni_invoke_nonstatic(JNIEnv_*, JavaValue*, _jobject*, JNICallType, _jmethodID*, JNI_ArgumentPusher*, Thread*)+0x38
V  [libjvm.so+0x6dbf2f]  jni_CallVoidMethodV+0x10f
C  [libglass.so+0x18641]  JNIEnv_::CallVoidMethod(_jobject*, _jmethodID*, ...)+0x81
C  [libglass.so+0x14f0f]  WindowContextBase::process_key(_GdkEventKey*)+0x20f
C  [libglass.so+0x19f60]  WindowContextBase::im_filter_keypress(_GdkEventKey*)+0x1c0
C  [libglass.so+0x1a91c]  process_events(_GdkEvent*, void*)+0x22c
C  [libgdk-x11-2.0.so.0+0x5af0c]

Java frames: (J=compiled Java code, j=interpreted, Vv=VM code)
j  com.sun.glass.ui.gtk.GtkApplication._runLoop(Ljava/lang/Runnable;Z)V+0
j  com.sun.glass.ui.gtk.GtkApplication.lambda$null$48(Ljava/lang/Runnable;Z)V+7
j  com.sun.glass.ui.gtk.GtkApplication$$Lambda$41.run()V+12
j  java.lang.Thread.run()V+11
v  ~StubRoutines::call_stub

---------------  P R O C E S S  ---------------

Java Threads: ( => current thread )
  0x00007f10a04de000 JavaThread "Thread-3" daemon [_thread_blocked, id=8653, stack(0x00007f10aca2b000,0x00007f10acb2c000)]
  0x00007f10a00be000 JavaThread "Prism Font Disposer" daemon [_thread_blocked, id=8651, stack(0x00007f10ad9c6000,0x00007f10adac7000)]
  0x00007f11042b2800 JavaThread "JavaFX-Launcher" [_thread_blocked, id=8645, stack(0x00007f10aee84000,0x00007f10aef85000)]
=>0x00007f11042af800 JavaThread "JavaFX Application Thread" [_thread_in_vm, id=8644, stack(0x00007f10aef85000,0x00007f10af086000)]
  0x00007f11042ac800 JavaThread "Thread-1" daemon [_thread_blocked, id=8643, stack(0x00007f10e003d000,0x00007f10e013e000)]
  0x00007f11041ef000 JavaThread "QuantumRenderer-0" daemon [_thread_blocked, id=8622, stack(0x00007f10e2910000,0x00007f10e2a11000)]
  0x00007f11040d4800 JavaThread "Service Thread" daemon [_thread_blocked, id=8591, stack(0x00007f10e2b12000,0x00007f10e2c13000)]
  0x00007f11040bf000 JavaThread "C1 CompilerThread2" daemon [_thread_blocked, id=8590, stack(0x00007f10e2c13000,0x00007f10e2d14000)]
  0x00007f11040bd800 JavaThread "C2 CompilerThread1" daemon [_thread_blocked, id=8589, stack(0x00007f10e2d14000,0x00007f10e2e15000)]
  0x00007f11040ba800 JavaThread "C2 CompilerThread0" daemon [_thread_blocked, id=8588, stack(0x00007f10e2e15000,0x00007f10e2f16000)]
  0x00007f11040b9000 JavaThread "Signal Dispatcher" daemon [_thread_blocked, id=8587, stack(0x00007f10e2f16000,0x00007f10e3017000)]
  0x00007f1104085800 JavaThread "Finalizer" daemon [_thread_blocked, id=8583, stack(0x00007f10e32f3000,0x00007f10e33f4000)]
  0x00007f1104081000 JavaThread "Reference Handler" daemon [_thread_blocked, id=8582, stack(0x00007f10e33f4000,0x00007f10e34f5000)]
  0x00007f110400b800 JavaThread "main" [_thread_blocked, id=8568, stack(0x00007f110da3b000,0x00007f110db3c000)]

Other Threads:
  0x00007f1104079800 VMThread [stack: 0x00007f10e34f5000,0x00007f10e35f6000] [id=8580]
  0x00007f11040e1800 WatcherThread [stack: 0x00007f10e2a11000,0x00007f10e2b12000] [id=8592]

VM state:synchronizing (normal execution)

VM Mutex/Monitor currently owned by a thread:  ([mutex/lock_event])
[0x00007f1104007ef0] Threads_lock - owner thread: 0x00007f1104079800

Heap:
 PSYoungGen      total 17920K, used 4987K [0x00000000ec380000, 0x00000000ed780000, 0x0000000100000000)
  eden space 15360K, 15% used [0x00000000ec380000,0x00000000ec5e2ef0,0x00000000ed280000)
  from space 2560K, 99% used [0x00000000ed280000,0x00000000ed4fc040,0x00000000ed500000)
  to   space 2560K, 0% used [0x00000000ed500000,0x00000000ed500000,0x00000000ed780000)
 ParOldGen       total 40960K, used 7306K [0x00000000c4a00000, 0x00000000c7200000, 0x00000000ec380000)
  object space 40960K, 17% used [0x00000000c4a00000,0x00000000c5122b90,0x00000000c7200000)
 Metaspace       used 19132K, capacity 20186K, committed 20480K, reserved 1067008K
  class space    used 2784K, capacity 3018K, committed 3072K, reserved 1048576K

Card table byte_map: [0x00007f110a589000,0x00007f110a765000] byte_map_base: 0x00007f1109f64000

Marking Bits: (ParMarkBitMap*) 0x00007f110ceea920
 Begin Bits: [0x00007f1108298000, 0x00007f1109170000)
 End Bits:   [0x00007f1109170000, 0x00007f110a048000)

Polling page: 0x00007f110db57000

CodeCache: size=245760Kb used=6077Kb max_used=6077Kb free=239682Kb
 bounds [0x00007f10f5000000, 0x00007f10f5600000, 0x00007f1104000000]
 total_blobs=2641 nmethods=1981 adapters=571
 compilation: enabled

Compilation events (10 events):
Event: 7.196 Thread 0x00007f11040bf000 1983       3       java.nio.Buffer::<init> (121 bytes)
Event: 7.198 Thread 0x00007f11040bf000 nmethod 1983 0x00007f10f55e6250 code [0x00007f10f55e6520, 0x00007f10f55e7988]
Event: 7.200 Thread 0x00007f11040bf000 1984       3       java.util.HashSet::remove (20 bytes)
Event: 7.201 Thread 0x00007f11040ba800 nmethod 1888 0x00007f10f55eb490 code [0x00007f10f55eb760, 0x00007f10f55ed110]
Event: 7.201 Thread 0x00007f11040ba800 1917       4       java.lang.String::compareTo (78 bytes)
Event: 7.201 Thread 0x00007f11040bf000 nmethod 1984 0x00007f10f55e5950 code [0x00007f10f55e5b00, 0x00007f10f55e6058]
Event: 7.201 Thread 0x00007f11040bf000 1985       3       javafx.collections.ListChangeBuilder$SingleChange::getTo (12 bytes)
Event: 7.201 Thread 0x00007f11040bf000 nmethod 1985 0x00007f10f55e5350 code [0x00007f10f55e54e0, 0x00007f10f55e57c8]
Event: 7.204 Thread 0x00007f11040ba800 nmethod 1917 0x00007f10f55e4f10 code [0x00007f10f55e5060, 0x00007f10f55e5218]
Event: 7.204 Thread 0x00007f11040ba800 1911       4       com.sun.javafx.css.StyleClassSet::getStyleClass (148 bytes)

GC Heap History (6 events):
Event: 0.826 GC heap before
{Heap before GC invocations=1 (full 0):
 PSYoungGen      total 17920K, used 15360K [0x00000000ec380000, 0x00000000ed780000, 0x0000000100000000)
  eden space 15360K, 100% used [0x00000000ec380000,0x00000000ed280000,0x00000000ed280000)
  from space 2560K, 0% used [0x00000000ed500000,0x00000000ed500000,0x00000000ed780000)
  to   space 2560K, 0% used [0x00000000ed280000,0x00000000ed280000,0x00000000ed500000)
 ParOldGen       total 40960K, used 0K [0x00000000c4a00000, 0x00000000c7200000, 0x00000000ec380000)
  object space 40960K, 0% used [0x00000000c4a00000,0x00000000c4a00000,0x00000000c7200000)
 Metaspace       used 10525K, capacity 10846K, committed 11136K, reserved 1058816K
  class space    used 1290K, capacity 1399K, committed 1408K, reserved 1048576K
Event: 0.832 GC heap after
Heap after GC invocations=1 (full 0):
 PSYoungGen      total 17920K, used 2533K [0x00000000ec380000, 0x00000000ed780000, 0x0000000100000000)
  eden space 15360K, 0% used [0x00000000ec380000,0x00000000ec380000,0x00000000ed280000)
  from space 2560K, 98% used [0x00000000ed280000,0x00000000ed4f96e8,0x00000000ed500000)
  to   space 2560K, 0% used [0x00000000ed500000,0x00000000ed500000,0x00000000ed780000)
 ParOldGen       total 40960K, used 248K [0x00000000c4a00000, 0x00000000c7200000, 0x00000000ec380000)
  object space 40960K, 0% used [0x00000000c4a00000,0x00000000c4a3e2e8,0x00000000c7200000)
 Metaspace       used 10525K, capacity 10846K, committed 11136K, reserved 1058816K
  class space    used 1290K, capacity 1399K, committed 1408K, reserved 1048576K
}
Event: 1.325 GC heap before
{Heap before GC invocations=2 (full 0):
 PSYoungGen      total 17920K, used 17893K [0x00000000ec380000, 0x00000000ed780000, 0x0000000100000000)
  eden space 15360K, 100% used [0x00000000ec380000,0x00000000ed280000,0x00000000ed280000)
  from space 2560K, 98% used [0x00000000ed280000,0x00000000ed4f96e8,0x00000000ed500000)
  to   space 2560K, 0% used [0x00000000ed500000,0x00000000ed500000,0x00000000ed780000)
 ParOldGen       total 40960K, used 248K [0x00000000c4a00000, 0x00000000c7200000, 0x00000000ec380000)
  object space 40960K, 0% used [0x00000000c4a00000,0x00000000c4a3e2e8,0x00000000c7200000)
 Metaspace       used 14411K, capacity 14938K, committed 15232K, reserved 1062912K
  class space    used 1932K, capacity 2098K, committed 2176K, reserved 1048576K
Event: 1.335 GC heap after
Heap after GC invocations=2 (full 0):
 PSYoungGen      total 17920K, used 2528K [0x00000000ec380000, 0x00000000ee680000, 0x0000000100000000)
  eden space 15360K, 0% used [0x00000000ec380000,0x00000000ec380000,0x00000000ed280000)
  from space 2560K, 98% used [0x00000000ed500000,0x00000000ed778030,0x00000000ed780000)
  to   space 2560K, 0% used [0x00000000ed280000,0x00000000ed280000,0x00000000ed500000)
 ParOldGen       total 40960K, used 4634K [0x00000000c4a00000, 0x00000000c7200000, 0x00000000ec380000)
  object space 40960K, 11% used [0x00000000c4a00000,0x00000000c4e86810,0x00000000c7200000)
 Metaspace       used 14411K, capacity 14938K, committed 15232K, reserved 1062912K
  class space    used 1932K, capacity 2098K, committed 2176K, reserved 1048576K
}
Event: 7.105 GC heap before
{Heap before GC invocations=3 (full 0):
 PSYoungGen      total 17920K, used 17888K [0x00000000ec380000, 0x00000000ee680000, 0x0000000100000000)
  eden space 15360K, 100% used [0x00000000ec380000,0x00000000ed280000,0x00000000ed280000)
  from space 2560K, 98% used [0x00000000ed500000,0x00000000ed778030,0x00000000ed780000)
  to   space 2560K, 0% used [0x00000000ed280000,0x00000000ed280000,0x00000000ed500000)
 ParOldGen       total 40960K, used 4634K [0x00000000c4a00000, 0x00000000c7200000, 0x00000000ec380000)
  object space 40960K, 11% used [0x00000000c4a00000,0x00000000c4e86810,0x00000000c7200000)
 Metaspace       used 18576K, capacity 19456K, committed 19584K, reserved 1067008K
  class space    used 2678K, capacity 2891K, committed 2944K, reserved 1048576K
Event: 7.114 GC heap after
Heap after GC invocations=3 (full 0):
 PSYoungGen      total 17920K, used 2544K [0x00000000ec380000, 0x00000000ed780000, 0x0000000100000000)
  eden space 15360K, 0% used [0x00000000ec380000,0x00000000ec380000,0x00000000ed280000)
  from space 2560K, 99% used [0x00000000ed280000,0x00000000ed4fc040,0x00000000ed500000)
  to   space 2560K, 0% used [0x00000000ed500000,0x00000000ed500000,0x00000000ed780000)
 ParOldGen       total 40960K, used 7306K [0x00000000c4a00000, 0x00000000c7200000, 0x00000000ec380000)
  object space 40960K, 17% used [0x00000000c4a00000,0x00000000c5122b90,0x00000000c7200000)
 Metaspace       used 18576K, capacity 19456K, committed 19584K, reserved 1067008K
  class space    used 2678K, capacity 2891K, committed 2944K, reserved 1048576K
}

Deoptimization events (10 events):
Event: 1.285 Thread 0x00007f11042af800 Uncommon trap: reason=class_check action=maybe_recompile pc=0x00007f10f51155e0 method=java.lang.String.equals(Ljava/lang/Object;)Z @ 8
Event: 1.285 Thread 0x00007f11042af800 Uncommon trap: reason=class_check action=maybe_recompile pc=0x00007f10f51155e0 method=java.lang.String.equals(Ljava/lang/Object;)Z @ 8
Event: 1.285 Thread 0x00007f11042af800 Uncommon trap: reason=class_check action=maybe_recompile pc=0x00007f10f51155e0 method=java.lang.String.equals(Ljava/lang/Object;)Z @ 8
Event: 1.508 Thread 0x00007f11042af800 Uncommon trap: reason=bimorphic action=maybe_recompile pc=0x00007f10f5388708 method=java.io.DataInputStream.readByte()B @ 4
Event: 1.508 Thread 0x00007f11042af800 Uncommon trap: reason=bimorphic action=maybe_recompile pc=0x00007f10f5388708 method=java.io.DataInputStream.readByte()B @ 4
Event: 1.508 Thread 0x00007f11042af800 Uncommon trap: reason=bimorphic action=maybe_recompile pc=0x00007f10f5388708 method=java.io.DataInputStream.readByte()B @ 4
Event: 1.508 Thread 0x00007f11042af800 Uncommon trap: reason=bimorphic action=maybe_recompile pc=0x00007f10f5388708 method=java.io.DataInputStream.readByte()B @ 4
Event: 3.493 Thread 0x00007f11042af800 Uncommon trap: reason=unstable_if action=reinterpret pc=0x00007f10f53419a4 method=jdk.internal.org.objectweb.asm.Type.getArgumentsAndReturnSizes(Ljava/lang/String;)I @ 47
Event: 5.955 Thread 0x00007f11042af800 Uncommon trap: reason=unstable_if action=reinterpret pc=0x00007f10f52353e0 method=java.lang.CharacterData.of(I)Ljava/lang/CharacterData; @ 4
Event: 7.003 Thread 0x00007f11042af800 Uncommon trap: reason=unstable_if action=reinterpret pc=0x00007f10f5455638 method=java.lang.StrictMath.floorOrCeil(DDDD)D @ 38

Classes redefined (0 events):
No events

Internal exceptions (10 events):
Event: 0.809 Thread 0x00007f11042af800 Exception <a 'java/lang/NullPointerException'> (0x00000000ed1b2ae8) thrown at [/HUDSON/workspace/8-2-build-linux-amd64/jdk8u161/10277/hotspot/src/share/vm/interpreter/linkResolver.cpp, line 1185]
Event: 0.809 Thread 0x00007f11042af800 Exception <a 'java/lang/NullPointerException'> (0x00000000ed1b2ae8) thrown at [/HUDSON/workspace/8-2-build-linux-amd64/jdk8u161/10277/hotspot/src/share/vm/prims/jvm.cpp, line 1394]
Event: 1.047 Thread 0x00007f11042af800 Exception <a 'java/lang/ArrayIndexOutOfBoundsException'> (0x00000000ec97cd48) thrown at [/HUDSON/workspace/8-2-build-linux-amd64/jdk8u161/10277/hotspot/src/share/vm/runtime/sharedRuntime.cpp, line 605]
Event: 1.047 Thread 0x00007f11042af800 Exception <a 'java/lang/ArrayIndexOutOfBoundsException'> (0x00000000ec97da48) thrown at [/HUDSON/workspace/8-2-build-linux-amd64/jdk8u161/10277/hotspot/src/share/vm/runtime/sharedRuntime.cpp, line 605]
Event: 1.047 Thread 0x00007f11042af800 Exception <a 'java/lang/ArrayIndexOutOfBoundsException'> (0x00000000ec97edf0) thrown at [/HUDSON/workspace/8-2-build-linux-amd64/jdk8u161/10277/hotspot/src/share/vm/runtime/sharedRuntime.cpp, line 605]
Event: 1.093 Thread 0x00007f11042af800 Exception <a 'java/lang/ArrayIndexOutOfBoundsException'> (0x00000000ecb4b1c0) thrown at [/HUDSON/workspace/8-2-build-linux-amd64/jdk8u161/10277/hotspot/src/share/vm/runtime/sharedRuntime.cpp, line 605]
Event: 1.161 Thread 0x00007f11042af800 Exception <a 'java/io/FileNotFoundException'> (0x00000000ecd04018) thrown at [/HUDSON/workspace/8-2-build-linux-amd64/jdk8u161/10277/hotspot/src/share/vm/prims/jni.cpp, line 709]
Event: 6.907 Thread 0x00007f11042af800 Exception <a 'java/lang/ArrayIndexOutOfBoundsException'> (0x00000000ecdb8900) thrown at [/HUDSON/workspace/8-2-build-linux-amd64/jdk8u161/10277/hotspot/src/share/vm/runtime/sharedRuntime.cpp, line 605]
Event: 6.908 Thread 0x00007f11042af800 Exception <a 'java/lang/ArrayIndexOutOfBoundsException'> (0x00000000ecdbc600) thrown at [/HUDSON/workspace/8-2-build-linux-amd64/jdk8u161/10277/hotspot/src/share/vm/runtime/sharedRuntime.cpp, line 605]
Event: 7.004 Thread 0x00007f11042af800 Exception <a 'java/io/FileNotFoundException'> (0x00000000ed099a40) thrown at [/HUDSON/workspace/8-2-build-linux-amd64/jdk8u161/10277/hotspot/src/share/vm/prims/jni.cpp, line 709]

Events (10 events):
Event: 7.182 loading class com/sun/javafx/scene/control/skin/ProgressBarSkin$StyleableProperties$3 done
Event: 7.182 loading class com/sun/javafx/scene/control/skin/ProgressBarSkin$StyleableProperties$4
Event: 7.182 loading class com/sun/javafx/scene/control/skin/ProgressBarSkin$StyleableProperties$4 done
Event: 7.191 loading class javafx/scene/Node$NodeTransformation$10
Event: 7.191 loading class javafx/scene/Node$NodeTransformation$10 done
Event: 7.191 loading class com/sun/javafx/scene/control/skin/TabPaneSkin$3
Event: 7.191 loading class com/sun/javafx/scene/control/skin/TabPaneSkin$3 done
Event: 7.200 loading class brokerlite/MainPageController$1
Event: 7.200 loading class brokerlite/MainPageController$1 done
Event: 7.204 Thread 0x00007f10a04de000 Thread added: 0x00007f10a04de000


Dynamic libraries:
00400000-00401000 r-xp 00000000 08:02 6829286                            /usr/lib/jvm/java-8-oracle/bin/java
00600000-00601000 rw-p 00000000 08:02 6829286                            /usr/lib/jvm/java-8-oracle/bin/java
00d6c000-00d8d000 rw-p 00000000 00:00 0                                  [heap]
c4a00000-c7200000 rw-p 00000000 00:00 0 
c7200000-ec380000 ---p 00000000 00:00 0 
ec380000-ed780000 rw-p 00000000 00:00 0 
ed780000-100000000 ---p 00000000 00:00 0 
100000000-100300000 rw-p 00000000 00:00 0 
100300000-140000000 ---p 00000000 00:00 0 
7f1098000000-7f1098021000 rw-p 00000000 00:00 0 
7f1098021000-7f109c000000 ---p 00000000 00:00 0 
7f109c000000-7f109c021000 rw-p 00000000 00:00 0 
7f109c021000-7f10a0000000 ---p 00000000 00:00 0 
7f10a0000000-7f10a07ad000 rw-p 00000000 00:00 0 
7f10a07ad000-7f10a4000000 ---p 00000000 00:00 0 
7f10a4000000-7f10a4021000 rw-p 00000000 00:00 0 
7f10a4021000-7f10a8000000 ---p 00000000 00:00 0 
7f10a8000000-7f10a8021000 rw-p 00000000 00:00 0 
7f10a8021000-7f10ac000000 ---p 00000000 00:00 0 
7f10aca2b000-7f10aca2e000 ---p 00000000 00:00 0 
7f10aca2e000-7f10acb2c000 rw-p 00000000 00:00 0 
7f10acb2c000-7f10acb2e000 rw-s 00000000 00:05 128128                     /drm mm object (deleted)
7f10acb2e000-7f10acb30000 rw-s 00000000 00:05 129262                     /drm mm object (deleted)
7f10acb30000-7f10acc30000 rw-p 00000000 00:00 0 
7f10acc30000-7f10acd30000 ---p 00000000 00:00 0 
7f10acd30000-7f10acd34000 rw-s 00000000 00:05 127766                     /drm mm object (deleted)
7f10acd34000-7f10acd3c000 rw-s 00000000 00:05 129254                     /drm mm object (deleted)
7f10acd3c000-7f10acd44000 rw-s 00000000 00:05 127824                     /drm mm object (deleted)
7f10acd44000-7f10acf04000 rw-s 1083bc000 00:06 328                       /dev/dri/card0
7f10acf04000-7f10acf64000 rw-s 00000000 00:05 129238                     /drm mm object (deleted)
7f10acf64000-7f10acf72000 rw-s 00000000 00:05 129236                     /drm mm object (deleted)
7f10acf72000-7f10ad132000 rw-s 00000000 00:05 127757                     /drm mm object (deleted)
7f10ad132000-7f10ad142000 rw-s 00000000 00:05 127815                     /drm mm object (deleted)
7f10ad142000-7f10ad14a000 rw-s 00000000 00:05 127755                     /drm mm object (deleted)
7f10ad14a000-7f10ad74a000 rw-s 107dbc000 00:06 328                       /dev/dri/card0
7f10ad74a000-7f10ad75a000 rw-s 00000000 00:05 127809                     /drm mm object (deleted)
7f10ad75a000-7f10ad766000 rw-s 00000000 00:05 129188                     /drm mm object (deleted)
7f10ad766000-7f10ad7c6000 rw-s 00000000 00:05 1638403                    /SYSV00000000 (deleted)
7f10ad7c6000-7f10ad9c6000 rw-p 00000000 00:00 0 
7f10ad9c6000-7f10ad9c9000 ---p 00000000 00:00 0 
7f10ad9c9000-7f10adac7000 rw-p 00000000 00:00 0 
7f10adac7000-7f10adb80000 r--p 00000000 08:02 264212                     /usr/share/fonts/truetype/dejavu/DejaVuSans.ttf
7f10adb80000-7f10adbb6000 r-xp 00000000 08:02 6829730                    /usr/lib/jvm/java-8-oracle/jre/lib/amd64/libjavafx_iio.so
7f10adbb6000-7f10addb5000 ---p 00036000 08:02 6829730                    /usr/lib/jvm/java-8-oracle/jre/lib/amd64/libjavafx_iio.so
7f10addb5000-7f10addb6000 rw-p 00035000 08:02 6829730                    /usr/lib/jvm/java-8-oracle/jre/lib/amd64/libjavafx_iio.so
7f10addb6000-7f10adfb6000 rw-p 00000000 00:00 0 
7f10adfb6000-7f10adfca000 r--p 00000000 08:02 6829448                    /usr/lib/jvm/java-8-oracle/jre/lib/fonts/LucidaBrightItalic.ttf
7f10adfca000-7f10ae004000 r--p 00000000 08:02 6829455                    /usr/lib/jvm/java-8-oracle/jre/lib/fonts/LucidaTypewriterBold.ttf
7f10ae004000-7f10ae040000 r--p 00000000 08:02 6829454                    /usr/lib/jvm/java-8-oracle/jre/lib/fonts/LucidaTypewriterRegular.ttf
7f10ae040000-7f10ae095000 r--p 00000000 08:02 6829450                    /usr/lib/jvm/java-8-oracle/jre/lib/fonts/LucidaBrightRegular.ttf
7f10ae095000-7f10ae140000 r--p 00000000 08:02 6829449                    /usr/lib/jvm/java-8-oracle/jre/lib/fonts/LucidaSansRegular.ttf
7f10ae140000-7f10ae18e000 r--p 00000000 08:02 6829451                    /usr/lib/jvm/java-8-oracle/jre/lib/fonts/LucidaSansDemiBold.ttf
7f10ae18e000-7f10ae192000 r-xp 00000000 08:02 6829684                    /usr/lib/jvm/java-8-oracle/jre/lib/amd64/libjavafx_font_pango.so
7f10ae192000-7f10ae391000 ---p 00004000 08:02 6829684                    /usr/lib/jvm/java-8-oracle/jre/lib/amd64/libjavafx_font_pango.so
7f10ae391000-7f10ae392000 rw-p 00003000 08:02 6829684                    /usr/lib/jvm/java-8-oracle/jre/lib/amd64/libjavafx_font_pango.so
7f10ae392000-7f10ae397000 r-xp 00000000 08:02 6829687                    /usr/lib/jvm/java-8-oracle/jre/lib/amd64/libjavafx_font_freetype.so
7f10ae397000-7f10ae596000 ---p 00005000 08:02 6829687                    /usr/lib/jvm/java-8-oracle/jre/lib/amd64/libjavafx_font_freetype.so
7f10ae596000-7f10ae597000 rw-p 00004000 08:02 6829687                    /usr/lib/jvm/java-8-oracle/jre/lib/amd64/libjavafx_font_freetype.so
7f10ae597000-7f10ae59a000 r-xp 00000000 08:02 6829734                    /usr/lib/jvm/java-8-oracle/jre/lib/amd64/libjavafx_font.so
7f10ae59a000-7f10ae799000 ---p 00003000 08:02 6829734                    /usr/lib/jvm/java-8-oracle/jre/lib/amd64/libjavafx_font.so
7f10ae799000-7f10ae79a000 rw-p 00002000 08:02 6829734                    /usr/lib/jvm/java-8-oracle/jre/lib/amd64/libjavafx_font.so
7f10ae79a000-7f10ae99a000 rw-p 00000000 00:00 0 
7f10ae99a000-7f10aea7f000 r-xp 00000000 08:02 6029455                    /tmp/sqlite-3.21.0-4e5aa8ac-dc6f-4ebf-91e0-98c3f8ed4a5c-libsqlitejdbc.so
7f10aea7f000-7f10aec7e000 ---p 000e5000 08:02 6029455                    /tmp/sqlite-3.21.0-4e5aa8ac-dc6f-4ebf-91e0-98c3f8ed4a5c-libsqlitejdbc.so
7f10aec7e000-7f10aec83000 rw-p 000e4000 08:02 6029455                    /tmp/sqlite-3.21.0-4e5aa8ac-dc6f-4ebf-91e0-98c3f8ed4a5c-libsqlitejdbc.so
7f10aec83000-7f10aee84000 rw-p 00000000 00:00 0 
7f10aee84000-7f10aee87000 ---p 00000000 00:00 0 
7f10aee87000-7f10aef85000 rw-p 00000000 00:00 0 
7f10aef85000-7f10aef88000 ---p 00000000 00:00 0 
7f10aef88000-7f10af086000 rw-p 00000000 00:00 0 
7f10af086000-7f10af08d000 r-xp 00000000 08:02 6824616                    /usr/lib/x86_64-linux-gnu/libogg.so.0.8.2
7f10af08d000-7f10af28d000 ---p 00007000 08:02 6824616                    /usr/lib/x86_64-linux-gnu/libogg.so.0.8.2
7f10af28d000-7f10af28e000 r--p 00007000 08:02 6824616                    /usr/lib/x86_64-linux-gnu/libogg.so.0.8.2
7f10af28e000-7f10af28f000 rw-p 00008000 08:02 6824616                    /usr/lib/x86_64-linux-gnu/libogg.so.0.8.2
7f10af28f000-7f10af2b9000 r-xp 00000000 08:02 6817038                    /usr/lib/x86_64-linux-gnu/libvorbis.so.0.4.8
7f10af2b9000-7f10af4b8000 ---p 0002a000 08:02 6817038                    /usr/lib/x86_64-linux-gnu/libvorbis.so.0.4.8
7f10af4b8000-7f10af4b9000 r--p 00029000 08:02 6817038                    /usr/lib/x86_64-linux-gnu/libvorbis.so.0.4.8
7f10af4b9000-7f10af4ba000 rw-p 0002a000 08:02 6817038                    /usr/lib/x86_64-linux-gnu/libvorbis.so.0.4.8
7f10af4ba000-7f10af4c3000 r-xp 00000000 08:02 6824510                    /usr/lib/x86_64-linux-gnu/libltdl.so.7.3.1
7f10af4c3000-7f10af6c2000 ---p 00009000 08:02 6824510                    /usr/lib/x86_64-linux-gnu/libltdl.so.7.3.1
7f10af6c2000-7f10af6c3000 r--p 00008000 08:02 6824510                    /usr/lib/x86_64-linux-gnu/libltdl.so.7.3.1
7f10af6c3000-7f10af6c4000 rw-p 00009000 08:02 6824510                    /usr/lib/x86_64-linux-gnu/libltdl.so.7.3.1
7f10af6c4000-7f10af6d8000 r-xp 00000000 08:02 6824845                    /usr/lib/x86_64-linux-gnu/libtdb.so.1.3.13
7f10af6d8000-7f10af8d8000 ---p 00014000 08:02 6824845                    /usr/lib/x86_64-linux-gnu/libtdb.so.1.3.13
7f10af8d8000-7f10af8d9000 r--p 00014000 08:02 6824845                    /usr/lib/x86_64-linux-gnu/libtdb.so.1.3.13
7f10af8d9000-7f10af8da000 rw-p 00015000 08:02 6824845                    /usr/lib/x86_64-linux-gnu/libtdb.so.1.3.13
7f10af8da000-7f10af8e1000 r-xp 00000000 08:02 6816426                    /usr/lib/x86_64-linux-gnu/libvorbisfile.so.3.3.7
7f10af8e1000-7f10afae0000 ---p 00007000 08:02 6816426                    /usr/lib/x86_64-linux-gnu/libvorbisfile.so.3.3.7
7f10afae0000-7f10afae1000 r--p 00006000 08:02 6816426                    /usr/lib/x86_64-linux-gnu/libvorbisfile.so.3.3.7
7f10afae1000-7f10afae2000 rw-p 00007000 08:02 6816426                    /usr/lib/x86_64-linux-gnu/libvorbisfile.so.3.3.7
7f10afae2000-7f10afaf2000 r-xp 00000000 08:02 6823938                    /usr/lib/x86_64-linux-gnu/libcanberra.so.0.2.5
7f10afaf2000-7f10afcf2000 ---p 00010000 08:02 6823938                    /usr/lib/x86_64-linux-gnu/libcanberra.so.0.2.5
7f10afcf2000-7f10afcf3000 r--p 00010000 08:02 6823938                    /usr/lib/x86_64-linux-gnu/libcanberra.so.0.2.5
7f10afcf3000-7f10afcf4000 rw-p 00011000 08:02 6823938                    /usr/lib/x86_64-linux-gnu/libcanberra.so.0.2.5
7f10afcf4000-7f10afcf8000 r-xp 00000000 08:02 6823934                    /usr/lib/x86_64-linux-gnu/libcanberra-gtk.so.0.1.9
7f10afcf8000-7f10afef7000 ---p 00004000 08:02 6823934                    /usr/lib/x86_64-linux-gnu/libcanberra-gtk.so.0.1.9
7f10afef7000-7f10afef8000 r--p 00003000 08:02 6823934                    /usr/lib/x86_64-linux-gnu/libcanberra-gtk.so.0.1.9
7f10afef8000-7f10afef9000 rw-p 00004000 08:02 6823934                    /usr/lib/x86_64-linux-gnu/libcanberra-gtk.so.0.1.9
7f10afef9000-7f10afefe000 r-xp 00000000 08:02 7080675                    /usr/lib/x86_64-linux-gnu/gtk-2.0/modules/libcanberra-gtk-module.so
7f10afefe000-7f10b00fd000 ---p 00005000 08:02 7080675                    /usr/lib/x86_64-linux-gnu/gtk-2.0/modules/libcanberra-gtk-module.so
7f10b00fd000-7f10b00fe000 r--p 00004000 08:02 7080675                    /usr/lib/x86_64-linux-gnu/gtk-2.0/modules/libcanberra-gtk-module.so
7f10b00fe000-7f10b00ff000 rw-p 00005000 08:02 7080675                    /usr/lib/x86_64-linux-gnu/gtk-2.0/modules/libcanberra-gtk-module.so
7f10b00ff000-7f10b012f000 r-xp 00000000 08:02 7080657                    /usr/lib/x86_64-linux-gnu/gtk-2.0/2.10.0/engines/libmurrine.so
7f10b012f000-7f10b032f000 ---p 00030000 08:02 7080657                    /usr/lib/x86_64-linux-gnu/gtk-2.0/2.10.0/engines/libmurrine.so
7f10b032f000-7f10b0330000 r--p 00030000 08:02 7080657                    /usr/lib/x86_64-linux-gnu/gtk-2.0/2.10.0/engines/libmurrine.so
7f10b0330000-7f10b0331000 rw-p 00031000 08:02 7080657                    /usr/lib/x86_64-linux-gnu/gtk-2.0/2.10.0/engines/libmurrine.so
7f10b0331000-7f10b035a000 r-xp 00000000 08:02 6829709                    /usr/lib/jvm/java-8-oracle/jre/lib/amd64/libglass.so
7f10b035a000-7f10b0559000 ---p 00029000 08:02 6829709                    /usr/lib/jvm/java-8-oracle/jre/lib/amd64/libglass.so
7f10b0559000-7f10b055c000 rw-p 00028000 08:02 6829709                    /usr/lib/jvm/java-8-oracle/jre/lib/amd64/libglass.so
7f10b055c000-7f10b0594000 r-xp 00000000 08:02 7082621                    /usr/lib/x86_64-linux-gnu/s2tc/libtxc_dxtn.so
7f10b0594000-7f10b0794000 ---p 00038000 08:02 7082621                    /usr/lib/x86_64-linux-gnu/s2tc/libtxc_dxtn.so
7f10b0794000-7f10b0795000 r--p 00038000 08:02 7082621                    /usr/lib/x86_64-linux-gnu/s2tc/libtxc_dxtn.so
7f10b0795000-7f10b0796000 rw-p 00039000 08:02 7082621                    /usr/lib/x86_64-linux-gnu/s2tc/libtxc_dxtn.so
7f10b0796000-7f10b079e000 r-xp 00000000 08:02 6824657                    /usr/lib/x86_64-linux-gnu/libpciaccess.so.0.11.1
7f10b079e000-7f10b099d000 ---p 00008000 08:02 6824657                    /usr/lib/x86_64-linux-gnu/libpciaccess.so.0.11.1
7f10b099d000-7f10b099e000 r--p 00007000 08:02 6824657                    /usr/lib/x86_64-linux-gnu/libpciaccess.so.0.11.1
7f10b099e000-7f10b099f000 rw-p 00008000 08:02 6824657                    /usr/lib/x86_64-linux-gnu/libpciaccess.so.0.11.1
7f10b099f000-7f10b09aa000 r-xp 00000000 08:02 6824062                    /usr/lib/x86_64-linux-gnu/libdrm_radeon.so.1.0.1
7f10b09aa000-7f10b0ba9000 ---p 0000b000 08:02 6824062                    /usr/lib/x86_64-linux-gnu/libdrm_radeon.so.1.0.1
7f10b0ba9000-7f10b0baa000 r--p 0000a000 08:02 6824062                    /usr/lib/x86_64-linux-gnu/libdrm_radeon.so.1.0.1
7f10b0baa000-7f10b0bab000 rw-p 0000b000 08:02 6824062                    /usr/lib/x86_64-linux-gnu/libdrm_radeon.so.1.0.1
7f10b0bab000-7f10b0bb2000 r-xp 00000000 08:02 6824060                    /usr/lib/x86_64-linux-gnu/libdrm_nouveau.so.2.0.0
7f10b0bb2000-7f10b0db1000 ---p 00007000 08:02 6824060                    /usr/lib/x86_64-linux-gnu/libdrm_nouveau.so.2.0.0
7f10b0db1000-7f10b0db2000 r--p 00006000 08:02 6824060                    /usr/lib/x86_64-linux-gnu/libdrm_nouveau.so.2.0.0
7f10b0db2000-7f10b0db3000 rw-p 00007000 08:02 6824060                    /usr/lib/x86_64-linux-gnu/libdrm_nouveau.so.2.0.0
7f10b0db3000-7f10b0dd5000 r-xp 00000000 08:02 6824058                    /usr/lib/x86_64-linux-gnu/libdrm_intel.so.1.0.0
7f10b0dd5000-7f10b0fd4000 ---p 00022000 08:02 6824058                    /usr/lib/x86_64-linux-gnu/libdrm_intel.so.1.0.0
7f10b0fd4000-7f10b0fd5000 r--p 00021000 08:02 6824058                    /usr/lib/x86_64-linux-gnu/libdrm_intel.so.1.0.0
7f10b0fd5000-7f10b0fd6000 rw-p 00022000 08:02 6824058                    /usr/lib/x86_64-linux-gnu/libdrm_intel.so.1.0.0
7f10b0fd6000-7f10b17b1000 r-xp 00000000 08:02 7080048                    /usr/lib/x86_64-linux-gnu/dri/i965_dri.so
7f10b17b1000-7f10b19b1000 ---p 007db000 08:02 7080048                    /usr/lib/x86_64-linux-gnu/dri/i965_dri.so
7f10b19b1000-7f10b1a01000 r--p 007db000 08:02 7080048                    /usr/lib/x86_64-linux-gnu/dri/i965_dri.so
7f10b1a01000-7f10b1a0a000 rw-p 0082b000 08:02 7080048                    /usr/lib/x86_64-linux-gnu/dri/i965_dri.so
7f10b1a0a000-7f10b1a71000 rw-p 00000000 00:00 0 
7f10b1a71000-7f10b1a84000 r-xp 00000000 08:02 1053167                    /lib/x86_64-linux-gnu/libbsd.so.0.8.6
7f10b1a84000-7f10b1c83000 ---p 00013000 08:02 1053167                    /lib/x86_64-linux-gnu/libbsd.so.0.8.6
7f10b1c83000-7f10b1c84000 r--p 00012000 08:02 1053167                    /lib/x86_64-linux-gnu/libbsd.so.0.8.6
7f10b1c84000-7f10b1c85000 rw-p 00013000 08:02 1053167                    /lib/x86_64-linux-gnu/libbsd.so.0.8.6
7f10b1c85000-7f10b1c86000 rw-p 00000000 00:00 0 
7f10b1c86000-7f10b1c8a000 r-xp 00000000 08:02 1053144                    /lib/x86_64-linux-gnu/libuuid.so.1.3.0
7f10b1c8a000-7f10b1e89000 ---p 00004000 08:02 1053144                    /lib/x86_64-linux-gnu/libuuid.so.1.3.0
7f10b1e89000-7f10b1e8a000 r--p 00003000 08:02 1053144                    /lib/x86_64-linux-gnu/libuuid.so.1.3.0
7f10b1e8a000-7f10b1e8b000 rw-p 00004000 08:02 1053144                    /lib/x86_64-linux-gnu/libuuid.so.1.3.0
7f10b1e8b000-7f10b1e91000 r-xp 00000000 08:02 6824015                    /usr/lib/x86_64-linux-gnu/libdatrie.so.1.3.3
7f10b1e91000-7f10b2090000 ---p 00006000 08:02 6824015                    /usr/lib/x86_64-linux-gnu/libdatrie.so.1.3.3
7f10b2090000-7f10b2091000 r--p 00005000 08:02 6824015                    /usr/lib/x86_64-linux-gnu/libdatrie.so.1.3.3
7f10b2091000-7f10b2092000 rw-p 00006000 08:02 6824015                    /usr/lib/x86_64-linux-gnu/libdatrie.so.1.3.3
7f10b2092000-7f10b2097000 r-xp 00000000 08:02 6823802                    /usr/lib/x86_64-linux-gnu/libXdmcp.so.6.0.0
7f10b2097000-7f10b2296000 ---p 00005000 08:02 6823802                    /usr/lib/x86_64-linux-gnu/libXdmcp.so.6.0.0
7f10b2296000-7f10b2297000 r--p 00004000 08:02 6823802                    /usr/lib/x86_64-linux-gnu/libXdmcp.so.6.0.0
7f10b2297000-7f10b2298000 rw-p 00005000 08:02 6823802                    /usr/lib/x86_64-linux-gnu/libXdmcp.so.6.0.0
7f10b2298000-7f10b229a000 r-xp 00000000 08:02 6823791                    /usr/lib/x86_64-linux-gnu/libXau.so.6.0.0
7f10b229a000-7f10b249a000 ---p 00002000 08:02 6823791                    /usr/lib/x86_64-linux-gnu/libXau.so.6.0.0
7f10b249a000-7f10b249b000 r--p 00002000 08:02 6823791                    /usr/lib/x86_64-linux-gnu/libXau.so.6.0.0
7f10b249b000-7f10b249c000 rw-p 00003000 08:02 6823791                    /usr/lib/x86_64-linux-gnu/libXau.so.6.0.0
7f10b249c000-7f10b24c7000 r-xp 00000000 08:02 6824291                    /usr/lib/x86_64-linux-gnu/libgraphite2.so.3.0.1
7f10b24c7000-7f10b26c6000 ---p 0002b000 08:02 6824291                    /usr/lib/x86_64-linux-gnu/libgraphite2.so.3.0.1
7f10b26c6000-7f10b26c8000 r--p 0002a000 08:02 6824291                    /usr/lib/x86_64-linux-gnu/libgraphite2.so.3.0.1
7f10b26c8000-7f10b26c9000 rw-p 0002c000 08:02 6824291                    /usr/lib/x86_64-linux-gnu/libgraphite2.so.3.0.1
7f10b26c9000-7f10b270d000 r-xp 00000000 08:02 1053146                    /lib/x86_64-linux-gnu/libblkid.so.1.1.0
7f10b270d000-7f10b290d000 ---p 00044000 08:02 1053146                    /lib/x86_64-linux-gnu/libblkid.so.1.1.0
7f10b290d000-7f10b2911000 r--p 00044000 08:02 1053146                    /lib/x86_64-linux-gnu/libblkid.so.1.1.0
7f10b2911000-7f10b2912000 rw-p 00048000 08:02 1053146                    /lib/x86_64-linux-gnu/libblkid.so.1.1.0
7f10b2912000-7f10b2913000 rw-p 00000000 00:00 0 
7f10b2913000-7f10b2923000 r-xp 00000000 08:02 6824054                    /usr/lib/x86_64-linux-gnu/libdrm.so.2.4.0
7f10b2923000-7f10b2b22000 ---p 00010000 08:02 6824054                    /usr/lib/x86_64-linux-gnu/libdrm.so.2.4.0
7f10b2b22000-7f10b2b23000 r--p 0000f000 08:02 6824054                    /usr/lib/x86_64-linux-gnu/libdrm.so.2.4.0
7f10b2b23000-7f10b2b24000 rw-p 00010000 08:02 6824054                    /usr/lib/x86_64-linux-gnu/libdrm.so.2.4.0
7f10b2b24000-7f10b2b28000 r-xp 00000000 08:02 6825002                    /usr/lib/x86_64-linux-gnu/libxcb-dri2.so.0.0.0
7f10b2b28000-7f10b2d27000 ---p 00004000 08:02 6825002                    /usr/lib/x86_64-linux-gnu/libxcb-dri2.so.0.0.0
7f10b2d27000-7f10b2d28000 r--p 00003000 08:02 6825002                    /usr/lib/x86_64-linux-gnu/libxcb-dri2.so.0.0.0
7f10b2d28000-7f10b2d29000 rw-p 00004000 08:02 6825002                    /usr/lib/x86_64-linux-gnu/libxcb-dri2.so.0.0.0
7f10b2d29000-7f10b2d41000 r-xp 00000000 08:02 6825006                    /usr/lib/x86_64-linux-gnu/libxcb-glx.so.0.0.0
7f10b2d41000-7f10b2f41000 ---p 00018000 08:02 6825006                    /usr/lib/x86_64-linux-gnu/libxcb-glx.so.0.0.0
7f10b2f41000-7f10b2f43000 r--p 00018000 08:02 6825006                    /usr/lib/x86_64-linux-gnu/libxcb-glx.so.0.0.0
7f10b2f43000-7f10b2f44000 rw-p 0001a000 08:02 6825006                    /usr/lib/x86_64-linux-gnu/libxcb-glx.so.0.0.0
7f10b2f44000-7f10b2f45000 r-xp 00000000 08:02 6823785                    /usr/lib/x86_64-linux-gnu/libX11-xcb.so.1.0.0
7f10b2f45000-7f10b3144000 ---p 00001000 08:02 6823785                    /usr/lib/x86_64-linux-gnu/libX11-xcb.so.1.0.0
7f10b3144000-7f10b3145000 r--p 00000000 08:02 6823785                    /usr/lib/x86_64-linux-gnu/libX11-xcb.so.1.0.0
7f10b3145000-7f10b3146000 rw-p 00001000 08:02 6823785                    /usr/lib/x86_64-linux-gnu/libX11-xcb.so.1.0.0
7f10b3146000-7f10b3171000 r-xp 00000000 08:02 6818069                    /usr/lib/x86_64-linux-gnu/libglapi.so.0.0.0
7f10b3171000-7f10b3370000 ---p 0002b000 08:02 6818069                    /usr/lib/x86_64-linux-gnu/libglapi.so.0.0.0
7f10b3370000-7f10b3374000 r--p 0002a000 08:02 6818069                    /usr/lib/x86_64-linux-gnu/libglapi.so.0.0.0
7f10b3374000-7f10b3375000 rw-p 0002e000 08:02 6818069                    /usr/lib/x86_64-linux-gnu/libglapi.so.0.0.0
7f10b3375000-7f10b3376000 rw-p 00000000 00:00 0 
7f10b3376000-7f10b3377000 r-xp 00000000 08:02 6825054                    /usr/lib/x86_64-linux-gnu/libxshmfence.so.1.0.0
7f10b3377000-7f10b3577000 ---p 00001000 08:02 6825054                    /usr/lib/x86_64-linux-gnu/libxshmfence.so.1.0.0
7f10b3577000-7f10b3578000 r--p 00001000 08:02 6825054                    /usr/lib/x86_64-linux-gnu/libxshmfence.so.1.0.0
7f10b3578000-7f10b3579000 rw-p 00002000 08:02 6825054                    /usr/lib/x86_64-linux-gnu/libxshmfence.so.1.0.0
7f10b3579000-7f10b357e000 r-xp 00000000 08:02 6825028                    /usr/lib/x86_64-linux-gnu/libxcb-sync.so.1.0.0
7f10b357e000-7f10b377e000 ---p 00005000 08:02 6825028                    /usr/lib/x86_64-linux-gnu/libxcb-sync.so.1.0.0
7f10b377e000-7f10b377f000 r--p 00005000 08:02 6825028                    /usr/lib/x86_64-linux-gnu/libxcb-sync.so.1.0.0
7f10b377f000-7f10b3780000 rw-p 00006000 08:02 6825028                    /usr/lib/x86_64-linux-gnu/libxcb-sync.so.1.0.0
7f10b3780000-7f10b3782000 r-xp 00000000 08:02 6825014                    /usr/lib/x86_64-linux-gnu/libxcb-present.so.0.0.0
7f10b3782000-7f10b3981000 ---p 00002000 08:02 6825014                    /usr/lib/x86_64-linux-gnu/libxcb-present.so.0.0.0
7f10b3981000-7f10b3982000 r--p 00001000 08:02 6825014                    /usr/lib/x86_64-linux-gnu/libxcb-present.so.0.0.0
7f10b3982000-7f10b3983000 rw-p 00002000 08:02 6825014                    /usr/lib/x86_64-linux-gnu/libxcb-present.so.0.0.0
7f10b3983000-7f10b3985000 r-xp 00000000 08:02 6825004                    /usr/lib/x86_64-linux-gnu/libxcb-dri3.so.0.0.0
7f10b3985000-7f10b3b84000 ---p 00002000 08:02 6825004                    /usr/lib/x86_64-linux-gnu/libxcb-dri3.so.0.0.0
7f10b3b84000-7f10b3b85000 r--p 00001000 08:02 6825004                    /usr/lib/x86_64-linux-gnu/libxcb-dri3.so.0.0.0
7f10b3b85000-7f10b3b86000 rw-p 00002000 08:02 6825004                    /usr/lib/x86_64-linux-gnu/libxcb-dri3.so.0.0.0
7f10b3b86000-7f10b3bf6000 r-xp 00000000 08:02 1053295                    /lib/x86_64-linux-gnu/libpcre.so.3.13.3
7f10b3bf6000-7f10b3df6000 ---p 00070000 08:02 1053295                    /lib/x86_64-linux-gnu/libpcre.so.3.13.3
7f10b3df6000-7f10b3df7000 r--p 00070000 08:02 1053295                    /lib/x86_64-linux-gnu/libpcre.so.3.13.3
7f10b3df7000-7f10b3df8000 rw-p 00071000 08:02 1053295                    /lib/x86_64-linux-gnu/libpcre.so.3.13.3
7f10b3df8000-7f10b3dff000 r-xp 00000000 08:02 6824126                    /usr/lib/x86_64-linux-gnu/libffi.so.6.0.4
7f10b3dff000-7f10b3ffe000 ---p 00007000 08:02 6824126                    /usr/lib/x86_64-linux-gnu/libffi.so.6.0.4
7f10b3ffe000-7f10b3fff000 r--p 00006000 08:02 6824126                    /usr/lib/x86_64-linux-gnu/libffi.so.6.0.4
7f10b3fff000-7f10b4000000 rw-p 00007000 08:02 6824126                    /usr/lib/x86_64-linux-gnu/libffi.so.6.0.4
7f10b4000000-7f10b6065000 rw-p 00000000 00:00 0 
7f10b6065000-7f10b8000000 ---p 00000000 00:00 0 
7f10b8000000-7f10b8002000 rw-s 00000000 00:05 127823                     /drm mm object (deleted)
7f10b8002000-7f10b8004000 rw-s 00000000 00:05 127822                     /drm mm object (deleted)
7f10b8004000-7f10b8009000 r--s 00084000 08:02 6829436                    /usr/lib/jvm/java-8-oracle/jre/lib/jfr.jar
7f10b8009000-7f10b801c000 r--p 00000000 08:02 6829453                    /usr/lib/jvm/java-8-oracle/jre/lib/fonts/LucidaBrightDemiItalic.ttf
7f10b801c000-7f10b802f000 r--p 00000000 08:02 6829456                    /usr/lib/jvm/java-8-oracle/jre/lib/fonts/LucidaBrightDemiBold.ttf
7f10b802f000-7f10b803a000 r--s 00000000 08:02 2359568                    /var/cache/fontconfig/945677eb7aeaf62f1d50efc3fb3ec7d8-le64.cache-6
7f10b803a000-7f10b8040000 r--s 00000000 08:02 2359537                    /var/cache/fontconfig/2cd17615ca594fa2959ae173292e504c-le64.cache-6
7f10b8040000-7f10b8041000 r--s 00000000 08:02 2359530                    /var/cache/fontconfig/0d8c3b2ac0904cb8a57a757ad11a4a08-le64.cache-6
7f10b8041000-7f10b8056000 r--s 00000000 08:02 2359526                    /var/cache/fontconfig/04aabc0a78ac019cf9454389977116d2-le64.cache-6
7f10b8056000-7f10b8057000 r--s 00000000 08:02 2359534                    /var/cache/fontconfig/1ac9eb803944fde146138c791f5cc56a-le64.cache-6
7f10b8057000-7f10b805b000 r--s 00000000 08:02 2359543                    /var/cache/fontconfig/385c0604a188198f04d133e54aba7fe7-le64.cache-6
7f10b805b000-7f10b805c000 r--s 00000000 08:02 2359587                    /var/cache/fontconfig/dc05db6664285cc2f12bf69c139ae4c3-le64.cache-6
7f10b805c000-7f10b805e000 r--s 00000000 08:02 2359531                    /var/cache/fontconfig/14a5e22175779b556eaa434240950366-le64.cache-6
7f10b805e000-7f10b805f000 r--s 00000000 08:02 2359560                    /var/cache/fontconfig/660208299946a285a940457d1287da33-le64.cache-6
7f10b805f000-7f10b8061000 r--s 00000000 08:02 2359551                    /var/cache/fontconfig/4f3e3037c9980c83b53a9351efadef62-le64.cache-6
7f10b8061000-7f10b8064000 r--s 00000000 08:02 2359564                    /var/cache/fontconfig/767a8244fc0220cfb567a839d0392e0b-le64.cache-6
7f10b8064000-7f10b8065000 r--s 00000000 08:02 2361865                    /var/cache/fontconfig/4794a0821666d79190d59a36cb4f44b5-le64.cache-6
7f10b8065000-7f10b8066000 r--s 00000000 08:02 2359528                    /var/cache/fontconfig/0bd3dc0958fa2205aaaa8ebb13e2872b-le64.cache-6
7f10b8066000-7f10b806c000 r--s 00000000 08:02 2359567                    /var/cache/fontconfig/8801497958630a81b71ace7c5f9b32a8-le64.cache-6
7f10b806c000-7f10b806f000 r--s 00000000 08:02 2359572                    /var/cache/fontconfig/a015930274ffcd967d2ca1b57da47cc7-le64.cache-6
7f10b806f000-7f10b8070000 r--s 00000000 08:02 2359576                    /var/cache/fontconfig/b872e6e592da6075ffa4ab0a1fcc0c75-le64.cache-6
7f10b8070000-7f10b8071000 r--s 00000000 08:02 2359592                    /var/cache/fontconfig/f6d4eedfaab2589bde49f7a3ff831d22-le64.cache-6
7f10b8071000-7f10b8072000 r--s 00000000 08:02 2359558                    /var/cache/fontconfig/589f83ef4c36d296ce6e1c846f468f08-le64.cache-6
7f10b8072000-7f10b8073000 r--s 00000000 08:02 2359578                    /var/cache/fontconfig/bab58bb527bb656aaa9f116d68a48d89-le64.cache-6
7f10b8073000-7f10b8074000 r--s 00000000 08:02 2359535                    /var/cache/fontconfig/2171a34dccabdb6bcbbc728186263178-le64.cache-6
7f10b8074000-7f10b8075000 r--s 00000000 08:02 2359579                    /var/cache/fontconfig/c5c45a61289222e0d30b1a26ef4effbe-le64.cache-6
7f10b8075000-7f10b8076000 r--s 00000000 08:02 2359574                    /var/cache/fontconfig/aec30016f93e1b46d1a973dce0d74068-le64.cache-6
7f10b8076000-7f10b8077000 r--s 00000000 08:02 2359544                    /var/cache/fontconfig/3f589640d34b7dc9042c8d453f7c8b9c-le64.cache-6
7f10b8077000-7f10b8078000 r--s 00000000 08:02 2359532                    /var/cache/fontconfig/16c2fda60d1b4b719f4b3d06fd951d25-le64.cache-6
7f10b8078000-7f10b8079000 r--s 00000000 08:02 2359573                    /var/cache/fontconfig/a48eab177a16e4f3713381162db2f3e9-le64.cache-6
7f10b8079000-7f10b807a000 r--s 00000000 08:02 2359554                    /var/cache/fontconfig/564b2e68ac9bc4e36a6f7f6d6125ec1c-le64.cache-6
7f10b807a000-7f10b8080000 r--s 00000000 08:02 2359538                    /var/cache/fontconfig/3047814df9a2f067bd2d96a2b9c36e5a-le64.cache-6
7f10b8080000-7f10b8081000 r--s 00000000 08:02 2359555                    /var/cache/fontconfig/56cf4f4769d0f4abc89a4895d7bd3ae1-le64.cache-6
7f10b8081000-7f10b8082000 r--s 00000000 08:02 2359577                    /var/cache/fontconfig/b9d506c9ac06c20b433354fa67a72993-le64.cache-6
7f10b8082000-7f10b8088000 r--s 00000000 08:02 2359575                    /var/cache/fontconfig/b47c4e1ecd0709278f4910c18777a504-le64.cache-6
7f10b8088000-7f10b809b000 r--s 00000000 08:02 2359584                    /var/cache/fontconfig/d52a8644073d54c13679302ca1180695-le64.cache-6
7f10b809b000-7f10b809c000 r--s 00000000 08:02 2359541                    /var/cache/fontconfig/370e5b74bf5dafc30834de68e24a87a4-le64.cache-6
7f10b809c000-7f10b809d000 r--s 00000000 08:02 2359562                    /var/cache/fontconfig/6b2c5944714ca7831b25bed9e85cb5c8-le64.cache-6
7f10b809d000-7f10b809e000 r--s 00000000 08:02 2359583                    /var/cache/fontconfig/d5178ab6d91b49bf20a416737dcea9e8-le64.cache-6
7f10b809e000-7f10b80a1000 r--s 00000000 08:02 2359591                    /var/cache/fontconfig/f259c2cffa685e28062317905db73c4a-le64.cache-6
7f10b80a1000-7f10b80a3000 r--s 00000000 08:02 2359552                    /var/cache/fontconfig/550f3886151c940c12a5ed35f6a00586-le64.cache-6
7f10b80a3000-7f10b80a6000 r--s 00000000 08:02 2359561                    /var/cache/fontconfig/674d1711f2d1d2a09646eb0bdcadee49-le64.cache-6
7f10b80a6000-7f10b80b2000 r--s 00000000 08:02 2361605                    /var/cache/fontconfig/d589a48862398ed80a3d6066f4f56f4c-le64.cache-6
7f10b80b2000-7f10b80c0000 r--s 00000000 08:02 2359570                    /var/cache/fontconfig/9b89f8e3dae116d678bbf48e5f21f69b-le64.cache-6
7f10b80c0000-7f10b80e8000 r-xp 00000000 08:02 1053202                    /lib/x86_64-linux-gnu/libexpat.so.1.6.5
7f10b80e8000-7f10b82e8000 ---p 00028000 08:02 1053202                    /lib/x86_64-linux-gnu/libexpat.so.1.6.5
7f10b82e8000-7f10b82ea000 r--p 00028000 08:02 1053202                    /lib/x86_64-linux-gnu/libexpat.so.1.6.5
7f10b82ea000-7f10b82eb000 rw-p 0002a000 08:02 1053202                    /lib/x86_64-linux-gnu/libexpat.so.1.6.5
7f10b82eb000-7f10b82f3000 r-xp 00000000 08:02 6824853                    /usr/lib/x86_64-linux-gnu/libthai.so.0.3.0
7f10b82f3000-7f10b84f2000 ---p 00008000 08:02 6824853                    /usr/lib/x86_64-linux-gnu/libthai.so.0.3.0
7f10b84f2000-7f10b84f3000 r--p 00007000 08:02 6824853                    /usr/lib/x86_64-linux-gnu/libthai.so.0.3.0
7f10b84f3000-7f10b84f4000 rw-p 00008000 08:02 6824853                    /usr/lib/x86_64-linux-gnu/libthai.so.0.3.0
7f10b84f4000-7f10b851a000 r-xp 00000000 08:02 6825038                    /usr/lib/x86_64-linux-gnu/libxcb.so.1.1.0
7f10b851a000-7f10b8719000 ---p 00026000 08:02 6825038                    /usr/lib/x86_64-linux-gnu/libxcb.so.1.1.0
7f10b8719000-7f10b871a000 r--p 00025000 08:02 6825038                    /usr/lib/x86_64-linux-gnu/libxcb.so.1.1.0
7f10b871a000-7f10b871b000 rw-p 00026000 08:02 6825038                    /usr/lib/x86_64-linux-gnu/libxcb.so.1.1.0
7f10b871b000-7f10b8727000 r-xp 00000000 08:02 6825020                    /usr/lib/x86_64-linux-gnu/libxcb-render.so.0.0.0
7f10b8727000-7f10b8926000 ---p 0000c000 08:02 6825020                    /usr/lib/x86_64-linux-gnu/libxcb-render.so.0.0.0
7f10b8926000-7f10b8927000 r--p 0000b000 08:02 6825020                    /usr/lib/x86_64-linux-gnu/libxcb-render.so.0.0.0
7f10b8927000-7f10b8928000 rw-p 0000c000 08:02 6825020                    /usr/lib/x86_64-linux-gnu/libxcb-render.so.0.0.0
7f10b8928000-7f10b892a000 r-xp 00000000 08:02 6825026                    /usr/lib/x86_64-linux-gnu/libxcb-shm.so.0.0.0
7f10b892a000-7f10b8b29000 ---p 00002000 08:02 6825026                    /usr/lib/x86_64-linux-gnu/libxcb-shm.so.0.0.0
7f10b8b29000-7f10b8b2a000 r--p 00001000 08:02 6825026                    /usr/lib/x86_64-linux-gnu/libxcb-shm.so.0.0.0
7f10b8b2a000-7f10b8b2b000 rw-p 00002000 08:02 6825026                    /usr/lib/x86_64-linux-gnu/libxcb-shm.so.0.0.0
7f10b8b2b000-7f10b8b5c000 r-xp 00000000 08:02 6824677                    /usr/lib/x86_64-linux-gnu/libpng16.so.16.34.0
7f10b8b5c000-7f10b8d5b000 ---p 00031000 08:02 6824677                    /usr/lib/x86_64-linux-gnu/libpng16.so.16.34.0
7f10b8d5b000-7f10b8d5c000 r--p 00030000 08:02 6824677                    /usr/lib/x86_64-linux-gnu/libpng16.so.16.34.0
7f10b8d5c000-7f10b8d5d000 rw-p 00031000 08:02 6824677                    /usr/lib/x86_64-linux-gnu/libpng16.so.16.34.0
7f10b8d5d000-7f10b8dfb000 r-xp 00000000 08:02 6824671                    /usr/lib/x86_64-linux-gnu/libpixman-1.so.0.34.0
7f10b8dfb000-7f10b8ffa000 ---p 0009e000 08:02 6824671                    /usr/lib/x86_64-linux-gnu/libpixman-1.so.0.34.0
7f10b8ffa000-7f10b9002000 r--p 0009d000 08:02 6824671                    /usr/lib/x86_64-linux-gnu/libpixman-1.so.0.34.0
7f10b9002000-7f10b9003000 rw-p 000a5000 08:02 6824671                    /usr/lib/x86_64-linux-gnu/libpixman-1.so.0.34.0
7f10b9003000-7f10b9095000 r-xp 00000000 08:02 6824376                    /usr/lib/x86_64-linux-gnu/libharfbuzz.so.0.10400.2
7f10b9095000-7f10b9294000 ---p 00092000 08:02 6824376                    /usr/lib/x86_64-linux-gnu/libharfbuzz.so.0.10400.2
7f10b9294000-7f10b9296000 r--p 00091000 08:02 6824376                    /usr/lib/x86_64-linux-gnu/libharfbuzz.so.0.10400.2
7f10b9296000-7f10b9297000 rw-p 00093000 08:02 6824376                    /usr/lib/x86_64-linux-gnu/libharfbuzz.so.0.10400.2
7f10b9297000-7f10b92e5000 r-xp 00000000 08:02 1053162                    /lib/x86_64-linux-gnu/libmount.so.1.1.0
7f10b92e5000-7f10b94e5000 ---p 0004e000 08:02 1053162                    /lib/x86_64-linux-gnu/libmount.so.1.1.0
7f10b94e5000-7f10b94e7000 r--p 0004e000 08:02 1053162                    /lib/x86_64-linux-gnu/libmount.so.1.1.0
7f10b94e7000-7f10b94e8000 rw-p 00050000 08:02 1053162                    /lib/x86_64-linux-gnu/libmount.so.1.1.0
7f10b94e8000-7f10b94e9000 rw-p 00000000 00:00 0 
7f10b94e9000-7f10b94ff000 r-xp 00000000 08:02 1053110                    /lib/x86_64-linux-gnu/libresolv-2.26.so
7f10b94ff000-7f10b96ff000 ---p 00016000 08:02 1053110                    /lib/x86_64-linux-gnu/libresolv-2.26.so
7f10b96ff000-7f10b9700000 r--p 00016000 08:02 1053110                    /lib/x86_64-linux-gnu/libresolv-2.26.so
7f10b9700000-7f10b9701000 rw-p 00017000 08:02 1053110                    /lib/x86_64-linux-gnu/libresolv-2.26.so
7f10b9701000-7f10b9703000 rw-p 00000000 00:00 0 
7f10b9703000-7f10b9728000 r-xp 00000000 08:02 1053322                    /lib/x86_64-linux-gnu/libselinux.so.1
7f10b9728000-7f10b9927000 ---p 00025000 08:02 1053322                    /lib/x86_64-linux-gnu/libselinux.so.1
7f10b9927000-7f10b9928000 r--p 00024000 08:02 1053322                    /lib/x86_64-linux-gnu/libselinux.so.1
7f10b9928000-7f10b9929000 rw-p 00025000 08:02 1053322                    /lib/x86_64-linux-gnu/libselinux.so.1
7f10b9929000-7f10b992b000 rw-p 00000000 00:00 0 
7f10b992b000-7f10b9947000 r-xp 00000000 08:02 1053350                    /lib/x86_64-linux-gnu/libz.so.1.2.11
7f10b9947000-7f10b9b46000 ---p 0001c000 08:02 1053350                    /lib/x86_64-linux-gnu/libz.so.1.2.11
7f10b9b46000-7f10b9b47000 r--p 0001b000 08:02 1053350                    /lib/x86_64-linux-gnu/libz.so.1.2.11
7f10b9b47000-7f10b9b48000 rw-p 0001c000 08:02 1053350                    /lib/x86_64-linux-gnu/libz.so.1.2.11
7f10b9b48000-7f10b9b59000 r-xp 00000000 08:02 6823804                    /usr/lib/x86_64-linux-gnu/libXext.so.6.4.0
7f10b9b59000-7f10b9d58000 ---p 00011000 08:02 6823804                    /usr/lib/x86_64-linux-gnu/libXext.so.6.4.0
7f10b9d58000-7f10b9d59000 r--p 00010000 08:02 6823804                    /usr/lib/x86_64-linux-gnu/libXext.so.6.4.0
7f10b9d59000-7f10b9d5a000 rw-p 00011000 08:02 6823804                    /usr/lib/x86_64-linux-gnu/libXext.so.6.4.0
7f10b9d5a000-7f10b9d5c000 r-xp 00000000 08:02 6823800                    /usr/lib/x86_64-linux-gnu/libXdamage.so.1.1.0
7f10b9d5c000-7f10b9f5b000 ---p 00002000 08:02 6823800                    /usr/lib/x86_64-linux-gnu/libXdamage.so.1.1.0
7f10b9f5b000-7f10b9f5c000 r--p 00001000 08:02 6823800                    /usr/lib/x86_64-linux-gnu/libXdamage.so.1.1.0
7f10b9f5c000-7f10b9f5d000 rw-p 00002000 08:02 6823800                    /usr/lib/x86_64-linux-gnu/libXdamage.so.1.1.0
7f10b9f5d000-7f10b9f5f000 r-xp 00000000 08:02 6823796                    /usr/lib/x86_64-linux-gnu/libXcomposite.so.1.0.0
7f10b9f5f000-7f10ba15e000 ---p 00002000 08:02 6823796                    /usr/lib/x86_64-linux-gnu/libXcomposite.so.1.0.0
7f10ba15e000-7f10ba15f000 r--p 00001000 08:02 6823796                    /usr/lib/x86_64-linux-gnu/libXcomposite.so.1.0.0
7f10ba15f000-7f10ba160000 rw-p 00002000 08:02 6823796                    /usr/lib/x86_64-linux-gnu/libXcomposite.so.1.0.0
7f10ba160000-7f10ba169000 r-xp 00000000 08:02 6823798                    /usr/lib/x86_64-linux-gnu/libXcursor.so.1.0.2
7f10ba169000-7f10ba368000 ---p 00009000 08:02 6823798                    /usr/lib/x86_64-linux-gnu/libXcursor.so.1.0.2
7f10ba368000-7f10ba369000 r--p 00008000 08:02 6823798                    /usr/lib/x86_64-linux-gnu/libXcursor.so.1.0.2
7f10ba369000-7f10ba36a000 rw-p 00009000 08:02 6823798                    /usr/lib/x86_64-linux-gnu/libXcursor.so.1.0.2
7f10ba36a000-7f10ba374000 r-xp 00000000 08:02 6823824                    /usr/lib/x86_64-linux-gnu/libXrandr.so.2.2.0
7f10ba374000-7f10ba573000 ---p 0000a000 08:02 6823824                    /usr/lib/x86_64-linux-gnu/libXrandr.so.2.2.0
7f10ba573000-7f10ba574000 r--p 00009000 08:02 6823824                    /usr/lib/x86_64-linux-gnu/libXrandr.so.2.2.0
7f10ba574000-7f10ba575000 rw-p 0000a000 08:02 6823824                    /usr/lib/x86_64-linux-gnu/libXrandr.so.2.2.0
7f10ba575000-7f10ba584000 r-xp 00000000 08:02 6823814                    /usr/lib/x86_64-linux-gnu/libXi.so.6.1.0
7f10ba584000-7f10ba783000 ---p 0000f000 08:02 6823814                    /usr/lib/x86_64-linux-gnu/libXi.so.6.1.0
7f10ba783000-7f10ba784000 r--p 0000e000 08:02 6823814                    /usr/lib/x86_64-linux-gnu/libXi.so.6.1.0
7f10ba784000-7f10ba785000 rw-p 0000f000 08:02 6823814                    /usr/lib/x86_64-linux-gnu/libXi.so.6.1.0
7f10ba785000-7f10ba787000 r-xp 00000000 08:02 6823816                    /usr/lib/x86_64-linux-gnu/libXinerama.so.1.0.0
7f10ba787000-7f10ba986000 ---p 00002000 08:02 6823816                    /usr/lib/x86_64-linux-gnu/libXinerama.so.1.0.0
7f10ba986000-7f10ba987000 r--p 00001000 08:02 6823816                    /usr/lib/x86_64-linux-gnu/libXinerama.so.1.0.0
7f10ba987000-7f10ba988000 rw-p 00002000 08:02 6823816                    /usr/lib/x86_64-linux-gnu/libXinerama.so.1.0.0
7f10ba988000-7f10ba991000 r-xp 00000000 08:02 6823826                    /usr/lib/x86_64-linux-gnu/libXrender.so.1.3.0
7f10ba991000-7f10bab90000 ---p 00009000 08:02 6823826                    /usr/lib/x86_64-linux-gnu/libXrender.so.1.3.0
7f10bab90000-7f10bab91000 r--p 00008000 08:02 6823826                    /usr/lib/x86_64-linux-gnu/libXrender.so.1.3.0
7f10bab91000-7f10bab92000 rw-p 00009000 08:02 6823826                    /usr/lib/x86_64-linux-gnu/libXrender.so.1.3.0
7f10bab92000-7f10bab97000 r-xp 00000000 08:02 6823806                    /usr/lib/x86_64-linux-gnu/libXfixes.so.3.1.0
7f10bab97000-7f10bad96000 ---p 00005000 08:02 6823806                    /usr/lib/x86_64-linux-gnu/libXfixes.so.3.1.0
7f10bad96000-7f10bad97000 r--p 00004000 08:02 6823806                    /usr/lib/x86_64-linux-gnu/libXfixes.so.3.1.0
7f10bad97000-7f10bad98000 rw-p 00005000 08:02 6823806                    /usr/lib/x86_64-linux-gnu/libXfixes.so.3.1.0
7f10bad98000-7f10badae000 r-xp 00000000 08:02 1048582                    /lib/x86_64-linux-gnu/libgcc_s.so.1
7f10badae000-7f10bafad000 ---p 00016000 08:02 1048582                    /lib/x86_64-linux-gnu/libgcc_s.so.1
7f10bafad000-7f10bafae000 r--p 00015000 08:02 1048582                    /lib/x86_64-linux-gnu/libgcc_s.so.1
7f10bafae000-7f10bafaf000 rw-p 00016000 08:02 1048582                    /lib/x86_64-linux-gnu/libgcc_s.so.1
7f10bafaf000-7f10bb127000 r-xp 00000000 08:02 6815930                    /usr/lib/x86_64-linux-gnu/libstdc++.so.6.0.24
7f10bb127000-7f10bb326000 ---p 00178000 08:02 6815930                    /usr/lib/x86_64-linux-gnu/libstdc++.so.6.0.24
7f10bb326000-7f10bb330000 r--p 00177000 08:02 6815930                    /usr/lib/x86_64-linux-gnu/libstdc++.so.6.0.24
7f10bb330000-7f10bb332000 rw-p 00181000 08:02 6815930                    /usr/lib/x86_64-linux-gnu/libstdc++.so.6.0.24
7f10bb332000-7f10bb335000 rw-p 00000000 00:00 0 
7f10bb335000-7f10bb3a2000 r-xp 00000000 08:02 7080044                    /usr/lib/x86_64-linux-gnu/mesa/libGL.so.1.2.0
7f10bb3a2000-7f10bb5a2000 ---p 0006d000 08:02 7080044                    /usr/lib/x86_64-linux-gnu/mesa/libGL.so.1.2.0
7f10bb5a2000-7f10bb5a5000 r--p 0006d000 08:02 7080044                    /usr/lib/x86_64-linux-gnu/mesa/libGL.so.1.2.0
7f10bb5a5000-7f10bb5a6000 rw-p 00070000 08:02 7080044                    /usr/lib/x86_64-linux-gnu/mesa/libGL.so.1.2.0
7f10bb5a6000-7f10bb5a7000 rw-p 00000000 00:00 0 
7f10bb5a7000-7f10bb5ac000 r-xp 00000000 08:02 6823842                    /usr/lib/x86_64-linux-gnu/libXxf86vm.so.1.0.0
7f10bb5ac000-7f10bb7ab000 ---p 00005000 08:02 6823842                    /usr/lib/x86_64-linux-gnu/libXxf86vm.so.1.0.0
7f10bb7ab000-7f10bb7ac000 r--p 00004000 08:02 6823842                    /usr/lib/x86_64-linux-gnu/libXxf86vm.so.1.0.0
7f10bb7ac000-7f10bb7ad000 rw-p 00005000 08:02 6823842                    /usr/lib/x86_64-linux-gnu/libXxf86vm.so.1.0.0
7f10bb7ad000-7f10bb8e1000 r-xp 00000000 08:02 6823787                    /usr/lib/x86_64-linux-gnu/libX11.so.6.3.0
7f10bb8e1000-7f10bbae1000 ---p 00134000 08:02 6823787                    /usr/lib/x86_64-linux-gnu/libX11.so.6.3.0
7f10bbae1000-7f10bbae2000 r--p 00134000 08:02 6823787                    /usr/lib/x86_64-linux-gnu/libX11.so.6.3.0
7f10bbae2000-7f10bbae6000 rw-p 00135000 08:02 6823787                    /usr/lib/x86_64-linux-gnu/libX11.so.6.3.0
7f10bbae6000-7f10bbaeb000 r-xp 00000000 08:02 6823832                    /usr/lib/x86_64-linux-gnu/libXtst.so.6.1.0
7f10bbaeb000-7f10bbcea000 ---p 00005000 08:02 6823832                    /usr/lib/x86_64-linux-gnu/libXtst.so.6.1.0
7f10bbcea000-7f10bbceb000 r--p 00004000 08:02 6823832                    /usr/lib/x86_64-linux-gnu/libXtst.so.6.1.0
7f10bbceb000-7f10bbcec000 rw-p 00005000 08:02 6823832                    /usr/lib/x86_64-linux-gnu/libXtst.so.6.1.0
7f10bbcec000-7f10bbdfd000 r-xp 00000000 08:02 1053213                    /lib/x86_64-linux-gnu/libglib-2.0.so.0.5400.1
7f10bbdfd000-7f10bbffd000 ---p 00111000 08:02 1053213                    /lib/x86_64-linux-gnu/libglib-2.0.so.0.5400.1
7f10bbffd000-7f10bbffe000 r--p 00111000 08:02 1053213                    /lib/x86_64-linux-gnu/libglib-2.0.so.0.5400.1
7f10bbffe000-7f10bbfff000 rw-p 00112000 08:02 1053213                    /lib/x86_64-linux-gnu/libglib-2.0.so.0.5400.1
7f10bbfff000-7f10bc000000 rw-p 00000000 00:00 0 
7f10bc000000-7f10bc021000 rw-p 00000000 00:00 0 
7f10bc021000-7f10c0000000 ---p 00000000 00:00 0 
7f10c0000000-7f10c0021000 rw-p 00000000 00:00 0 
7f10c0021000-7f10c4000000 ---p 00000000 00:00 0 
7f10c4000000-7f10c4437000 rw-p 00000000 00:00 0 
7f10c4437000-7f10c8000000 ---p 00000000 00:00 0 
7f10c8000000-7f10c8521000 rw-p 00000000 00:00 0 
7f10c8521000-7f10cc000000 ---p 00000000 00:00 0 
7f10cc000000-7f10cc021000 rw-p 00000000 00:00 0 
7f10cc021000-7f10d0000000 ---p 00000000 00:00 0 
7f10d0000000-7f10d02b9000 rw-p 00000000 00:00 0 
7f10d02b9000-7f10d4000000 ---p 00000000 00:00 0 
7f10d4000000-7f10d4021000 rw-p 00000000 00:00 0 
7f10d4021000-7f10d8000000 ---p 00000000 00:00 0 
7f10d8000000-7f10d8021000 rw-p 00000000 00:00 0 
7f10d8021000-7f10dc000000 ---p 00000000 00:00 0 
7f10dc000000-7f10dc021000 rw-p 00000000 00:00 0 
7f10dc021000-7f10e0000000 ---p 00000000 00:00 0 
7f10e0000000-7f10e0001000 r--s 00000000 08:02 2359553                    /var/cache/fontconfig/551ecf3b0e8b0bca0f25c0944f561853-le64.cache-6
7f10e0001000-7f10e0002000 r--s 00000000 08:02 2359545                    /var/cache/fontconfig/3f7329c5293ffd510edef78f73874cfd-le64.cache-6
7f10e0002000-7f10e0003000 r--s 00000000 08:02 2359539                    /var/cache/fontconfig/30829fa25452a46451e813d634d7f916-le64.cache-6
7f10e0003000-7f10e0004000 r--s 00000000 08:02 2359529                    /var/cache/fontconfig/0c9eb80ebd1c36541ebe2852d3bb0c49-le64.cache-6
7f10e0004000-7f10e0005000 r--s 00000000 08:02 2359536                    /var/cache/fontconfig/22368d551a680bfe5a62c02760edf4ea-le64.cache-6
7f10e0005000-7f10e0006000 r--s 00000000 08:02 2359550                    /var/cache/fontconfig/4d9c95eba1cb85bbcf2878543262124a-le64.cache-6
7f10e0006000-7f10e0013000 r--s 00000000 08:02 2365263                    /var/cache/fontconfig/e13b20fdb08344e0e664864cc2ede53d-le64.cache-6
7f10e0013000-7f10e0017000 r--s 00000000 08:02 2361864                    /var/cache/fontconfig/7ef2298fde41cc6eeb7af42e48b7d293-le64.cache-6
7f10e0017000-7f10e001c000 r--s 0009d000 08:02 6829576                    /usr/lib/jvm/java-8-oracle/jre/lib/jsse.jar
7f10e001c000-7f10e003d000 r--s 00154000 08:02 2234541                    /home/panns/git/Broker-Lite/lib/jersey-bundle-1.18.jar
7f10e003d000-7f10e0040000 ---p 00000000 00:00 0 
7f10e0040000-7f10e013e000 rw-p 00000000 00:00 0 
7f10e013e000-7f10e013f000 r-xp 00000000 08:02 6824343                    /usr/lib/x86_64-linux-gnu/libgthread-2.0.so.0.5400.1
7f10e013f000-7f10e033e000 ---p 00001000 08:02 6824343                    /usr/lib/x86_64-linux-gnu/libgthread-2.0.so.0.5400.1
7f10e033e000-7f10e033f000 r--p 00000000 08:02 6824343                    /usr/lib/x86_64-linux-gnu/libgthread-2.0.so.0.5400.1
7f10e033f000-7f10e0340000 rw-p 00001000 08:02 6824343                    /usr/lib/x86_64-linux-gnu/libgthread-2.0.so.0.5400.1
7f10e0340000-7f10e0343000 r-xp 00000000 08:02 6824246                    /usr/lib/x86_64-linux-gnu/libgmodule-2.0.so.0.5400.1
7f10e0343000-7f10e0542000 ---p 00003000 08:02 6824246                    /usr/lib/x86_64-linux-gnu/libgmodule-2.0.so.0.5400.1
7f10e0542000-7f10e0543000 r--p 00002000 08:02 6824246                    /usr/lib/x86_64-linux-gnu/libgmodule-2.0.so.0.5400.1
7f10e0543000-7f10e0544000 rw-p 00003000 08:02 6824246                    /usr/lib/x86_64-linux-gnu/libgmodule-2.0.so.0.5400.1
7f10e0544000-7f10e0596000 r-xp 00000000 08:02 6824272                    /usr/lib/x86_64-linux-gnu/libgobject-2.0.so.0.5400.1
7f10e0596000-7f10e0796000 ---p 00052000 08:02 6824272                    /usr/lib/x86_64-linux-gnu/libgobject-2.0.so.0.5400.1
7f10e0796000-7f10e0797000 r--p 00052000 08:02 6824272                    /usr/lib/x86_64-linux-gnu/libgobject-2.0.so.0.5400.1
7f10e0797000-7f10e0798000 rw-p 00053000 08:02 6824272                    /usr/lib/x86_64-linux-gnu/libgobject-2.0.so.0.5400.1
7f10e0798000-7f10e07d5000 r-xp 00000000 08:02 6824140                    /usr/lib/x86_64-linux-gnu/libfontconfig.so.1.9.0
7f10e07d5000-7f10e09d4000 ---p 0003d000 08:02 6824140                    /usr/lib/x86_64-linux-gnu/libfontconfig.so.1.9.0
7f10e09d4000-7f10e09d6000 r--p 0003c000 08:02 6824140                    /usr/lib/x86_64-linux-gnu/libfontconfig.so.1.9.0
7f10e09d6000-7f10e09db000 rw-p 0003e000 08:02 6824140                    /usr/lib/x86_64-linux-gnu/libfontconfig.so.1.9.0
7f10e09db000-7f10e0a87000 r-xp 00000000 08:02 6818071                    /usr/lib/x86_64-linux-gnu/libfreetype.so.6.14.0
7f10e0a87000-7f10e0c86000 ---p 000ac000 08:02 6818071                    /usr/lib/x86_64-linux-gnu/libfreetype.so.6.14.0
7f10e0c86000-7f10e0c8d000 r--p 000ab000 08:02 6818071                    /usr/lib/x86_64-linux-gnu/libfreetype.so.6.14.0
7f10e0c8d000-7f10e0c8e000 rw-p 000b2000 08:02 6818071                    /usr/lib/x86_64-linux-gnu/libfreetype.so.6.14.0
7f10e0c8e000-7f10e0cd9000 r-xp 00000000 08:02 6824641                    /usr/lib/x86_64-linux-gnu/libpango-1.0.so.0.4000.12
7f10e0cd9000-7f10e0ed8000 ---p 0004b000 08:02 6824641                    /usr/lib/x86_64-linux-gnu/libpango-1.0.so.0.4000.12
7f10e0ed8000-7f10e0edb000 r--p 0004a000 08:02 6824641                    /usr/lib/x86_64-linux-gnu/libpango-1.0.so.0.4000.12
7f10e0edb000-7f10e0edc000 rw-p 0004d000 08:02 6824641                    /usr/lib/x86_64-linux-gnu/libpango-1.0.so.0.4000.12
7f10e0edc000-7f10e0fe7000 r-xp 00000000 08:02 6823928                    /usr/lib/x86_64-linux-gnu/libcairo.so.2.11400.10
7f10e0fe7000-7f10e11e7000 ---p 0010b000 08:02 6823928                    /usr/lib/x86_64-linux-gnu/libcairo.so.2.11400.10
7f10e11e7000-7f10e11ea000 r--p 0010b000 08:02 6823928                    /usr/lib/x86_64-linux-gnu/libcairo.so.2.11400.10
7f10e11ea000-7f10e11eb000 rw-p 0010e000 08:02 6823928                    /usr/lib/x86_64-linux-gnu/libcairo.so.2.11400.10
7f10e11eb000-7f10e11ed000 rw-p 00000000 00:00 0 
7f10e11ed000-7f10e11f9000 r-xp 00000000 08:02 6824643                    /usr/lib/x86_64-linux-gnu/libpangocairo-1.0.so.0.4000.12
7f10e11f9000-7f10e13f8000 ---p 0000c000 08:02 6824643                    /usr/lib/x86_64-linux-gnu/libpangocairo-1.0.so.0.4000.12
7f10e13f8000-7f10e13f9000 r--p 0000b000 08:02 6824643                    /usr/lib/x86_64-linux-gnu/libpangocairo-1.0.so.0.4000.12
7f10e13f9000-7f10e13fa000 rw-p 0000c000 08:02 6824643                    /usr/lib/x86_64-linux-gnu/libpangocairo-1.0.so.0.4000.12
7f10e13fa000-7f10e141c000 r-xp 00000000 08:02 6818073                    /usr/lib/x86_64-linux-gnu/libgdk_pixbuf-2.0.so.0.3611.0
7f10e141c000-7f10e161c000 ---p 00022000 08:02 6818073                    /usr/lib/x86_64-linux-gnu/libgdk_pixbuf-2.0.so.0.3611.0
7f10e161c000-7f10e161d000 r--p 00022000 08:02 6818073                    /usr/lib/x86_64-linux-gnu/libgdk_pixbuf-2.0.so.0.3611.0
7f10e161d000-7f10e161e000 rw-p 00023000 08:02 6818073                    /usr/lib/x86_64-linux-gnu/libgdk_pixbuf-2.0.so.0.3611.0
7f10e161e000-7f10e1632000 r-xp 00000000 08:02 6824645                    /usr/lib/x86_64-linux-gnu/libpangoft2-1.0.so.0.4000.12
7f10e1632000-7f10e1832000 ---p 00014000 08:02 6824645                    /usr/lib/x86_64-linux-gnu/libpangoft2-1.0.so.0.4000.12
7f10e1832000-7f10e1833000 r--p 00014000 08:02 6824645                    /usr/lib/x86_64-linux-gnu/libpangoft2-1.0.so.0.4000.12
7f10e1833000-7f10e1834000 rw-p 00015000 08:02 6824645                    /usr/lib/x86_64-linux-gnu/libpangoft2-1.0.so.0.4000.12
7f10e1834000-7f10e19c5000 r-xp 00000000 08:02 6824230                    /usr/lib/x86_64-linux-gnu/libgio-2.0.so.0.5400.1
7f10e19c5000-7f10e1bc5000 ---p 00191000 08:02 6824230                    /usr/lib/x86_64-linux-gnu/libgio-2.0.so.0.5400.1
7f10e1bc5000-7f10e1bcc000 r--p 00191000 08:02 6824230                    /usr/lib/x86_64-linux-gnu/libgio-2.0.so.0.5400.1
7f10e1bcc000-7f10e1bcd000 rw-p 00198000 08:02 6824230                    /usr/lib/x86_64-linux-gnu/libgio-2.0.so.0.5400.1
7f10e1bcd000-7f10e1bcf000 rw-p 00000000 00:00 0 
7f10e1bcf000-7f10e1bf2000 r-xp 00000000 08:02 6823878                    /usr/lib/x86_64-linux-gnu/libatk-1.0.so.0.22609.1
7f10e1bf2000-7f10e1df1000 ---p 00023000 08:02 6823878                    /usr/lib/x86_64-linux-gnu/libatk-1.0.so.0.22609.1
7f10e1df1000-7f10e1df4000 r--p 00022000 08:02 6823878                    /usr/lib/x86_64-linux-gnu/libatk-1.0.so.0.22609.1
7f10e1df4000-7f10e1df5000 rw-p 00025000 08:02 6823878                    /usr/lib/x86_64-linux-gnu/libatk-1.0.so.0.22609.1
7f10e1df5000-7f10e1ea4000 r-xp 00000000 08:02 6824208                    /usr/lib/x86_64-linux-gnu/libgdk-x11-2.0.so.0.2400.31
7f10e1ea4000-7f10e20a4000 ---p 000af000 08:02 6824208                    /usr/lib/x86_64-linux-gnu/libgdk-x11-2.0.so.0.2400.31
7f10e20a4000-7f10e20a8000 r--p 000af000 08:02 6824208                    /usr/lib/x86_64-linux-gnu/libgdk-x11-2.0.so.0.2400.31
7f10e20a8000-7f10e20aa000 rw-p 000b3000 08:02 6824208                    /usr/lib/x86_64-linux-gnu/libgdk-x11-2.0.so.0.2400.31
7f10e20aa000-7f10e24df000 r-xp 00000000 08:02 6824347                    /usr/lib/x86_64-linux-gnu/libgtk-x11-2.0.so.0.2400.31
7f10e24df000-7f10e26de000 ---p 00435000 08:02 6824347                    /usr/lib/x86_64-linux-gnu/libgtk-x11-2.0.so.0.2400.31
7f10e26de000-7f10e26e5000 r--p 00434000 08:02 6824347                    /usr/lib/x86_64-linux-gnu/libgtk-x11-2.0.so.0.2400.31
7f10e26e5000-7f10e26e9000 rw-p 0043b000 08:02 6824347                    /usr/lib/x86_64-linux-gnu/libgtk-x11-2.0.so.0.2400.31
7f10e26e9000-7f10e26ec000 rw-p 00000000 00:00 0 
7f10e26ec000-7f10e26f4000 rw-s 00000000 00:05 129187                     /drm mm object (deleted)
7f10e26f4000-7f10e26fc000 rw-s 00000000 00:05 127814                     /drm mm object (deleted)
7f10e26fc000-7f10e2704000 rw-s 00000000 00:05 129176                     /drm mm object (deleted)
7f10e2704000-7f10e2710000 r-xp 00000000 08:02 6829737                    /usr/lib/jvm/java-8-oracle/jre/lib/amd64/libprism_es2.so
7f10e2710000-7f10e290f000 ---p 0000c000 08:02 6829737                    /usr/lib/jvm/java-8-oracle/jre/lib/amd64/libprism_es2.so
7f10e290f000-7f10e2910000 rw-p 0000b000 08:02 6829737                    /usr/lib/jvm/java-8-oracle/jre/lib/amd64/libprism_es2.so
7f10e2910000-7f10e2913000 ---p 00000000 00:00 0 
7f10e2913000-7f10e2a11000 rw-p 00000000 00:00 0 
7f10e2a11000-7f10e2a12000 ---p 00000000 00:00 0 
7f10e2a12000-7f10e2b12000 rw-p 00000000 00:00 0 
7f10e2b12000-7f10e2b15000 ---p 00000000 00:00 0 
7f10e2b15000-7f10e2c13000 rw-p 00000000 00:00 0 
7f10e2c13000-7f10e2c16000 ---p 00000000 00:00 0 
7f10e2c16000-7f10e2d14000 rw-p 00000000 00:00 0 
7f10e2d14000-7f10e2d17000 ---p 00000000 00:00 0 
7f10e2d17000-7f10e2e15000 rw-p 00000000 00:00 0 
7f10e2e15000-7f10e2e18000 ---p 00000000 00:00 0 
7f10e2e18000-7f10e2f16000 rw-p 00000000 00:00 0 
7f10e2f16000-7f10e2f19000 ---p 00000000 00:00 0 
7f10e2f19000-7f10e3017000 rw-p 00000000 00:00 0 
7f10e3017000-7f10e32f3000 r--p 00000000 08:02 6818228                    /usr/lib/locale/locale-archive
7f10e32f3000-7f10e32f6000 ---p 00000000 00:00 0 
7f10e32f6000-7f10e33f4000 rw-p 00000000 00:00 0 
7f10e33f4000-7f10e33f7000 ---p 00000000 00:00 0 
7f10e33f7000-7f10e34f5000 rw-p 00000000 00:00 0 
7f10e34f5000-7f10e34f6000 ---p 00000000 00:00 0 
7f10e34f6000-7f10e4000000 rw-p 00000000 00:00 0 
7f10e4000000-7f10e4021000 rw-p 00000000 00:00 0 
7f10e4021000-7f10e8000000 ---p 00000000 00:00 0 
7f10e8000000-7f10e8021000 rw-p 00000000 00:00 0 
7f10e8021000-7f10ec000000 ---p 00000000 00:00 0 
7f10ec000000-7f10ec021000 rw-p 00000000 00:00 0 
7f10ec021000-7f10f0000000 ---p 00000000 00:00 0 
7f10f0000000-7f10f0021000 rw-p 00000000 00:00 0 
7f10f0021000-7f10f4000000 ---p 00000000 00:00 0 
7f10f4000000-7f10f4001000 r--s 00000000 08:02 2359566                    /var/cache/fontconfig/85e0a52ce643a7ba2ae53e5d6949cead-le64.cache-6
7f10f4001000-7f10f4009000 rw-s 00000000 00:05 128082                     /drm mm object (deleted)
7f10f4009000-7f10f401c000 r--s 00345000 08:02 6829557                    /usr/lib/jvm/java-8-oracle/jre/lib/resources.jar
7f10f401c000-7f10f40b2000 r--s 0110a000 08:02 6829581                    /usr/lib/jvm/java-8-oracle/jre/lib/ext/jfxrt.jar
7f10f40b2000-7f10f4627000 rw-p 00000000 00:00 0 
7f10f4627000-7f10f4800000 r--s 03d64000 08:02 6829519                    /usr/lib/jvm/java-8-oracle/jre/lib/rt.jar
7f10f4800000-7f10f5000000 rw-p 00000000 00:00 0 
7f10f5000000-7f10f5600000 rwxp 00000000 00:00 0 
7f10f5600000-7f1104000000 ---p 00000000 00:00 0 
7f1104000000-7f110443a000 rw-p 00000000 00:00 0 
7f110443a000-7f1108000000 ---p 00000000 00:00 0 
7f1108000000-7f1108005000 r--s 00659000 08:02 2234542                    /home/panns/git/Broker-Lite/lib/sqlite-jdbc-3.21.0.jar
7f1108005000-7f110a048000 rw-p 00000000 00:00 0 
7f110a048000-7f110a049000 ---p 00000000 00:00 0 
7f110a049000-7f110a149000 rw-p 00000000 00:00 0 
7f110a149000-7f110a14a000 ---p 00000000 00:00 0 
7f110a14a000-7f110a24a000 rw-p 00000000 00:00 0 
7f110a24a000-7f110a24b000 ---p 00000000 00:00 0 
7f110a24b000-7f110a34b000 rw-p 00000000 00:00 0 
7f110a34b000-7f110a34c000 ---p 00000000 00:00 0 
7f110a34c000-7f110a460000 rw-p 00000000 00:00 0 
7f110a460000-7f110a589000 ---p 00000000 00:00 0 
7f110a589000-7f110a59d000 rw-p 00000000 00:00 0 
7f110a59d000-7f110a6c5000 ---p 00000000 00:00 0 
7f110a6c5000-7f110a6d0000 rw-p 00000000 00:00 0 
7f110a6d0000-7f110a764000 ---p 00000000 00:00 0 
7f110a764000-7f110a77d000 rw-p 00000000 00:00 0 
7f110a77d000-7f110ab25000 ---p 00000000 00:00 0 
7f110ab25000-7f110ab40000 r-xp 00000000 08:02 6829729                    /usr/lib/jvm/java-8-oracle/jre/lib/amd64/libzip.so
7f110ab40000-7f110ad40000 ---p 0001b000 08:02 6829729                    /usr/lib/jvm/java-8-oracle/jre/lib/amd64/libzip.so
7f110ad40000-7f110ad41000 rw-p 0001b000 08:02 6829729                    /usr/lib/jvm/java-8-oracle/jre/lib/amd64/libzip.so
7f110ad41000-7f110ad4c000 r-xp 00000000 08:02 1048670                    /lib/x86_64-linux-gnu/libnss_files-2.26.so
7f110ad4c000-7f110af4b000 ---p 0000b000 08:02 1048670                    /lib/x86_64-linux-gnu/libnss_files-2.26.so
7f110af4b000-7f110af4c000 r--p 0000a000 08:02 1048670                    /lib/x86_64-linux-gnu/libnss_files-2.26.so
7f110af4c000-7f110af4d000 rw-p 0000b000 08:02 1048670                    /lib/x86_64-linux-gnu/libnss_files-2.26.so
7f110af4d000-7f110af53000 rw-p 00000000 00:00 0 
7f110af53000-7f110af5e000 r-xp 00000000 08:02 1048672                    /lib/x86_64-linux-gnu/libnss_nis-2.26.so
7f110af5e000-7f110b15d000 ---p 0000b000 08:02 1048672                    /lib/x86_64-linux-gnu/libnss_nis-2.26.so
7f110b15d000-7f110b15e000 r--p 0000a000 08:02 1048672                    /lib/x86_64-linux-gnu/libnss_nis-2.26.so
7f110b15e000-7f110b15f000 rw-p 0000b000 08:02 1048672                    /lib/x86_64-linux-gnu/libnss_nis-2.26.so
7f110b15f000-7f110b176000 r-xp 00000000 08:02 1048667                    /lib/x86_64-linux-gnu/libnsl-2.26.so
7f110b176000-7f110b375000 ---p 00017000 08:02 1048667                    /lib/x86_64-linux-gnu/libnsl-2.26.so
7f110b375000-7f110b376000 r--p 00016000 08:02 1048667                    /lib/x86_64-linux-gnu/libnsl-2.26.so
7f110b376000-7f110b377000 rw-p 00017000 08:02 1048667                    /lib/x86_64-linux-gnu/libnsl-2.26.so
7f110b377000-7f110b379000 rw-p 00000000 00:00 0 
7f110b379000-7f110b381000 r-xp 00000000 08:02 1048668                    /lib/x86_64-linux-gnu/libnss_compat-2.26.so
7f110b381000-7f110b580000 ---p 00008000 08:02 1048668                    /lib/x86_64-linux-gnu/libnss_compat-2.26.so
7f110b580000-7f110b581000 r--p 00007000 08:02 1048668                    /lib/x86_64-linux-gnu/libnss_compat-2.26.so
7f110b581000-7f110b582000 rw-p 00008000 08:02 1048668                    /lib/x86_64-linux-gnu/libnss_compat-2.26.so
7f110b582000-7f110b5ad000 r-xp 00000000 08:02 6829723                    /usr/lib/jvm/java-8-oracle/jre/lib/amd64/libjava.so
7f110b5ad000-7f110b7ac000 ---p 0002b000 08:02 6829723                    /usr/lib/jvm/java-8-oracle/jre/lib/amd64/libjava.so
7f110b7ac000-7f110b7ae000 rw-p 0002a000 08:02 6829723                    /usr/lib/jvm/java-8-oracle/jre/lib/amd64/libjava.so
7f110b7ae000-7f110b7bb000 r-xp 00000000 08:02 6829728                    /usr/lib/jvm/java-8-oracle/jre/lib/amd64/libverify.so
7f110b7bb000-7f110b9bb000 ---p 0000d000 08:02 6829728                    /usr/lib/jvm/java-8-oracle/jre/lib/amd64/libverify.so
7f110b9bb000-7f110b9bd000 rw-p 0000d000 08:02 6829728                    /usr/lib/jvm/java-8-oracle/jre/lib/amd64/libverify.so
7f110b9bd000-7f110b9c4000 r-xp 00000000 08:02 1053128                    /lib/x86_64-linux-gnu/librt-2.26.so
7f110b9c4000-7f110bbc3000 ---p 00007000 08:02 1053128                    /lib/x86_64-linux-gnu/librt-2.26.so
7f110bbc3000-7f110bbc4000 r--p 00006000 08:02 1053128                    /lib/x86_64-linux-gnu/librt-2.26.so
7f110bbc4000-7f110bbc5000 rw-p 00007000 08:02 1053128                    /lib/x86_64-linux-gnu/librt-2.26.so
7f110bbc5000-7f110bd1a000 r-xp 00000000 08:02 1048664                    /lib/x86_64-linux-gnu/libm-2.26.so
7f110bd1a000-7f110bf19000 ---p 00155000 08:02 1048664                    /lib/x86_64-linux-gnu/libm-2.26.so
7f110bf19000-7f110bf1a000 r--p 00154000 08:02 1048664                    /lib/x86_64-linux-gnu/libm-2.26.so
7f110bf1a000-7f110bf1b000 rw-p 00155000 08:02 1048664                    /lib/x86_64-linux-gnu/libm-2.26.so
7f110bf1b000-7f110cbf4000 r-xp 00000000 08:02 6829706                    /usr/lib/jvm/java-8-oracle/jre/lib/amd64/server/libjvm.so
7f110cbf4000-7f110cdf3000 ---p 00cd9000 08:02 6829706                    /usr/lib/jvm/java-8-oracle/jre/lib/amd64/server/libjvm.so
7f110cdf3000-7f110cecc000 rw-p 00cd8000 08:02 6829706                    /usr/lib/jvm/java-8-oracle/jre/lib/amd64/server/libjvm.so
7f110cecc000-7f110cf18000 rw-p 00000000 00:00 0 
7f110cf18000-7f110d0ee000 r-xp 00000000 08:02 1048660                    /lib/x86_64-linux-gnu/libc-2.26.so
7f110d0ee000-7f110d2ee000 ---p 001d6000 08:02 1048660                    /lib/x86_64-linux-gnu/libc-2.26.so
7f110d2ee000-7f110d2f2000 r--p 001d6000 08:02 1048660                    /lib/x86_64-linux-gnu/libc-2.26.so
7f110d2f2000-7f110d2f4000 rw-p 001da000 08:02 1048660                    /lib/x86_64-linux-gnu/libc-2.26.so
7f110d2f4000-7f110d2f8000 rw-p 00000000 00:00 0 
7f110d2f8000-7f110d2fb000 r-xp 00000000 08:02 1048663                    /lib/x86_64-linux-gnu/libdl-2.26.so
7f110d2fb000-7f110d4fa000 ---p 00003000 08:02 1048663                    /lib/x86_64-linux-gnu/libdl-2.26.so
7f110d4fa000-7f110d4fb000 r--p 00002000 08:02 1048663                    /lib/x86_64-linux-gnu/libdl-2.26.so
7f110d4fb000-7f110d4fc000 rw-p 00003000 08:02 1048663                    /lib/x86_64-linux-gnu/libdl-2.26.so
7f110d4fc000-7f110d512000 r-xp 00000000 08:02 7080220                    /usr/lib/jvm/java-8-oracle/lib/amd64/jli/libjli.so
7f110d512000-7f110d711000 ---p 00016000 08:02 7080220                    /usr/lib/jvm/java-8-oracle/lib/amd64/jli/libjli.so
7f110d711000-7f110d712000 rw-p 00015000 08:02 7080220                    /usr/lib/jvm/java-8-oracle/lib/amd64/jli/libjli.so
7f110d712000-7f110d72c000 r-xp 00000000 08:02 1053063                    /lib/x86_64-linux-gnu/libpthread-2.26.so
7f110d72c000-7f110d92b000 ---p 0001a000 08:02 1053063                    /lib/x86_64-linux-gnu/libpthread-2.26.so
7f110d92b000-7f110d92c000 r--p 00019000 08:02 1053063                    /lib/x86_64-linux-gnu/libpthread-2.26.so
7f110d92c000-7f110d92d000 rw-p 0001a000 08:02 1053063                    /lib/x86_64-linux-gnu/libpthread-2.26.so
7f110d92d000-7f110d931000 rw-p 00000000 00:00 0 
7f110d931000-7f110d958000 r-xp 00000000 08:02 1048592                    /lib/x86_64-linux-gnu/ld-2.26.so
7f110d958000-7f110d959000 r--s 00000000 08:02 2359547                    /var/cache/fontconfig/49f0de54bdd920fe4f0dfd4cbac43e6b-le64.cache-6
7f110d959000-7f110d95a000 r--s 00000000 08:02 2359593                    /var/cache/fontconfig/f6e6e0a5c3d2f6ae0c0c2e0ecd42a997-le64.cache-6
7f110d95a000-7f110d95b000 r--s 00000000 08:02 2359548                    /var/cache/fontconfig/4b2eda6bb976bda485cb2176619421d5-le64.cache-6
7f110d95b000-7f110d95c000 r--s 00008000 08:02 1316956                    /home/panns/.p2/pool/plugins/org.eclipse.fx.ide.css.jfx8_3.0.0.201705220750.jar
7f110d95c000-7f110d95d000 rw-s 00000000 00:05 129257                     /drm mm object (deleted)
7f110d95e000-7f110d963000 r--s 00084000 08:02 6829436                    /usr/lib/jvm/java-8-oracle/jre/lib/jfr.jar
7f110d963000-7f110da3b000 rw-p 00000000 00:00 0 
7f110da3b000-7f110da3e000 ---p 00000000 00:00 0 
7f110da3e000-7f110db40000 rw-p 00000000 00:00 0 
7f110db40000-7f110db41000 rw-s 00000000 00:05 128084                     /drm mm object (deleted)
7f110db41000-7f110db46000 r--s 002f9000 08:02 6829517                    /usr/lib/jvm/java-8-oracle/jre/lib/charsets.jar
7f110db46000-7f110db49000 r--s 0001a000 08:02 6829749                    /usr/lib/jvm/java-8-oracle/jre/lib/jce.jar
7f110db49000-7f110db4e000 r--s 0009d000 08:02 6829576                    /usr/lib/jvm/java-8-oracle/jre/lib/jsse.jar
7f110db4e000-7f110db56000 rw-s 00000000 08:02 6029453                    /tmp/hsperfdata_panns/8565
7f110db56000-7f110db57000 rw-p 00000000 00:00 0 
7f110db57000-7f110db58000 ---p 00000000 00:00 0 
7f110db58000-7f110db59000 r--p 00027000 08:02 1048592                    /lib/x86_64-linux-gnu/ld-2.26.so
7f110db59000-7f110db5a000 rw-p 00028000 08:02 1048592                    /lib/x86_64-linux-gnu/ld-2.26.so
7f110db5a000-7f110db5b000 rw-p 00000000 00:00 0 
7ffef79a7000-7ffef79c8000 rw-p 00000000 00:00 0                          [stack]
7ffef79db000-7ffef79de000 r--p 00000000 00:00 0                          [vvar]
7ffef79de000-7ffef79e0000 r-xp 00000000 00:00 0                          [vdso]
ffffffffff600000-ffffffffff601000 r-xp 00000000 00:00 0                  [vsyscall]

VM Arguments:
jvm_args: -Dfile.encoding=UTF-8 
java_command: brokerlite.Main
java_class_path (initial): /usr/lib/jvm/java-8-oracle/jre/lib/resources.jar:/usr/lib/jvm/java-8-oracle/jre/lib/rt.jar:/usr/lib/jvm/java-8-oracle/jre/lib/jsse.jar:/usr/lib/jvm/java-8-oracle/jre/lib/jce.jar:/usr/lib/jvm/java-8-oracle/jre/lib/charsets.jar:/usr/lib/jvm/java-8-oracle/jre/lib/jfr.jar:/usr/lib/jvm/java-8-oracle/jre/lib/ext/nashorn.jar:/usr/lib/jvm/java-8-oracle/jre/lib/ext/sunjce_provider.jar:/usr/lib/jvm/java-8-oracle/jre/lib/ext/sunec.jar:/usr/lib/jvm/java-8-oracle/jre/lib/ext/localedata.jar:/usr/lib/jvm/java-8-oracle/jre/lib/ext/sunpkcs11.jar:/usr/lib/jvm/java-8-oracle/jre/lib/ext/dnsns.jar:/usr/lib/jvm/java-8-oracle/jre/lib/ext/jfxrt.jar:/usr/lib/jvm/java-8-oracle/jre/lib/ext/zipfs.jar:/usr/lib/jvm/java-8-oracle/jre/lib/ext/jaccess.jar:/usr/lib/jvm/java-8-oracle/jre/lib/ext/cldrdata.jar:/home/panns/git/Broker-Lite/bin:/home/panns/.p2/pool/plugins/org.eclipse.fx.ide.css.jfx8_3.0.0.201705220750.jar:/home/panns/git/Broker-Lite/lib/sqlite-jdbc-3.21.0.jar:/home/panns/git/Broker-Lite/lib/jersey-bundle-1.18.jar
Launcher Type: SUN_STANDARD

Environment Variables:
PATH=/home/panns/.cargo/bin:/usr/local/sbin:/usr/local/bin:/usr/sbin:/usr/bin:/sbin:/bin:/usr/games:/usr/local/games
USERNAME=panns
SHELL=/usr/bin/zsh
DISPLAY=:0

Signal Handlers:
SIGSEGV: [libjvm.so+0xad01e0], sa_mask[0]=11111111011111111101111111111110, sa_flags=SA_RESTART|SA_SIGINFO
SIGBUS: [libjvm.so+0xad01e0], sa_mask[0]=11111111011111111101111111111110, sa_flags=SA_RESTART|SA_SIGINFO
SIGFPE: [libjvm.so+0x927fb0], sa_mask[0]=11111111011111111101111111111110, sa_flags=SA_RESTART|SA_SIGINFO
SIGPIPE: SIG_IGN, sa_mask[0]=00000000000010000000000000000000, sa_flags=SA_RESTART
SIGXFSZ: [libjvm.so+0x927fb0], sa_mask[0]=11111111011111111101111111111110, sa_flags=SA_RESTART|SA_SIGINFO
SIGILL: [libjvm.so+0x927fb0], sa_mask[0]=11111111011111111101111111111110, sa_flags=SA_RESTART|SA_SIGINFO
SIGUSR1: SIG_DFL, sa_mask[0]=00000000000000000000000000000000, sa_flags=none
SIGUSR2: [libjvm.so+0x9297f0], sa_mask[0]=00100000000000000000000000000000, sa_flags=SA_RESTART|SA_SIGINFO
SIGHUP: [libjvm.so+0x92abf0], sa_mask[0]=11111111011111111101111111111110, sa_flags=SA_RESTART|SA_SIGINFO
SIGINT: [libjvm.so+0x92abf0], sa_mask[0]=11111111011111111101111111111110, sa_flags=SA_RESTART|SA_SIGINFO
SIGTERM: [libjvm.so+0x92abf0], sa_mask[0]=11111111011111111101111111111110, sa_flags=SA_RESTART|SA_SIGINFO
SIGQUIT: [libjvm.so+0x92abf0], sa_mask[0]=11111111011111111101111111111110, sa_flags=SA_RESTART|SA_SIGINFO


---------------  S Y S T E M  ---------------

OS:DISTRIB_ID=Ubuntu
DISTRIB_RELEASE=17.10
DISTRIB_CODENAME=artful
DISTRIB_DESCRIPTION="Ubuntu 17.10"

uname:Linux 4.13.0-38-generic #43-Ubuntu SMP Wed Mar 14 15:20:44 UTC 2018 x86_64
libc:glibc 2.26 NPTL 2.26 
rlimit: STACK 8192k, CORE 0k, NPROC 13959, NOFILE 1048576, AS infinity
load average:1.70 1.97 1.43

/proc/meminfo:
MemTotal:        3884676 kB
MemFree:          129540 kB
MemAvailable:     380816 kB
Buffers:           18664 kB
Cached:           778552 kB
SwapCached:         2820 kB
Active:          2617708 kB
Inactive:         930132 kB
Active(anon):    2416300 kB
Inactive(anon):   690048 kB
Active(file):     201408 kB
Inactive(file):   240084 kB
Unevictable:          32 kB
Mlocked:              32 kB
SwapTotal:       2097148 kB
SwapFree:        2016508 kB
Dirty:              2140 kB
Writeback:             0 kB
AnonPages:       2748212 kB
Mapped:           306132 kB
Shmem:            433392 kB
Slab:              83872 kB
SReclaimable:      36564 kB
SUnreclaim:        47308 kB
KernelStack:       14272 kB
PageTables:        59052 kB
NFS_Unstable:          0 kB
Bounce:                0 kB
WritebackTmp:          0 kB
CommitLimit:     4039484 kB
Committed_AS:    8771164 kB
VmallocTotal:   34359738367 kB
VmallocUsed:           0 kB
VmallocChunk:          0 kB
HardwareCorrupted:     0 kB
AnonHugePages:         0 kB
ShmemHugePages:        0 kB
ShmemPmdMapped:        0 kB
CmaTotal:              0 kB
CmaFree:               0 kB
HugePages_Total:       0
HugePages_Free:        0
HugePages_Rsvd:        0
HugePages_Surp:        0
Hugepagesize:       2048 kB
DirectMap4k:      129912 kB
DirectMap2M:     3909632 kB
DirectMap1G:           0 kB


CPU:total 4 (initial active 4) (2 cores per cpu, 2 threads per core) family 6 model 78 stepping 3, cmov, cx8, fxsr, mmx, sse, sse2, sse3, ssse3, sse4.1, sse4.2, popcnt, avx, avx2, aes, clmul, erms, 3dnowpref, lzcnt, ht, tsc, tscinvbit, bmi1, bmi2, adx

/proc/cpuinfo:
processor	: 0
vendor_id	: GenuineIntel
cpu family	: 6
model		: 78
model name	: Intel(R) Core(TM) i5-6200U CPU @ 2.30GHz
stepping	: 3
microcode	: 0xc2
cpu MHz		: 2475.451
cache size	: 3072 KB
physical id	: 0
siblings	: 4
core id		: 0
cpu cores	: 2
apicid		: 0
initial apicid	: 0
fpu		: yes
fpu_exception	: yes
cpuid level	: 22
wp		: yes
flags		: fpu vme de pse tsc msr pae mce cx8 apic sep mtrr pge mca cmov pat pse36 clflush dts acpi mmx fxsr sse sse2 ss ht tm pbe syscall nx pdpe1gb rdtscp lm constant_tsc art arch_perfmon pebs bts rep_good nopl xtopology nonstop_tsc cpuid aperfmperf tsc_known_freq pni pclmulqdq dtes64 monitor ds_cpl vmx est tm2 ssse3 sdbg fma cx16 xtpr pdcm pcid sse4_1 sse4_2 x2apic movbe popcnt tsc_deadline_timer aes xsave avx f16c rdrand lahf_lm abm 3dnowprefetch cpuid_fault epb invpcid_single pti retpoline intel_pt rsb_ctxsw spec_ctrl tpr_shadow vnmi flexpriority ept vpid fsgsbase tsc_adjust bmi1 avx2 smep bmi2 erms invpcid mpx rdseed adx smap clflushopt xsaveopt xsavec xgetbv1 xsaves dtherm ida arat pln pts hwp hwp_notify hwp_act_window hwp_epp
bugs		: cpu_meltdown spectre_v1 spectre_v2
bogomips	: 4800.00
clflush size	: 64
cache_alignment	: 64
address sizes	: 39 bits physical, 48 bits virtual
power management:

processor	: 1
vendor_id	: GenuineIntel
cpu family	: 6
model		: 78
model name	: Intel(R) Core(TM) i5-6200U CPU @ 2.30GHz
stepping	: 3
microcode	: 0xc2
cpu MHz		: 2352.748
cache size	: 3072 KB
physical id	: 0
siblings	: 4
core id		: 1
cpu cores	: 2
apicid		: 2
initial apicid	: 2
fpu		: yes
fpu_exception	: yes
cpuid level	: 22
wp		: yes
flags		: fpu vme de pse tsc msr pae mce cx8 apic sep mtrr pge mca cmov pat pse36 clflush dts acpi mmx fxsr sse sse2 ss ht tm pbe syscall nx pdpe1gb rdtscp lm constant_tsc art arch_perfmon pebs bts rep_good nopl xtopology nonstop_tsc cpuid aperfmperf tsc_known_freq pni pclmulqdq dtes64 monitor ds_cpl vmx est tm2 ssse3 sdbg fma cx16 xtpr pdcm pcid sse4_1 sse4_2 x2apic movbe popcnt tsc_deadline_timer aes xsave avx f16c rdrand lahf_lm abm 3dnowprefetch cpuid_fault epb invpcid_single pti retpoline intel_pt rsb_ctxsw spec_ctrl tpr_shadow vnmi flexpriority ept vpid fsgsbase tsc_adjust bmi1 avx2 smep bmi2 erms invpcid mpx rdseed adx smap clflushopt xsaveopt xsavec xgetbv1 xsaves dtherm ida arat pln pts hwp hwp_notify hwp_act_window hwp_epp
bugs		: cpu_meltdown spectre_v1 spectre_v2
bogomips	: 4800.00
clflush size	: 64
cache_alignment	: 64
address sizes	: 39 bits physical, 48 bits virtual
power management:

processor	: 2
vendor_id	: GenuineIntel
cpu family	: 6
model		: 78
model name	: Intel(R) Core(TM) i5-6200U CPU @ 2.30GHz
stepping	: 3
microcode	: 0xc2
cpu MHz		: 2660.311
cache size	: 3072 KB
physical id	: 0
siblings	: 4
core id		: 0
cpu cores	: 2
apicid		: 1
initial apicid	: 1
fpu		: yes
fpu_exception	: yes
cpuid level	: 22
wp		: yes
flags		: fpu vme de pse tsc msr pae mce cx8 apic sep mtrr pge mca cmov pat pse36 clflush dts acpi mmx fxsr sse sse2 ss ht tm pbe syscall nx pdpe1gb rdtscp lm constant_tsc art arch_perfmon pebs bts rep_good nopl xtopology nonstop_tsc cpuid aperfmperf tsc_known_freq pni pclmulqdq dtes64 monitor ds_cpl vmx est tm2 ssse3 sdbg fma cx16 xtpr pdcm pcid sse4_1 sse4_2 x2apic movbe popcnt tsc_deadline_timer aes xsave avx f16c rdrand lahf_lm abm 3dnowprefetch cpuid_fault epb invpcid_single pti retpoline intel_pt rsb_ctxsw spec_ctrl tpr_shadow vnmi flexpriority ept vpid fsgsbase tsc_adjust bmi1 avx2 smep bmi2 erms invpcid mpx rdseed adx smap clflushopt xsaveopt xsavec xgetbv1 xsaves dtherm ida arat pln pts hwp hwp_notify hwp_act_window hwp_epp
bugs		: cpu_meltdown spectre_v1 spectre_v2
bogomips	: 4800.00
clflush size	: 64
cache_alignment	: 64
address sizes	: 39 bits physical, 48 bits virtual
power management:

processor	: 3
vendor_id	: GenuineIntel
cpu family	: 6
model		: 78
model name	: Intel(R) Core(TM) i5-6200U CPU @ 2.30GHz
stepping	: 3
microcode	: 0xc2
cpu MHz		: 2610.927
cache size	: 3072 KB
physical id	: 0
siblings	: 4
core id		: 1
cpu cores	: 2
apicid		: 3
initial apicid	: 3
fpu		: yes
fpu_exception	: yes
cpuid level	: 22
wp		: yes
flags		: fpu vme de pse tsc msr pae mce cx8 apic sep mtrr pge mca cmov pat pse36 clflush dts acpi mmx fxsr sse sse2 ss ht tm pbe syscall nx pdpe1gb rdtscp lm constant_tsc art arch_perfmon pebs bts rep_good nopl xtopology nonstop_tsc cpuid aperfmperf tsc_known_freq pni pclmulqdq dtes64 monitor ds_cpl vmx est tm2 ssse3 sdbg fma cx16 xtpr pdcm pcid sse4_1 sse4_2 x2apic movbe popcnt tsc_deadline_timer aes xsave avx f16c rdrand lahf_lm abm 3dnowprefetch cpuid_fault epb invpcid_single pti retpoline intel_pt rsb_ctxsw spec_ctrl tpr_shadow vnmi flexpriority ept vpid fsgsbase tsc_adjust bmi1 avx2 smep bmi2 erms invpcid mpx rdseed adx smap clflushopt xsaveopt xsavec xgetbv1 xsaves dtherm ida arat pln pts hwp hwp_notify hwp_act_window hwp_epp
bugs		: cpu_meltdown spectre_v1 spectre_v2
bogomips	: 4800.00
clflush size	: 64
cache_alignment	: 64
address sizes	: 39 bits physical, 48 bits virtual
power management:



Memory: 4k page, physical 3884676k(129044k free), swap 2097148k(2016508k free)

vm_info: Java HotSpot(TM) 64-Bit Server VM (25.161-b12) for linux-amd64 JRE (1.8.0_161-b12), built on Dec 19 2017 16:12:43 by "java_re" with gcc 4.3.0 20080428 (Red Hat 4.3.0-8)

time: Tue Apr 17 21:19:00 2018
elapsed time: 7 seconds (0d 0h 0m 7s)

