#
# A fatal error has been detected by the Java Runtime Environment:
#
#  SIGSEGV (0xb) at pc=0x00007fb49f240788, pid=4035, tid=0x00007fb441d5e700
#
# JRE version: Java(TM) SE Runtime Environment (8.0_161-b12) (build 1.8.0_161-b12)
# Java VM: Java HotSpot(TM) 64-Bit Server VM (25.161-b12 mixed mode linux-amd64 compressed oops)
# Problematic frame:
# V  [libjvm.so+0x6d7788]  jni_invoke_nonstatic(JNIEnv_*, JavaValue*, _jobject*, JNICallType, _jmethodID*, JNI_ArgumentPusher*, Thread*)+0x38
#
# Failed to write core dump. Core dumps have been disabled. To enable core dumping, try "ulimit -c unlimited" before starting Java again
#
# If you would like to submit a bug report, please visit:
#   http://bugreport.java.com/bugreport/crash.jsp
#

---------------  T H R E A D  ---------------

Current thread (0x00007fb4982a4800):  JavaThread "JavaFX Application Thread" [_thread_in_vm, id=4057, stack(0x00007fb441c5e000,0x00007fb441d5f000)]

siginfo: si_signo: 11 (SIGSEGV), si_code: 128 (SI_KERNEL), si_addr: 0x0000000000000000

Registers:
RAX=0x00007fb441d5d270, RBX=0x00007fb441d5d180, RCX=0x0000000000000001, RDX=0x7379536573557369
RSP=0x00007fb441d5cfd0, RBP=0x00007fb441d5d150, RSI=0x00007fb441d5d1e0, RDI=0x00007fb4982a49f8
R8 =0x00007fb4981fa3d8, R9 =0x00007fb441d5d180, R10=0x00007fb434000d10, R11=0x00007fb48947c920
R12=0x00007fb4982a4800, R13=0x00007fb4981fa3d8, R14=0x0000000000000001, R15=0x00007fb4982a49f8
RIP=0x00007fb49f240788, EFLAGS=0x0000000000010206, CSGSFS=0x002b000000000033, ERR=0x0000000000000000
  TRAPNO=0x000000000000000d

Top of Stack: (sp=0x00007fb441d5cfd0)
0x00007fb441d5cfd0:   00007fb441d5d6d0 00007fb441d5d2f0
0x00007fb441d5cfe0:   00007fb441d5d030 00007fb441d5d0b0
0x00007fb441d5cff0:   00007fb441d5d180 00007fb441d5d1e0
0x00007fb441d5d000:   00007fb4982a49f8 00007fb49f260290
0x00007fb441d5d010:   00007fb464011cb0 00007fb464011cc0
0x00007fb441d5d020:   00007fb464012098 00000000000003d8
0x00007fb441d5d030:   0000000000000000 00000000ed5104e0
0x00007fb441d5d040:   00007fb40000006f 00007fb40000000a
0x00007fb441d5d050:   00000000ecc9e1e8 0000000000000000
0x00007fb441d5d060:   0000000000000000 0000000000000000
0x00007fb441d5d070:   00007fb49c7a5c30 0000000100000100
0x00007fb441d5d080:   0000000000000000 00007fb441d5d038
0x00007fb441d5d090:   00007fb441d5d079 0000000800000005
0x00007fb441d5d0a0:   00007fb441d5d000 00007fb4982a5040
0x00007fb441d5d0b0:   00007fb49fad3e70 00007fb4a05fa720
0x00007fb441d5d0c0:   00000000982a4fc0 00007fb4982a4800
0x00007fb441d5d0d0:   0000000000000000 00007fb49f240b5b
0x00007fb441d5d0e0:   00007fb49c7afe90 00007fb4982a4800
0x00007fb441d5d0f0:   00007fb49c7afe90 00007fb4982a4800
0x00007fb441d5d100:   00007fb441d5d290 00007fb49c7afe90
0x00007fb441d5d110:   00007fb49c7afe90 00007fb49c7afe90
0x00007fb441d5d120:   00007fb464011cb0 00007fb441d5d180
0x00007fb441d5d130:   00007fb4982a4800 00007fb441d5d1c0
0x00007fb441d5d140:   00007fb4981fa3d8 00007fb4982a49f8
0x00007fb441d5d150:   00007fb441d5d240 00007fb49f244f2f
0x00007fb441d5d160:   00007fb4982a4800 00007fb484adb4d4
0x00007fb441d5d170:   00007fb441d5d258 7379536573557369
0x00007fb441d5d180:   00007fb49fad4af0 00007fb4a05fa720
0x00007fb441d5d190:   0000000000000000 00007fb400000063
0x00007fb441d5d1a0:   0000000000000000 0000003000000018
0x00007fb441d5d1b0:   00007fb441d5d330 00007fb441d5d270
0x00007fb441d5d1c0:   00007fb4982a4800 0000000000000000 

Instructions: (pc=0x00007fb49f240788)
0x00007fb49f240768:   00 00 48 85 d2 48 89 bd b0 fe ff ff 48 89 b5 a8
0x00007fb49f240778:   fe ff ff 4c 89 8d a0 fe ff ff 0f 84 78 09 00 00
0x00007fb49f240788:   4c 8b 22 4d 85 e4 0f 84 6c 09 00 00 48 8b 45 10
0x00007fb49f240798:   48 8b 98 38 01 00 00 48 83 7b 18 f7 0f 87 16 07 

Register to memory mapping:

RAX=0x00007fb441d5d270 is pointing into the stack for thread: 0x00007fb4982a4800
RBX=0x00007fb441d5d180 is pointing into the stack for thread: 0x00007fb4982a4800
RCX=0x0000000000000001 is an unknown value
RDX=0x7379536573557369 is an unknown value
RSP=0x00007fb441d5cfd0 is pointing into the stack for thread: 0x00007fb4982a4800
RBP=0x00007fb441d5d150 is pointing into the stack for thread: 0x00007fb4982a4800
RSI=0x00007fb441d5d1e0 is pointing into the stack for thread: 0x00007fb4982a4800
RDI=0x00007fb4982a49f8 is an unknown value
R8 =0x00007fb4981fa3d8 is an unknown value
R9 =0x00007fb441d5d180 is pointing into the stack for thread: 0x00007fb4982a4800
R10=0x00007fb434000d10 is an unknown value
R11=0x00007fb48947c920 is at entry_point+32 in (nmethod*)0x00007fb48947c790
R12=0x00007fb4982a4800 is a thread
R13=0x00007fb4981fa3d8 is an unknown value
R14=0x0000000000000001 is an unknown value
R15=0x00007fb4982a49f8 is an unknown value


Stack: [0x00007fb441c5e000,0x00007fb441d5f000],  sp=0x00007fb441d5cfd0,  free space=1019k
Native frames: (J=compiled Java code, j=interpreted, Vv=VM code, C=native code)
V  [libjvm.so+0x6d7788]  jni_invoke_nonstatic(JNIEnv_*, JavaValue*, _jobject*, JNICallType, _jmethodID*, JNI_ArgumentPusher*, Thread*)+0x38
V  [libjvm.so+0x6dbf2f]  jni_CallVoidMethodV+0x10f
C  [libglass.so+0x18641]  JNIEnv_::CallVoidMethod(_jobject*, _jmethodID*, ...)+0x81
C  [libglass.so+0x14f0f]  WindowContextBase::process_key(_GdkEventKey*)+0x20f
C  [libglass.so+0x19f60]  WindowContextBase::im_filter_keypress(_GdkEventKey*)+0x1c0
C  [libglass.so+0x1a91c]  process_events(_GdkEvent*, void*)+0x22c
C  [libgdk-x11-2.0.so.0+0x5af0c]

Java frames: (J=compiled Java code, j=interpreted, Vv=VM code)
j  com.sun.glass.ui.gtk.GtkApplication._runLoop(Ljava/lang/Runnable;Z)V+0
j  com.sun.glass.ui.gtk.GtkApplication.lambda$null$48(Ljava/lang/Runnable;Z)V+7
j  com.sun.glass.ui.gtk.GtkApplication$$Lambda$41.run()V+12
j  java.lang.Thread.run()V+11
v  ~StubRoutines::call_stub

---------------  P R O C E S S  ---------------

Java Threads: ( => current thread )
  0x00007fb43431a800 JavaThread "Prism Font Disposer" daemon [_thread_blocked, id=4059, stack(0x00007fb440618000,0x00007fb440719000)]
  0x00007fb4982a7800 JavaThread "JavaFX-Launcher" [_thread_blocked, id=4058, stack(0x00007fb441b5d000,0x00007fb441c5e000)]
=>0x00007fb4982a4800 JavaThread "JavaFX Application Thread" [_thread_in_vm, id=4057, stack(0x00007fb441c5e000,0x00007fb441d5f000)]
  0x00007fb4982a1800 JavaThread "Thread-1" daemon [_thread_blocked, id=4056, stack(0x00007fb441d5f000,0x00007fb441e60000)]
  0x00007fb4981de800 JavaThread "QuantumRenderer-0" daemon [_thread_blocked, id=4055, stack(0x00007fb485562000,0x00007fb485663000)]
  0x00007fb4980dc800 JavaThread "Service Thread" daemon [_thread_blocked, id=4053, stack(0x00007fb4857fa000,0x00007fb4858fb000)]
  0x00007fb4980bf000 JavaThread "C1 CompilerThread2" daemon [_thread_blocked, id=4052, stack(0x00007fb4858fb000,0x00007fb4859fc000)]
  0x00007fb4980bd800 JavaThread "C2 CompilerThread1" daemon [_thread_blocked, id=4051, stack(0x00007fb4859fc000,0x00007fb485afd000)]
  0x00007fb4980ba800 JavaThread "C2 CompilerThread0" daemon [_thread_in_native, id=4050, stack(0x00007fb485afd000,0x00007fb485bfe000)]
  0x00007fb4980b9000 JavaThread "Signal Dispatcher" daemon [_thread_blocked, id=4049, stack(0x00007fb485bfe000,0x00007fb485cff000)]
  0x00007fb498085800 JavaThread "Finalizer" daemon [_thread_blocked, id=4048, stack(0x00007fb485fdb000,0x00007fb4860dc000)]
  0x00007fb498081000 JavaThread "Reference Handler" daemon [_thread_blocked, id=4047, stack(0x00007fb4860dc000,0x00007fb4861dd000)]
  0x00007fb49800b800 JavaThread "main" [_thread_blocked, id=4041, stack(0x00007fb4a068a000,0x00007fb4a078b000)]

Other Threads:
  0x00007fb498079800 VMThread [stack: 0x00007fb4861dd000,0x00007fb4862de000] [id=4046]
  0x00007fb4980e1000 WatcherThread [stack: 0x00007fb4856f9000,0x00007fb4857fa000] [id=4054]

VM state:not at safepoint (normal execution)

VM Mutex/Monitor currently owned by a thread: None

Heap:
 PSYoungGen      total 17920K, used 5895K [0x00000000ec380000, 0x00000000ee680000, 0x0000000100000000)
  eden space 15360K, 21% used [0x00000000ec380000,0x00000000ec6c9d38,0x00000000ed280000)
  from space 2560K, 98% used [0x00000000ed280000,0x00000000ed4f8038,0x00000000ed500000)
  to   space 2560K, 0% used [0x00000000ee400000,0x00000000ee400000,0x00000000ee680000)
 ParOldGen       total 40960K, used 7465K [0x00000000c4a00000, 0x00000000c7200000, 0x00000000ec380000)
  object space 40960K, 18% used [0x00000000c4a00000,0x00000000c514a6c0,0x00000000c7200000)
 Metaspace       used 19252K, capacity 20220K, committed 20480K, reserved 1067008K
  class space    used 2811K, capacity 3025K, committed 3072K, reserved 1048576K

Card table byte_map: [0x00007fb49d1d7000,0x00007fb49d3b3000] byte_map_base: 0x00007fb49cbb2000

Marking Bits: (ParMarkBitMap*) 0x00007fb49fb38920
 Begin Bits: [0x00007fb487250000, 0x00007fb488128000)
 End Bits:   [0x00007fb488128000, 0x00007fb489000000)

Polling page: 0x00007fb4a07a5000

CodeCache: size=245760Kb used=5856Kb max_used=5865Kb free=239903Kb
 bounds [0x00007fb489000000, 0x00007fb4895c0000, 0x00007fb498000000]
 total_blobs=2591 nmethods=1925 adapters=579
 compilation: enabled

Compilation events (10 events):
Event: 11.049 Thread 0x00007fb4980bf000 nmethod 1925 0x00007fb4895b2990 code [0x00007fb4895b2b40, 0x00007fb4895b2f78]
Event: 11.049 Thread 0x00007fb4980bf000 1926       3       jdk.internal.org.objectweb.asm.MethodWriter::visitTypeInsn (110 bytes)
Event: 11.050 Thread 0x00007fb4980bd800 nmethod 1875 0x00007fb4895b9bd0 code [0x00007fb4895b9d80, 0x00007fb4895ba328]
Event: 11.050 Thread 0x00007fb4980bd800 1923       4       com.sun.javafx.css.parser.CSSLexer$$Lambda$113/2007091379::recognize (5 bytes)
Event: 11.050 Thread 0x00007fb4980bf000 nmethod 1926 0x00007fb4895b2190 code [0x00007fb4895b2340, 0x00007fb4895b2768]
Event: 11.050 Thread 0x00007fb4980bd800 nmethod 1923 0x00007fb4895a6a90 code [0x00007fb4895a6be0, 0x00007fb4895a6c58]
Event: 11.050 Thread 0x00007fb4980bd800 1898       4       java.lang.StringBuilder::<init> (7 bytes)
Event: 11.051 Thread 0x00007fb4980bd800 nmethod 1898 0x00007fb4895b98d0 code [0x00007fb4895b9a20, 0x00007fb4895b9b18]
Event: 11.051 Thread 0x00007fb4980bd800 1867       4       java.lang.Math::ceil (5 bytes)
Event: 11.053 Thread 0x00007fb4980bd800 nmethod 1867 0x00007fb4895b8f10 code [0x00007fb4895b9080, 0x00007fb4895b9158]

GC Heap History (6 events):
Event: 0.948 GC heap before
{Heap before GC invocations=1 (full 0):
 PSYoungGen      total 17920K, used 15360K [0x00000000ec380000, 0x00000000ed780000, 0x0000000100000000)
  eden space 15360K, 100% used [0x00000000ec380000,0x00000000ed280000,0x00000000ed280000)
  from space 2560K, 0% used [0x00000000ed500000,0x00000000ed500000,0x00000000ed780000)
  to   space 2560K, 0% used [0x00000000ed280000,0x00000000ed280000,0x00000000ed500000)
 ParOldGen       total 40960K, used 0K [0x00000000c4a00000, 0x00000000c7200000, 0x00000000ec380000)
  object space 40960K, 0% used [0x00000000c4a00000,0x00000000c4a00000,0x00000000c7200000)
 Metaspace       used 10547K, capacity 10974K, committed 11136K, reserved 1058816K
  class space    used 1290K, capacity 1399K, committed 1408K, reserved 1048576K
Event: 0.953 GC heap after
Heap after GC invocations=1 (full 0):
 PSYoungGen      total 17920K, used 2528K [0x00000000ec380000, 0x00000000ed780000, 0x0000000100000000)
  eden space 15360K, 0% used [0x00000000ec380000,0x00000000ec380000,0x00000000ed280000)
  from space 2560K, 98% used [0x00000000ed280000,0x00000000ed4f8050,0x00000000ed500000)
  to   space 2560K, 0% used [0x00000000ed500000,0x00000000ed500000,0x00000000ed780000)
 ParOldGen       total 40960K, used 296K [0x00000000c4a00000, 0x00000000c7200000, 0x00000000ec380000)
  object space 40960K, 0% used [0x00000000c4a00000,0x00000000c4a4a080,0x00000000c7200000)
 Metaspace       used 10547K, capacity 10974K, committed 11136K, reserved 1058816K
  class space    used 1290K, capacity 1399K, committed 1408K, reserved 1048576K
}
Event: 1.377 GC heap before
{Heap before GC invocations=2 (full 0):
 PSYoungGen      total 17920K, used 17888K [0x00000000ec380000, 0x00000000ed780000, 0x0000000100000000)
  eden space 15360K, 100% used [0x00000000ec380000,0x00000000ed280000,0x00000000ed280000)
  from space 2560K, 98% used [0x00000000ed280000,0x00000000ed4f8050,0x00000000ed500000)
  to   space 2560K, 0% used [0x00000000ed500000,0x00000000ed500000,0x00000000ed780000)
 ParOldGen       total 40960K, used 296K [0x00000000c4a00000, 0x00000000c7200000, 0x00000000ec380000)
  object space 40960K, 0% used [0x00000000c4a00000,0x00000000c4a4a080,0x00000000c7200000)
 Metaspace       used 14426K, capacity 15012K, committed 15232K, reserved 1062912K
  class space    used 1932K, capacity 2099K, committed 2176K, reserved 1048576K
Event: 1.393 GC heap after
Heap after GC invocations=2 (full 0):
 PSYoungGen      total 17920K, used 2528K [0x00000000ec380000, 0x00000000ee680000, 0x0000000100000000)
  eden space 15360K, 0% used [0x00000000ec380000,0x00000000ec380000,0x00000000ed280000)
  from space 2560K, 98% used [0x00000000ed500000,0x00000000ed778040,0x00000000ed780000)
  to   space 2560K, 0% used [0x00000000ed280000,0x00000000ed280000,0x00000000ed500000)
 ParOldGen       total 40960K, used 4681K [0x00000000c4a00000, 0x00000000c7200000, 0x00000000ec380000)
  object space 40960K, 11% used [0x00000000c4a00000,0x00000000c4e925b8,0x00000000c7200000)
 Metaspace       used 14426K, capacity 15012K, committed 15232K, reserved 1062912K
  class space    used 1932K, capacity 2099K, committed 2176K, reserved 1048576K
}
Event: 10.734 GC heap before
{Heap before GC invocations=3 (full 0):
 PSYoungGen      total 17920K, used 17888K [0x00000000ec380000, 0x00000000ee680000, 0x0000000100000000)
  eden space 15360K, 100% used [0x00000000ec380000,0x00000000ed280000,0x00000000ed280000)
  from space 2560K, 98% used [0x00000000ed500000,0x00000000ed778040,0x00000000ed780000)
  to   space 2560K, 0% used [0x00000000ed280000,0x00000000ed280000,0x00000000ed500000)
 ParOldGen       total 40960K, used 4681K [0x00000000c4a00000, 0x00000000c7200000, 0x00000000ec380000)
  object space 40960K, 11% used [0x00000000c4a00000,0x00000000c4e925b8,0x00000000c7200000)
 Metaspace       used 18664K, capacity 19628K, committed 19968K, reserved 1067008K
  class space    used 2718K, capacity 2947K, committed 3072K, reserved 1048576K
Event: 10.762 GC heap after
Heap after GC invocations=3 (full 0):
 PSYoungGen      total 17920K, used 2528K [0x00000000ec380000, 0x00000000ee680000, 0x0000000100000000)
  eden space 15360K, 0% used [0x00000000ec380000,0x00000000ec380000,0x00000000ed280000)
  from space 2560K, 98% used [0x00000000ed280000,0x00000000ed4f8038,0x00000000ed500000)
  to   space 2560K, 0% used [0x00000000ee400000,0x00000000ee400000,0x00000000ee680000)
 ParOldGen       total 40960K, used 7465K [0x00000000c4a00000, 0x00000000c7200000, 0x00000000ec380000)
  object space 40960K, 18% used [0x00000000c4a00000,0x00000000c514a6c0,0x00000000c7200000)
 Metaspace       used 18664K, capacity 19628K, committed 19968K, reserved 1067008K
  class space    used 2718K, capacity 2947K, committed 3072K, reserved 1048576K
}

Deoptimization events (10 events):
Event: 1.342 Thread 0x00007fb4982a4800 Uncommon trap: reason=speculate_class_check action=maybe_recompile pc=0x00007fb48935620c method=com.sun.javafx.css.BitSet.containsAll(Ljava/util/Collection;)Z @ 18
Event: 1.342 Thread 0x00007fb4982a4800 Uncommon trap: reason=speculate_class_check action=maybe_recompile pc=0x00007fb48935620c method=com.sun.javafx.css.BitSet.containsAll(Ljava/util/Collection;)Z @ 18
Event: 1.343 Thread 0x00007fb4982a4800 Uncommon trap: reason=class_check action=maybe_recompile pc=0x00007fb4891167e0 method=java.lang.String.equals(Ljava/lang/Object;)Z @ 8
Event: 1.530 Thread 0x00007fb4982a4800 Uncommon trap: reason=bimorphic action=maybe_recompile pc=0x00007fb48938c508 method=java.io.DataInputStream.readByte()B @ 4
Event: 1.530 Thread 0x00007fb4982a4800 Uncommon trap: reason=bimorphic action=maybe_recompile pc=0x00007fb48938c508 method=java.io.DataInputStream.readByte()B @ 4
Event: 1.530 Thread 0x00007fb4982a4800 Uncommon trap: reason=bimorphic action=maybe_recompile pc=0x00007fb48938c508 method=java.io.DataInputStream.readByte()B @ 4
Event: 1.530 Thread 0x00007fb4982a4800 Uncommon trap: reason=bimorphic action=maybe_recompile pc=0x00007fb48938c508 method=java.io.DataInputStream.readByte()B @ 4
Event: 9.110 Thread 0x00007fb4982a4800 Uncommon trap: reason=unstable_if action=reinterpret pc=0x00007fb4893332a4 method=jdk.internal.org.objectweb.asm.Type.getArgumentsAndReturnSizes(Ljava/lang/String;)I @ 47
Event: 9.900 Thread 0x00007fb4982a4800 Uncommon trap: reason=unstable_if action=reinterpret pc=0x00007fb4892328a0 method=java.lang.CharacterData.of(I)Ljava/lang/CharacterData; @ 4
Event: 10.574 Thread 0x00007fb4982a4800 Uncommon trap: reason=unstable_if action=reinterpret pc=0x00007fb4894614f8 method=java.lang.StrictMath.floorOrCeil(DDDD)D @ 38

Classes redefined (0 events):
No events

Internal exceptions (10 events):
Event: 1.182 Thread 0x00007fb4982a4800 Exception <a 'java/lang/ArrayIndexOutOfBoundsException'> (0x00000000ec9782d0) thrown at [/HUDSON/workspace/8-2-build-linux-amd64/jdk8u161/10277/hotspot/src/share/vm/runtime/sharedRuntime.cpp, line 605]
Event: 1.183 Thread 0x00007fb4982a4800 Exception <a 'java/lang/ArrayIndexOutOfBoundsException'> (0x00000000ec978fd0) thrown at [/HUDSON/workspace/8-2-build-linux-amd64/jdk8u161/10277/hotspot/src/share/vm/runtime/sharedRuntime.cpp, line 605]
Event: 1.183 Thread 0x00007fb4982a4800 Exception <a 'java/lang/ArrayIndexOutOfBoundsException'> (0x00000000ec97a378) thrown at [/HUDSON/workspace/8-2-build-linux-amd64/jdk8u161/10277/hotspot/src/share/vm/runtime/sharedRuntime.cpp, line 605]
Event: 1.219 Thread 0x00007fb4982a4800 Exception <a 'java/lang/ArrayIndexOutOfBoundsException'> (0x00000000ecb463d8) thrown at [/HUDSON/workspace/8-2-build-linux-amd64/jdk8u161/10277/hotspot/src/share/vm/runtime/sharedRuntime.cpp, line 605]
Event: 1.241 Thread 0x00007fb4982a4800 Implicit null exception at 0x00007fb4893041f5 to 0x00007fb489304419
Event: 1.259 Thread 0x00007fb4982a4800 Exception <a 'java/io/FileNotFoundException'> (0x00000000eccffa90) thrown at [/HUDSON/workspace/8-2-build-linux-amd64/jdk8u161/10277/hotspot/src/share/vm/prims/jni.cpp, line 709]
Event: 10.508 Thread 0x00007fb4982a4800 Exception <a 'java/lang/ArrayIndexOutOfBoundsException'> (0x00000000ecd874b0) thrown at [/HUDSON/workspace/8-2-build-linux-amd64/jdk8u161/10277/hotspot/src/share/vm/runtime/sharedRuntime.cpp, line 605]
Event: 10.508 Thread 0x00007fb4982a4800 Exception <a 'java/lang/ArrayIndexOutOfBoundsException'> (0x00000000ecd8b1b0) thrown at [/HUDSON/workspace/8-2-build-linux-amd64/jdk8u161/10277/hotspot/src/share/vm/runtime/sharedRuntime.cpp, line 605]
Event: 10.575 Thread 0x00007fb4982a4800 Exception <a 'java/io/FileNotFoundException'> (0x00000000ecfc5f20) thrown at [/HUDSON/workspace/8-2-build-linux-amd64/jdk8u161/10277/hotspot/src/share/vm/prims/jni.cpp, line 709]
Event: 11.039 Thread 0x00007fb4982a4800 Exception <a 'java/io/FileNotFoundException'> (0x00000000ec637850) thrown at [/HUDSON/workspace/8-2-build-linux-amd64/jdk8u161/10277/hotspot/src/share/vm/prims/jni.cpp, line 709]

Events (10 events):
Event: 11.057 loading class com/sun/scenario/animation/shared/InterpolationInterval$IntegerInterpolationInterval
Event: 11.057 loading class com/sun/scenario/animation/shared/InterpolationInterval$IntegerInterpolationInterval done
Event: 11.057 loading class com/sun/scenario/animation/shared/InterpolationInterval$TangentLongInterpolationInterval
Event: 11.057 loading class com/sun/scenario/animation/shared/InterpolationInterval$TangentLongInterpolationInterval done
Event: 11.057 loading class com/sun/scenario/animation/shared/InterpolationInterval$LongInterpolationInterval
Event: 11.057 loading class com/sun/scenario/animation/shared/InterpolationInterval$LongInterpolationInterval done
Event: 11.057 loading class com/sun/scenario/animation/shared/InterpolationInterval$ObjectInterpolationInterval
Event: 11.057 loading class com/sun/scenario/animation/shared/InterpolationInterval$ObjectInterpolationInterval done
Event: 11.058 loading class com/sun/scenario/animation/shared/InterpolationInterval$1
Event: 11.058 loading class com/sun/scenario/animation/shared/InterpolationInterval$1 done


Dynamic libraries:
00400000-00401000 r-xp 00000000 08:02 6829286                            /usr/lib/jvm/java-8-oracle/bin/java
00600000-00601000 rw-p 00000000 08:02 6829286                            /usr/lib/jvm/java-8-oracle/bin/java
011f0000-01211000 rw-p 00000000 00:00 0                                  [heap]
c4a00000-c7200000 rw-p 00000000 00:00 0 
c7200000-ec380000 ---p 00000000 00:00 0 
ec380000-ee680000 rw-p 00000000 00:00 0 
ee680000-100000000 ---p 00000000 00:00 0 
100000000-100300000 rw-p 00000000 00:00 0 
100300000-140000000 ---p 00000000 00:00 0 
7fb42c000000-7fb42c021000 rw-p 00000000 00:00 0 
7fb42c021000-7fb430000000 ---p 00000000 00:00 0 
7fb433640000-7fb433740000 rw-p 00000000 00:00 0 
7fb433740000-7fb433840000 ---p 00000000 00:00 0 
7fb433840000-7fb433a00000 rw-s 10641a000 00:06 328                       /dev/dri/card0
7fb433a00000-7fb434000000 rw-s 108c9a000 00:06 328                       /dev/dri/card0
7fb434000000-7fb434712000 rw-p 00000000 00:00 0 
7fb434712000-7fb438000000 ---p 00000000 00:00 0 
7fb438000000-7fb438021000 rw-p 00000000 00:00 0 
7fb438021000-7fb43c000000 ---p 00000000 00:00 0 
7fb43c000000-7fb43c021000 rw-p 00000000 00:00 0 
7fb43c021000-7fb440000000 ---p 00000000 00:00 0 
7fb44013a000-7fb44013c000 rw-s 00000000 00:05 93476                      /drm mm object (deleted)
7fb44013c000-7fb440144000 rw-s 00000000 00:05 91433                      /drm mm object (deleted)
7fb440144000-7fb440154000 rw-s 00000000 00:05 91426                      /drm mm object (deleted)
7fb440154000-7fb4401b4000 rw-s 00000000 00:05 92764                      /drm mm object (deleted)
7fb4401b4000-7fb4401c2000 rw-s 00000000 00:05 92762                      /drm mm object (deleted)
7fb4401c2000-7fb440382000 rw-s 00000000 00:05 92751                      /drm mm object (deleted)
7fb440382000-7fb440384000 rw-s 00000000 00:05 91438                      /drm mm object (deleted)
7fb440384000-7fb44038c000 rw-s 00000000 00:05 92801                      /drm mm object (deleted)
7fb44038c000-7fb44038e000 rw-s 00000000 00:05 92800                      /drm mm object (deleted)
7fb44038e000-7fb440390000 rw-s 00000000 00:05 92799                      /drm mm object (deleted)
7fb440390000-7fb440398000 rw-s 00000000 00:05 92792                      /drm mm object (deleted)
7fb440398000-7fb4403a8000 rw-s 00000000 00:05 90997                      /drm mm object (deleted)
7fb4403a8000-7fb4403ac000 rw-s 00000000 00:05 93446                      /drm mm object (deleted)
7fb4403ac000-7fb4403b8000 rw-s 00000000 00:05 92697                      /drm mm object (deleted)
7fb4403b8000-7fb440418000 rw-s 00000000 00:05 1277971                    /SYSV00000000 (deleted)
7fb440418000-7fb440618000 rw-p 00000000 00:00 0 
7fb440618000-7fb44061b000 ---p 00000000 00:00 0 
7fb44061b000-7fb440719000 rw-p 00000000 00:00 0 
7fb440719000-7fb4407d2000 r--p 00000000 08:02 264212                     /usr/share/fonts/truetype/dejavu/DejaVuSans.ttf
7fb4407d2000-7fb440808000 r-xp 00000000 08:02 6829730                    /usr/lib/jvm/java-8-oracle/jre/lib/amd64/libjavafx_iio.so
7fb440808000-7fb440a07000 ---p 00036000 08:02 6829730                    /usr/lib/jvm/java-8-oracle/jre/lib/amd64/libjavafx_iio.so
7fb440a07000-7fb440a08000 rw-p 00035000 08:02 6829730                    /usr/lib/jvm/java-8-oracle/jre/lib/amd64/libjavafx_iio.so
7fb440a08000-7fb440a0d000 r--s 00084000 08:02 6829436                    /usr/lib/jvm/java-8-oracle/jre/lib/jfr.jar
7fb440a0d000-7fb440c0d000 rw-p 00000000 00:00 0 
7fb440c0d000-7fb440c21000 r--p 00000000 08:02 6829448                    /usr/lib/jvm/java-8-oracle/jre/lib/fonts/LucidaBrightItalic.ttf
7fb440c21000-7fb440c34000 r--p 00000000 08:02 6829453                    /usr/lib/jvm/java-8-oracle/jre/lib/fonts/LucidaBrightDemiItalic.ttf
7fb440c34000-7fb440c6e000 r--p 00000000 08:02 6829455                    /usr/lib/jvm/java-8-oracle/jre/lib/fonts/LucidaTypewriterBold.ttf
7fb440c6e000-7fb440caa000 r--p 00000000 08:02 6829454                    /usr/lib/jvm/java-8-oracle/jre/lib/fonts/LucidaTypewriterRegular.ttf
7fb440caa000-7fb440cbd000 r--p 00000000 08:02 6829456                    /usr/lib/jvm/java-8-oracle/jre/lib/fonts/LucidaBrightDemiBold.ttf
7fb440cbd000-7fb440d12000 r--p 00000000 08:02 6829450                    /usr/lib/jvm/java-8-oracle/jre/lib/fonts/LucidaBrightRegular.ttf
7fb440d12000-7fb440dbd000 r--p 00000000 08:02 6829449                    /usr/lib/jvm/java-8-oracle/jre/lib/fonts/LucidaSansRegular.ttf
7fb440dbd000-7fb440e0b000 r--p 00000000 08:02 6829451                    /usr/lib/jvm/java-8-oracle/jre/lib/fonts/LucidaSansDemiBold.ttf
7fb440e0b000-7fb440e0f000 r-xp 00000000 08:02 6829684                    /usr/lib/jvm/java-8-oracle/jre/lib/amd64/libjavafx_font_pango.so
7fb440e0f000-7fb44100e000 ---p 00004000 08:02 6829684                    /usr/lib/jvm/java-8-oracle/jre/lib/amd64/libjavafx_font_pango.so
7fb44100e000-7fb44100f000 rw-p 00003000 08:02 6829684                    /usr/lib/jvm/java-8-oracle/jre/lib/amd64/libjavafx_font_pango.so
7fb44100f000-7fb44101a000 r--s 00000000 08:02 2359568                    /var/cache/fontconfig/945677eb7aeaf62f1d50efc3fb3ec7d8-le64.cache-6
7fb44101a000-7fb441020000 r--s 00000000 08:02 2359537                    /var/cache/fontconfig/2cd17615ca594fa2959ae173292e504c-le64.cache-6
7fb441020000-7fb441021000 r--s 00000000 08:02 2359530                    /var/cache/fontconfig/0d8c3b2ac0904cb8a57a757ad11a4a08-le64.cache-6
7fb441021000-7fb441036000 r--s 00000000 08:02 2359526                    /var/cache/fontconfig/04aabc0a78ac019cf9454389977116d2-le64.cache-6
7fb441036000-7fb441037000 r--s 00000000 08:02 2359534                    /var/cache/fontconfig/1ac9eb803944fde146138c791f5cc56a-le64.cache-6
7fb441037000-7fb44103b000 r--s 00000000 08:02 2359543                    /var/cache/fontconfig/385c0604a188198f04d133e54aba7fe7-le64.cache-6
7fb44103b000-7fb44103c000 r--s 00000000 08:02 2359587                    /var/cache/fontconfig/dc05db6664285cc2f12bf69c139ae4c3-le64.cache-6
7fb44103c000-7fb44103e000 r--s 00000000 08:02 2359531                    /var/cache/fontconfig/14a5e22175779b556eaa434240950366-le64.cache-6
7fb44103e000-7fb44103f000 r--s 00000000 08:02 2359560                    /var/cache/fontconfig/660208299946a285a940457d1287da33-le64.cache-6
7fb44103f000-7fb441041000 r--s 00000000 08:02 2359551                    /var/cache/fontconfig/4f3e3037c9980c83b53a9351efadef62-le64.cache-6
7fb441041000-7fb441044000 r--s 00000000 08:02 2359564                    /var/cache/fontconfig/767a8244fc0220cfb567a839d0392e0b-le64.cache-6
7fb441044000-7fb441045000 r--s 00000000 08:02 2365701                    /var/cache/fontconfig/4794a0821666d79190d59a36cb4f44b5-le64.cache-6
7fb441045000-7fb441046000 r--s 00000000 08:02 2359528                    /var/cache/fontconfig/0bd3dc0958fa2205aaaa8ebb13e2872b-le64.cache-6
7fb441046000-7fb44104c000 r--s 00000000 08:02 2359567                    /var/cache/fontconfig/8801497958630a81b71ace7c5f9b32a8-le64.cache-6
7fb44104c000-7fb44104f000 r--s 00000000 08:02 2359572                    /var/cache/fontconfig/a015930274ffcd967d2ca1b57da47cc7-le64.cache-6
7fb44104f000-7fb441050000 r--s 00000000 08:02 2359576                    /var/cache/fontconfig/b872e6e592da6075ffa4ab0a1fcc0c75-le64.cache-6
7fb441050000-7fb441051000 r--s 00000000 08:02 2359592                    /var/cache/fontconfig/f6d4eedfaab2589bde49f7a3ff831d22-le64.cache-6
7fb441051000-7fb441052000 r--s 00000000 08:02 2359558                    /var/cache/fontconfig/589f83ef4c36d296ce6e1c846f468f08-le64.cache-6
7fb441052000-7fb441053000 r--s 00000000 08:02 2359578                    /var/cache/fontconfig/bab58bb527bb656aaa9f116d68a48d89-le64.cache-6
7fb441053000-7fb441054000 r--s 00000000 08:02 2359535                    /var/cache/fontconfig/2171a34dccabdb6bcbbc728186263178-le64.cache-6
7fb441054000-7fb441055000 r--s 00000000 08:02 2359579                    /var/cache/fontconfig/c5c45a61289222e0d30b1a26ef4effbe-le64.cache-6
7fb441055000-7fb441056000 r--s 00000000 08:02 2359574                    /var/cache/fontconfig/aec30016f93e1b46d1a973dce0d74068-le64.cache-6
7fb441056000-7fb441057000 r--s 00000000 08:02 2359544                    /var/cache/fontconfig/3f589640d34b7dc9042c8d453f7c8b9c-le64.cache-6
7fb441057000-7fb441058000 r--s 00000000 08:02 2359532                    /var/cache/fontconfig/16c2fda60d1b4b719f4b3d06fd951d25-le64.cache-6
7fb441058000-7fb44106b000 r--s 00000000 08:02 2359584                    /var/cache/fontconfig/d52a8644073d54c13679302ca1180695-le64.cache-6
7fb44106b000-7fb441070000 r-xp 00000000 08:02 6829687                    /usr/lib/jvm/java-8-oracle/jre/lib/amd64/libjavafx_font_freetype.so
7fb441070000-7fb44126f000 ---p 00005000 08:02 6829687                    /usr/lib/jvm/java-8-oracle/jre/lib/amd64/libjavafx_font_freetype.so
7fb44126f000-7fb441270000 rw-p 00004000 08:02 6829687                    /usr/lib/jvm/java-8-oracle/jre/lib/amd64/libjavafx_font_freetype.so
7fb441270000-7fb441273000 r-xp 00000000 08:02 6829734                    /usr/lib/jvm/java-8-oracle/jre/lib/amd64/libjavafx_font.so
7fb441273000-7fb441472000 ---p 00003000 08:02 6829734                    /usr/lib/jvm/java-8-oracle/jre/lib/amd64/libjavafx_font.so
7fb441472000-7fb441473000 rw-p 00002000 08:02 6829734                    /usr/lib/jvm/java-8-oracle/jre/lib/amd64/libjavafx_font.so
7fb441473000-7fb441673000 rw-p 00000000 00:00 0 
7fb441673000-7fb441758000 r-xp 00000000 08:02 6029450                    /tmp/sqlite-3.21.0-1df049f3-54a4-4c15-84eb-8bda79861e10-libsqlitejdbc.so
7fb441758000-7fb441957000 ---p 000e5000 08:02 6029450                    /tmp/sqlite-3.21.0-1df049f3-54a4-4c15-84eb-8bda79861e10-libsqlitejdbc.so
7fb441957000-7fb44195c000 rw-p 000e4000 08:02 6029450                    /tmp/sqlite-3.21.0-1df049f3-54a4-4c15-84eb-8bda79861e10-libsqlitejdbc.so
7fb44195c000-7fb441b5d000 rw-p 00000000 00:00 0 
7fb441b5d000-7fb441b60000 ---p 00000000 00:00 0 
7fb441b60000-7fb441c5e000 rw-p 00000000 00:00 0 
7fb441c5e000-7fb441c61000 ---p 00000000 00:00 0 
7fb441c61000-7fb441d5f000 rw-p 00000000 00:00 0 
7fb441d5f000-7fb441d62000 ---p 00000000 00:00 0 
7fb441d62000-7fb441e60000 rw-p 00000000 00:00 0 
7fb441e60000-7fb441e67000 r-xp 00000000 08:02 6824616                    /usr/lib/x86_64-linux-gnu/libogg.so.0.8.2
7fb441e67000-7fb442067000 ---p 00007000 08:02 6824616                    /usr/lib/x86_64-linux-gnu/libogg.so.0.8.2
7fb442067000-7fb442068000 r--p 00007000 08:02 6824616                    /usr/lib/x86_64-linux-gnu/libogg.so.0.8.2
7fb442068000-7fb442069000 rw-p 00008000 08:02 6824616                    /usr/lib/x86_64-linux-gnu/libogg.so.0.8.2
7fb442069000-7fb442093000 r-xp 00000000 08:02 6818169                    /usr/lib/x86_64-linux-gnu/libvorbis.so.0.4.8
7fb442093000-7fb442292000 ---p 0002a000 08:02 6818169                    /usr/lib/x86_64-linux-gnu/libvorbis.so.0.4.8
7fb442292000-7fb442293000 r--p 00029000 08:02 6818169                    /usr/lib/x86_64-linux-gnu/libvorbis.so.0.4.8
7fb442293000-7fb442294000 rw-p 0002a000 08:02 6818169                    /usr/lib/x86_64-linux-gnu/libvorbis.so.0.4.8
7fb442294000-7fb44229d000 r-xp 00000000 08:02 6824510                    /usr/lib/x86_64-linux-gnu/libltdl.so.7.3.1
7fb44229d000-7fb44249c000 ---p 00009000 08:02 6824510                    /usr/lib/x86_64-linux-gnu/libltdl.so.7.3.1
7fb44249c000-7fb44249d000 r--p 00008000 08:02 6824510                    /usr/lib/x86_64-linux-gnu/libltdl.so.7.3.1
7fb44249d000-7fb44249e000 rw-p 00009000 08:02 6824510                    /usr/lib/x86_64-linux-gnu/libltdl.so.7.3.1
7fb44249e000-7fb4424b2000 r-xp 00000000 08:02 6824845                    /usr/lib/x86_64-linux-gnu/libtdb.so.1.3.13
7fb4424b2000-7fb4426b2000 ---p 00014000 08:02 6824845                    /usr/lib/x86_64-linux-gnu/libtdb.so.1.3.13
7fb4426b2000-7fb4426b3000 r--p 00014000 08:02 6824845                    /usr/lib/x86_64-linux-gnu/libtdb.so.1.3.13
7fb4426b3000-7fb4426b4000 rw-p 00015000 08:02 6824845                    /usr/lib/x86_64-linux-gnu/libtdb.so.1.3.13
7fb4426b4000-7fb4426bb000 r-xp 00000000 08:02 6816601                    /usr/lib/x86_64-linux-gnu/libvorbisfile.so.3.3.7
7fb4426bb000-7fb4428ba000 ---p 00007000 08:02 6816601                    /usr/lib/x86_64-linux-gnu/libvorbisfile.so.3.3.7
7fb4428ba000-7fb4428bb000 r--p 00006000 08:02 6816601                    /usr/lib/x86_64-linux-gnu/libvorbisfile.so.3.3.7
7fb4428bb000-7fb4428bc000 rw-p 00007000 08:02 6816601                    /usr/lib/x86_64-linux-gnu/libvorbisfile.so.3.3.7
7fb4428bc000-7fb4428cc000 r-xp 00000000 08:02 6823938                    /usr/lib/x86_64-linux-gnu/libcanberra.so.0.2.5
7fb4428cc000-7fb442acc000 ---p 00010000 08:02 6823938                    /usr/lib/x86_64-linux-gnu/libcanberra.so.0.2.5
7fb442acc000-7fb442acd000 r--p 00010000 08:02 6823938                    /usr/lib/x86_64-linux-gnu/libcanberra.so.0.2.5
7fb442acd000-7fb442ace000 rw-p 00011000 08:02 6823938                    /usr/lib/x86_64-linux-gnu/libcanberra.so.0.2.5
7fb442ace000-7fb442ad2000 r-xp 00000000 08:02 6823934                    /usr/lib/x86_64-linux-gnu/libcanberra-gtk.so.0.1.9
7fb442ad2000-7fb442cd1000 ---p 00004000 08:02 6823934                    /usr/lib/x86_64-linux-gnu/libcanberra-gtk.so.0.1.9
7fb442cd1000-7fb442cd2000 r--p 00003000 08:02 6823934                    /usr/lib/x86_64-linux-gnu/libcanberra-gtk.so.0.1.9
7fb442cd2000-7fb442cd3000 rw-p 00004000 08:02 6823934                    /usr/lib/x86_64-linux-gnu/libcanberra-gtk.so.0.1.9
7fb442cd3000-7fb442cd8000 r-xp 00000000 08:02 7080675                    /usr/lib/x86_64-linux-gnu/gtk-2.0/modules/libcanberra-gtk-module.so
7fb442cd8000-7fb442ed7000 ---p 00005000 08:02 7080675                    /usr/lib/x86_64-linux-gnu/gtk-2.0/modules/libcanberra-gtk-module.so
7fb442ed7000-7fb442ed8000 r--p 00004000 08:02 7080675                    /usr/lib/x86_64-linux-gnu/gtk-2.0/modules/libcanberra-gtk-module.so
7fb442ed8000-7fb442ed9000 rw-p 00005000 08:02 7080675                    /usr/lib/x86_64-linux-gnu/gtk-2.0/modules/libcanberra-gtk-module.so
7fb442ed9000-7fb442f09000 r-xp 00000000 08:02 7080657                    /usr/lib/x86_64-linux-gnu/gtk-2.0/2.10.0/engines/libmurrine.so
7fb442f09000-7fb443109000 ---p 00030000 08:02 7080657                    /usr/lib/x86_64-linux-gnu/gtk-2.0/2.10.0/engines/libmurrine.so
7fb443109000-7fb44310a000 r--p 00030000 08:02 7080657                    /usr/lib/x86_64-linux-gnu/gtk-2.0/2.10.0/engines/libmurrine.so
7fb44310a000-7fb44310b000 rw-p 00031000 08:02 7080657                    /usr/lib/x86_64-linux-gnu/gtk-2.0/2.10.0/engines/libmurrine.so
7fb44310b000-7fb443134000 r-xp 00000000 08:02 6829709                    /usr/lib/jvm/java-8-oracle/jre/lib/amd64/libglass.so
7fb443134000-7fb443333000 ---p 00029000 08:02 6829709                    /usr/lib/jvm/java-8-oracle/jre/lib/amd64/libglass.so
7fb443333000-7fb443336000 rw-p 00028000 08:02 6829709                    /usr/lib/jvm/java-8-oracle/jre/lib/amd64/libglass.so
7fb443336000-7fb44336e000 r-xp 00000000 08:02 7082621                    /usr/lib/x86_64-linux-gnu/s2tc/libtxc_dxtn.so
7fb44336e000-7fb44356e000 ---p 00038000 08:02 7082621                    /usr/lib/x86_64-linux-gnu/s2tc/libtxc_dxtn.so
7fb44356e000-7fb44356f000 r--p 00038000 08:02 7082621                    /usr/lib/x86_64-linux-gnu/s2tc/libtxc_dxtn.so
7fb44356f000-7fb443570000 rw-p 00039000 08:02 7082621                    /usr/lib/x86_64-linux-gnu/s2tc/libtxc_dxtn.so
7fb443570000-7fb443578000 r-xp 00000000 08:02 6824657                    /usr/lib/x86_64-linux-gnu/libpciaccess.so.0.11.1
7fb443578000-7fb443777000 ---p 00008000 08:02 6824657                    /usr/lib/x86_64-linux-gnu/libpciaccess.so.0.11.1
7fb443777000-7fb443778000 r--p 00007000 08:02 6824657                    /usr/lib/x86_64-linux-gnu/libpciaccess.so.0.11.1
7fb443778000-7fb443779000 rw-p 00008000 08:02 6824657                    /usr/lib/x86_64-linux-gnu/libpciaccess.so.0.11.1
7fb443779000-7fb443784000 r-xp 00000000 08:02 6824062                    /usr/lib/x86_64-linux-gnu/libdrm_radeon.so.1.0.1
7fb443784000-7fb443983000 ---p 0000b000 08:02 6824062                    /usr/lib/x86_64-linux-gnu/libdrm_radeon.so.1.0.1
7fb443983000-7fb443984000 r--p 0000a000 08:02 6824062                    /usr/lib/x86_64-linux-gnu/libdrm_radeon.so.1.0.1
7fb443984000-7fb443985000 rw-p 0000b000 08:02 6824062                    /usr/lib/x86_64-linux-gnu/libdrm_radeon.so.1.0.1
7fb443985000-7fb44398c000 r-xp 00000000 08:02 6824060                    /usr/lib/x86_64-linux-gnu/libdrm_nouveau.so.2.0.0
7fb44398c000-7fb443b8b000 ---p 00007000 08:02 6824060                    /usr/lib/x86_64-linux-gnu/libdrm_nouveau.so.2.0.0
7fb443b8b000-7fb443b8c000 r--p 00006000 08:02 6824060                    /usr/lib/x86_64-linux-gnu/libdrm_nouveau.so.2.0.0
7fb443b8c000-7fb443b8d000 rw-p 00007000 08:02 6824060                    /usr/lib/x86_64-linux-gnu/libdrm_nouveau.so.2.0.0
7fb443b8d000-7fb443baf000 r-xp 00000000 08:02 6824058                    /usr/lib/x86_64-linux-gnu/libdrm_intel.so.1.0.0
7fb443baf000-7fb443dae000 ---p 00022000 08:02 6824058                    /usr/lib/x86_64-linux-gnu/libdrm_intel.so.1.0.0
7fb443dae000-7fb443daf000 r--p 00021000 08:02 6824058                    /usr/lib/x86_64-linux-gnu/libdrm_intel.so.1.0.0
7fb443daf000-7fb443db0000 rw-p 00022000 08:02 6824058                    /usr/lib/x86_64-linux-gnu/libdrm_intel.so.1.0.0
7fb443db0000-7fb44458b000 r-xp 00000000 08:02 7080048                    /usr/lib/x86_64-linux-gnu/dri/i965_dri.so
7fb44458b000-7fb44478b000 ---p 007db000 08:02 7080048                    /usr/lib/x86_64-linux-gnu/dri/i965_dri.so
7fb44478b000-7fb4447db000 r--p 007db000 08:02 7080048                    /usr/lib/x86_64-linux-gnu/dri/i965_dri.so
7fb4447db000-7fb4447e4000 rw-p 0082b000 08:02 7080048                    /usr/lib/x86_64-linux-gnu/dri/i965_dri.so
7fb4447e4000-7fb44484b000 rw-p 00000000 00:00 0 
7fb44484b000-7fb44485e000 r-xp 00000000 08:02 1053167                    /lib/x86_64-linux-gnu/libbsd.so.0.8.6
7fb44485e000-7fb444a5d000 ---p 00013000 08:02 1053167                    /lib/x86_64-linux-gnu/libbsd.so.0.8.6
7fb444a5d000-7fb444a5e000 r--p 00012000 08:02 1053167                    /lib/x86_64-linux-gnu/libbsd.so.0.8.6
7fb444a5e000-7fb444a5f000 rw-p 00013000 08:02 1053167                    /lib/x86_64-linux-gnu/libbsd.so.0.8.6
7fb444a5f000-7fb444a60000 rw-p 00000000 00:00 0 
7fb444a60000-7fb444a64000 r-xp 00000000 08:02 1053144                    /lib/x86_64-linux-gnu/libuuid.so.1.3.0
7fb444a64000-7fb444c63000 ---p 00004000 08:02 1053144                    /lib/x86_64-linux-gnu/libuuid.so.1.3.0
7fb444c63000-7fb444c64000 r--p 00003000 08:02 1053144                    /lib/x86_64-linux-gnu/libuuid.so.1.3.0
7fb444c64000-7fb444c65000 rw-p 00004000 08:02 1053144                    /lib/x86_64-linux-gnu/libuuid.so.1.3.0
7fb444c65000-7fb444c6b000 r-xp 00000000 08:02 6824015                    /usr/lib/x86_64-linux-gnu/libdatrie.so.1.3.3
7fb444c6b000-7fb444e6a000 ---p 00006000 08:02 6824015                    /usr/lib/x86_64-linux-gnu/libdatrie.so.1.3.3
7fb444e6a000-7fb444e6b000 r--p 00005000 08:02 6824015                    /usr/lib/x86_64-linux-gnu/libdatrie.so.1.3.3
7fb444e6b000-7fb444e6c000 rw-p 00006000 08:02 6824015                    /usr/lib/x86_64-linux-gnu/libdatrie.so.1.3.3
7fb444e6c000-7fb444e71000 r-xp 00000000 08:02 6823802                    /usr/lib/x86_64-linux-gnu/libXdmcp.so.6.0.0
7fb444e71000-7fb445070000 ---p 00005000 08:02 6823802                    /usr/lib/x86_64-linux-gnu/libXdmcp.so.6.0.0
7fb445070000-7fb445071000 r--p 00004000 08:02 6823802                    /usr/lib/x86_64-linux-gnu/libXdmcp.so.6.0.0
7fb445071000-7fb445072000 rw-p 00005000 08:02 6823802                    /usr/lib/x86_64-linux-gnu/libXdmcp.so.6.0.0
7fb445072000-7fb445074000 r-xp 00000000 08:02 6823791                    /usr/lib/x86_64-linux-gnu/libXau.so.6.0.0
7fb445074000-7fb445274000 ---p 00002000 08:02 6823791                    /usr/lib/x86_64-linux-gnu/libXau.so.6.0.0
7fb445274000-7fb445275000 r--p 00002000 08:02 6823791                    /usr/lib/x86_64-linux-gnu/libXau.so.6.0.0
7fb445275000-7fb445276000 rw-p 00003000 08:02 6823791                    /usr/lib/x86_64-linux-gnu/libXau.so.6.0.0
7fb445276000-7fb4452a1000 r-xp 00000000 08:02 6824291                    /usr/lib/x86_64-linux-gnu/libgraphite2.so.3.0.1
7fb4452a1000-7fb4454a0000 ---p 0002b000 08:02 6824291                    /usr/lib/x86_64-linux-gnu/libgraphite2.so.3.0.1
7fb4454a0000-7fb4454a2000 r--p 0002a000 08:02 6824291                    /usr/lib/x86_64-linux-gnu/libgraphite2.so.3.0.1
7fb4454a2000-7fb4454a3000 rw-p 0002c000 08:02 6824291                    /usr/lib/x86_64-linux-gnu/libgraphite2.so.3.0.1
7fb4454a3000-7fb4454e7000 r-xp 00000000 08:02 1053146                    /lib/x86_64-linux-gnu/libblkid.so.1.1.0
7fb4454e7000-7fb4456e7000 ---p 00044000 08:02 1053146                    /lib/x86_64-linux-gnu/libblkid.so.1.1.0
7fb4456e7000-7fb4456eb000 r--p 00044000 08:02 1053146                    /lib/x86_64-linux-gnu/libblkid.so.1.1.0
7fb4456eb000-7fb4456ec000 rw-p 00048000 08:02 1053146                    /lib/x86_64-linux-gnu/libblkid.so.1.1.0
7fb4456ec000-7fb4456ed000 rw-p 00000000 00:00 0 
7fb4456ed000-7fb4456fd000 r-xp 00000000 08:02 6824054                    /usr/lib/x86_64-linux-gnu/libdrm.so.2.4.0
7fb4456fd000-7fb4458fc000 ---p 00010000 08:02 6824054                    /usr/lib/x86_64-linux-gnu/libdrm.so.2.4.0
7fb4458fc000-7fb4458fd000 r--p 0000f000 08:02 6824054                    /usr/lib/x86_64-linux-gnu/libdrm.so.2.4.0
7fb4458fd000-7fb4458fe000 rw-p 00010000 08:02 6824054                    /usr/lib/x86_64-linux-gnu/libdrm.so.2.4.0
7fb4458fe000-7fb445902000 r-xp 00000000 08:02 6825002                    /usr/lib/x86_64-linux-gnu/libxcb-dri2.so.0.0.0
7fb445902000-7fb445b01000 ---p 00004000 08:02 6825002                    /usr/lib/x86_64-linux-gnu/libxcb-dri2.so.0.0.0
7fb445b01000-7fb445b02000 r--p 00003000 08:02 6825002                    /usr/lib/x86_64-linux-gnu/libxcb-dri2.so.0.0.0
7fb445b02000-7fb445b03000 rw-p 00004000 08:02 6825002                    /usr/lib/x86_64-linux-gnu/libxcb-dri2.so.0.0.0
7fb445b03000-7fb445b1b000 r-xp 00000000 08:02 6825006                    /usr/lib/x86_64-linux-gnu/libxcb-glx.so.0.0.0
7fb445b1b000-7fb445d1b000 ---p 00018000 08:02 6825006                    /usr/lib/x86_64-linux-gnu/libxcb-glx.so.0.0.0
7fb445d1b000-7fb445d1d000 r--p 00018000 08:02 6825006                    /usr/lib/x86_64-linux-gnu/libxcb-glx.so.0.0.0
7fb445d1d000-7fb445d1e000 rw-p 0001a000 08:02 6825006                    /usr/lib/x86_64-linux-gnu/libxcb-glx.so.0.0.0
7fb445d1e000-7fb445d1f000 r-xp 00000000 08:02 6823785                    /usr/lib/x86_64-linux-gnu/libX11-xcb.so.1.0.0
7fb445d1f000-7fb445f1e000 ---p 00001000 08:02 6823785                    /usr/lib/x86_64-linux-gnu/libX11-xcb.so.1.0.0
7fb445f1e000-7fb445f1f000 r--p 00000000 08:02 6823785                    /usr/lib/x86_64-linux-gnu/libX11-xcb.so.1.0.0
7fb445f1f000-7fb445f20000 rw-p 00001000 08:02 6823785                    /usr/lib/x86_64-linux-gnu/libX11-xcb.so.1.0.0
7fb445f20000-7fb445f4b000 r-xp 00000000 08:02 6818069                    /usr/lib/x86_64-linux-gnu/libglapi.so.0.0.0
7fb445f4b000-7fb44614a000 ---p 0002b000 08:02 6818069                    /usr/lib/x86_64-linux-gnu/libglapi.so.0.0.0
7fb44614a000-7fb44614e000 r--p 0002a000 08:02 6818069                    /usr/lib/x86_64-linux-gnu/libglapi.so.0.0.0
7fb44614e000-7fb44614f000 rw-p 0002e000 08:02 6818069                    /usr/lib/x86_64-linux-gnu/libglapi.so.0.0.0
7fb44614f000-7fb446150000 rw-p 00000000 00:00 0 
7fb446150000-7fb446151000 r-xp 00000000 08:02 6825054                    /usr/lib/x86_64-linux-gnu/libxshmfence.so.1.0.0
7fb446151000-7fb446351000 ---p 00001000 08:02 6825054                    /usr/lib/x86_64-linux-gnu/libxshmfence.so.1.0.0
7fb446351000-7fb446352000 r--p 00001000 08:02 6825054                    /usr/lib/x86_64-linux-gnu/libxshmfence.so.1.0.0
7fb446352000-7fb446353000 rw-p 00002000 08:02 6825054                    /usr/lib/x86_64-linux-gnu/libxshmfence.so.1.0.0
7fb446353000-7fb446358000 r-xp 00000000 08:02 6825028                    /usr/lib/x86_64-linux-gnu/libxcb-sync.so.1.0.0
7fb446358000-7fb446558000 ---p 00005000 08:02 6825028                    /usr/lib/x86_64-linux-gnu/libxcb-sync.so.1.0.0
7fb446558000-7fb446559000 r--p 00005000 08:02 6825028                    /usr/lib/x86_64-linux-gnu/libxcb-sync.so.1.0.0
7fb446559000-7fb44655a000 rw-p 00006000 08:02 6825028                    /usr/lib/x86_64-linux-gnu/libxcb-sync.so.1.0.0
7fb44655a000-7fb44655c000 r-xp 00000000 08:02 6825014                    /usr/lib/x86_64-linux-gnu/libxcb-present.so.0.0.0
7fb44655c000-7fb44675b000 ---p 00002000 08:02 6825014                    /usr/lib/x86_64-linux-gnu/libxcb-present.so.0.0.0
7fb44675b000-7fb44675c000 r--p 00001000 08:02 6825014                    /usr/lib/x86_64-linux-gnu/libxcb-present.so.0.0.0
7fb44675c000-7fb44675d000 rw-p 00002000 08:02 6825014                    /usr/lib/x86_64-linux-gnu/libxcb-present.so.0.0.0
7fb44675d000-7fb44675f000 r-xp 00000000 08:02 6825004                    /usr/lib/x86_64-linux-gnu/libxcb-dri3.so.0.0.0
7fb44675f000-7fb44695e000 ---p 00002000 08:02 6825004                    /usr/lib/x86_64-linux-gnu/libxcb-dri3.so.0.0.0
7fb44695e000-7fb44695f000 r--p 00001000 08:02 6825004                    /usr/lib/x86_64-linux-gnu/libxcb-dri3.so.0.0.0
7fb44695f000-7fb446960000 rw-p 00002000 08:02 6825004                    /usr/lib/x86_64-linux-gnu/libxcb-dri3.so.0.0.0
7fb446960000-7fb4469d0000 r-xp 00000000 08:02 1053295                    /lib/x86_64-linux-gnu/libpcre.so.3.13.3
7fb4469d0000-7fb446bd0000 ---p 00070000 08:02 1053295                    /lib/x86_64-linux-gnu/libpcre.so.3.13.3
7fb446bd0000-7fb446bd1000 r--p 00070000 08:02 1053295                    /lib/x86_64-linux-gnu/libpcre.so.3.13.3
7fb446bd1000-7fb446bd2000 rw-p 00071000 08:02 1053295                    /lib/x86_64-linux-gnu/libpcre.so.3.13.3
7fb446bd2000-7fb446bd9000 r-xp 00000000 08:02 6824126                    /usr/lib/x86_64-linux-gnu/libffi.so.6.0.4
7fb446bd9000-7fb446dd8000 ---p 00007000 08:02 6824126                    /usr/lib/x86_64-linux-gnu/libffi.so.6.0.4
7fb446dd8000-7fb446dd9000 r--p 00006000 08:02 6824126                    /usr/lib/x86_64-linux-gnu/libffi.so.6.0.4
7fb446dd9000-7fb446dda000 rw-p 00007000 08:02 6824126                    /usr/lib/x86_64-linux-gnu/libffi.so.6.0.4
7fb446dda000-7fb446e02000 r-xp 00000000 08:02 1053202                    /lib/x86_64-linux-gnu/libexpat.so.1.6.5
7fb446e02000-7fb447002000 ---p 00028000 08:02 1053202                    /lib/x86_64-linux-gnu/libexpat.so.1.6.5
7fb447002000-7fb447004000 r--p 00028000 08:02 1053202                    /lib/x86_64-linux-gnu/libexpat.so.1.6.5
7fb447004000-7fb447005000 rw-p 0002a000 08:02 1053202                    /lib/x86_64-linux-gnu/libexpat.so.1.6.5
7fb447005000-7fb44700d000 r-xp 00000000 08:02 6824853                    /usr/lib/x86_64-linux-gnu/libthai.so.0.3.0
7fb44700d000-7fb44720c000 ---p 00008000 08:02 6824853                    /usr/lib/x86_64-linux-gnu/libthai.so.0.3.0
7fb44720c000-7fb44720d000 r--p 00007000 08:02 6824853                    /usr/lib/x86_64-linux-gnu/libthai.so.0.3.0
7fb44720d000-7fb44720e000 rw-p 00008000 08:02 6824853                    /usr/lib/x86_64-linux-gnu/libthai.so.0.3.0
7fb44720e000-7fb447234000 r-xp 00000000 08:02 6825038                    /usr/lib/x86_64-linux-gnu/libxcb.so.1.1.0
7fb447234000-7fb447433000 ---p 00026000 08:02 6825038                    /usr/lib/x86_64-linux-gnu/libxcb.so.1.1.0
7fb447433000-7fb447434000 r--p 00025000 08:02 6825038                    /usr/lib/x86_64-linux-gnu/libxcb.so.1.1.0
7fb447434000-7fb447435000 rw-p 00026000 08:02 6825038                    /usr/lib/x86_64-linux-gnu/libxcb.so.1.1.0
7fb447435000-7fb447441000 r-xp 00000000 08:02 6825020                    /usr/lib/x86_64-linux-gnu/libxcb-render.so.0.0.0
7fb447441000-7fb447640000 ---p 0000c000 08:02 6825020                    /usr/lib/x86_64-linux-gnu/libxcb-render.so.0.0.0
7fb447640000-7fb447641000 r--p 0000b000 08:02 6825020                    /usr/lib/x86_64-linux-gnu/libxcb-render.so.0.0.0
7fb447641000-7fb447642000 rw-p 0000c000 08:02 6825020                    /usr/lib/x86_64-linux-gnu/libxcb-render.so.0.0.0
7fb447642000-7fb447673000 r-xp 00000000 08:02 6824677                    /usr/lib/x86_64-linux-gnu/libpng16.so.16.34.0
7fb447673000-7fb447872000 ---p 00031000 08:02 6824677                    /usr/lib/x86_64-linux-gnu/libpng16.so.16.34.0
7fb447872000-7fb447873000 r--p 00030000 08:02 6824677                    /usr/lib/x86_64-linux-gnu/libpng16.so.16.34.0
7fb447873000-7fb447874000 rw-p 00031000 08:02 6824677                    /usr/lib/x86_64-linux-gnu/libpng16.so.16.34.0
7fb447874000-7fb447912000 r-xp 00000000 08:02 6824671                    /usr/lib/x86_64-linux-gnu/libpixman-1.so.0.34.0
7fb447912000-7fb447b11000 ---p 0009e000 08:02 6824671                    /usr/lib/x86_64-linux-gnu/libpixman-1.so.0.34.0
7fb447b11000-7fb447b19000 r--p 0009d000 08:02 6824671                    /usr/lib/x86_64-linux-gnu/libpixman-1.so.0.34.0
7fb447b19000-7fb447b1a000 rw-p 000a5000 08:02 6824671                    /usr/lib/x86_64-linux-gnu/libpixman-1.so.0.34.0
7fb447b1a000-7fb447bac000 r-xp 00000000 08:02 6824376                    /usr/lib/x86_64-linux-gnu/libharfbuzz.so.0.10400.2
7fb447bac000-7fb447dab000 ---p 00092000 08:02 6824376                    /usr/lib/x86_64-linux-gnu/libharfbuzz.so.0.10400.2
7fb447dab000-7fb447dad000 r--p 00091000 08:02 6824376                    /usr/lib/x86_64-linux-gnu/libharfbuzz.so.0.10400.2
7fb447dad000-7fb447dae000 rw-p 00093000 08:02 6824376                    /usr/lib/x86_64-linux-gnu/libharfbuzz.so.0.10400.2
7fb447dae000-7fb447dfc000 r-xp 00000000 08:02 1053162                    /lib/x86_64-linux-gnu/libmount.so.1.1.0
7fb447dfc000-7fb447ffc000 ---p 0004e000 08:02 1053162                    /lib/x86_64-linux-gnu/libmount.so.1.1.0
7fb447ffc000-7fb447ffe000 r--p 0004e000 08:02 1053162                    /lib/x86_64-linux-gnu/libmount.so.1.1.0
7fb447ffe000-7fb447fff000 rw-p 00050000 08:02 1053162                    /lib/x86_64-linux-gnu/libmount.so.1.1.0
7fb447fff000-7fb448000000 rw-p 00000000 00:00 0 
7fb448000000-7fb44a062000 rw-p 00000000 00:00 0 
7fb44a062000-7fb44c000000 ---p 00000000 00:00 0 
7fb44c000000-7fb44c001000 r--s 00000000 08:02 2359573                    /var/cache/fontconfig/a48eab177a16e4f3713381162db2f3e9-le64.cache-6
7fb44c001000-7fb44c002000 r--s 00000000 08:02 2359554                    /var/cache/fontconfig/564b2e68ac9bc4e36a6f7f6d6125ec1c-le64.cache-6
7fb44c002000-7fb44c008000 r--s 00000000 08:02 2359538                    /var/cache/fontconfig/3047814df9a2f067bd2d96a2b9c36e5a-le64.cache-6
7fb44c008000-7fb44c009000 r--s 00000000 08:02 2359555                    /var/cache/fontconfig/56cf4f4769d0f4abc89a4895d7bd3ae1-le64.cache-6
7fb44c009000-7fb44c00a000 r--s 00000000 08:02 2359577                    /var/cache/fontconfig/b9d506c9ac06c20b433354fa67a72993-le64.cache-6
7fb44c00a000-7fb44c010000 r--s 00000000 08:02 2359575                    /var/cache/fontconfig/b47c4e1ecd0709278f4910c18777a504-le64.cache-6
7fb44c010000-7fb44c011000 r--s 00000000 08:02 2359541                    /var/cache/fontconfig/370e5b74bf5dafc30834de68e24a87a4-le64.cache-6
7fb44c011000-7fb44c012000 r--s 00000000 08:02 2359562                    /var/cache/fontconfig/6b2c5944714ca7831b25bed9e85cb5c8-le64.cache-6
7fb44c012000-7fb44c013000 r--s 00000000 08:02 2359583                    /var/cache/fontconfig/d5178ab6d91b49bf20a416737dcea9e8-le64.cache-6
7fb44c013000-7fb44c014000 r--s 00000000 08:02 2359553                    /var/cache/fontconfig/551ecf3b0e8b0bca0f25c0944f561853-le64.cache-6
7fb44c014000-7fb44c017000 r--s 00000000 08:02 2359591                    /var/cache/fontconfig/f259c2cffa685e28062317905db73c4a-le64.cache-6
7fb44c017000-7fb44c019000 r--s 00000000 08:02 2359552                    /var/cache/fontconfig/550f3886151c940c12a5ed35f6a00586-le64.cache-6
7fb44c019000-7fb44c01c000 r--s 00000000 08:02 2359561                    /var/cache/fontconfig/674d1711f2d1d2a09646eb0bdcadee49-le64.cache-6
7fb44c01c000-7fb44c01d000 r--s 00000000 08:02 2359545                    /var/cache/fontconfig/3f7329c5293ffd510edef78f73874cfd-le64.cache-6
7fb44c01d000-7fb44c029000 r--s 00000000 08:02 2361605                    /var/cache/fontconfig/d589a48862398ed80a3d6066f4f56f4c-le64.cache-6
7fb44c029000-7fb44c02a000 r--s 00000000 08:02 2359539                    /var/cache/fontconfig/30829fa25452a46451e813d634d7f916-le64.cache-6
7fb44c02a000-7fb44c02c000 r-xp 00000000 08:02 6825026                    /usr/lib/x86_64-linux-gnu/libxcb-shm.so.0.0.0
7fb44c02c000-7fb44c22b000 ---p 00002000 08:02 6825026                    /usr/lib/x86_64-linux-gnu/libxcb-shm.so.0.0.0
7fb44c22b000-7fb44c22c000 r--p 00001000 08:02 6825026                    /usr/lib/x86_64-linux-gnu/libxcb-shm.so.0.0.0
7fb44c22c000-7fb44c22d000 rw-p 00002000 08:02 6825026                    /usr/lib/x86_64-linux-gnu/libxcb-shm.so.0.0.0
7fb44c22d000-7fb44c243000 r-xp 00000000 08:02 1053110                    /lib/x86_64-linux-gnu/libresolv-2.26.so
7fb44c243000-7fb44c443000 ---p 00016000 08:02 1053110                    /lib/x86_64-linux-gnu/libresolv-2.26.so
7fb44c443000-7fb44c444000 r--p 00016000 08:02 1053110                    /lib/x86_64-linux-gnu/libresolv-2.26.so
7fb44c444000-7fb44c445000 rw-p 00017000 08:02 1053110                    /lib/x86_64-linux-gnu/libresolv-2.26.so
7fb44c445000-7fb44c447000 rw-p 00000000 00:00 0 
7fb44c447000-7fb44c46c000 r-xp 00000000 08:02 1053322                    /lib/x86_64-linux-gnu/libselinux.so.1
7fb44c46c000-7fb44c66b000 ---p 00025000 08:02 1053322                    /lib/x86_64-linux-gnu/libselinux.so.1
7fb44c66b000-7fb44c66c000 r--p 00024000 08:02 1053322                    /lib/x86_64-linux-gnu/libselinux.so.1
7fb44c66c000-7fb44c66d000 rw-p 00025000 08:02 1053322                    /lib/x86_64-linux-gnu/libselinux.so.1
7fb44c66d000-7fb44c66f000 rw-p 00000000 00:00 0 
7fb44c66f000-7fb44c68b000 r-xp 00000000 08:02 1053350                    /lib/x86_64-linux-gnu/libz.so.1.2.11
7fb44c68b000-7fb44c88a000 ---p 0001c000 08:02 1053350                    /lib/x86_64-linux-gnu/libz.so.1.2.11
7fb44c88a000-7fb44c88b000 r--p 0001b000 08:02 1053350                    /lib/x86_64-linux-gnu/libz.so.1.2.11
7fb44c88b000-7fb44c88c000 rw-p 0001c000 08:02 1053350                    /lib/x86_64-linux-gnu/libz.so.1.2.11
7fb44c88c000-7fb44c89d000 r-xp 00000000 08:02 6823804                    /usr/lib/x86_64-linux-gnu/libXext.so.6.4.0
7fb44c89d000-7fb44ca9c000 ---p 00011000 08:02 6823804                    /usr/lib/x86_64-linux-gnu/libXext.so.6.4.0
7fb44ca9c000-7fb44ca9d000 r--p 00010000 08:02 6823804                    /usr/lib/x86_64-linux-gnu/libXext.so.6.4.0
7fb44ca9d000-7fb44ca9e000 rw-p 00011000 08:02 6823804                    /usr/lib/x86_64-linux-gnu/libXext.so.6.4.0
7fb44ca9e000-7fb44caa0000 r-xp 00000000 08:02 6823800                    /usr/lib/x86_64-linux-gnu/libXdamage.so.1.1.0
7fb44caa0000-7fb44cc9f000 ---p 00002000 08:02 6823800                    /usr/lib/x86_64-linux-gnu/libXdamage.so.1.1.0
7fb44cc9f000-7fb44cca0000 r--p 00001000 08:02 6823800                    /usr/lib/x86_64-linux-gnu/libXdamage.so.1.1.0
7fb44cca0000-7fb44cca1000 rw-p 00002000 08:02 6823800                    /usr/lib/x86_64-linux-gnu/libXdamage.so.1.1.0
7fb44cca1000-7fb44cca3000 r-xp 00000000 08:02 6823796                    /usr/lib/x86_64-linux-gnu/libXcomposite.so.1.0.0
7fb44cca3000-7fb44cea2000 ---p 00002000 08:02 6823796                    /usr/lib/x86_64-linux-gnu/libXcomposite.so.1.0.0
7fb44cea2000-7fb44cea3000 r--p 00001000 08:02 6823796                    /usr/lib/x86_64-linux-gnu/libXcomposite.so.1.0.0
7fb44cea3000-7fb44cea4000 rw-p 00002000 08:02 6823796                    /usr/lib/x86_64-linux-gnu/libXcomposite.so.1.0.0
7fb44cea4000-7fb44cead000 r-xp 00000000 08:02 6823798                    /usr/lib/x86_64-linux-gnu/libXcursor.so.1.0.2
7fb44cead000-7fb44d0ac000 ---p 00009000 08:02 6823798                    /usr/lib/x86_64-linux-gnu/libXcursor.so.1.0.2
7fb44d0ac000-7fb44d0ad000 r--p 00008000 08:02 6823798                    /usr/lib/x86_64-linux-gnu/libXcursor.so.1.0.2
7fb44d0ad000-7fb44d0ae000 rw-p 00009000 08:02 6823798                    /usr/lib/x86_64-linux-gnu/libXcursor.so.1.0.2
7fb44d0ae000-7fb44d0b8000 r-xp 00000000 08:02 6823824                    /usr/lib/x86_64-linux-gnu/libXrandr.so.2.2.0
7fb44d0b8000-7fb44d2b7000 ---p 0000a000 08:02 6823824                    /usr/lib/x86_64-linux-gnu/libXrandr.so.2.2.0
7fb44d2b7000-7fb44d2b8000 r--p 00009000 08:02 6823824                    /usr/lib/x86_64-linux-gnu/libXrandr.so.2.2.0
7fb44d2b8000-7fb44d2b9000 rw-p 0000a000 08:02 6823824                    /usr/lib/x86_64-linux-gnu/libXrandr.so.2.2.0
7fb44d2b9000-7fb44d2c8000 r-xp 00000000 08:02 6823814                    /usr/lib/x86_64-linux-gnu/libXi.so.6.1.0
7fb44d2c8000-7fb44d4c7000 ---p 0000f000 08:02 6823814                    /usr/lib/x86_64-linux-gnu/libXi.so.6.1.0
7fb44d4c7000-7fb44d4c8000 r--p 0000e000 08:02 6823814                    /usr/lib/x86_64-linux-gnu/libXi.so.6.1.0
7fb44d4c8000-7fb44d4c9000 rw-p 0000f000 08:02 6823814                    /usr/lib/x86_64-linux-gnu/libXi.so.6.1.0
7fb44d4c9000-7fb44d4cb000 r-xp 00000000 08:02 6823816                    /usr/lib/x86_64-linux-gnu/libXinerama.so.1.0.0
7fb44d4cb000-7fb44d6ca000 ---p 00002000 08:02 6823816                    /usr/lib/x86_64-linux-gnu/libXinerama.so.1.0.0
7fb44d6ca000-7fb44d6cb000 r--p 00001000 08:02 6823816                    /usr/lib/x86_64-linux-gnu/libXinerama.so.1.0.0
7fb44d6cb000-7fb44d6cc000 rw-p 00002000 08:02 6823816                    /usr/lib/x86_64-linux-gnu/libXinerama.so.1.0.0
7fb44d6cc000-7fb44d6d5000 r-xp 00000000 08:02 6823826                    /usr/lib/x86_64-linux-gnu/libXrender.so.1.3.0
7fb44d6d5000-7fb44d8d4000 ---p 00009000 08:02 6823826                    /usr/lib/x86_64-linux-gnu/libXrender.so.1.3.0
7fb44d8d4000-7fb44d8d5000 r--p 00008000 08:02 6823826                    /usr/lib/x86_64-linux-gnu/libXrender.so.1.3.0
7fb44d8d5000-7fb44d8d6000 rw-p 00009000 08:02 6823826                    /usr/lib/x86_64-linux-gnu/libXrender.so.1.3.0
7fb44d8d6000-7fb44d8db000 r-xp 00000000 08:02 6823806                    /usr/lib/x86_64-linux-gnu/libXfixes.so.3.1.0
7fb44d8db000-7fb44dada000 ---p 00005000 08:02 6823806                    /usr/lib/x86_64-linux-gnu/libXfixes.so.3.1.0
7fb44dada000-7fb44dadb000 r--p 00004000 08:02 6823806                    /usr/lib/x86_64-linux-gnu/libXfixes.so.3.1.0
7fb44dadb000-7fb44dadc000 rw-p 00005000 08:02 6823806                    /usr/lib/x86_64-linux-gnu/libXfixes.so.3.1.0
7fb44dadc000-7fb44daf2000 r-xp 00000000 08:02 1048582                    /lib/x86_64-linux-gnu/libgcc_s.so.1
7fb44daf2000-7fb44dcf1000 ---p 00016000 08:02 1048582                    /lib/x86_64-linux-gnu/libgcc_s.so.1
7fb44dcf1000-7fb44dcf2000 r--p 00015000 08:02 1048582                    /lib/x86_64-linux-gnu/libgcc_s.so.1
7fb44dcf2000-7fb44dcf3000 rw-p 00016000 08:02 1048582                    /lib/x86_64-linux-gnu/libgcc_s.so.1
7fb44dcf3000-7fb44de6b000 r-xp 00000000 08:02 6815930                    /usr/lib/x86_64-linux-gnu/libstdc++.so.6.0.24
7fb44de6b000-7fb44e06a000 ---p 00178000 08:02 6815930                    /usr/lib/x86_64-linux-gnu/libstdc++.so.6.0.24
7fb44e06a000-7fb44e074000 r--p 00177000 08:02 6815930                    /usr/lib/x86_64-linux-gnu/libstdc++.so.6.0.24
7fb44e074000-7fb44e076000 rw-p 00181000 08:02 6815930                    /usr/lib/x86_64-linux-gnu/libstdc++.so.6.0.24
7fb44e076000-7fb44e079000 rw-p 00000000 00:00 0 
7fb44e079000-7fb44e0e6000 r-xp 00000000 08:02 7080044                    /usr/lib/x86_64-linux-gnu/mesa/libGL.so.1.2.0
7fb44e0e6000-7fb44e2e6000 ---p 0006d000 08:02 7080044                    /usr/lib/x86_64-linux-gnu/mesa/libGL.so.1.2.0
7fb44e2e6000-7fb44e2e9000 r--p 0006d000 08:02 7080044                    /usr/lib/x86_64-linux-gnu/mesa/libGL.so.1.2.0
7fb44e2e9000-7fb44e2ea000 rw-p 00070000 08:02 7080044                    /usr/lib/x86_64-linux-gnu/mesa/libGL.so.1.2.0
7fb44e2ea000-7fb44e2eb000 rw-p 00000000 00:00 0 
7fb44e2eb000-7fb44e2f0000 r-xp 00000000 08:02 6823842                    /usr/lib/x86_64-linux-gnu/libXxf86vm.so.1.0.0
7fb44e2f0000-7fb44e4ef000 ---p 00005000 08:02 6823842                    /usr/lib/x86_64-linux-gnu/libXxf86vm.so.1.0.0
7fb44e4ef000-7fb44e4f0000 r--p 00004000 08:02 6823842                    /usr/lib/x86_64-linux-gnu/libXxf86vm.so.1.0.0
7fb44e4f0000-7fb44e4f1000 rw-p 00005000 08:02 6823842                    /usr/lib/x86_64-linux-gnu/libXxf86vm.so.1.0.0
7fb44e4f1000-7fb44e625000 r-xp 00000000 08:02 6823787                    /usr/lib/x86_64-linux-gnu/libX11.so.6.3.0
7fb44e625000-7fb44e825000 ---p 00134000 08:02 6823787                    /usr/lib/x86_64-linux-gnu/libX11.so.6.3.0
7fb44e825000-7fb44e826000 r--p 00134000 08:02 6823787                    /usr/lib/x86_64-linux-gnu/libX11.so.6.3.0
7fb44e826000-7fb44e82a000 rw-p 00135000 08:02 6823787                    /usr/lib/x86_64-linux-gnu/libX11.so.6.3.0
7fb44e82a000-7fb44e82f000 r-xp 00000000 08:02 6823832                    /usr/lib/x86_64-linux-gnu/libXtst.so.6.1.0
7fb44e82f000-7fb44ea2e000 ---p 00005000 08:02 6823832                    /usr/lib/x86_64-linux-gnu/libXtst.so.6.1.0
7fb44ea2e000-7fb44ea2f000 r--p 00004000 08:02 6823832                    /usr/lib/x86_64-linux-gnu/libXtst.so.6.1.0
7fb44ea2f000-7fb44ea30000 rw-p 00005000 08:02 6823832                    /usr/lib/x86_64-linux-gnu/libXtst.so.6.1.0
7fb44ea30000-7fb44eb41000 r-xp 00000000 08:02 1053213                    /lib/x86_64-linux-gnu/libglib-2.0.so.0.5400.1
7fb44eb41000-7fb44ed41000 ---p 00111000 08:02 1053213                    /lib/x86_64-linux-gnu/libglib-2.0.so.0.5400.1
7fb44ed41000-7fb44ed42000 r--p 00111000 08:02 1053213                    /lib/x86_64-linux-gnu/libglib-2.0.so.0.5400.1
7fb44ed42000-7fb44ed43000 rw-p 00112000 08:02 1053213                    /lib/x86_64-linux-gnu/libglib-2.0.so.0.5400.1
7fb44ed43000-7fb44ed44000 rw-p 00000000 00:00 0 
7fb44ed44000-7fb44ed45000 r-xp 00000000 08:02 6824343                    /usr/lib/x86_64-linux-gnu/libgthread-2.0.so.0.5400.1
7fb44ed45000-7fb44ef44000 ---p 00001000 08:02 6824343                    /usr/lib/x86_64-linux-gnu/libgthread-2.0.so.0.5400.1
7fb44ef44000-7fb44ef45000 r--p 00000000 08:02 6824343                    /usr/lib/x86_64-linux-gnu/libgthread-2.0.so.0.5400.1
7fb44ef45000-7fb44ef46000 rw-p 00001000 08:02 6824343                    /usr/lib/x86_64-linux-gnu/libgthread-2.0.so.0.5400.1
7fb44ef46000-7fb44ef49000 r-xp 00000000 08:02 6824246                    /usr/lib/x86_64-linux-gnu/libgmodule-2.0.so.0.5400.1
7fb44ef49000-7fb44f148000 ---p 00003000 08:02 6824246                    /usr/lib/x86_64-linux-gnu/libgmodule-2.0.so.0.5400.1
7fb44f148000-7fb44f149000 r--p 00002000 08:02 6824246                    /usr/lib/x86_64-linux-gnu/libgmodule-2.0.so.0.5400.1
7fb44f149000-7fb44f14a000 rw-p 00003000 08:02 6824246                    /usr/lib/x86_64-linux-gnu/libgmodule-2.0.so.0.5400.1
7fb44f14a000-7fb44f19c000 r-xp 00000000 08:02 6824272                    /usr/lib/x86_64-linux-gnu/libgobject-2.0.so.0.5400.1
7fb44f19c000-7fb44f39c000 ---p 00052000 08:02 6824272                    /usr/lib/x86_64-linux-gnu/libgobject-2.0.so.0.5400.1
7fb44f39c000-7fb44f39d000 r--p 00052000 08:02 6824272                    /usr/lib/x86_64-linux-gnu/libgobject-2.0.so.0.5400.1
7fb44f39d000-7fb44f39e000 rw-p 00053000 08:02 6824272                    /usr/lib/x86_64-linux-gnu/libgobject-2.0.so.0.5400.1
7fb44f39e000-7fb44f3db000 r-xp 00000000 08:02 6824140                    /usr/lib/x86_64-linux-gnu/libfontconfig.so.1.9.0
7fb44f3db000-7fb44f5da000 ---p 0003d000 08:02 6824140                    /usr/lib/x86_64-linux-gnu/libfontconfig.so.1.9.0
7fb44f5da000-7fb44f5dc000 r--p 0003c000 08:02 6824140                    /usr/lib/x86_64-linux-gnu/libfontconfig.so.1.9.0
7fb44f5dc000-7fb44f5e1000 rw-p 0003e000 08:02 6824140                    /usr/lib/x86_64-linux-gnu/libfontconfig.so.1.9.0
7fb44f5e1000-7fb44f68d000 r-xp 00000000 08:02 6818071                    /usr/lib/x86_64-linux-gnu/libfreetype.so.6.14.0
7fb44f68d000-7fb44f88c000 ---p 000ac000 08:02 6818071                    /usr/lib/x86_64-linux-gnu/libfreetype.so.6.14.0
7fb44f88c000-7fb44f893000 r--p 000ab000 08:02 6818071                    /usr/lib/x86_64-linux-gnu/libfreetype.so.6.14.0
7fb44f893000-7fb44f894000 rw-p 000b2000 08:02 6818071                    /usr/lib/x86_64-linux-gnu/libfreetype.so.6.14.0
7fb44f894000-7fb44f8df000 r-xp 00000000 08:02 6824641                    /usr/lib/x86_64-linux-gnu/libpango-1.0.so.0.4000.12
7fb44f8df000-7fb44fade000 ---p 0004b000 08:02 6824641                    /usr/lib/x86_64-linux-gnu/libpango-1.0.so.0.4000.12
7fb44fade000-7fb44fae1000 r--p 0004a000 08:02 6824641                    /usr/lib/x86_64-linux-gnu/libpango-1.0.so.0.4000.12
7fb44fae1000-7fb44fae2000 rw-p 0004d000 08:02 6824641                    /usr/lib/x86_64-linux-gnu/libpango-1.0.so.0.4000.12
7fb44fae2000-7fb44fbed000 r-xp 00000000 08:02 6823928                    /usr/lib/x86_64-linux-gnu/libcairo.so.2.11400.10
7fb44fbed000-7fb44fded000 ---p 0010b000 08:02 6823928                    /usr/lib/x86_64-linux-gnu/libcairo.so.2.11400.10
7fb44fded000-7fb44fdf0000 r--p 0010b000 08:02 6823928                    /usr/lib/x86_64-linux-gnu/libcairo.so.2.11400.10
7fb44fdf0000-7fb44fdf1000 rw-p 0010e000 08:02 6823928                    /usr/lib/x86_64-linux-gnu/libcairo.so.2.11400.10
7fb44fdf1000-7fb44fdf3000 rw-p 00000000 00:00 0 
7fb44fdf3000-7fb44fdff000 r-xp 00000000 08:02 6824643                    /usr/lib/x86_64-linux-gnu/libpangocairo-1.0.so.0.4000.12
7fb44fdff000-7fb44fffe000 ---p 0000c000 08:02 6824643                    /usr/lib/x86_64-linux-gnu/libpangocairo-1.0.so.0.4000.12
7fb44fffe000-7fb44ffff000 r--p 0000b000 08:02 6824643                    /usr/lib/x86_64-linux-gnu/libpangocairo-1.0.so.0.4000.12
7fb44ffff000-7fb450000000 rw-p 0000c000 08:02 6824643                    /usr/lib/x86_64-linux-gnu/libpangocairo-1.0.so.0.4000.12
7fb450000000-7fb450021000 rw-p 00000000 00:00 0 
7fb450021000-7fb454000000 ---p 00000000 00:00 0 
7fb454000000-7fb454021000 rw-p 00000000 00:00 0 
7fb454021000-7fb458000000 ---p 00000000 00:00 0 
7fb458000000-7fb458491000 rw-p 00000000 00:00 0 
7fb458491000-7fb45c000000 ---p 00000000 00:00 0 
7fb45c000000-7fb45c4c4000 rw-p 00000000 00:00 0 
7fb45c4c4000-7fb460000000 ---p 00000000 00:00 0 
7fb460000000-7fb460021000 rw-p 00000000 00:00 0 
7fb460021000-7fb464000000 ---p 00000000 00:00 0 
7fb464000000-7fb464871000 rw-p 00000000 00:00 0 
7fb464871000-7fb468000000 ---p 00000000 00:00 0 
7fb468000000-7fb468021000 rw-p 00000000 00:00 0 
7fb468021000-7fb46c000000 ---p 00000000 00:00 0 
7fb46c000000-7fb46c021000 rw-p 00000000 00:00 0 
7fb46c021000-7fb470000000 ---p 00000000 00:00 0 
7fb470000000-7fb470021000 rw-p 00000000 00:00 0 
7fb470021000-7fb474000000 ---p 00000000 00:00 0 
7fb474000000-7fb474021000 rw-p 00000000 00:00 0 
7fb474021000-7fb478000000 ---p 00000000 00:00 0 
7fb478000000-7fb478021000 rw-p 00000000 00:00 0 
7fb478021000-7fb47c000000 ---p 00000000 00:00 0 
7fb47c000000-7fb47c021000 rw-p 00000000 00:00 0 
7fb47c021000-7fb480000000 ---p 00000000 00:00 0 
7fb480000000-7fb480021000 rw-p 00000000 00:00 0 
7fb480021000-7fb484000000 ---p 00000000 00:00 0 
7fb484000000-7fb48400e000 r--s 00000000 08:02 2359570                    /var/cache/fontconfig/9b89f8e3dae116d678bbf48e5f21f69b-le64.cache-6
7fb48400e000-7fb48401b000 r--s 00000000 08:02 2365263                    /var/cache/fontconfig/e13b20fdb08344e0e664864cc2ede53d-le64.cache-6
7fb48401b000-7fb48401f000 r--s 00000000 08:02 2361612                    /var/cache/fontconfig/7ef2298fde41cc6eeb7af42e48b7d293-le64.cache-6
7fb48401f000-7fb484024000 r--s 0009d000 08:02 6829576                    /usr/lib/jvm/java-8-oracle/jre/lib/jsse.jar
7fb484024000-7fb484045000 r--s 00154000 08:02 2100254                    /home/panns/git/Broker-Lite/lib/jersey-bundle-1.18.jar
7fb484045000-7fb48404d000 rw-s 00000000 00:05 92766                      /drm mm object (deleted)
7fb48404d000-7fb48406f000 r-xp 00000000 08:02 6818073                    /usr/lib/x86_64-linux-gnu/libgdk_pixbuf-2.0.so.0.3611.0
7fb48406f000-7fb48426f000 ---p 00022000 08:02 6818073                    /usr/lib/x86_64-linux-gnu/libgdk_pixbuf-2.0.so.0.3611.0
7fb48426f000-7fb484270000 r--p 00022000 08:02 6818073                    /usr/lib/x86_64-linux-gnu/libgdk_pixbuf-2.0.so.0.3611.0
7fb484270000-7fb484271000 rw-p 00023000 08:02 6818073                    /usr/lib/x86_64-linux-gnu/libgdk_pixbuf-2.0.so.0.3611.0
7fb484271000-7fb484285000 r-xp 00000000 08:02 6824645                    /usr/lib/x86_64-linux-gnu/libpangoft2-1.0.so.0.4000.12
7fb484285000-7fb484485000 ---p 00014000 08:02 6824645                    /usr/lib/x86_64-linux-gnu/libpangoft2-1.0.so.0.4000.12
7fb484485000-7fb484486000 r--p 00014000 08:02 6824645                    /usr/lib/x86_64-linux-gnu/libpangoft2-1.0.so.0.4000.12
7fb484486000-7fb484487000 rw-p 00015000 08:02 6824645                    /usr/lib/x86_64-linux-gnu/libpangoft2-1.0.so.0.4000.12
7fb484487000-7fb484618000 r-xp 00000000 08:02 6824230                    /usr/lib/x86_64-linux-gnu/libgio-2.0.so.0.5400.1
7fb484618000-7fb484818000 ---p 00191000 08:02 6824230                    /usr/lib/x86_64-linux-gnu/libgio-2.0.so.0.5400.1
7fb484818000-7fb48481f000 r--p 00191000 08:02 6824230                    /usr/lib/x86_64-linux-gnu/libgio-2.0.so.0.5400.1
7fb48481f000-7fb484820000 rw-p 00198000 08:02 6824230                    /usr/lib/x86_64-linux-gnu/libgio-2.0.so.0.5400.1
7fb484820000-7fb484822000 rw-p 00000000 00:00 0 
7fb484822000-7fb484845000 r-xp 00000000 08:02 6823878                    /usr/lib/x86_64-linux-gnu/libatk-1.0.so.0.22609.1
7fb484845000-7fb484a44000 ---p 00023000 08:02 6823878                    /usr/lib/x86_64-linux-gnu/libatk-1.0.so.0.22609.1
7fb484a44000-7fb484a47000 r--p 00022000 08:02 6823878                    /usr/lib/x86_64-linux-gnu/libatk-1.0.so.0.22609.1
7fb484a47000-7fb484a48000 rw-p 00025000 08:02 6823878                    /usr/lib/x86_64-linux-gnu/libatk-1.0.so.0.22609.1
7fb484a48000-7fb484af7000 r-xp 00000000 08:02 6824208                    /usr/lib/x86_64-linux-gnu/libgdk-x11-2.0.so.0.2400.31
7fb484af7000-7fb484cf7000 ---p 000af000 08:02 6824208                    /usr/lib/x86_64-linux-gnu/libgdk-x11-2.0.so.0.2400.31
7fb484cf7000-7fb484cfb000 r--p 000af000 08:02 6824208                    /usr/lib/x86_64-linux-gnu/libgdk-x11-2.0.so.0.2400.31
7fb484cfb000-7fb484cfd000 rw-p 000b3000 08:02 6824208                    /usr/lib/x86_64-linux-gnu/libgdk-x11-2.0.so.0.2400.31
7fb484cfd000-7fb485132000 r-xp 00000000 08:02 6824347                    /usr/lib/x86_64-linux-gnu/libgtk-x11-2.0.so.0.2400.31
7fb485132000-7fb485331000 ---p 00435000 08:02 6824347                    /usr/lib/x86_64-linux-gnu/libgtk-x11-2.0.so.0.2400.31
7fb485331000-7fb485338000 r--p 00434000 08:02 6824347                    /usr/lib/x86_64-linux-gnu/libgtk-x11-2.0.so.0.2400.31
7fb485338000-7fb48533c000 rw-p 0043b000 08:02 6824347                    /usr/lib/x86_64-linux-gnu/libgtk-x11-2.0.so.0.2400.31
7fb48533c000-7fb48533f000 rw-p 00000000 00:00 0 
7fb48533f000-7fb485340000 r--s 00000000 08:02 2359529                    /var/cache/fontconfig/0c9eb80ebd1c36541ebe2852d3bb0c49-le64.cache-6
7fb485340000-7fb485341000 r--s 00000000 08:02 2359536                    /var/cache/fontconfig/22368d551a680bfe5a62c02760edf4ea-le64.cache-6
7fb485341000-7fb485346000 r--s 00659000 08:02 2100228                    /home/panns/git/Broker-Lite/lib/sqlite-jdbc-3.21.0.jar
7fb485346000-7fb48534e000 rw-s 00000000 00:05 91427                      /drm mm object (deleted)
7fb48534e000-7fb485356000 rw-s 00000000 00:05 90937                      /drm mm object (deleted)
7fb485356000-7fb485362000 r-xp 00000000 08:02 6829737                    /usr/lib/jvm/java-8-oracle/jre/lib/amd64/libprism_es2.so
7fb485362000-7fb485561000 ---p 0000c000 08:02 6829737                    /usr/lib/jvm/java-8-oracle/jre/lib/amd64/libprism_es2.so
7fb485561000-7fb485562000 rw-p 0000b000 08:02 6829737                    /usr/lib/jvm/java-8-oracle/jre/lib/amd64/libprism_es2.so
7fb485562000-7fb485565000 ---p 00000000 00:00 0 
7fb485565000-7fb485663000 rw-p 00000000 00:00 0 
7fb485663000-7fb4856f9000 r--s 0110a000 08:02 6829581                    /usr/lib/jvm/java-8-oracle/jre/lib/ext/jfxrt.jar
7fb4856f9000-7fb4856fa000 ---p 00000000 00:00 0 
7fb4856fa000-7fb4857fa000 rw-p 00000000 00:00 0 
7fb4857fa000-7fb4857fd000 ---p 00000000 00:00 0 
7fb4857fd000-7fb4858fb000 rw-p 00000000 00:00 0 
7fb4858fb000-7fb4858fe000 ---p 00000000 00:00 0 
7fb4858fe000-7fb4859fc000 rw-p 00000000 00:00 0 
7fb4859fc000-7fb4859ff000 ---p 00000000 00:00 0 
7fb4859ff000-7fb485afd000 rw-p 00000000 00:00 0 
7fb485afd000-7fb485b00000 ---p 00000000 00:00 0 
7fb485b00000-7fb485bfe000 rw-p 00000000 00:00 0 
7fb485bfe000-7fb485c01000 ---p 00000000 00:00 0 
7fb485c01000-7fb485cff000 rw-p 00000000 00:00 0 
7fb485cff000-7fb485fdb000 r--p 00000000 08:02 6818228                    /usr/lib/locale/locale-archive
7fb485fdb000-7fb485fde000 ---p 00000000 00:00 0 
7fb485fde000-7fb4860dc000 rw-p 00000000 00:00 0 
7fb4860dc000-7fb4860df000 ---p 00000000 00:00 0 
7fb4860df000-7fb4861dd000 rw-p 00000000 00:00 0 
7fb4861dd000-7fb4861de000 ---p 00000000 00:00 0 
7fb4861de000-7fb489000000 rw-p 00000000 00:00 0 
7fb489000000-7fb4895c0000 rwxp 00000000 00:00 0 
7fb4895c0000-7fb498000000 ---p 00000000 00:00 0 
7fb498000000-7fb498429000 rw-p 00000000 00:00 0 
7fb498429000-7fb49c000000 ---p 00000000 00:00 0 
7fb49c000000-7fb49c001000 r--s 00000000 08:02 2359550                    /var/cache/fontconfig/4d9c95eba1cb85bbcf2878543262124a-le64.cache-6
7fb49c001000-7fb49c002000 r--s 00000000 08:02 2359566                    /var/cache/fontconfig/85e0a52ce643a7ba2ae53e5d6949cead-le64.cache-6
7fb49c002000-7fb49c00a000 rw-s 00000000 00:05 92676                      /drm mm object (deleted)
7fb49c00a000-7fb49c01d000 r--s 00345000 08:02 6829557                    /usr/lib/jvm/java-8-oracle/jre/lib/resources.jar
7fb49c01d000-7fb49c06c000 rw-p 00000000 00:00 0 
7fb49c06c000-7fb49c245000 r--s 03d64000 08:02 6829519                    /usr/lib/jvm/java-8-oracle/jre/lib/rt.jar
7fb49c245000-7fb49cc96000 rw-p 00000000 00:00 0 
7fb49cc96000-7fb49cc97000 ---p 00000000 00:00 0 
7fb49cc97000-7fb49cd97000 rw-p 00000000 00:00 0 
7fb49cd97000-7fb49cd98000 ---p 00000000 00:00 0 
7fb49cd98000-7fb49ce98000 rw-p 00000000 00:00 0 
7fb49ce98000-7fb49ce99000 ---p 00000000 00:00 0 
7fb49ce99000-7fb49cf99000 rw-p 00000000 00:00 0 
7fb49cf99000-7fb49cf9a000 ---p 00000000 00:00 0 
7fb49cf9a000-7fb49d0ae000 rw-p 00000000 00:00 0 
7fb49d0ae000-7fb49d1d7000 ---p 00000000 00:00 0 
7fb49d1d7000-7fb49d1eb000 rw-p 00000000 00:00 0 
7fb49d1eb000-7fb49d313000 ---p 00000000 00:00 0 
7fb49d313000-7fb49d326000 rw-p 00000000 00:00 0 
7fb49d326000-7fb49d3b2000 ---p 00000000 00:00 0 
7fb49d3b2000-7fb49d3ca000 rw-p 00000000 00:00 0 
7fb49d3ca000-7fb49d773000 ---p 00000000 00:00 0 
7fb49d773000-7fb49d78e000 r-xp 00000000 08:02 6829729                    /usr/lib/jvm/java-8-oracle/jre/lib/amd64/libzip.so
7fb49d78e000-7fb49d98e000 ---p 0001b000 08:02 6829729                    /usr/lib/jvm/java-8-oracle/jre/lib/amd64/libzip.so
7fb49d98e000-7fb49d98f000 rw-p 0001b000 08:02 6829729                    /usr/lib/jvm/java-8-oracle/jre/lib/amd64/libzip.so
7fb49d98f000-7fb49d99a000 r-xp 00000000 08:02 1048670                    /lib/x86_64-linux-gnu/libnss_files-2.26.so
7fb49d99a000-7fb49db99000 ---p 0000b000 08:02 1048670                    /lib/x86_64-linux-gnu/libnss_files-2.26.so
7fb49db99000-7fb49db9a000 r--p 0000a000 08:02 1048670                    /lib/x86_64-linux-gnu/libnss_files-2.26.so
7fb49db9a000-7fb49db9b000 rw-p 0000b000 08:02 1048670                    /lib/x86_64-linux-gnu/libnss_files-2.26.so
7fb49db9b000-7fb49dba1000 rw-p 00000000 00:00 0 
7fb49dba1000-7fb49dbac000 r-xp 00000000 08:02 1048672                    /lib/x86_64-linux-gnu/libnss_nis-2.26.so
7fb49dbac000-7fb49ddab000 ---p 0000b000 08:02 1048672                    /lib/x86_64-linux-gnu/libnss_nis-2.26.so
7fb49ddab000-7fb49ddac000 r--p 0000a000 08:02 1048672                    /lib/x86_64-linux-gnu/libnss_nis-2.26.so
7fb49ddac000-7fb49ddad000 rw-p 0000b000 08:02 1048672                    /lib/x86_64-linux-gnu/libnss_nis-2.26.so
7fb49ddad000-7fb49ddc4000 r-xp 00000000 08:02 1048667                    /lib/x86_64-linux-gnu/libnsl-2.26.so
7fb49ddc4000-7fb49dfc3000 ---p 00017000 08:02 1048667                    /lib/x86_64-linux-gnu/libnsl-2.26.so
7fb49dfc3000-7fb49dfc4000 r--p 00016000 08:02 1048667                    /lib/x86_64-linux-gnu/libnsl-2.26.so
7fb49dfc4000-7fb49dfc5000 rw-p 00017000 08:02 1048667                    /lib/x86_64-linux-gnu/libnsl-2.26.so
7fb49dfc5000-7fb49dfc7000 rw-p 00000000 00:00 0 
7fb49dfc7000-7fb49dfcf000 r-xp 00000000 08:02 1048668                    /lib/x86_64-linux-gnu/libnss_compat-2.26.so
7fb49dfcf000-7fb49e1ce000 ---p 00008000 08:02 1048668                    /lib/x86_64-linux-gnu/libnss_compat-2.26.so
7fb49e1ce000-7fb49e1cf000 r--p 00007000 08:02 1048668                    /lib/x86_64-linux-gnu/libnss_compat-2.26.so
7fb49e1cf000-7fb49e1d0000 rw-p 00008000 08:02 1048668                    /lib/x86_64-linux-gnu/libnss_compat-2.26.so
7fb49e1d0000-7fb49e1fb000 r-xp 00000000 08:02 6829723                    /usr/lib/jvm/java-8-oracle/jre/lib/amd64/libjava.so
7fb49e1fb000-7fb49e3fa000 ---p 0002b000 08:02 6829723                    /usr/lib/jvm/java-8-oracle/jre/lib/amd64/libjava.so
7fb49e3fa000-7fb49e3fc000 rw-p 0002a000 08:02 6829723                    /usr/lib/jvm/java-8-oracle/jre/lib/amd64/libjava.so
7fb49e3fc000-7fb49e409000 r-xp 00000000 08:02 6829728                    /usr/lib/jvm/java-8-oracle/jre/lib/amd64/libverify.so
7fb49e409000-7fb49e609000 ---p 0000d000 08:02 6829728                    /usr/lib/jvm/java-8-oracle/jre/lib/amd64/libverify.so
7fb49e609000-7fb49e60b000 rw-p 0000d000 08:02 6829728                    /usr/lib/jvm/java-8-oracle/jre/lib/amd64/libverify.so
7fb49e60b000-7fb49e612000 r-xp 00000000 08:02 1053128                    /lib/x86_64-linux-gnu/librt-2.26.so
7fb49e612000-7fb49e811000 ---p 00007000 08:02 1053128                    /lib/x86_64-linux-gnu/librt-2.26.so
7fb49e811000-7fb49e812000 r--p 00006000 08:02 1053128                    /lib/x86_64-linux-gnu/librt-2.26.so
7fb49e812000-7fb49e813000 rw-p 00007000 08:02 1053128                    /lib/x86_64-linux-gnu/librt-2.26.so
7fb49e813000-7fb49e968000 r-xp 00000000 08:02 1048664                    /lib/x86_64-linux-gnu/libm-2.26.so
7fb49e968000-7fb49eb67000 ---p 00155000 08:02 1048664                    /lib/x86_64-linux-gnu/libm-2.26.so
7fb49eb67000-7fb49eb68000 r--p 00154000 08:02 1048664                    /lib/x86_64-linux-gnu/libm-2.26.so
7fb49eb68000-7fb49eb69000 rw-p 00155000 08:02 1048664                    /lib/x86_64-linux-gnu/libm-2.26.so
7fb49eb69000-7fb49f842000 r-xp 00000000 08:02 6829706                    /usr/lib/jvm/java-8-oracle/jre/lib/amd64/server/libjvm.so
7fb49f842000-7fb49fa41000 ---p 00cd9000 08:02 6829706                    /usr/lib/jvm/java-8-oracle/jre/lib/amd64/server/libjvm.so
7fb49fa41000-7fb49fb1a000 rw-p 00cd8000 08:02 6829706                    /usr/lib/jvm/java-8-oracle/jre/lib/amd64/server/libjvm.so
7fb49fb1a000-7fb49fb66000 rw-p 00000000 00:00 0 
7fb49fb66000-7fb49fd3c000 r-xp 00000000 08:02 1048660                    /lib/x86_64-linux-gnu/libc-2.26.so
7fb49fd3c000-7fb49ff3c000 ---p 001d6000 08:02 1048660                    /lib/x86_64-linux-gnu/libc-2.26.so
7fb49ff3c000-7fb49ff40000 r--p 001d6000 08:02 1048660                    /lib/x86_64-linux-gnu/libc-2.26.so
7fb49ff40000-7fb49ff42000 rw-p 001da000 08:02 1048660                    /lib/x86_64-linux-gnu/libc-2.26.so
7fb49ff42000-7fb49ff46000 rw-p 00000000 00:00 0 
7fb49ff46000-7fb49ff49000 r-xp 00000000 08:02 1048663                    /lib/x86_64-linux-gnu/libdl-2.26.so
7fb49ff49000-7fb4a0148000 ---p 00003000 08:02 1048663                    /lib/x86_64-linux-gnu/libdl-2.26.so
7fb4a0148000-7fb4a0149000 r--p 00002000 08:02 1048663                    /lib/x86_64-linux-gnu/libdl-2.26.so
7fb4a0149000-7fb4a014a000 rw-p 00003000 08:02 1048663                    /lib/x86_64-linux-gnu/libdl-2.26.so
7fb4a014a000-7fb4a0160000 r-xp 00000000 08:02 7080220                    /usr/lib/jvm/java-8-oracle/lib/amd64/jli/libjli.so
7fb4a0160000-7fb4a035f000 ---p 00016000 08:02 7080220                    /usr/lib/jvm/java-8-oracle/lib/amd64/jli/libjli.so
7fb4a035f000-7fb4a0360000 rw-p 00015000 08:02 7080220                    /usr/lib/jvm/java-8-oracle/lib/amd64/jli/libjli.so
7fb4a0360000-7fb4a037a000 r-xp 00000000 08:02 1053063                    /lib/x86_64-linux-gnu/libpthread-2.26.so
7fb4a037a000-7fb4a0579000 ---p 0001a000 08:02 1053063                    /lib/x86_64-linux-gnu/libpthread-2.26.so
7fb4a0579000-7fb4a057a000 r--p 00019000 08:02 1053063                    /lib/x86_64-linux-gnu/libpthread-2.26.so
7fb4a057a000-7fb4a057b000 rw-p 0001a000 08:02 1053063                    /lib/x86_64-linux-gnu/libpthread-2.26.so
7fb4a057b000-7fb4a057f000 rw-p 00000000 00:00 0 
7fb4a057f000-7fb4a05a6000 r-xp 00000000 08:02 1048592                    /lib/x86_64-linux-gnu/ld-2.26.so
7fb4a05a6000-7fb4a05a7000 r--s 00000000 08:02 2359547                    /var/cache/fontconfig/49f0de54bdd920fe4f0dfd4cbac43e6b-le64.cache-6
7fb4a05a7000-7fb4a05a8000 r--s 00000000 08:02 2359593                    /var/cache/fontconfig/f6e6e0a5c3d2f6ae0c0c2e0ecd42a997-le64.cache-6
7fb4a05a8000-7fb4a05a9000 r--s 00000000 08:02 2359548                    /var/cache/fontconfig/4b2eda6bb976bda485cb2176619421d5-le64.cache-6
7fb4a05a9000-7fb4a05aa000 r--s 00008000 08:02 1316956                    /home/panns/.p2/pool/plugins/org.eclipse.fx.ide.css.jfx8_3.0.0.201705220750.jar
7fb4a05aa000-7fb4a05ab000 rw-s 00000000 00:05 93475                      /drm mm object (deleted)
7fb4a05ac000-7fb4a05ad000 rw-s 00000000 00:05 92678                      /drm mm object (deleted)
7fb4a05ad000-7fb4a05b2000 r--s 00084000 08:02 6829436                    /usr/lib/jvm/java-8-oracle/jre/lib/jfr.jar
7fb4a05b2000-7fb4a068a000 rw-p 00000000 00:00 0 
7fb4a068a000-7fb4a068d000 ---p 00000000 00:00 0 
7fb4a068d000-7fb4a078f000 rw-p 00000000 00:00 0 
7fb4a078f000-7fb4a0794000 r--s 002f9000 08:02 6829517                    /usr/lib/jvm/java-8-oracle/jre/lib/charsets.jar
7fb4a0794000-7fb4a0797000 r--s 0001a000 08:02 6829749                    /usr/lib/jvm/java-8-oracle/jre/lib/jce.jar
7fb4a0797000-7fb4a079c000 r--s 0009d000 08:02 6829576                    /usr/lib/jvm/java-8-oracle/jre/lib/jsse.jar
7fb4a079c000-7fb4a07a4000 rw-s 00000000 08:02 6029448                    /tmp/hsperfdata_panns/4035
7fb4a07a4000-7fb4a07a5000 rw-p 00000000 00:00 0 
7fb4a07a5000-7fb4a07a6000 r--p 00000000 00:00 0 
7fb4a07a6000-7fb4a07a7000 r--p 00027000 08:02 1048592                    /lib/x86_64-linux-gnu/ld-2.26.so
7fb4a07a7000-7fb4a07a8000 rw-p 00028000 08:02 1048592                    /lib/x86_64-linux-gnu/ld-2.26.so
7fb4a07a8000-7fb4a07a9000 rw-p 00000000 00:00 0 
7ffe51d73000-7ffe51d94000 rw-p 00000000 00:00 0                          [stack]
7ffe51d9d000-7ffe51da0000 r--p 00000000 00:00 0                          [vvar]
7ffe51da0000-7ffe51da2000 r-xp 00000000 00:00 0                          [vdso]
ffffffffff600000-ffffffffff601000 r-xp 00000000 00:00 0                  [vsyscall]

VM Arguments:
jvm_args: -Dfile.encoding=UTF-8 
java_command: brokerlite.Main
java_class_path (initial): /usr/lib/jvm/java-8-oracle/jre/lib/resources.jar:/usr/lib/jvm/java-8-oracle/jre/lib/rt.jar:/usr/lib/jvm/java-8-oracle/jre/lib/jsse.jar:/usr/lib/jvm/java-8-oracle/jre/lib/jce.jar:/usr/lib/jvm/java-8-oracle/jre/lib/charsets.jar:/usr/lib/jvm/java-8-oracle/jre/lib/jfr.jar:/usr/lib/jvm/java-8-oracle/jre/lib/ext/nashorn.jar:/usr/lib/jvm/java-8-oracle/jre/lib/ext/sunjce_provider.jar:/usr/lib/jvm/java-8-oracle/jre/lib/ext/sunec.jar:/usr/lib/jvm/java-8-oracle/jre/lib/ext/localedata.jar:/usr/lib/jvm/java-8-oracle/jre/lib/ext/sunpkcs11.jar:/usr/lib/jvm/java-8-oracle/jre/lib/ext/dnsns.jar:/usr/lib/jvm/java-8-oracle/jre/lib/ext/jfxrt.jar:/usr/lib/jvm/java-8-oracle/jre/lib/ext/zipfs.jar:/usr/lib/jvm/java-8-oracle/jre/lib/ext/jaccess.jar:/usr/lib/jvm/java-8-oracle/jre/lib/ext/cldrdata.jar:/home/panns/git/Broker-Lite/bin:/home/panns/.p2/pool/plugins/org.eclipse.fx.ide.css.jfx8_3.0.0.201705220750.jar:/home/panns/git/Broker-Lite/lib/sqlite-jdbc-3.21.0.jar:/home/panns/git/Broker-Lite/lib/jersey-bundle-1.18.jar
Launcher Type: SUN_STANDARD

Environment Variables:
PATH=/home/panns/.cargo/bin:/usr/local/sbin:/usr/local/bin:/usr/sbin:/usr/bin:/sbin:/bin:/usr/games:/usr/local/games
USERNAME=panns
SHELL=/usr/bin/zsh
DISPLAY=:0

Signal Handlers:
SIGSEGV: [libjvm.so+0xad01e0], sa_mask[0]=11111111011111111101111111111110, sa_flags=SA_RESTART|SA_SIGINFO
SIGBUS: [libjvm.so+0xad01e0], sa_mask[0]=11111111011111111101111111111110, sa_flags=SA_RESTART|SA_SIGINFO
SIGFPE: [libjvm.so+0x927fb0], sa_mask[0]=11111111011111111101111111111110, sa_flags=SA_RESTART|SA_SIGINFO
SIGPIPE: SIG_IGN, sa_mask[0]=00000000000010000000000000000000, sa_flags=SA_RESTART
SIGXFSZ: [libjvm.so+0x927fb0], sa_mask[0]=11111111011111111101111111111110, sa_flags=SA_RESTART|SA_SIGINFO
SIGILL: [libjvm.so+0x927fb0], sa_mask[0]=11111111011111111101111111111110, sa_flags=SA_RESTART|SA_SIGINFO
SIGUSR1: SIG_DFL, sa_mask[0]=00000000000000000000000000000000, sa_flags=none
SIGUSR2: [libjvm.so+0x9297f0], sa_mask[0]=00100000000000000000000000000000, sa_flags=SA_RESTART|SA_SIGINFO
SIGHUP: [libjvm.so+0x92abf0], sa_mask[0]=11111111011111111101111111111110, sa_flags=SA_RESTART|SA_SIGINFO
SIGINT: [libjvm.so+0x92abf0], sa_mask[0]=11111111011111111101111111111110, sa_flags=SA_RESTART|SA_SIGINFO
SIGTERM: [libjvm.so+0x92abf0], sa_mask[0]=11111111011111111101111111111110, sa_flags=SA_RESTART|SA_SIGINFO
SIGQUIT: [libjvm.so+0x92abf0], sa_mask[0]=11111111011111111101111111111110, sa_flags=SA_RESTART|SA_SIGINFO


---------------  S Y S T E M  ---------------

OS:DISTRIB_ID=Ubuntu
DISTRIB_RELEASE=17.10
DISTRIB_CODENAME=artful
DISTRIB_DESCRIPTION="Ubuntu 17.10"

uname:Linux 4.13.0-37-generic #42-Ubuntu SMP Wed Mar 7 14:13:23 UTC 2018 x86_64
libc:glibc 2.26 NPTL 2.26 
rlimit: STACK 8192k, CORE 0k, NPROC 13959, NOFILE 1048576, AS infinity
load average:1.06 1.18 1.21

/proc/meminfo:
MemTotal:        3884680 kB
MemFree:          118424 kB
MemAvailable:      62256 kB
Buffers:            5132 kB
Cached:           412044 kB
SwapCached:        40800 kB
Active:          2920232 kB
Inactive:         645776 kB
Active(anon):    2869556 kB
Inactive(anon):   591960 kB
Active(file):      50676 kB
Inactive(file):    53816 kB
Unevictable:          48 kB
Mlocked:              48 kB
SwapTotal:       2097148 kB
SwapFree:        1877700 kB
Dirty:               472 kB
Writeback:             0 kB
AnonPages:       3109288 kB
Mapped:           206336 kB
Shmem:            313992 kB
Slab:              78012 kB
SReclaimable:      31224 kB
SUnreclaim:        46788 kB
KernelStack:       14720 kB
PageTables:        59288 kB
NFS_Unstable:          0 kB
Bounce:                0 kB
WritebackTmp:          0 kB
CommitLimit:     4039488 kB
Committed_AS:    9335236 kB
VmallocTotal:   34359738367 kB
VmallocUsed:           0 kB
VmallocChunk:          0 kB
HardwareCorrupted:     0 kB
AnonHugePages:         0 kB
ShmemHugePages:        0 kB
ShmemPmdMapped:        0 kB
CmaTotal:              0 kB
CmaFree:               0 kB
HugePages_Total:       0
HugePages_Free:        0
HugePages_Rsvd:        0
HugePages_Surp:        0
Hugepagesize:       2048 kB
DirectMap4k:      125816 kB
DirectMap2M:     3913728 kB
DirectMap1G:           0 kB


CPU:total 4 (initial active 4) (2 cores per cpu, 2 threads per core) family 6 model 78 stepping 3, cmov, cx8, fxsr, mmx, sse, sse2, sse3, ssse3, sse4.1, sse4.2, popcnt, avx, avx2, aes, clmul, erms, 3dnowpref, lzcnt, ht, tsc, tscinvbit, bmi1, bmi2, adx

/proc/cpuinfo:
processor	: 0
vendor_id	: GenuineIntel
cpu family	: 6
model		: 78
model name	: Intel(R) Core(TM) i5-6200U CPU @ 2.30GHz
stepping	: 3
microcode	: 0xba
cpu MHz		: 2400.000
cache size	: 3072 KB
physical id	: 0
siblings	: 4
core id		: 0
cpu cores	: 2
apicid		: 0
initial apicid	: 0
fpu		: yes
fpu_exception	: yes
cpuid level	: 22
wp		: yes
flags		: fpu vme de pse tsc msr pae mce cx8 apic sep mtrr pge mca cmov pat pse36 clflush dts acpi mmx fxsr sse sse2 ss ht tm pbe syscall nx pdpe1gb rdtscp lm constant_tsc art arch_perfmon pebs bts rep_good nopl xtopology nonstop_tsc cpuid aperfmperf tsc_known_freq pni pclmulqdq dtes64 monitor ds_cpl vmx est tm2 ssse3 sdbg fma cx16 xtpr pdcm pcid sse4_1 sse4_2 x2apic movbe popcnt tsc_deadline_timer aes xsave avx f16c rdrand lahf_lm abm 3dnowprefetch cpuid_fault epb invpcid_single pti retpoline intel_pt rsb_ctxsw tpr_shadow vnmi flexpriority ept vpid fsgsbase tsc_adjust bmi1 avx2 smep bmi2 erms invpcid mpx rdseed adx smap clflushopt xsaveopt xsavec xgetbv1 xsaves dtherm ida arat pln pts hwp hwp_notify hwp_act_window hwp_epp
bugs		: cpu_meltdown spectre_v1 spectre_v2
bogomips	: 4800.00
clflush size	: 64
cache_alignment	: 64
address sizes	: 39 bits physical, 48 bits virtual
power management:

processor	: 1
vendor_id	: GenuineIntel
cpu family	: 6
model		: 78
model name	: Intel(R) Core(TM) i5-6200U CPU @ 2.30GHz
stepping	: 3
microcode	: 0xba
cpu MHz		: 2400.000
cache size	: 3072 KB
physical id	: 0
siblings	: 4
core id		: 1
cpu cores	: 2
apicid		: 2
initial apicid	: 2
fpu		: yes
fpu_exception	: yes
cpuid level	: 22
wp		: yes
flags		: fpu vme de pse tsc msr pae mce cx8 apic sep mtrr pge mca cmov pat pse36 clflush dts acpi mmx fxsr sse sse2 ss ht tm pbe syscall nx pdpe1gb rdtscp lm constant_tsc art arch_perfmon pebs bts rep_good nopl xtopology nonstop_tsc cpuid aperfmperf tsc_known_freq pni pclmulqdq dtes64 monitor ds_cpl vmx est tm2 ssse3 sdbg fma cx16 xtpr pdcm pcid sse4_1 sse4_2 x2apic movbe popcnt tsc_deadline_timer aes xsave avx f16c rdrand lahf_lm abm 3dnowprefetch cpuid_fault epb invpcid_single pti retpoline intel_pt rsb_ctxsw tpr_shadow vnmi flexpriority ept vpid fsgsbase tsc_adjust bmi1 avx2 smep bmi2 erms invpcid mpx rdseed adx smap clflushopt xsaveopt xsavec xgetbv1 xsaves dtherm ida arat pln pts hwp hwp_notify hwp_act_window hwp_epp
bugs		: cpu_meltdown spectre_v1 spectre_v2
bogomips	: 4800.00
clflush size	: 64
cache_alignment	: 64
address sizes	: 39 bits physical, 48 bits virtual
power management:

processor	: 2
vendor_id	: GenuineIntel
cpu family	: 6
model		: 78
model name	: Intel(R) Core(TM) i5-6200U CPU @ 2.30GHz
stepping	: 3
microcode	: 0xba
cpu MHz		: 2400.000
cache size	: 3072 KB
physical id	: 0
siblings	: 4
core id		: 0
cpu cores	: 2
apicid		: 1
initial apicid	: 1
fpu		: yes
fpu_exception	: yes
cpuid level	: 22
wp		: yes
flags		: fpu vme de pse tsc msr pae mce cx8 apic sep mtrr pge mca cmov pat pse36 clflush dts acpi mmx fxsr sse sse2 ss ht tm pbe syscall nx pdpe1gb rdtscp lm constant_tsc art arch_perfmon pebs bts rep_good nopl xtopology nonstop_tsc cpuid aperfmperf tsc_known_freq pni pclmulqdq dtes64 monitor ds_cpl vmx est tm2 ssse3 sdbg fma cx16 xtpr pdcm pcid sse4_1 sse4_2 x2apic movbe popcnt tsc_deadline_timer aes xsave avx f16c rdrand lahf_lm abm 3dnowprefetch cpuid_fault epb invpcid_single pti retpoline intel_pt rsb_ctxsw tpr_shadow vnmi flexpriority ept vpid fsgsbase tsc_adjust bmi1 avx2 smep bmi2 erms invpcid mpx rdseed adx smap clflushopt xsaveopt xsavec xgetbv1 xsaves dtherm ida arat pln pts hwp hwp_notify hwp_act_window hwp_epp
bugs		: cpu_meltdown spectre_v1 spectre_v2
bogomips	: 4800.00
clflush size	: 64
cache_alignment	: 64
address sizes	: 39 bits physical, 48 bits virtual
power management:

processor	: 3
vendor_id	: GenuineIntel
cpu family	: 6
model		: 78
model name	: Intel(R) Core(TM) i5-6200U CPU @ 2.30GHz
stepping	: 3
microcode	: 0xba
cpu MHz		: 2400.000
cache size	: 3072 KB
physical id	: 0
siblings	: 4
core id		: 1
cpu cores	: 2
apicid		: 3
initial apicid	: 3
fpu		: yes
fpu_exception	: yes
cpuid level	: 22
wp		: yes
flags		: fpu vme de pse tsc msr pae mce cx8 apic sep mtrr pge mca cmov pat pse36 clflush dts acpi mmx fxsr sse sse2 ss ht tm pbe syscall nx pdpe1gb rdtscp lm constant_tsc art arch_perfmon pebs bts rep_good nopl xtopology nonstop_tsc cpuid aperfmperf tsc_known_freq pni pclmulqdq dtes64 monitor ds_cpl vmx est tm2 ssse3 sdbg fma cx16 xtpr pdcm pcid sse4_1 sse4_2 x2apic movbe popcnt tsc_deadline_timer aes xsave avx f16c rdrand lahf_lm abm 3dnowprefetch cpuid_fault epb invpcid_single pti retpoline intel_pt rsb_ctxsw tpr_shadow vnmi flexpriority ept vpid fsgsbase tsc_adjust bmi1 avx2 smep bmi2 erms invpcid mpx rdseed adx smap clflushopt xsaveopt xsavec xgetbv1 xsaves dtherm ida arat pln pts hwp hwp_notify hwp_act_window hwp_epp
bugs		: cpu_meltdown spectre_v1 spectre_v2
bogomips	: 4800.00
clflush size	: 64
cache_alignment	: 64
address sizes	: 39 bits physical, 48 bits virtual
power management:



Memory: 4k page, physical 3884680k(118424k free), swap 2097148k(1877700k free)

vm_info: Java HotSpot(TM) 64-Bit Server VM (25.161-b12) for linux-amd64 JRE (1.8.0_161-b12), built on Dec 19 2017 16:12:43 by "java_re" with gcc 4.3.0 20080428 (Red Hat 4.3.0-8)

time: Wed Mar 21 16:03:13 2018
elapsed time: 11 seconds (0d 0h 0m 11s)

